-- Found ament_cmake: 1.3.11 (/opt/ros/humble/share/ament_cmake/cmake)
-- Found rclcpp: 16.0.12 (/opt/ros/humble/share/rclcpp/cmake)
-- Found rosidl_generator_c: 3.1.6 (/opt/ros/humble/share/rosidl_generator_c/cmake)
-- Found rosidl_adapter: 3.1.6 (/opt/ros/humble/share/rosidl_adapter/cmake)
-- Found rosidl_generator_cpp: 3.1.6 (/opt/ros/humble/share/rosidl_generator_cpp/cmake)
-- Using all available rosidl_typesupport_c: rosidl_typesupport_fastrtps_c;rosidl_typesupport_introspection_c
-- Using all available rosidl_typesupport_cpp: rosidl_typesupport_fastrtps_cpp;rosidl_typesupport_introspection_cpp
-- Found rmw_implementation_cmake: 6.1.2 (/opt/ros/humble/share/rmw_implementation_cmake/cmake)
-- Found rmw_fastrtps_cpp: 6.2.7 (/opt/ros/humble/share/rmw_fastrtps_cpp/cmake)
-- Using RMW implementation 'rmw_fastrtps_cpp' as default
-- Found sensor_msgs: 4.8.0 (/opt/ros/humble/share/sensor_msgs/cmake)
-- Found lbr_fri_idl: 1.5.0 (/home/user/kuka_rl_ros2/src/install/lbr_fri_idl/share/lbr_fri_idl/cmake)
-- Found Torch: /home/user/kuka_rl_ros2/src/catch_and_throw/libs/libtorch/lib/libtorch.so  
-- Found ament_lint_auto: 0.12.12 (/opt/ros/humble/share/ament_lint_auto/cmake)
-- Configuring done
-- Generating done
-- Build files have been written to: /home/user/kuka_rl_ros2/src/build/catch_and_throw
[35m[1mConsolidate compiler generated dependencies of target joint_state_node[0m
[ 25%] [32mBuilding CXX object CMakeFiles/joint_state_node_trained.dir/src/joint_state_node_trained.cpp.o[0m
[ 50%] [32mBuilding CXX object CMakeFiles/joint_state_node.dir/src/joint_state_node.cpp.o[0m
[ 75%] [32m[1mLinking CXX executable joint_state_node[0m
[ 75%] Built target joint_state_node
[100%] [32m[1mLinking CXX executable joint_state_node_trained[0m
[100%] Built target joint_state_node_trained
-- Install configuration: ""
-- Installing: /home/user/kuka_rl_ros2/src/install/catch_and_throw/lib/catch_and_throw/joint_state_node
-- Set runtime path of "/home/user/kuka_rl_ros2/src/install/catch_and_throw/lib/catch_and_throw/joint_state_node" to ""
-- Installing: /home/user/kuka_rl_ros2/src/install/catch_and_throw/lib/catch_and_throw/joint_state_node_trained
-- Set runtime path of "/home/user/kuka_rl_ros2/src/install/catch_and_throw/lib/catch_and_throw/joint_state_node_trained" to ""
-- Up-to-date: /home/user/kuka_rl_ros2/src/install/catch_and_throw/share/ament_index/resource_index/package_run_dependencies/catch_and_throw
-- Installing: /home/user/kuka_rl_ros2/src/install/catch_and_throw/share/ament_index/resource_index/parent_prefix_path/catch_and_throw
-- Up-to-date: /home/user/kuka_rl_ros2/src/install/catch_and_throw/share/catch_and_throw/environment/ament_prefix_path.sh
-- Installing: /home/user/kuka_rl_ros2/src/install/catch_and_throw/share/catch_and_throw/environment/ament_prefix_path.dsv
-- Up-to-date: /home/user/kuka_rl_ros2/src/install/catch_and_throw/share/catch_and_throw/environment/path.sh
-- Installing: /home/user/kuka_rl_ros2/src/install/catch_and_throw/share/catch_and_throw/environment/path.dsv
-- Up-to-date: /home/user/kuka_rl_ros2/src/install/catch_and_throw/share/catch_and_throw/local_setup.bash
-- Up-to-date: /home/user/kuka_rl_ros2/src/install/catch_and_throw/share/catch_and_throw/local_setup.sh
-- Up-to-date: /home/user/kuka_rl_ros2/src/install/catch_and_throw/share/catch_and_throw/local_setup.zsh
-- Installing: /home/user/kuka_rl_ros2/src/install/catch_and_throw/share/catch_and_throw/local_setup.dsv
-- Installing: /home/user/kuka_rl_ros2/src/install/catch_and_throw/share/catch_and_throw/package.dsv
-- Up-to-date: /home/user/kuka_rl_ros2/src/install/catch_and_throw/share/ament_index/resource_index/packages/catch_and_throw
-- Up-to-date: /home/user/kuka_rl_ros2/src/install/catch_and_throw/share/catch_and_throw/cmake/catch_and_throwConfig.cmake
-- Up-to-date: /home/user/kuka_rl_ros2/src/install/catch_and_throw/share/catch_and_throw/cmake/catch_and_throwConfig-version.cmake
-- Up-to-date: /home/user/kuka_rl_ros2/src/install/catch_and_throw/share/catch_and_throw/package.xml
