[0.096s] DEBUG:colcon:Command line arguments: ['/usr/bin/colcon', 'build']
[0.096s] DEBUG:colcon:Parsed command line arguments: Namespace(log_base=None, log_level=None, verb_name='build', build_base='build', install_base='install', merge_install=False, symlink_install=False, test_result_base=None, continue_on_error=False, executor='parallel', parallel_workers=8, event_handlers=None, ignore_user_meta=False, metas=['./colcon.meta'], base_paths=['.'], packages_ignore=None, packages_ignore_regex=None, paths=None, packages_up_to=None, packages_up_to_regex=None, packages_above=None, packages_above_and_dependencies=None, packages_above_depth=None, packages_select_by_dep=None, packages_skip_by_dep=None, packages_skip_up_to=None, packages_select_build_failed=False, packages_skip_build_finished=False, packages_select_test_failures=False, packages_skip_test_passed=False, packages_select=None, packages_skip=None, packages_select_regex=None, packages_skip_regex=None, packages_start=None, packages_end=None, cmake_args=None, cmake_target=None, cmake_target_skip_unavailable=False, cmake_clean_cache=False, cmake_clean_first=False, cmake_force_configure=False, ament_cmake_args=None, catkin_cmake_args=None, catkin_skip_building_tests=False, mixin_files=None, mixin=None, verb_parser=<colcon_mixin.mixin.mixin_argument.MixinArgumentDecorator object at 0x7f6cfce35ae0>, verb_extension=<colcon_core.verb.build.BuildVerb object at 0x7f6cfce354e0>, main=<bound method BuildVerb.main of <colcon_core.verb.build.BuildVerb object at 0x7f6cfce354e0>>, mixin_verb=('build',))
[0.233s] Level 1:colcon.colcon_core.package_discovery:discover_packages(colcon_meta) check parameters
[0.233s] Level 1:colcon.colcon_core.package_discovery:discover_packages(recursive) check parameters
[0.233s] Level 1:colcon.colcon_core.package_discovery:discover_packages(ignore) check parameters
[0.233s] Level 1:colcon.colcon_core.package_discovery:discover_packages(path) check parameters
[0.233s] Level 1:colcon.colcon_core.package_discovery:discover_packages(colcon_meta) discover
[0.233s] Level 1:colcon.colcon_core.package_discovery:discover_packages(recursive) discover
[0.233s] INFO:colcon.colcon_core.package_discovery:Crawling recursively for packages in '/home/user/kuka_rl_ros2/src/catch_and_throw'
[0.233s] Level 1:colcon.colcon_core.package_identification:_identify(.) by extensions ['ignore', 'ignore_ament_install']
[0.233s] Level 1:colcon.colcon_core.package_identification:_identify(.) by extension 'ignore'
[0.233s] Level 1:colcon.colcon_core.package_identification:_identify(.) by extension 'ignore_ament_install'
[0.233s] Level 1:colcon.colcon_core.package_identification:_identify(.) by extensions ['colcon_pkg']
[0.234s] Level 1:colcon.colcon_core.package_identification:_identify(.) by extension 'colcon_pkg'
[0.234s] Level 1:colcon.colcon_core.package_identification:_identify(.) by extensions ['colcon_meta']
[0.234s] Level 1:colcon.colcon_core.package_identification:_identify(.) by extension 'colcon_meta'
[0.234s] Level 1:colcon.colcon_core.package_identification:_identify(.) by extensions ['ros']
[0.234s] Level 1:colcon.colcon_core.package_identification:_identify(.) by extension 'ros'
[0.245s] DEBUG:colcon.colcon_core.package_identification:Package '.' with type 'ros.ament_cmake' and name 'catch_and_throw'
[0.245s] Level 1:colcon.colcon_core.package_discovery:discover_packages(recursive) using defaults
[0.245s] Level 1:colcon.colcon_core.package_discovery:discover_packages(ignore) discover
[0.245s] Level 1:colcon.colcon_core.package_discovery:discover_packages(ignore) using defaults
[0.245s] Level 1:colcon.colcon_core.package_discovery:discover_packages(path) discover
[0.245s] Level 1:colcon.colcon_core.package_discovery:discover_packages(path) using defaults
[0.262s] Level 5:colcon.colcon_core.verb:set package 'catch_and_throw' build argument 'cmake_args' from command line to 'None'
[0.262s] Level 5:colcon.colcon_core.verb:set package 'catch_and_throw' build argument 'cmake_target' from command line to 'None'
[0.262s] Level 5:colcon.colcon_core.verb:set package 'catch_and_throw' build argument 'cmake_target_skip_unavailable' from command line to 'False'
[0.262s] Level 5:colcon.colcon_core.verb:set package 'catch_and_throw' build argument 'cmake_clean_cache' from command line to 'False'
[0.262s] Level 5:colcon.colcon_core.verb:set package 'catch_and_throw' build argument 'cmake_clean_first' from command line to 'False'
[0.263s] Level 5:colcon.colcon_core.verb:set package 'catch_and_throw' build argument 'cmake_force_configure' from command line to 'False'
[0.263s] Level 5:colcon.colcon_core.verb:set package 'catch_and_throw' build argument 'ament_cmake_args' from command line to 'None'
[0.263s] Level 5:colcon.colcon_core.verb:set package 'catch_and_throw' build argument 'catkin_cmake_args' from command line to 'None'
[0.263s] Level 5:colcon.colcon_core.verb:set package 'catch_and_throw' build argument 'catkin_skip_building_tests' from command line to 'False'
[0.263s] DEBUG:colcon.colcon_core.verb:Building package 'catch_and_throw' with the following arguments: {'ament_cmake_args': None, 'build_base': '/home/user/kuka_rl_ros2/src/catch_and_throw/build/catch_and_throw', 'catkin_cmake_args': None, 'catkin_skip_building_tests': False, 'cmake_args': None, 'cmake_clean_cache': False, 'cmake_clean_first': False, 'cmake_force_configure': False, 'cmake_target': None, 'cmake_target_skip_unavailable': False, 'install_base': '/home/user/kuka_rl_ros2/src/catch_and_throw/install/catch_and_throw', 'merge_install': False, 'path': '/home/user/kuka_rl_ros2/src/catch_and_throw', 'symlink_install': False, 'test_result_base': None}
[0.263s] INFO:colcon.colcon_core.executor:Executing jobs using 'parallel' executor
[0.264s] DEBUG:colcon.colcon_parallel_executor.executor.parallel:run_until_complete
[0.264s] INFO:colcon.colcon_ros.task.ament_cmake.build:Building ROS package in '/home/user/kuka_rl_ros2/src/catch_and_throw' with build type 'ament_cmake'
[0.264s] INFO:colcon.colcon_cmake.task.cmake.build:Building CMake package in '/home/user/kuka_rl_ros2/src/catch_and_throw'
[0.266s] INFO:colcon.colcon_core.plugin_system:Skipping extension 'colcon_core.shell.bat': Not used on non-Windows systems
[0.266s] INFO:colcon.colcon_core.shell:Skip shell extension 'powershell' for command environment: Not usable outside of PowerShell
[0.266s] DEBUG:colcon.colcon_core.shell:Skip shell extension 'dsv' for command environment
[0.277s] DEBUG:colcon.colcon_core.event_handler.log_command:Invoking command in '/home/user/kuka_rl_ros2/src/catch_and_throw/build/catch_and_throw': CMAKE_PREFIX_PATH=${CMAKE_PREFIX_PATH}:/home/user/kuka_rl_ros2/install/optitrack_listener:/home/user/kuka_rl_ros2/install/lbr_demos_py:/home/user/kuka_rl_ros2/install/lbr_moveit:/home/user/kuka_rl_ros2/install/lbr_demos_advanced_py:/opt/ros/humble /usr/bin/cmake --build /home/user/kuka_rl_ros2/src/catch_and_throw/build/catch_and_throw -- -j8 -l8
[30.426s] DEBUG:colcon.colcon_core.event_handler.log_command:Invoked command in '/home/user/kuka_rl_ros2/src/catch_and_throw/build/catch_and_throw' returned '0': CMAKE_PREFIX_PATH=${CMAKE_PREFIX_PATH}:/home/user/kuka_rl_ros2/install/optitrack_listener:/home/user/kuka_rl_ros2/install/lbr_demos_py:/home/user/kuka_rl_ros2/install/lbr_moveit:/home/user/kuka_rl_ros2/install/lbr_demos_advanced_py:/opt/ros/humble /usr/bin/cmake --build /home/user/kuka_rl_ros2/src/catch_and_throw/build/catch_and_throw -- -j8 -l8
[30.435s] DEBUG:colcon.colcon_core.event_handler.log_command:Invoking command in '/home/user/kuka_rl_ros2/src/catch_and_throw/build/catch_and_throw': CMAKE_PREFIX_PATH=${CMAKE_PREFIX_PATH}:/home/user/kuka_rl_ros2/install/optitrack_listener:/home/user/kuka_rl_ros2/install/lbr_demos_py:/home/user/kuka_rl_ros2/install/lbr_moveit:/home/user/kuka_rl_ros2/install/lbr_demos_advanced_py:/opt/ros/humble /usr/bin/cmake --install /home/user/kuka_rl_ros2/src/catch_and_throw/build/catch_and_throw
[30.460s] Level 1:colcon.colcon_core.environment:create_environment_scripts_only(catch_and_throw)
[30.461s] DEBUG:colcon.colcon_core.event_handler.log_command:Invoked command in '/home/user/kuka_rl_ros2/src/catch_and_throw/build/catch_and_throw' returned '0': CMAKE_PREFIX_PATH=${CMAKE_PREFIX_PATH}:/home/user/kuka_rl_ros2/install/optitrack_listener:/home/user/kuka_rl_ros2/install/lbr_demos_py:/home/user/kuka_rl_ros2/install/lbr_moveit:/home/user/kuka_rl_ros2/install/lbr_demos_advanced_py:/opt/ros/humble /usr/bin/cmake --install /home/user/kuka_rl_ros2/src/catch_and_throw/build/catch_and_throw
[30.463s] Level 1:colcon.colcon_core.environment:checking '/home/user/kuka_rl_ros2/src/catch_and_throw/install/catch_and_throw' for CMake module files
[30.463s] Level 1:colcon.colcon_core.environment:checking '/home/user/kuka_rl_ros2/src/catch_and_throw/install/catch_and_throw' for CMake config files
[30.463s] Level 1:colcon.colcon_core.shell:create_environment_hook('catch_and_throw', 'cmake_prefix_path')
[30.464s] INFO:colcon.colcon_core.shell:Creating environment hook '/home/user/kuka_rl_ros2/src/catch_and_throw/install/catch_and_throw/share/catch_and_throw/hook/cmake_prefix_path.ps1'
[30.464s] INFO:colcon.colcon_core.shell:Creating environment descriptor '/home/user/kuka_rl_ros2/src/catch_and_throw/install/catch_and_throw/share/catch_and_throw/hook/cmake_prefix_path.dsv'
[30.465s] INFO:colcon.colcon_core.shell:Creating environment hook '/home/user/kuka_rl_ros2/src/catch_and_throw/install/catch_and_throw/share/catch_and_throw/hook/cmake_prefix_path.sh'
[30.473s] Level 1:colcon.colcon_core.environment:checking '/home/user/kuka_rl_ros2/src/catch_and_throw/install/catch_and_throw/lib'
[30.473s] Level 1:colcon.colcon_core.environment:checking '/home/user/kuka_rl_ros2/src/catch_and_throw/install/catch_and_throw/bin'
[30.473s] Level 1:colcon.colcon_core.environment:checking '/home/user/kuka_rl_ros2/src/catch_and_throw/install/catch_and_throw/lib/pkgconfig/catch_and_throw.pc'
[30.475s] Level 1:colcon.colcon_core.environment:checking '/home/user/kuka_rl_ros2/src/catch_and_throw/install/catch_and_throw/lib/python3.10/site-packages'
[30.475s] Level 1:colcon.colcon_core.environment:checking '/home/user/kuka_rl_ros2/src/catch_and_throw/install/catch_and_throw/bin'
[30.475s] INFO:colcon.colcon_core.shell:Creating package script '/home/user/kuka_rl_ros2/src/catch_and_throw/install/catch_and_throw/share/catch_and_throw/package.ps1'
[30.476s] INFO:colcon.colcon_core.shell:Creating package descriptor '/home/user/kuka_rl_ros2/src/catch_and_throw/install/catch_and_throw/share/catch_and_throw/package.dsv'
[30.477s] INFO:colcon.colcon_core.shell:Creating package script '/home/user/kuka_rl_ros2/src/catch_and_throw/install/catch_and_throw/share/catch_and_throw/package.sh'
[30.477s] INFO:colcon.colcon_core.shell:Creating package script '/home/user/kuka_rl_ros2/src/catch_and_throw/install/catch_and_throw/share/catch_and_throw/package.bash'
[30.478s] INFO:colcon.colcon_core.shell:Creating package script '/home/user/kuka_rl_ros2/src/catch_and_throw/install/catch_and_throw/share/catch_and_throw/package.zsh'
[30.478s] Level 1:colcon.colcon_core.environment:create_file_with_runtime_dependencies(/home/user/kuka_rl_ros2/src/catch_and_throw/install/catch_and_throw/share/colcon-core/packages/catch_and_throw)
[30.479s] Level 1:colcon.colcon_core.environment:create_environment_scripts_only(catch_and_throw)
[30.479s] Level 1:colcon.colcon_core.environment:checking '/home/user/kuka_rl_ros2/src/catch_and_throw/install/catch_and_throw' for CMake module files
[30.480s] Level 1:colcon.colcon_core.environment:checking '/home/user/kuka_rl_ros2/src/catch_and_throw/install/catch_and_throw' for CMake config files
[30.480s] Level 1:colcon.colcon_core.shell:create_environment_hook('catch_and_throw', 'cmake_prefix_path')
[30.480s] INFO:colcon.colcon_core.shell:Creating environment hook '/home/user/kuka_rl_ros2/src/catch_and_throw/install/catch_and_throw/share/catch_and_throw/hook/cmake_prefix_path.ps1'
[30.480s] INFO:colcon.colcon_core.shell:Creating environment descriptor '/home/user/kuka_rl_ros2/src/catch_and_throw/install/catch_and_throw/share/catch_and_throw/hook/cmake_prefix_path.dsv'
[30.481s] INFO:colcon.colcon_core.shell:Creating environment hook '/home/user/kuka_rl_ros2/src/catch_and_throw/install/catch_and_throw/share/catch_and_throw/hook/cmake_prefix_path.sh'
[30.481s] Level 1:colcon.colcon_core.environment:checking '/home/user/kuka_rl_ros2/src/catch_and_throw/install/catch_and_throw/lib'
[30.481s] Level 1:colcon.colcon_core.environment:checking '/home/user/kuka_rl_ros2/src/catch_and_throw/install/catch_and_throw/bin'
[30.481s] Level 1:colcon.colcon_core.environment:checking '/home/user/kuka_rl_ros2/src/catch_and_throw/install/catch_and_throw/lib/pkgconfig/catch_and_throw.pc'
[30.482s] Level 1:colcon.colcon_core.environment:checking '/home/user/kuka_rl_ros2/src/catch_and_throw/install/catch_and_throw/lib/python3.10/site-packages'
[30.482s] Level 1:colcon.colcon_core.environment:checking '/home/user/kuka_rl_ros2/src/catch_and_throw/install/catch_and_throw/bin'
[30.482s] INFO:colcon.colcon_core.shell:Creating package script '/home/user/kuka_rl_ros2/src/catch_and_throw/install/catch_and_throw/share/catch_and_throw/package.ps1'
[30.483s] INFO:colcon.colcon_core.shell:Creating package descriptor '/home/user/kuka_rl_ros2/src/catch_and_throw/install/catch_and_throw/share/catch_and_throw/package.dsv'
[30.483s] INFO:colcon.colcon_core.shell:Creating package script '/home/user/kuka_rl_ros2/src/catch_and_throw/install/catch_and_throw/share/catch_and_throw/package.sh'
[30.483s] INFO:colcon.colcon_core.shell:Creating package script '/home/user/kuka_rl_ros2/src/catch_and_throw/install/catch_and_throw/share/catch_and_throw/package.bash'
[30.484s] INFO:colcon.colcon_core.shell:Creating package script '/home/user/kuka_rl_ros2/src/catch_and_throw/install/catch_and_throw/share/catch_and_throw/package.zsh'
[30.484s] Level 1:colcon.colcon_core.environment:create_file_with_runtime_dependencies(/home/user/kuka_rl_ros2/src/catch_and_throw/install/catch_and_throw/share/colcon-core/packages/catch_and_throw)
[30.484s] DEBUG:colcon.colcon_parallel_executor.executor.parallel:closing loop
[30.485s] DEBUG:colcon.colcon_parallel_executor.executor.parallel:loop closed
[30.485s] DEBUG:colcon.colcon_parallel_executor.executor.parallel:run_until_complete finished with '0'
[30.485s] DEBUG:colcon.colcon_core.event_reactor:joining thread
[30.490s] INFO:colcon.colcon_core.plugin_system:Skipping extension 'colcon_notification.desktop_notification.notify_send': Could not find 'notify-send'
[30.490s] INFO:colcon.colcon_core.plugin_system:Skipping extension 'colcon_notification.desktop_notification.terminal_notifier': Not used on non-Darwin systems
[30.490s] INFO:colcon.colcon_core.plugin_system:Skipping extension 'colcon_notification.desktop_notification.win32': Not used on non-Windows systems
[30.490s] INFO:colcon.colcon_notification.desktop_notification:Sending desktop notification using 'notify2'
[30.492s] DEBUG:colcon.colcon_notification.desktop_notification.notify2:Failed to initialize notify2: org.freedesktop.DBus.Error.Spawn.ExecFailed: /usr/bin/dbus-launch terminated abnormally without any error message
[30.492s] DEBUG:colcon.colcon_core.event_reactor:joined thread
[30.493s] INFO:colcon.colcon_core.shell:Creating prefix script '/home/user/kuka_rl_ros2/src/catch_and_throw/install/local_setup.ps1'
[30.494s] INFO:colcon.colcon_core.shell:Creating prefix util module '/home/user/kuka_rl_ros2/src/catch_and_throw/install/_local_setup_util_ps1.py'
[30.495s] INFO:colcon.colcon_core.shell:Creating prefix chain script '/home/user/kuka_rl_ros2/src/catch_and_throw/install/setup.ps1'
[30.497s] INFO:colcon.colcon_core.shell:Creating prefix script '/home/user/kuka_rl_ros2/src/catch_and_throw/install/local_setup.sh'
[30.497s] INFO:colcon.colcon_core.shell:Creating prefix util module '/home/user/kuka_rl_ros2/src/catch_and_throw/install/_local_setup_util_sh.py'
[30.498s] INFO:colcon.colcon_core.shell:Creating prefix chain script '/home/user/kuka_rl_ros2/src/catch_and_throw/install/setup.sh'
[30.500s] INFO:colcon.colcon_core.shell:Creating prefix script '/home/user/kuka_rl_ros2/src/catch_and_throw/install/local_setup.bash'
[30.500s] INFO:colcon.colcon_core.shell:Creating prefix chain script '/home/user/kuka_rl_ros2/src/catch_and_throw/install/setup.bash'
[30.502s] INFO:colcon.colcon_core.shell:Creating prefix script '/home/user/kuka_rl_ros2/src/catch_and_throw/install/local_setup.zsh'
[30.502s] INFO:colcon.colcon_core.shell:Creating prefix chain script '/home/user/kuka_rl_ros2/src/catch_and_throw/install/setup.zsh'
