[0.659s] Invoking command in '/home/user/kuka_rl_ros2/src/lbr-stack/lbr_fri_ros2_stack/lbr_demos/lbr_demos_py': AMENT_PREFIX_PATH=/home/user/kuka_rl_ros2/src/install/lbr_bringup:/home/user/kuka_rl_ros2/src/install/lbr_ros2_control:/home/user/kuka_rl_ros2/src/install/lbr_fri_ros2:/home/user/kuka_rl_ros2/src/install/lbr_fri_idl:/home/user/kuka_rl_ros2/src/install/lbr_description:${AMENT_PREFIX_PATH} CMAKE_PREFIX_PATH=/home/user/kuka_rl_ros2/src/install/lbr_bringup:/home/user/kuka_rl_ros2/src/install/lbr_ros2_control:/home/user/kuka_rl_ros2/src/install/lbr_fri_ros2:/home/user/kuka_rl_ros2/src/install/lbr_fri_idl:/home/user/kuka_rl_ros2/src/install/lbr_description:/home/user/kuka_rl_ros2/src/install/fri_client_sdk:${CMAKE_PREFIX_PATH} LD_LIBRARY_PATH=/home/user/kuka_rl_ros2/src/install/lbr_ros2_control/lib:/home/user/kuka_rl_ros2/src/install/lbr_fri_ros2/lib:/home/user/kuka_rl_ros2/src/install/lbr_fri_idl/lib:/home/user/kuka_rl_ros2/src/install/fri_client_sdk/lib:${LD_LIBRARY_PATH} PKG_CONFIG_PATH=/home/user/kuka_rl_ros2/src/install/fri_client_sdk/lib/x86_64-linux-gnu/pkgconfig:/home/user/kuka_rl_ros2/src/install/fri_client_sdk/lib/pkgconfig:${PKG_CONFIG_PATH} PYTHONPATH=/home/user/kuka_rl_ros2/src/build/lbr_demos_py/prefix_override:/usr/lib/python3/dist-packages/colcon_core/task/python/colcon_distutils_commands:/home/user/kuka_rl_ros2/src/install/lbr_demos_py/lib/python3.10/site-packages:/home/user/kuka_rl_ros2/src/install/lbr_bringup/local/lib/python3.10/dist-packages:/home/user/kuka_rl_ros2/src/install/lbr_fri_idl/local/lib/python3.10/dist-packages:${PYTHONPATH} /usr/bin/python3 -W ignore:setup.py install is deprecated -W ignore:easy_install command is deprecated setup.py egg_info --egg-base ../../../../build/lbr_demos_py build --build-base /home/user/kuka_rl_ros2/src/build/lbr_demos_py/build install --record /home/user/kuka_rl_ros2/src/build/lbr_demos_py/install.log --single-version-externally-managed install_data
[0.895s] running egg_info
[0.896s] writing ../../../../build/lbr_demos_py/lbr_demos_py.egg-info/PKG-INFO
[0.897s] writing dependency_links to ../../../../build/lbr_demos_py/lbr_demos_py.egg-info/dependency_links.txt
[0.897s] writing entry points to ../../../../build/lbr_demos_py/lbr_demos_py.egg-info/entry_points.txt
[0.897s] writing requirements to ../../../../build/lbr_demos_py/lbr_demos_py.egg-info/requires.txt
[0.897s] writing top-level names to ../../../../build/lbr_demos_py/lbr_demos_py.egg-info/top_level.txt
[0.900s] reading manifest file '../../../../build/lbr_demos_py/lbr_demos_py.egg-info/SOURCES.txt'
[0.902s] writing manifest file '../../../../build/lbr_demos_py/lbr_demos_py.egg-info/SOURCES.txt'
[0.902s] running build
[0.902s] running build_py
[0.903s] running install
[0.903s] running install_lib
[0.905s] running install_data
[0.905s] running install_egg_info
[0.906s] removing '/home/user/kuka_rl_ros2/src/install/lbr_demos_py/lib/python3.10/site-packages/lbr_demos_py-2.2.1-py3.10.egg-info' (and everything under it)
[0.907s] Copying ../../../../build/lbr_demos_py/lbr_demos_py.egg-info to /home/user/kuka_rl_ros2/src/install/lbr_demos_py/lib/python3.10/site-packages/lbr_demos_py-2.2.1-py3.10.egg-info
[0.908s] running install_scripts
[0.926s] Installing joint_sine_overlay script to /home/user/kuka_rl_ros2/src/install/lbr_demos_py/lib/lbr_demos_py
[0.926s] Installing joint_trajectory_client script to /home/user/kuka_rl_ros2/src/install/lbr_demos_py/lib/lbr_demos_py
[0.927s] Installing torque_sine_overlay script to /home/user/kuka_rl_ros2/src/install/lbr_demos_py/lib/lbr_demos_py
[0.927s] Installing wrench_sine_overlay script to /home/user/kuka_rl_ros2/src/install/lbr_demos_py/lib/lbr_demos_py
[0.927s] writing list of installed files to '/home/user/kuka_rl_ros2/src/build/lbr_demos_py/install.log'
[0.947s] Invoked command in '/home/user/kuka_rl_ros2/src/lbr-stack/lbr_fri_ros2_stack/lbr_demos/lbr_demos_py' returned '0': AMENT_PREFIX_PATH=/home/user/kuka_rl_ros2/src/install/lbr_bringup:/home/user/kuka_rl_ros2/src/install/lbr_ros2_control:/home/user/kuka_rl_ros2/src/install/lbr_fri_ros2:/home/user/kuka_rl_ros2/src/install/lbr_fri_idl:/home/user/kuka_rl_ros2/src/install/lbr_description:${AMENT_PREFIX_PATH} CMAKE_PREFIX_PATH=/home/user/kuka_rl_ros2/src/install/lbr_bringup:/home/user/kuka_rl_ros2/src/install/lbr_ros2_control:/home/user/kuka_rl_ros2/src/install/lbr_fri_ros2:/home/user/kuka_rl_ros2/src/install/lbr_fri_idl:/home/user/kuka_rl_ros2/src/install/lbr_description:/home/user/kuka_rl_ros2/src/install/fri_client_sdk:${CMAKE_PREFIX_PATH} LD_LIBRARY_PATH=/home/user/kuka_rl_ros2/src/install/lbr_ros2_control/lib:/home/user/kuka_rl_ros2/src/install/lbr_fri_ros2/lib:/home/user/kuka_rl_ros2/src/install/lbr_fri_idl/lib:/home/user/kuka_rl_ros2/src/install/fri_client_sdk/lib:${LD_LIBRARY_PATH} PKG_CONFIG_PATH=/home/user/kuka_rl_ros2/src/install/fri_client_sdk/lib/x86_64-linux-gnu/pkgconfig:/home/user/kuka_rl_ros2/src/install/fri_client_sdk/lib/pkgconfig:${PKG_CONFIG_PATH} PYTHONPATH=/home/user/kuka_rl_ros2/src/build/lbr_demos_py/prefix_override:/usr/lib/python3/dist-packages/colcon_core/task/python/colcon_distutils_commands:/home/user/kuka_rl_ros2/src/install/lbr_demos_py/lib/python3.10/site-packages:/home/user/kuka_rl_ros2/src/install/lbr_bringup/local/lib/python3.10/dist-packages:/home/user/kuka_rl_ros2/src/install/lbr_fri_idl/local/lib/python3.10/dist-packages:${PYTHONPATH} /usr/bin/python3 -W ignore:setup.py install is deprecated -W ignore:easy_install command is deprecated setup.py egg_info --egg-base ../../../../build/lbr_demos_py build --build-base /home/user/kuka_rl_ros2/src/build/lbr_demos_py/build install --record /home/user/kuka_rl_ros2/src/build/lbr_demos_py/install.log --single-version-externally-managed install_data
