[0.033s] Invoking command in '/home/user/kuka_rl_ros2/src/build/iiwa14_moveit_config': AMENT_PREFIX_PATH=/home/user/kuka_rl_ros2/src/install/lbr_description:${AMENT_PREFIX_PATH} CMAKE_PREFIX_PATH=/home/user/kuka_rl_ros2/src/install/lbr_description:/home/user/kuka_rl_ros2/install/med7_moveit_config:/home/user/kuka_rl_ros2/install/med14_moveit_config:/home/user/kuka_rl_ros2/install/lbr_fri_ros2_stack:/home/user/kuka_rl_ros2/install/lbr_demos_cpp:/home/user/kuka_rl_ros2/install/lbr_bringup:/home/user/kuka_rl_ros2/install/lbr_ros2_control:/home/user/kuka_rl_ros2/install/lbr_moveit_cpp:/home/user/kuka_rl_ros2/install/lbr_demos_advanced_cpp:/home/user/kuka_rl_ros2/install/lbr_fri_ros2:/home/user/kuka_rl_ros2/install/lbr_fri_idl:/home/user/kuka_rl_ros2/install/iiwa7_moveit_config:/home/user/kuka_rl_ros2/install/iiwa14_moveit_config:/home/user/kuka_rl_ros2/install/lbr_description:/home/user/kuka_rl_ros2/install/fri_client_sdk:/home/user/kuka_rl_ros2/install/catch_and_throw:/home/user/kuka_rl_ros2/install/lbr_demos_py:/home/user/kuka_rl_ros2/install/lbr_moveit:/home/user/kuka_rl_ros2/install/lbr_demos_advanced_py:/opt/ros/humble /usr/bin/cmake /home/user/kuka_rl_ros2/src/lbr-stack/lbr_fri_ros2_stack/lbr_moveit_config/iiwa14_moveit_config -DCMAKE_INSTALL_PREFIX=/home/user/kuka_rl_ros2/src/install/iiwa14_moveit_config
[0.096s] -- The C compiler identification is GNU 11.4.0
[0.163s] -- The CXX compiler identification is GNU 11.4.0
[0.169s] -- Detecting C compiler ABI info
[0.255s] -- Detecting C compiler ABI info - done
[0.265s] -- Check for working C compiler: /usr/bin/cc - skipped
[0.265s] -- Detecting C compile features
[0.266s] -- Detecting C compile features - done
[0.271s] -- Detecting CXX compiler ABI info
[0.369s] -- Detecting CXX compiler ABI info - done
[0.383s] -- Check for working CXX compiler: /usr/bin/c++ - skipped
[0.383s] -- Detecting CXX compile features
[0.384s] -- Detecting CXX compile features - done
[0.393s] -- Found ament_cmake: 1.3.11 (/opt/ros/humble/share/ament_cmake/cmake)
[0.606s] -- Found Python3: /usr/bin/python3 (found version "3.10.12") found components: Interpreter 
[0.879s] -- Configuring done
[0.882s] -- Generating done
[0.886s] -- Build files have been written to: /home/user/kuka_rl_ros2/src/build/iiwa14_moveit_config
[0.890s] Invoked command in '/home/user/kuka_rl_ros2/src/build/iiwa14_moveit_config' returned '0': AMENT_PREFIX_PATH=/home/user/kuka_rl_ros2/src/install/lbr_description:${AMENT_PREFIX_PATH} CMAKE_PREFIX_PATH=/home/user/kuka_rl_ros2/src/install/lbr_description:/home/user/kuka_rl_ros2/install/med7_moveit_config:/home/user/kuka_rl_ros2/install/med14_moveit_config:/home/user/kuka_rl_ros2/install/lbr_fri_ros2_stack:/home/user/kuka_rl_ros2/install/lbr_demos_cpp:/home/user/kuka_rl_ros2/install/lbr_bringup:/home/user/kuka_rl_ros2/install/lbr_ros2_control:/home/user/kuka_rl_ros2/install/lbr_moveit_cpp:/home/user/kuka_rl_ros2/install/lbr_demos_advanced_cpp:/home/user/kuka_rl_ros2/install/lbr_fri_ros2:/home/user/kuka_rl_ros2/install/lbr_fri_idl:/home/user/kuka_rl_ros2/install/iiwa7_moveit_config:/home/user/kuka_rl_ros2/install/iiwa14_moveit_config:/home/user/kuka_rl_ros2/install/lbr_description:/home/user/kuka_rl_ros2/install/fri_client_sdk:/home/user/kuka_rl_ros2/install/catch_and_throw:/home/user/kuka_rl_ros2/install/lbr_demos_py:/home/user/kuka_rl_ros2/install/lbr_moveit:/home/user/kuka_rl_ros2/install/lbr_demos_advanced_py:/opt/ros/humble /usr/bin/cmake /home/user/kuka_rl_ros2/src/lbr-stack/lbr_fri_ros2_stack/lbr_moveit_config/iiwa14_moveit_config -DCMAKE_INSTALL_PREFIX=/home/user/kuka_rl_ros2/src/install/iiwa14_moveit_config
[0.891s] Invoking command in '/home/user/kuka_rl_ros2/src/build/iiwa14_moveit_config': AMENT_PREFIX_PATH=/home/user/kuka_rl_ros2/src/install/lbr_description:${AMENT_PREFIX_PATH} CMAKE_PREFIX_PATH=/home/user/kuka_rl_ros2/src/install/lbr_description:/home/user/kuka_rl_ros2/install/med7_moveit_config:/home/user/kuka_rl_ros2/install/med14_moveit_config:/home/user/kuka_rl_ros2/install/lbr_fri_ros2_stack:/home/user/kuka_rl_ros2/install/lbr_demos_cpp:/home/user/kuka_rl_ros2/install/lbr_bringup:/home/user/kuka_rl_ros2/install/lbr_ros2_control:/home/user/kuka_rl_ros2/install/lbr_moveit_cpp:/home/user/kuka_rl_ros2/install/lbr_demos_advanced_cpp:/home/user/kuka_rl_ros2/install/lbr_fri_ros2:/home/user/kuka_rl_ros2/install/lbr_fri_idl:/home/user/kuka_rl_ros2/install/iiwa7_moveit_config:/home/user/kuka_rl_ros2/install/iiwa14_moveit_config:/home/user/kuka_rl_ros2/install/lbr_description:/home/user/kuka_rl_ros2/install/fri_client_sdk:/home/user/kuka_rl_ros2/install/catch_and_throw:/home/user/kuka_rl_ros2/install/lbr_demos_py:/home/user/kuka_rl_ros2/install/lbr_moveit:/home/user/kuka_rl_ros2/install/lbr_demos_advanced_py:/opt/ros/humble /usr/bin/cmake --build /home/user/kuka_rl_ros2/src/build/iiwa14_moveit_config -- -j8 -l8
[0.936s] Invoked command in '/home/user/kuka_rl_ros2/src/build/iiwa14_moveit_config' returned '0': AMENT_PREFIX_PATH=/home/user/kuka_rl_ros2/src/install/lbr_description:${AMENT_PREFIX_PATH} CMAKE_PREFIX_PATH=/home/user/kuka_rl_ros2/src/install/lbr_description:/home/user/kuka_rl_ros2/install/med7_moveit_config:/home/user/kuka_rl_ros2/install/med14_moveit_config:/home/user/kuka_rl_ros2/install/lbr_fri_ros2_stack:/home/user/kuka_rl_ros2/install/lbr_demos_cpp:/home/user/kuka_rl_ros2/install/lbr_bringup:/home/user/kuka_rl_ros2/install/lbr_ros2_control:/home/user/kuka_rl_ros2/install/lbr_moveit_cpp:/home/user/kuka_rl_ros2/install/lbr_demos_advanced_cpp:/home/user/kuka_rl_ros2/install/lbr_fri_ros2:/home/user/kuka_rl_ros2/install/lbr_fri_idl:/home/user/kuka_rl_ros2/install/iiwa7_moveit_config:/home/user/kuka_rl_ros2/install/iiwa14_moveit_config:/home/user/kuka_rl_ros2/install/lbr_description:/home/user/kuka_rl_ros2/install/fri_client_sdk:/home/user/kuka_rl_ros2/install/catch_and_throw:/home/user/kuka_rl_ros2/install/lbr_demos_py:/home/user/kuka_rl_ros2/install/lbr_moveit:/home/user/kuka_rl_ros2/install/lbr_demos_advanced_py:/opt/ros/humble /usr/bin/cmake --build /home/user/kuka_rl_ros2/src/build/iiwa14_moveit_config -- -j8 -l8
[0.937s] Invoking command in '/home/user/kuka_rl_ros2/src/build/iiwa14_moveit_config': AMENT_PREFIX_PATH=/home/user/kuka_rl_ros2/src/install/lbr_description:${AMENT_PREFIX_PATH} CMAKE_PREFIX_PATH=/home/user/kuka_rl_ros2/src/install/lbr_description:/home/user/kuka_rl_ros2/install/med7_moveit_config:/home/user/kuka_rl_ros2/install/med14_moveit_config:/home/user/kuka_rl_ros2/install/lbr_fri_ros2_stack:/home/user/kuka_rl_ros2/install/lbr_demos_cpp:/home/user/kuka_rl_ros2/install/lbr_bringup:/home/user/kuka_rl_ros2/install/lbr_ros2_control:/home/user/kuka_rl_ros2/install/lbr_moveit_cpp:/home/user/kuka_rl_ros2/install/lbr_demos_advanced_cpp:/home/user/kuka_rl_ros2/install/lbr_fri_ros2:/home/user/kuka_rl_ros2/install/lbr_fri_idl:/home/user/kuka_rl_ros2/install/iiwa7_moveit_config:/home/user/kuka_rl_ros2/install/iiwa14_moveit_config:/home/user/kuka_rl_ros2/install/lbr_description:/home/user/kuka_rl_ros2/install/fri_client_sdk:/home/user/kuka_rl_ros2/install/catch_and_throw:/home/user/kuka_rl_ros2/install/lbr_demos_py:/home/user/kuka_rl_ros2/install/lbr_moveit:/home/user/kuka_rl_ros2/install/lbr_demos_advanced_py:/opt/ros/humble /usr/bin/cmake --install /home/user/kuka_rl_ros2/src/build/iiwa14_moveit_config
[0.945s] -- Install configuration: ""
[0.945s] -- Installing: /home/user/kuka_rl_ros2/src/install/iiwa14_moveit_config/share/ament_index/resource_index/package_run_dependencies/iiwa14_moveit_config
[0.945s] -- Installing: /home/user/kuka_rl_ros2/src/install/iiwa14_moveit_config/share/ament_index/resource_index/parent_prefix_path/iiwa14_moveit_config
[0.945s] -- Installing: /home/user/kuka_rl_ros2/src/install/iiwa14_moveit_config/share/iiwa14_moveit_config/environment/ament_prefix_path.sh
[0.945s] -- Installing: /home/user/kuka_rl_ros2/src/install/iiwa14_moveit_config/share/iiwa14_moveit_config/environment/ament_prefix_path.dsv
[0.945s] -- Installing: /home/user/kuka_rl_ros2/src/install/iiwa14_moveit_config/share/iiwa14_moveit_config/environment/path.sh
[0.945s] -- Installing: /home/user/kuka_rl_ros2/src/install/iiwa14_moveit_config/share/iiwa14_moveit_config/environment/path.dsv
[0.946s] -- Installing: /home/user/kuka_rl_ros2/src/install/iiwa14_moveit_config/share/iiwa14_moveit_config/local_setup.bash
[0.946s] -- Installing: /home/user/kuka_rl_ros2/src/install/iiwa14_moveit_config/share/iiwa14_moveit_config/local_setup.sh
[0.946s] -- Installing: /home/user/kuka_rl_ros2/src/install/iiwa14_moveit_config/share/iiwa14_moveit_config/local_setup.zsh
[0.946s] -- Installing: /home/user/kuka_rl_ros2/src/install/iiwa14_moveit_config/share/iiwa14_moveit_config/local_setup.dsv
[0.946s] -- Installing: /home/user/kuka_rl_ros2/src/install/iiwa14_moveit_config/share/iiwa14_moveit_config/package.dsv
[0.946s] -- Installing: /home/user/kuka_rl_ros2/src/install/iiwa14_moveit_config/share/ament_index/resource_index/packages/iiwa14_moveit_config
[0.946s] -- Installing: /home/user/kuka_rl_ros2/src/install/iiwa14_moveit_config/share/iiwa14_moveit_config/cmake/iiwa14_moveit_configConfig.cmake
[0.947s] -- Installing: /home/user/kuka_rl_ros2/src/install/iiwa14_moveit_config/share/iiwa14_moveit_config/cmake/iiwa14_moveit_configConfig-version.cmake
[0.947s] -- Installing: /home/user/kuka_rl_ros2/src/install/iiwa14_moveit_config/share/iiwa14_moveit_config/package.xml
[0.947s] -- Installing: /home/user/kuka_rl_ros2/src/install/iiwa14_moveit_config/share/iiwa14_moveit_config/launch
[0.947s] -- Installing: /home/user/kuka_rl_ros2/src/install/iiwa14_moveit_config/share/iiwa14_moveit_config/launch/move_group.launch.py
[0.947s] -- Installing: /home/user/kuka_rl_ros2/src/install/iiwa14_moveit_config/share/iiwa14_moveit_config/launch/moveit_rviz.launch.py
[0.947s] -- Installing: /home/user/kuka_rl_ros2/src/install/iiwa14_moveit_config/share/iiwa14_moveit_config/launch/setup_assistant.launch.py
[0.947s] -- Installing: /home/user/kuka_rl_ros2/src/install/iiwa14_moveit_config/share/iiwa14_moveit_config/config
[0.948s] -- Installing: /home/user/kuka_rl_ros2/src/install/iiwa14_moveit_config/share/iiwa14_moveit_config/config/kinematics.yaml
[0.948s] -- Installing: /home/user/kuka_rl_ros2/src/install/iiwa14_moveit_config/share/iiwa14_moveit_config/config/moveit.rviz
[0.948s] -- Installing: /home/user/kuka_rl_ros2/src/install/iiwa14_moveit_config/share/iiwa14_moveit_config/config/moveit_controllers.yaml
[0.948s] -- Installing: /home/user/kuka_rl_ros2/src/install/iiwa14_moveit_config/share/iiwa14_moveit_config/config/iiwa14.srdf
[0.949s] -- Installing: /home/user/kuka_rl_ros2/src/install/iiwa14_moveit_config/share/iiwa14_moveit_config/config/joint_limits.yaml
[0.949s] -- Installing: /home/user/kuka_rl_ros2/src/install/iiwa14_moveit_config/share/iiwa14_moveit_config/config/pilz_cartesian_limits.yaml
[0.949s] -- Installing: /home/user/kuka_rl_ros2/src/install/iiwa14_moveit_config/share/iiwa14_moveit_config/.setup_assistant
[0.952s] Invoked command in '/home/user/kuka_rl_ros2/src/build/iiwa14_moveit_config' returned '0': AMENT_PREFIX_PATH=/home/user/kuka_rl_ros2/src/install/lbr_description:${AMENT_PREFIX_PATH} CMAKE_PREFIX_PATH=/home/user/kuka_rl_ros2/src/install/lbr_description:/home/user/kuka_rl_ros2/install/med7_moveit_config:/home/user/kuka_rl_ros2/install/med14_moveit_config:/home/user/kuka_rl_ros2/install/lbr_fri_ros2_stack:/home/user/kuka_rl_ros2/install/lbr_demos_cpp:/home/user/kuka_rl_ros2/install/lbr_bringup:/home/user/kuka_rl_ros2/install/lbr_ros2_control:/home/user/kuka_rl_ros2/install/lbr_moveit_cpp:/home/user/kuka_rl_ros2/install/lbr_demos_advanced_cpp:/home/user/kuka_rl_ros2/install/lbr_fri_ros2:/home/user/kuka_rl_ros2/install/lbr_fri_idl:/home/user/kuka_rl_ros2/install/iiwa7_moveit_config:/home/user/kuka_rl_ros2/install/iiwa14_moveit_config:/home/user/kuka_rl_ros2/install/lbr_description:/home/user/kuka_rl_ros2/install/fri_client_sdk:/home/user/kuka_rl_ros2/install/catch_and_throw:/home/user/kuka_rl_ros2/install/lbr_demos_py:/home/user/kuka_rl_ros2/install/lbr_moveit:/home/user/kuka_rl_ros2/install/lbr_demos_advanced_py:/opt/ros/humble /usr/bin/cmake --install /home/user/kuka_rl_ros2/src/build/iiwa14_moveit_config
