[0.012s] Invoking command in '/home/user/kuka_rl_ros2/src/catch_and_throw/build/catch_and_throw': CMAKE_PREFIX_PATH=${CMAKE_PREFIX_PATH}:/home/user/kuka_rl_ros2/install/optitrack_listener:/home/user/kuka_rl_ros2/install/lbr_demos_py:/home/user/kuka_rl_ros2/install/lbr_moveit:/home/user/kuka_rl_ros2/install/lbr_demos_advanced_py:/opt/ros/humble /usr/bin/cmake --build /home/user/kuka_rl_ros2/src/catch_and_throw/build/catch_and_throw -- -j8 -l8
[0.036s] -- Found ament_cmake: 1.3.11 (/opt/ros/humble/share/ament_cmake/cmake)
[0.172s] -- Found rclcpp: 16.0.12 (/opt/ros/humble/share/rclcpp/cmake)
[0.199s] -- Found rosidl_generator_c: 3.1.6 (/opt/ros/humble/share/rosidl_generator_c/cmake)
[0.201s] -- Found rosidl_adapter: 3.1.6 (/opt/ros/humble/share/rosidl_adapter/cmake)
[0.207s] -- Found rosidl_generator_cpp: 3.1.6 (/opt/ros/humble/share/rosidl_generator_cpp/cmake)
[0.216s] -- Using all available rosidl_typesupport_c: rosidl_typesupport_fastrtps_c;rosidl_typesupport_introspection_c
[0.228s] -- Using all available rosidl_typesupport_cpp: rosidl_typesupport_fastrtps_cpp;rosidl_typesupport_introspection_cpp
[0.259s] -- Found rmw_implementation_cmake: 6.1.2 (/opt/ros/humble/share/rmw_implementation_cmake/cmake)
[0.261s] -- Found rmw_fastrtps_cpp: 6.2.7 (/opt/ros/humble/share/rmw_fastrtps_cpp/cmake)
[0.392s] -- Using RMW implementation 'rmw_fastrtps_cpp' as default
[0.444s] -- Found sensor_msgs: 4.8.0 (/opt/ros/humble/share/sensor_msgs/cmake)
[0.471s] -- Found lbr_fri_idl: 1.5.0 (/home/user/kuka_rl_ros2/install/lbr_fri_idl/share/lbr_fri_idl/cmake)
[0.522s] -- Found ament_lint_auto: 0.12.12 (/opt/ros/humble/share/ament_lint_auto/cmake)
[0.656s] -- Configuring done
[0.680s] -- Generating done
[0.685s] -- Build files have been written to: /home/user/kuka_rl_ros2/src/catch_and_throw/build/catch_and_throw
[0.712s] [35m[1mConsolidate compiler generated dependencies of target joint_state_node[0m
[0.713s] [35m[1mConsolidate compiler generated dependencies of target joint_state_node_trained[0m
[0.795s] [ 50%] [32mBuilding CXX object CMakeFiles/joint_state_node_trained.dir/src/joint_state_node_trained.cpp.o[0m
[0.796s] [ 50%] [32mBuilding CXX object CMakeFiles/joint_state_node.dir/src/joint_state_node.cpp.o[0m
[27.185s] [ 75%] [32m[1mLinking CXX executable joint_state_node_trained[0m
[28.224s] [ 75%] Built target joint_state_node_trained
[29.014s] [100%] [32m[1mLinking CXX executable joint_state_node[0m
[30.152s] [100%] Built target joint_state_node
[30.161s] Invoked command in '/home/user/kuka_rl_ros2/src/catch_and_throw/build/catch_and_throw' returned '0': CMAKE_PREFIX_PATH=${CMAKE_PREFIX_PATH}:/home/user/kuka_rl_ros2/install/optitrack_listener:/home/user/kuka_rl_ros2/install/lbr_demos_py:/home/user/kuka_rl_ros2/install/lbr_moveit:/home/user/kuka_rl_ros2/install/lbr_demos_advanced_py:/opt/ros/humble /usr/bin/cmake --build /home/user/kuka_rl_ros2/src/catch_and_throw/build/catch_and_throw -- -j8 -l8
[30.170s] Invoking command in '/home/user/kuka_rl_ros2/src/catch_and_throw/build/catch_and_throw': CMAKE_PREFIX_PATH=${CMAKE_PREFIX_PATH}:/home/user/kuka_rl_ros2/install/optitrack_listener:/home/user/kuka_rl_ros2/install/lbr_demos_py:/home/user/kuka_rl_ros2/install/lbr_moveit:/home/user/kuka_rl_ros2/install/lbr_demos_advanced_py:/opt/ros/humble /usr/bin/cmake --install /home/user/kuka_rl_ros2/src/catch_and_throw/build/catch_and_throw
[30.176s] -- Install configuration: ""
[30.176s] -- Installing: /home/user/kuka_rl_ros2/src/catch_and_throw/install/catch_and_throw/lib/catch_and_throw/joint_state_node
[30.185s] -- Set runtime path of "/home/user/kuka_rl_ros2/src/catch_and_throw/install/catch_and_throw/lib/catch_and_throw/joint_state_node" to ""
[30.185s] -- Installing: /home/user/kuka_rl_ros2/src/catch_and_throw/install/catch_and_throw/lib/catch_and_throw/joint_state_node_trained
[30.193s] -- Set runtime path of "/home/user/kuka_rl_ros2/src/catch_and_throw/install/catch_and_throw/lib/catch_and_throw/joint_state_node_trained" to ""
[30.193s] -- Installing: /home/user/kuka_rl_ros2/src/catch_and_throw/install/catch_and_throw/share/catch_and_throw//launch
[30.193s] -- Installing: /home/user/kuka_rl_ros2/src/catch_and_throw/install/catch_and_throw/share/catch_and_throw//launch/manipulator_optitrack.launch.py
[30.193s] -- Up-to-date: /home/user/kuka_rl_ros2/src/catch_and_throw/install/catch_and_throw/share/ament_index/resource_index/package_run_dependencies/catch_and_throw
[30.194s] -- Up-to-date: /home/user/kuka_rl_ros2/src/catch_and_throw/install/catch_and_throw/share/ament_index/resource_index/parent_prefix_path/catch_and_throw
[30.194s] -- Up-to-date: /home/user/kuka_rl_ros2/src/catch_and_throw/install/catch_and_throw/share/catch_and_throw/environment/ament_prefix_path.sh
[30.194s] -- Installing: /home/user/kuka_rl_ros2/src/catch_and_throw/install/catch_and_throw/share/catch_and_throw/environment/ament_prefix_path.dsv
[30.194s] -- Up-to-date: /home/user/kuka_rl_ros2/src/catch_and_throw/install/catch_and_throw/share/catch_and_throw/environment/path.sh
[30.194s] -- Installing: /home/user/kuka_rl_ros2/src/catch_and_throw/install/catch_and_throw/share/catch_and_throw/environment/path.dsv
[30.194s] -- Up-to-date: /home/user/kuka_rl_ros2/src/catch_and_throw/install/catch_and_throw/share/catch_and_throw/local_setup.bash
[30.194s] -- Up-to-date: /home/user/kuka_rl_ros2/src/catch_and_throw/install/catch_and_throw/share/catch_and_throw/local_setup.sh
[30.194s] -- Up-to-date: /home/user/kuka_rl_ros2/src/catch_and_throw/install/catch_and_throw/share/catch_and_throw/local_setup.zsh
[30.194s] -- Installing: /home/user/kuka_rl_ros2/src/catch_and_throw/install/catch_and_throw/share/catch_and_throw/local_setup.dsv
[30.195s] -- Installing: /home/user/kuka_rl_ros2/src/catch_and_throw/install/catch_and_throw/share/catch_and_throw/package.dsv
[30.195s] -- Up-to-date: /home/user/kuka_rl_ros2/src/catch_and_throw/install/catch_and_throw/share/ament_index/resource_index/packages/catch_and_throw
[30.195s] -- Up-to-date: /home/user/kuka_rl_ros2/src/catch_and_throw/install/catch_and_throw/share/catch_and_throw/cmake/catch_and_throwConfig.cmake
[30.195s] -- Up-to-date: /home/user/kuka_rl_ros2/src/catch_and_throw/install/catch_and_throw/share/catch_and_throw/cmake/catch_and_throwConfig-version.cmake
[30.195s] -- Up-to-date: /home/user/kuka_rl_ros2/src/catch_and_throw/install/catch_and_throw/share/catch_and_throw/package.xml
[30.196s] Invoked command in '/home/user/kuka_rl_ros2/src/catch_and_throw/build/catch_and_throw' returned '0': CMAKE_PREFIX_PATH=${CMAKE_PREFIX_PATH}:/home/user/kuka_rl_ros2/install/optitrack_listener:/home/user/kuka_rl_ros2/install/lbr_demos_py:/home/user/kuka_rl_ros2/install/lbr_moveit:/home/user/kuka_rl_ros2/install/lbr_demos_advanced_py:/opt/ros/humble /usr/bin/cmake --install /home/user/kuka_rl_ros2/src/catch_and_throw/build/catch_and_throw
