[0.020s] Invoking command in '/home/user/kuka_rl_ros2/src/build/lbr_ros2_control': AMENT_PREFIX_PATH=/home/user/kuka_rl_ros2/src/install/lbr_fri_ros2:/home/user/kuka_rl_ros2/src/install/lbr_fri_idl:/home/user/kuka_rl_ros2/src/install/lbr_description:${AMENT_PREFIX_PATH} CMAKE_PREFIX_PATH=/home/user/kuka_rl_ros2/src/install/lbr_fri_ros2:/home/user/kuka_rl_ros2/src/install/lbr_fri_idl:/home/user/kuka_rl_ros2/src/install/lbr_description:/home/user/kuka_rl_ros2/src/install/fri_client_sdk:/home/user/kuka_rl_ros2/install/med7_moveit_config:/home/user/kuka_rl_ros2/install/med14_moveit_config:/home/user/kuka_rl_ros2/install/lbr_fri_ros2_stack:/home/user/kuka_rl_ros2/install/lbr_demos_cpp:/home/user/kuka_rl_ros2/install/lbr_bringup:/home/user/kuka_rl_ros2/install/lbr_ros2_control:/home/user/kuka_rl_ros2/install/lbr_moveit_cpp:/home/user/kuka_rl_ros2/install/lbr_demos_advanced_cpp:/home/user/kuka_rl_ros2/install/lbr_fri_ros2:/home/user/kuka_rl_ros2/install/lbr_fri_idl:/home/user/kuka_rl_ros2/install/iiwa7_moveit_config:/home/user/kuka_rl_ros2/install/iiwa14_moveit_config:/home/user/kuka_rl_ros2/install/lbr_description:/home/user/kuka_rl_ros2/install/fri_client_sdk:/home/user/kuka_rl_ros2/install/catch_and_throw:/home/user/kuka_rl_ros2/install/lbr_demos_py:/home/user/kuka_rl_ros2/install/lbr_moveit:/home/user/kuka_rl_ros2/install/lbr_demos_advanced_py:/opt/ros/humble LD_LIBRARY_PATH=/home/user/kuka_rl_ros2/src/install/lbr_fri_ros2/lib:/home/user/kuka_rl_ros2/src/install/lbr_fri_idl/lib:/home/user/kuka_rl_ros2/src/install/fri_client_sdk/lib:${LD_LIBRARY_PATH} PKG_CONFIG_PATH=/home/user/kuka_rl_ros2/src/install/fri_client_sdk/lib/x86_64-linux-gnu/pkgconfig:/home/user/kuka_rl_ros2/src/install/fri_client_sdk/lib/pkgconfig:${PKG_CONFIG_PATH} PYTHONPATH=/home/user/kuka_rl_ros2/src/install/lbr_fri_idl/local/lib/python3.10/dist-packages:${PYTHONPATH} /usr/bin/cmake /home/user/kuka_rl_ros2/src/lbr-stack/lbr_fri_ros2_stack/lbr_ros2_control -DCMAKE_INSTALL_PREFIX=/home/user/kuka_rl_ros2/src/install/lbr_ros2_control
[0.069s] -- The C compiler identification is GNU 11.4.0
[0.122s] -- The CXX compiler identification is GNU 11.4.0
[0.128s] -- Detecting C compiler ABI info
[0.190s] -- Detecting C compiler ABI info - done
[0.204s] -- Check for working C compiler: /usr/bin/cc - skipped
[0.204s] -- Detecting C compile features
[0.204s] -- Detecting C compile features - done
[0.209s] -- Detecting CXX compiler ABI info
[0.287s] -- Detecting CXX compiler ABI info - done
[0.293s] -- Check for working CXX compiler: /usr/bin/c++ - skipped
[0.294s] -- Detecting CXX compile features
[0.294s] -- Detecting CXX compile features - done
[0.300s] -- Found ament_cmake: 1.3.11 (/opt/ros/humble/share/ament_cmake/cmake)
[0.469s] -- Found Python3: /usr/bin/python3 (found version "3.10.12") found components: Interpreter 
[0.665s] -- Found controller_interface: 2.50.0 (/opt/ros/humble/share/controller_interface/cmake)
[0.760s] -- Found rosidl_generator_c: 3.1.6 (/opt/ros/humble/share/rosidl_generator_c/cmake)
[0.773s] -- Found rosidl_adapter: 3.1.6 (/opt/ros/humble/share/rosidl_adapter/cmake)
[0.792s] -- Found rosidl_generator_cpp: 3.1.6 (/opt/ros/humble/share/rosidl_generator_cpp/cmake)
[0.815s] -- Using all available rosidl_typesupport_c: rosidl_typesupport_fastrtps_c;rosidl_typesupport_introspection_c
[0.844s] -- Using all available rosidl_typesupport_cpp: rosidl_typesupport_fastrtps_cpp;rosidl_typesupport_introspection_cpp
[1.203s] -- Found rmw_implementation_cmake: 6.1.2 (/opt/ros/humble/share/rmw_implementation_cmake/cmake)
[1.211s] -- Found rmw_fastrtps_cpp: 6.2.7 (/opt/ros/humble/share/rmw_fastrtps_cpp/cmake)
[1.272s] -- Found TinyXML2 via Config file: TinyXML2_DIR-NOTFOUND
[1.330s] -- Found OpenSSL: /usr/lib/x86_64-linux-gnu/libcrypto.so (found version "3.0.2")  
[1.335s] -- Found TinyXML2 via Config file: TinyXML2_DIR-NOTFOUND
[1.350s] -- Found FastRTPS: /opt/ros/humble/include  
[1.353s] -- Found TinyXML2 via Config file: TinyXML2_DIR-NOTFOUND
[1.363s] -- Found TinyXML2 via Config file: TinyXML2_DIR-NOTFOUND
[1.376s] -- Using RMW implementation 'rmw_fastrtps_cpp' as default
[1.403s] -- Looking for pthread.h
[1.475s] -- Looking for pthread.h - found
[1.475s] -- Performing Test CMAKE_HAVE_LIBC_PTHREAD
[1.541s] -- Performing Test CMAKE_HAVE_LIBC_PTHREAD - Success
[1.542s] -- Found Threads: TRUE  
[1.633s] -- Found eigen3_cmake_module: 0.1.1 (/opt/ros/humble/share/eigen3_cmake_module/cmake)
[1.645s] -- Found Eigen3: TRUE (found version "3.4.0") 
[1.652s] -- Found kinematics_interface: 0.3.0 (/opt/ros/humble/share/kinematics_interface/cmake)
[1.655s] -- Found lbr_fri_idl: 1.5.0 (/home/user/kuka_rl_ros2/src/install/lbr_fri_idl/share/lbr_fri_idl/cmake)
[1.667s] -- Found lbr_fri_ros2: 2.2.1 (/home/user/kuka_rl_ros2/src/install/lbr_fri_ros2/share/lbr_fri_ros2/cmake)
[1.691s] -- Ensuring Eigen3 include directory is part of orocos-kdl CMake target
[1.845s] -- Configuring done
[1.921s] -- Generating done
[1.933s] -- Build files have been written to: /home/user/kuka_rl_ros2/src/build/lbr_ros2_control
[1.949s] Invoked command in '/home/user/kuka_rl_ros2/src/build/lbr_ros2_control' returned '0': AMENT_PREFIX_PATH=/home/user/kuka_rl_ros2/src/install/lbr_fri_ros2:/home/user/kuka_rl_ros2/src/install/lbr_fri_idl:/home/user/kuka_rl_ros2/src/install/lbr_description:${AMENT_PREFIX_PATH} CMAKE_PREFIX_PATH=/home/user/kuka_rl_ros2/src/install/lbr_fri_ros2:/home/user/kuka_rl_ros2/src/install/lbr_fri_idl:/home/user/kuka_rl_ros2/src/install/lbr_description:/home/user/kuka_rl_ros2/src/install/fri_client_sdk:/home/user/kuka_rl_ros2/install/med7_moveit_config:/home/user/kuka_rl_ros2/install/med14_moveit_config:/home/user/kuka_rl_ros2/install/lbr_fri_ros2_stack:/home/user/kuka_rl_ros2/install/lbr_demos_cpp:/home/user/kuka_rl_ros2/install/lbr_bringup:/home/user/kuka_rl_ros2/install/lbr_ros2_control:/home/user/kuka_rl_ros2/install/lbr_moveit_cpp:/home/user/kuka_rl_ros2/install/lbr_demos_advanced_cpp:/home/user/kuka_rl_ros2/install/lbr_fri_ros2:/home/user/kuka_rl_ros2/install/lbr_fri_idl:/home/user/kuka_rl_ros2/install/iiwa7_moveit_config:/home/user/kuka_rl_ros2/install/iiwa14_moveit_config:/home/user/kuka_rl_ros2/install/lbr_description:/home/user/kuka_rl_ros2/install/fri_client_sdk:/home/user/kuka_rl_ros2/install/catch_and_throw:/home/user/kuka_rl_ros2/install/lbr_demos_py:/home/user/kuka_rl_ros2/install/lbr_moveit:/home/user/kuka_rl_ros2/install/lbr_demos_advanced_py:/opt/ros/humble LD_LIBRARY_PATH=/home/user/kuka_rl_ros2/src/install/lbr_fri_ros2/lib:/home/user/kuka_rl_ros2/src/install/lbr_fri_idl/lib:/home/user/kuka_rl_ros2/src/install/fri_client_sdk/lib:${LD_LIBRARY_PATH} PKG_CONFIG_PATH=/home/user/kuka_rl_ros2/src/install/fri_client_sdk/lib/x86_64-linux-gnu/pkgconfig:/home/user/kuka_rl_ros2/src/install/fri_client_sdk/lib/pkgconfig:${PKG_CONFIG_PATH} PYTHONPATH=/home/user/kuka_rl_ros2/src/install/lbr_fri_idl/local/lib/python3.10/dist-packages:${PYTHONPATH} /usr/bin/cmake /home/user/kuka_rl_ros2/src/lbr-stack/lbr_fri_ros2_stack/lbr_ros2_control -DCMAKE_INSTALL_PREFIX=/home/user/kuka_rl_ros2/src/install/lbr_ros2_control
[1.950s] Invoking command in '/home/user/kuka_rl_ros2/src/build/lbr_ros2_control': AMENT_PREFIX_PATH=/home/user/kuka_rl_ros2/src/install/lbr_fri_ros2:/home/user/kuka_rl_ros2/src/install/lbr_fri_idl:/home/user/kuka_rl_ros2/src/install/lbr_description:${AMENT_PREFIX_PATH} CMAKE_PREFIX_PATH=/home/user/kuka_rl_ros2/src/install/lbr_fri_ros2:/home/user/kuka_rl_ros2/src/install/lbr_fri_idl:/home/user/kuka_rl_ros2/src/install/lbr_description:/home/user/kuka_rl_ros2/src/install/fri_client_sdk:/home/user/kuka_rl_ros2/install/med7_moveit_config:/home/user/kuka_rl_ros2/install/med14_moveit_config:/home/user/kuka_rl_ros2/install/lbr_fri_ros2_stack:/home/user/kuka_rl_ros2/install/lbr_demos_cpp:/home/user/kuka_rl_ros2/install/lbr_bringup:/home/user/kuka_rl_ros2/install/lbr_ros2_control:/home/user/kuka_rl_ros2/install/lbr_moveit_cpp:/home/user/kuka_rl_ros2/install/lbr_demos_advanced_cpp:/home/user/kuka_rl_ros2/install/lbr_fri_ros2:/home/user/kuka_rl_ros2/install/lbr_fri_idl:/home/user/kuka_rl_ros2/install/iiwa7_moveit_config:/home/user/kuka_rl_ros2/install/iiwa14_moveit_config:/home/user/kuka_rl_ros2/install/lbr_description:/home/user/kuka_rl_ros2/install/fri_client_sdk:/home/user/kuka_rl_ros2/install/catch_and_throw:/home/user/kuka_rl_ros2/install/lbr_demos_py:/home/user/kuka_rl_ros2/install/lbr_moveit:/home/user/kuka_rl_ros2/install/lbr_demos_advanced_py:/opt/ros/humble LD_LIBRARY_PATH=/home/user/kuka_rl_ros2/src/install/lbr_fri_ros2/lib:/home/user/kuka_rl_ros2/src/install/lbr_fri_idl/lib:/home/user/kuka_rl_ros2/src/install/fri_client_sdk/lib:${LD_LIBRARY_PATH} PKG_CONFIG_PATH=/home/user/kuka_rl_ros2/src/install/fri_client_sdk/lib/x86_64-linux-gnu/pkgconfig:/home/user/kuka_rl_ros2/src/install/fri_client_sdk/lib/pkgconfig:${PKG_CONFIG_PATH} PYTHONPATH=/home/user/kuka_rl_ros2/src/install/lbr_fri_idl/local/lib/python3.10/dist-packages:${PYTHONPATH} /usr/bin/cmake --build /home/user/kuka_rl_ros2/src/build/lbr_ros2_control -- -j8 -l8
[2.082s] [ 12%] [32mBuilding CXX object CMakeFiles/lbr_ros2_control.dir/src/controllers/admittance_controller.cpp.o[0m
[2.094s] [ 25%] [32mBuilding CXX object CMakeFiles/lbr_ros2_control.dir/src/controllers/lbr_torque_command_controller.cpp.o[0m
[2.112s] [ 37%] [32mBuilding CXX object CMakeFiles/lbr_ros2_control.dir/src/controllers/lbr_joint_position_command_controller.cpp.o[0m
[2.130s] [ 50%] [32mBuilding CXX object CMakeFiles/lbr_ros2_control.dir/src/controllers/lbr_wrench_command_controller.cpp.o[0m
[2.150s] [ 62%] [32mBuilding CXX object CMakeFiles/lbr_ros2_control.dir/src/controllers/lbr_state_broadcaster.cpp.o[0m
[2.152s] [ 75%] [32mBuilding CXX object CMakeFiles/lbr_ros2_control.dir/src/controllers/twist_controller.cpp.o[0m
[2.203s] [ 87%] [32mBuilding CXX object CMakeFiles/lbr_ros2_control.dir/src/system_interface.cpp.o[0m
[22.947s] [100%] [32m[1mLinking CXX shared library liblbr_ros2_control.so[0m
[23.255s] [100%] Built target lbr_ros2_control
[23.265s] Invoked command in '/home/user/kuka_rl_ros2/src/build/lbr_ros2_control' returned '0': AMENT_PREFIX_PATH=/home/user/kuka_rl_ros2/src/install/lbr_fri_ros2:/home/user/kuka_rl_ros2/src/install/lbr_fri_idl:/home/user/kuka_rl_ros2/src/install/lbr_description:${AMENT_PREFIX_PATH} CMAKE_PREFIX_PATH=/home/user/kuka_rl_ros2/src/install/lbr_fri_ros2:/home/user/kuka_rl_ros2/src/install/lbr_fri_idl:/home/user/kuka_rl_ros2/src/install/lbr_description:/home/user/kuka_rl_ros2/src/install/fri_client_sdk:/home/user/kuka_rl_ros2/install/med7_moveit_config:/home/user/kuka_rl_ros2/install/med14_moveit_config:/home/user/kuka_rl_ros2/install/lbr_fri_ros2_stack:/home/user/kuka_rl_ros2/install/lbr_demos_cpp:/home/user/kuka_rl_ros2/install/lbr_bringup:/home/user/kuka_rl_ros2/install/lbr_ros2_control:/home/user/kuka_rl_ros2/install/lbr_moveit_cpp:/home/user/kuka_rl_ros2/install/lbr_demos_advanced_cpp:/home/user/kuka_rl_ros2/install/lbr_fri_ros2:/home/user/kuka_rl_ros2/install/lbr_fri_idl:/home/user/kuka_rl_ros2/install/iiwa7_moveit_config:/home/user/kuka_rl_ros2/install/iiwa14_moveit_config:/home/user/kuka_rl_ros2/install/lbr_description:/home/user/kuka_rl_ros2/install/fri_client_sdk:/home/user/kuka_rl_ros2/install/catch_and_throw:/home/user/kuka_rl_ros2/install/lbr_demos_py:/home/user/kuka_rl_ros2/install/lbr_moveit:/home/user/kuka_rl_ros2/install/lbr_demos_advanced_py:/opt/ros/humble LD_LIBRARY_PATH=/home/user/kuka_rl_ros2/src/install/lbr_fri_ros2/lib:/home/user/kuka_rl_ros2/src/install/lbr_fri_idl/lib:/home/user/kuka_rl_ros2/src/install/fri_client_sdk/lib:${LD_LIBRARY_PATH} PKG_CONFIG_PATH=/home/user/kuka_rl_ros2/src/install/fri_client_sdk/lib/x86_64-linux-gnu/pkgconfig:/home/user/kuka_rl_ros2/src/install/fri_client_sdk/lib/pkgconfig:${PKG_CONFIG_PATH} PYTHONPATH=/home/user/kuka_rl_ros2/src/install/lbr_fri_idl/local/lib/python3.10/dist-packages:${PYTHONPATH} /usr/bin/cmake --build /home/user/kuka_rl_ros2/src/build/lbr_ros2_control -- -j8 -l8
[23.266s] Invoking command in '/home/user/kuka_rl_ros2/src/build/lbr_ros2_control': AMENT_PREFIX_PATH=/home/user/kuka_rl_ros2/src/install/lbr_fri_ros2:/home/user/kuka_rl_ros2/src/install/lbr_fri_idl:/home/user/kuka_rl_ros2/src/install/lbr_description:${AMENT_PREFIX_PATH} CMAKE_PREFIX_PATH=/home/user/kuka_rl_ros2/src/install/lbr_fri_ros2:/home/user/kuka_rl_ros2/src/install/lbr_fri_idl:/home/user/kuka_rl_ros2/src/install/lbr_description:/home/user/kuka_rl_ros2/src/install/fri_client_sdk:/home/user/kuka_rl_ros2/install/med7_moveit_config:/home/user/kuka_rl_ros2/install/med14_moveit_config:/home/user/kuka_rl_ros2/install/lbr_fri_ros2_stack:/home/user/kuka_rl_ros2/install/lbr_demos_cpp:/home/user/kuka_rl_ros2/install/lbr_bringup:/home/user/kuka_rl_ros2/install/lbr_ros2_control:/home/user/kuka_rl_ros2/install/lbr_moveit_cpp:/home/user/kuka_rl_ros2/install/lbr_demos_advanced_cpp:/home/user/kuka_rl_ros2/install/lbr_fri_ros2:/home/user/kuka_rl_ros2/install/lbr_fri_idl:/home/user/kuka_rl_ros2/install/iiwa7_moveit_config:/home/user/kuka_rl_ros2/install/iiwa14_moveit_config:/home/user/kuka_rl_ros2/install/lbr_description:/home/user/kuka_rl_ros2/install/fri_client_sdk:/home/user/kuka_rl_ros2/install/catch_and_throw:/home/user/kuka_rl_ros2/install/lbr_demos_py:/home/user/kuka_rl_ros2/install/lbr_moveit:/home/user/kuka_rl_ros2/install/lbr_demos_advanced_py:/opt/ros/humble LD_LIBRARY_PATH=/home/user/kuka_rl_ros2/src/install/lbr_fri_ros2/lib:/home/user/kuka_rl_ros2/src/install/lbr_fri_idl/lib:/home/user/kuka_rl_ros2/src/install/fri_client_sdk/lib:${LD_LIBRARY_PATH} PKG_CONFIG_PATH=/home/user/kuka_rl_ros2/src/install/fri_client_sdk/lib/x86_64-linux-gnu/pkgconfig:/home/user/kuka_rl_ros2/src/install/fri_client_sdk/lib/pkgconfig:${PKG_CONFIG_PATH} PYTHONPATH=/home/user/kuka_rl_ros2/src/install/lbr_fri_idl/local/lib/python3.10/dist-packages:${PYTHONPATH} /usr/bin/cmake --install /home/user/kuka_rl_ros2/src/build/lbr_ros2_control
[23.273s] -- Install configuration: "Release"
[23.274s] -- Installing: /home/user/kuka_rl_ros2/src/install/lbr_ros2_control/share/lbr_ros2_control/plugin_description_files/controllers.xml
[23.274s] -- Installing: /home/user/kuka_rl_ros2/src/install/lbr_ros2_control/share/lbr_ros2_control/plugin_description_files/system_interface.xml
[23.274s] -- Installing: /home/user/kuka_rl_ros2/src/install/lbr_ros2_control/share/lbr_ros2_control/environment/library_path.sh
[23.274s] -- Installing: /home/user/kuka_rl_ros2/src/install/lbr_ros2_control/share/lbr_ros2_control/environment/library_path.dsv
[23.274s] -- Installing: /home/user/kuka_rl_ros2/src/install/lbr_ros2_control/include
[23.275s] -- Installing: /home/user/kuka_rl_ros2/src/install/lbr_ros2_control/include/lbr_ros2_control
[23.275s] -- Installing: /home/user/kuka_rl_ros2/src/install/lbr_ros2_control/include/lbr_ros2_control/controllers
[23.275s] -- Installing: /home/user/kuka_rl_ros2/src/install/lbr_ros2_control/include/lbr_ros2_control/controllers/lbr_wrench_command_controller.hpp
[23.275s] -- Installing: /home/user/kuka_rl_ros2/src/install/lbr_ros2_control/include/lbr_ros2_control/controllers/admittance_controller.hpp
[23.275s] -- Installing: /home/user/kuka_rl_ros2/src/install/lbr_ros2_control/include/lbr_ros2_control/controllers/lbr_joint_position_command_controller.hpp
[23.275s] -- Installing: /home/user/kuka_rl_ros2/src/install/lbr_ros2_control/include/lbr_ros2_control/controllers/twist_controller.hpp
[23.275s] -- Installing: /home/user/kuka_rl_ros2/src/install/lbr_ros2_control/include/lbr_ros2_control/controllers/lbr_torque_command_controller.hpp
[23.275s] -- Installing: /home/user/kuka_rl_ros2/src/install/lbr_ros2_control/include/lbr_ros2_control/controllers/lbr_state_broadcaster.hpp
[23.276s] -- Installing: /home/user/kuka_rl_ros2/src/install/lbr_ros2_control/include/lbr_ros2_control/system_interface.hpp
[23.276s] -- Installing: /home/user/kuka_rl_ros2/src/install/lbr_ros2_control/include/lbr_ros2_control/system_interface_type_values.hpp
[23.276s] -- Installing: /home/user/kuka_rl_ros2/src/install/lbr_ros2_control/lib/lbr_ros2_control/liblbr_ros2_control.so
[23.279s] -- Set runtime path of "/home/user/kuka_rl_ros2/src/install/lbr_ros2_control/lib/lbr_ros2_control/liblbr_ros2_control.so" to ""
[23.279s] -- Installing: /home/user/kuka_rl_ros2/src/install/lbr_ros2_control/share/ament_index/resource_index/package_run_dependencies/lbr_ros2_control
[23.279s] -- Installing: /home/user/kuka_rl_ros2/src/install/lbr_ros2_control/share/ament_index/resource_index/parent_prefix_path/lbr_ros2_control
[23.279s] -- Installing: /home/user/kuka_rl_ros2/src/install/lbr_ros2_control/share/lbr_ros2_control/environment/ament_prefix_path.sh
[23.279s] -- Installing: /home/user/kuka_rl_ros2/src/install/lbr_ros2_control/share/lbr_ros2_control/environment/ament_prefix_path.dsv
[23.279s] -- Installing: /home/user/kuka_rl_ros2/src/install/lbr_ros2_control/share/lbr_ros2_control/environment/path.sh
[23.280s] -- Installing: /home/user/kuka_rl_ros2/src/install/lbr_ros2_control/share/lbr_ros2_control/environment/path.dsv
[23.280s] -- Installing: /home/user/kuka_rl_ros2/src/install/lbr_ros2_control/share/lbr_ros2_control/local_setup.bash
[23.280s] -- Installing: /home/user/kuka_rl_ros2/src/install/lbr_ros2_control/share/lbr_ros2_control/local_setup.sh
[23.280s] -- Installing: /home/user/kuka_rl_ros2/src/install/lbr_ros2_control/share/lbr_ros2_control/local_setup.zsh
[23.280s] -- Installing: /home/user/kuka_rl_ros2/src/install/lbr_ros2_control/share/lbr_ros2_control/local_setup.dsv
[23.280s] -- Installing: /home/user/kuka_rl_ros2/src/install/lbr_ros2_control/share/lbr_ros2_control/package.dsv
[23.281s] -- Installing: /home/user/kuka_rl_ros2/src/install/lbr_ros2_control/share/ament_index/resource_index/packages/lbr_ros2_control
[23.281s] -- Installing: /home/user/kuka_rl_ros2/src/install/lbr_ros2_control/share/ament_index/resource_index/controller_interface__pluginlib__plugin/lbr_ros2_control
[23.281s] -- Installing: /home/user/kuka_rl_ros2/src/install/lbr_ros2_control/share/ament_index/resource_index/hardware_interface__pluginlib__plugin/lbr_ros2_control
[23.281s] -- Installing: /home/user/kuka_rl_ros2/src/install/lbr_ros2_control/share/lbr_ros2_control/cmake/lbr_ros2_control_exportExport.cmake
[23.281s] -- Installing: /home/user/kuka_rl_ros2/src/install/lbr_ros2_control/share/lbr_ros2_control/cmake/lbr_ros2_control_exportExport-release.cmake
[23.281s] -- Installing: /home/user/kuka_rl_ros2/src/install/lbr_ros2_control/share/lbr_ros2_control/cmake/ament_cmake_export_targets-extras.cmake
[23.282s] -- Installing: /home/user/kuka_rl_ros2/src/install/lbr_ros2_control/share/lbr_ros2_control/cmake/ament_cmake_export_dependencies-extras.cmake
[23.282s] -- Installing: /home/user/kuka_rl_ros2/src/install/lbr_ros2_control/share/lbr_ros2_control/cmake/lbr_ros2_controlConfig.cmake
[23.282s] -- Installing: /home/user/kuka_rl_ros2/src/install/lbr_ros2_control/share/lbr_ros2_control/cmake/lbr_ros2_controlConfig-version.cmake
[23.282s] -- Installing: /home/user/kuka_rl_ros2/src/install/lbr_ros2_control/share/lbr_ros2_control/package.xml
[23.284s] Invoked command in '/home/user/kuka_rl_ros2/src/build/lbr_ros2_control' returned '0': AMENT_PREFIX_PATH=/home/user/kuka_rl_ros2/src/install/lbr_fri_ros2:/home/user/kuka_rl_ros2/src/install/lbr_fri_idl:/home/user/kuka_rl_ros2/src/install/lbr_description:${AMENT_PREFIX_PATH} CMAKE_PREFIX_PATH=/home/user/kuka_rl_ros2/src/install/lbr_fri_ros2:/home/user/kuka_rl_ros2/src/install/lbr_fri_idl:/home/user/kuka_rl_ros2/src/install/lbr_description:/home/user/kuka_rl_ros2/src/install/fri_client_sdk:/home/user/kuka_rl_ros2/install/med7_moveit_config:/home/user/kuka_rl_ros2/install/med14_moveit_config:/home/user/kuka_rl_ros2/install/lbr_fri_ros2_stack:/home/user/kuka_rl_ros2/install/lbr_demos_cpp:/home/user/kuka_rl_ros2/install/lbr_bringup:/home/user/kuka_rl_ros2/install/lbr_ros2_control:/home/user/kuka_rl_ros2/install/lbr_moveit_cpp:/home/user/kuka_rl_ros2/install/lbr_demos_advanced_cpp:/home/user/kuka_rl_ros2/install/lbr_fri_ros2:/home/user/kuka_rl_ros2/install/lbr_fri_idl:/home/user/kuka_rl_ros2/install/iiwa7_moveit_config:/home/user/kuka_rl_ros2/install/iiwa14_moveit_config:/home/user/kuka_rl_ros2/install/lbr_description:/home/user/kuka_rl_ros2/install/fri_client_sdk:/home/user/kuka_rl_ros2/install/catch_and_throw:/home/user/kuka_rl_ros2/install/lbr_demos_py:/home/user/kuka_rl_ros2/install/lbr_moveit:/home/user/kuka_rl_ros2/install/lbr_demos_advanced_py:/opt/ros/humble LD_LIBRARY_PATH=/home/user/kuka_rl_ros2/src/install/lbr_fri_ros2/lib:/home/user/kuka_rl_ros2/src/install/lbr_fri_idl/lib:/home/user/kuka_rl_ros2/src/install/fri_client_sdk/lib:${LD_LIBRARY_PATH} PKG_CONFIG_PATH=/home/user/kuka_rl_ros2/src/install/fri_client_sdk/lib/x86_64-linux-gnu/pkgconfig:/home/user/kuka_rl_ros2/src/install/fri_client_sdk/lib/pkgconfig:${PKG_CONFIG_PATH} PYTHONPATH=/home/user/kuka_rl_ros2/src/install/lbr_fri_idl/local/lib/python3.10/dist-packages:${PYTHONPATH} /usr/bin/cmake --install /home/user/kuka_rl_ros2/src/build/lbr_ros2_control
