[0.301s] DEBUG:colcon:Command line arguments: ['/usr/bin/colcon', 'build', '--packages-select', 'catch_and_throw']
[0.301s] DEBUG:colcon:Parsed command line arguments: Namespace(log_base=None, log_level=None, verb_name='build', build_base='build', install_base='install', merge_install=False, symlink_install=False, test_result_base=None, continue_on_error=False, executor='parallel', parallel_workers=8, event_handlers=None, ignore_user_meta=False, metas=['./colcon.meta'], base_paths=['.'], packages_ignore=None, packages_ignore_regex=None, paths=None, packages_up_to=None, packages_up_to_regex=None, packages_above=None, packages_above_and_dependencies=None, packages_above_depth=None, packages_select_by_dep=None, packages_skip_by_dep=None, packages_skip_up_to=None, packages_select_build_failed=False, packages_skip_build_finished=False, packages_select_test_failures=False, packages_skip_test_passed=False, packages_select=['catch_and_throw'], packages_skip=None, packages_select_regex=None, packages_skip_regex=None, packages_start=None, packages_end=None, cmake_args=None, cmake_target=None, cmake_target_skip_unavailable=False, cmake_clean_cache=False, cmake_clean_first=False, cmake_force_configure=False, ament_cmake_args=None, catkin_cmake_args=None, catkin_skip_building_tests=False, mixin_files=None, mixin=None, verb_parser=<colcon_mixin.mixin.mixin_argument.MixinArgumentDecorator object at 0x7f0bc9d958a0>, verb_extension=<colcon_core.verb.build.BuildVerb object at 0x7f0bc9d952a0>, main=<bound method BuildVerb.main of <colcon_core.verb.build.BuildVerb object at 0x7f0bc9d952a0>>, mixin_verb=('build',))
[0.521s] Level 1:colcon.colcon_core.package_discovery:discover_packages(colcon_meta) check parameters
[0.521s] Level 1:colcon.colcon_core.package_discovery:discover_packages(recursive) check parameters
[0.521s] Level 1:colcon.colcon_core.package_discovery:discover_packages(ignore) check parameters
[0.521s] Level 1:colcon.colcon_core.package_discovery:discover_packages(path) check parameters
[0.521s] Level 1:colcon.colcon_core.package_discovery:discover_packages(colcon_meta) discover
[0.521s] Level 1:colcon.colcon_core.package_discovery:discover_packages(recursive) discover
[0.521s] INFO:colcon.colcon_core.package_discovery:Crawling recursively for packages in '/home/user/kuka_rl_ros2/src'
[0.521s] Level 1:colcon.colcon_core.package_identification:_identify(.) by extensions ['ignore', 'ignore_ament_install']
[0.521s] Level 1:colcon.colcon_core.package_identification:_identify(.) by extension 'ignore'
[0.521s] Level 1:colcon.colcon_core.package_identification:_identify(.) by extension 'ignore_ament_install'
[0.521s] Level 1:colcon.colcon_core.package_identification:_identify(.) by extensions ['colcon_pkg']
[0.521s] Level 1:colcon.colcon_core.package_identification:_identify(.) by extension 'colcon_pkg'
[0.521s] Level 1:colcon.colcon_core.package_identification:_identify(.) by extensions ['colcon_meta']
[0.521s] Level 1:colcon.colcon_core.package_identification:_identify(.) by extension 'colcon_meta'
[0.522s] Level 1:colcon.colcon_core.package_identification:_identify(.) by extensions ['ros']
[0.522s] Level 1:colcon.colcon_core.package_identification:_identify(.) by extension 'ros'
[0.535s] Level 1:colcon.colcon_core.package_identification:_identify(.) by extensions ['cmake', 'python']
[0.535s] Level 1:colcon.colcon_core.package_identification:_identify(.) by extension 'cmake'
[0.535s] Level 1:colcon.colcon_core.package_identification:_identify(.) by extension 'python'
[0.535s] Level 1:colcon.colcon_core.package_identification:_identify(.) by extensions ['python_setup_py']
[0.535s] Level 1:colcon.colcon_core.package_identification:_identify(.) by extension 'python_setup_py'
[0.535s] Level 1:colcon.colcon_core.package_identification:_identify(build) by extensions ['ignore', 'ignore_ament_install']
[0.535s] Level 1:colcon.colcon_core.package_identification:_identify(build) by extension 'ignore'
[0.535s] Level 1:colcon.colcon_core.package_identification:_identify(build) ignored
[0.535s] Level 1:colcon.colcon_core.package_identification:_identify(catch_and_throw) by extensions ['ignore', 'ignore_ament_install']
[0.535s] Level 1:colcon.colcon_core.package_identification:_identify(catch_and_throw) by extension 'ignore'
[0.535s] Level 1:colcon.colcon_core.package_identification:_identify(catch_and_throw) by extension 'ignore_ament_install'
[0.536s] Level 1:colcon.colcon_core.package_identification:_identify(catch_and_throw) by extensions ['colcon_pkg']
[0.536s] Level 1:colcon.colcon_core.package_identification:_identify(catch_and_throw) by extension 'colcon_pkg'
[0.536s] Level 1:colcon.colcon_core.package_identification:_identify(catch_and_throw) by extensions ['colcon_meta']
[0.536s] Level 1:colcon.colcon_core.package_identification:_identify(catch_and_throw) by extension 'colcon_meta'
[0.536s] Level 1:colcon.colcon_core.package_identification:_identify(catch_and_throw) by extensions ['ros']
[0.536s] Level 1:colcon.colcon_core.package_identification:_identify(catch_and_throw) by extension 'ros'
[0.539s] DEBUG:colcon.colcon_core.package_identification:Package 'catch_and_throw' with type 'ros.ament_cmake' and name 'catch_and_throw'
[0.539s] Level 1:colcon.colcon_core.package_identification:_identify(install) by extensions ['ignore', 'ignore_ament_install']
[0.539s] Level 1:colcon.colcon_core.package_identification:_identify(install) by extension 'ignore'
[0.539s] Level 1:colcon.colcon_core.package_identification:_identify(install) ignored
[0.539s] Level 1:colcon.colcon_core.package_identification:_identify(lbr-stack) by extensions ['ignore', 'ignore_ament_install']
[0.539s] Level 1:colcon.colcon_core.package_identification:_identify(lbr-stack) by extension 'ignore'
[0.539s] Level 1:colcon.colcon_core.package_identification:_identify(lbr-stack) by extension 'ignore_ament_install'
[0.539s] Level 1:colcon.colcon_core.package_identification:_identify(lbr-stack) by extensions ['colcon_pkg']
[0.539s] Level 1:colcon.colcon_core.package_identification:_identify(lbr-stack) by extension 'colcon_pkg'
[0.539s] Level 1:colcon.colcon_core.package_identification:_identify(lbr-stack) by extensions ['colcon_meta']
[0.539s] Level 1:colcon.colcon_core.package_identification:_identify(lbr-stack) by extension 'colcon_meta'
[0.539s] Level 1:colcon.colcon_core.package_identification:_identify(lbr-stack) by extensions ['ros']
[0.539s] Level 1:colcon.colcon_core.package_identification:_identify(lbr-stack) by extension 'ros'
[0.540s] Level 1:colcon.colcon_core.package_identification:_identify(lbr-stack) by extensions ['cmake', 'python']
[0.540s] Level 1:colcon.colcon_core.package_identification:_identify(lbr-stack) by extension 'cmake'
[0.540s] Level 1:colcon.colcon_core.package_identification:_identify(lbr-stack) by extension 'python'
[0.540s] Level 1:colcon.colcon_core.package_identification:_identify(lbr-stack) by extensions ['python_setup_py']
[0.540s] Level 1:colcon.colcon_core.package_identification:_identify(lbr-stack) by extension 'python_setup_py'
[0.540s] Level 1:colcon.colcon_core.package_identification:_identify(lbr-stack/fri) by extensions ['ignore', 'ignore_ament_install']
[0.540s] Level 1:colcon.colcon_core.package_identification:_identify(lbr-stack/fri) by extension 'ignore'
[0.540s] Level 1:colcon.colcon_core.package_identification:_identify(lbr-stack/fri) by extension 'ignore_ament_install'
[0.540s] Level 1:colcon.colcon_core.package_identification:_identify(lbr-stack/fri) by extensions ['colcon_pkg']
[0.540s] Level 1:colcon.colcon_core.package_identification:_identify(lbr-stack/fri) by extension 'colcon_pkg'
[0.540s] Level 1:colcon.colcon_core.package_identification:_identify(lbr-stack/fri) by extensions ['colcon_meta']
[0.540s] Level 1:colcon.colcon_core.package_identification:_identify(lbr-stack/fri) by extension 'colcon_meta'
[0.540s] Level 1:colcon.colcon_core.package_identification:_identify(lbr-stack/fri) by extensions ['ros']
[0.540s] Level 1:colcon.colcon_core.package_identification:_identify(lbr-stack/fri) by extension 'ros'
[0.541s] DEBUG:colcon.colcon_core.package_identification:Package 'lbr-stack/fri' with type 'ros.cmake' and name 'fri_client_sdk'
[0.541s] Level 1:colcon.colcon_core.package_identification:_identify(lbr-stack/lbr_fri_idl) by extensions ['ignore', 'ignore_ament_install']
[0.541s] Level 1:colcon.colcon_core.package_identification:_identify(lbr-stack/lbr_fri_idl) by extension 'ignore'
[0.541s] Level 1:colcon.colcon_core.package_identification:_identify(lbr-stack/lbr_fri_idl) by extension 'ignore_ament_install'
[0.541s] Level 1:colcon.colcon_core.package_identification:_identify(lbr-stack/lbr_fri_idl) by extensions ['colcon_pkg']
[0.541s] Level 1:colcon.colcon_core.package_identification:_identify(lbr-stack/lbr_fri_idl) by extension 'colcon_pkg'
[0.541s] Level 1:colcon.colcon_core.package_identification:_identify(lbr-stack/lbr_fri_idl) by extensions ['colcon_meta']
[0.541s] Level 1:colcon.colcon_core.package_identification:_identify(lbr-stack/lbr_fri_idl) by extension 'colcon_meta'
[0.541s] Level 1:colcon.colcon_core.package_identification:_identify(lbr-stack/lbr_fri_idl) by extensions ['ros']
[0.541s] Level 1:colcon.colcon_core.package_identification:_identify(lbr-stack/lbr_fri_idl) by extension 'ros'
[0.542s] DEBUG:colcon.colcon_core.package_identification:Package 'lbr-stack/lbr_fri_idl' with type 'ros.ament_cmake' and name 'lbr_fri_idl'
[0.542s] Level 1:colcon.colcon_core.package_identification:_identify(lbr-stack/lbr_fri_ros2_stack) by extensions ['ignore', 'ignore_ament_install']
[0.542s] Level 1:colcon.colcon_core.package_identification:_identify(lbr-stack/lbr_fri_ros2_stack) by extension 'ignore'
[0.542s] Level 1:colcon.colcon_core.package_identification:_identify(lbr-stack/lbr_fri_ros2_stack) by extension 'ignore_ament_install'
[0.542s] Level 1:colcon.colcon_core.package_identification:_identify(lbr-stack/lbr_fri_ros2_stack) by extensions ['colcon_pkg']
[0.542s] Level 1:colcon.colcon_core.package_identification:_identify(lbr-stack/lbr_fri_ros2_stack) by extension 'colcon_pkg'
[0.542s] Level 1:colcon.colcon_core.package_identification:_identify(lbr-stack/lbr_fri_ros2_stack) by extensions ['colcon_meta']
[0.542s] Level 1:colcon.colcon_core.package_identification:_identify(lbr-stack/lbr_fri_ros2_stack) by extension 'colcon_meta'
[0.542s] Level 1:colcon.colcon_core.package_identification:_identify(lbr-stack/lbr_fri_ros2_stack) by extensions ['ros']
[0.542s] Level 1:colcon.colcon_core.package_identification:_identify(lbr-stack/lbr_fri_ros2_stack) by extension 'ros'
[0.542s] Level 1:colcon.colcon_core.package_identification:_identify(lbr-stack/lbr_fri_ros2_stack) by extensions ['cmake', 'python']
[0.543s] Level 1:colcon.colcon_core.package_identification:_identify(lbr-stack/lbr_fri_ros2_stack) by extension 'cmake'
[0.543s] Level 1:colcon.colcon_core.package_identification:_identify(lbr-stack/lbr_fri_ros2_stack) by extension 'python'
[0.543s] Level 1:colcon.colcon_core.package_identification:_identify(lbr-stack/lbr_fri_ros2_stack) by extensions ['python_setup_py']
[0.543s] Level 1:colcon.colcon_core.package_identification:_identify(lbr-stack/lbr_fri_ros2_stack) by extension 'python_setup_py'
[0.543s] Level 1:colcon.colcon_core.package_identification:_identify(lbr-stack/lbr_fri_ros2_stack/docker) by extensions ['ignore', 'ignore_ament_install']
[0.543s] Level 1:colcon.colcon_core.package_identification:_identify(lbr-stack/lbr_fri_ros2_stack/docker) by extension 'ignore'
[0.543s] Level 1:colcon.colcon_core.package_identification:_identify(lbr-stack/lbr_fri_ros2_stack/docker) by extension 'ignore_ament_install'
[0.543s] Level 1:colcon.colcon_core.package_identification:_identify(lbr-stack/lbr_fri_ros2_stack/docker) by extensions ['colcon_pkg']
[0.543s] Level 1:colcon.colcon_core.package_identification:_identify(lbr-stack/lbr_fri_ros2_stack/docker) by extension 'colcon_pkg'
[0.543s] Level 1:colcon.colcon_core.package_identification:_identify(lbr-stack/lbr_fri_ros2_stack/docker) by extensions ['colcon_meta']
[0.543s] Level 1:colcon.colcon_core.package_identification:_identify(lbr-stack/lbr_fri_ros2_stack/docker) by extension 'colcon_meta'
[0.543s] Level 1:colcon.colcon_core.package_identification:_identify(lbr-stack/lbr_fri_ros2_stack/docker) by extensions ['ros']
[0.543s] Level 1:colcon.colcon_core.package_identification:_identify(lbr-stack/lbr_fri_ros2_stack/docker) by extension 'ros'
[0.543s] Level 1:colcon.colcon_core.package_identification:_identify(lbr-stack/lbr_fri_ros2_stack/docker) by extensions ['cmake', 'python']
[0.543s] Level 1:colcon.colcon_core.package_identification:_identify(lbr-stack/lbr_fri_ros2_stack/docker) by extension 'cmake'
[0.543s] Level 1:colcon.colcon_core.package_identification:_identify(lbr-stack/lbr_fri_ros2_stack/docker) by extension 'python'
[0.543s] Level 1:colcon.colcon_core.package_identification:_identify(lbr-stack/lbr_fri_ros2_stack/docker) by extensions ['python_setup_py']
[0.543s] Level 1:colcon.colcon_core.package_identification:_identify(lbr-stack/lbr_fri_ros2_stack/docker) by extension 'python_setup_py'
[0.543s] Level 1:colcon.colcon_core.package_identification:_identify(lbr-stack/lbr_fri_ros2_stack/docker/doc) by extensions ['ignore', 'ignore_ament_install']
[0.544s] Level 1:colcon.colcon_core.package_identification:_identify(lbr-stack/lbr_fri_ros2_stack/docker/doc) by extension 'ignore'
[0.544s] Level 1:colcon.colcon_core.package_identification:_identify(lbr-stack/lbr_fri_ros2_stack/docker/doc) by extension 'ignore_ament_install'
[0.544s] Level 1:colcon.colcon_core.package_identification:_identify(lbr-stack/lbr_fri_ros2_stack/docker/doc) by extensions ['colcon_pkg']
[0.544s] Level 1:colcon.colcon_core.package_identification:_identify(lbr-stack/lbr_fri_ros2_stack/docker/doc) by extension 'colcon_pkg'
[0.544s] Level 1:colcon.colcon_core.package_identification:_identify(lbr-stack/lbr_fri_ros2_stack/docker/doc) by extensions ['colcon_meta']
[0.544s] Level 1:colcon.colcon_core.package_identification:_identify(lbr-stack/lbr_fri_ros2_stack/docker/doc) by extension 'colcon_meta'
[0.544s] Level 1:colcon.colcon_core.package_identification:_identify(lbr-stack/lbr_fri_ros2_stack/docker/doc) by extensions ['ros']
[0.544s] Level 1:colcon.colcon_core.package_identification:_identify(lbr-stack/lbr_fri_ros2_stack/docker/doc) by extension 'ros'
[0.544s] Level 1:colcon.colcon_core.package_identification:_identify(lbr-stack/lbr_fri_ros2_stack/docker/doc) by extensions ['cmake', 'python']
[0.544s] Level 1:colcon.colcon_core.package_identification:_identify(lbr-stack/lbr_fri_ros2_stack/docker/doc) by extension 'cmake'
[0.544s] Level 1:colcon.colcon_core.package_identification:_identify(lbr-stack/lbr_fri_ros2_stack/docker/doc) by extension 'python'
[0.544s] Level 1:colcon.colcon_core.package_identification:_identify(lbr-stack/lbr_fri_ros2_stack/docker/doc) by extensions ['python_setup_py']
[0.544s] Level 1:colcon.colcon_core.package_identification:_identify(lbr-stack/lbr_fri_ros2_stack/docker/doc) by extension 'python_setup_py'
[0.544s] Level 1:colcon.colcon_core.package_identification:_identify(lbr-stack/lbr_fri_ros2_stack/lbr_bringup) by extensions ['ignore', 'ignore_ament_install']
[0.544s] Level 1:colcon.colcon_core.package_identification:_identify(lbr-stack/lbr_fri_ros2_stack/lbr_bringup) by extension 'ignore'
[0.544s] Level 1:colcon.colcon_core.package_identification:_identify(lbr-stack/lbr_fri_ros2_stack/lbr_bringup) by extension 'ignore_ament_install'
[0.544s] Level 1:colcon.colcon_core.package_identification:_identify(lbr-stack/lbr_fri_ros2_stack/lbr_bringup) by extensions ['colcon_pkg']
[0.544s] Level 1:colcon.colcon_core.package_identification:_identify(lbr-stack/lbr_fri_ros2_stack/lbr_bringup) by extension 'colcon_pkg'
[0.545s] Level 1:colcon.colcon_core.package_identification:_identify(lbr-stack/lbr_fri_ros2_stack/lbr_bringup) by extensions ['colcon_meta']
[0.545s] Level 1:colcon.colcon_core.package_identification:_identify(lbr-stack/lbr_fri_ros2_stack/lbr_bringup) by extension 'colcon_meta'
[0.545s] Level 1:colcon.colcon_core.package_identification:_identify(lbr-stack/lbr_fri_ros2_stack/lbr_bringup) by extensions ['ros']
[0.545s] Level 1:colcon.colcon_core.package_identification:_identify(lbr-stack/lbr_fri_ros2_stack/lbr_bringup) by extension 'ros'
[0.546s] DEBUG:colcon.colcon_core.package_identification:Package 'lbr-stack/lbr_fri_ros2_stack/lbr_bringup' with type 'ros.ament_cmake' and name 'lbr_bringup'
[0.546s] Level 1:colcon.colcon_core.package_identification:_identify(lbr-stack/lbr_fri_ros2_stack/lbr_demos) by extensions ['ignore', 'ignore_ament_install']
[0.546s] Level 1:colcon.colcon_core.package_identification:_identify(lbr-stack/lbr_fri_ros2_stack/lbr_demos) by extension 'ignore'
[0.546s] Level 1:colcon.colcon_core.package_identification:_identify(lbr-stack/lbr_fri_ros2_stack/lbr_demos) by extension 'ignore_ament_install'
[0.546s] Level 1:colcon.colcon_core.package_identification:_identify(lbr-stack/lbr_fri_ros2_stack/lbr_demos) by extensions ['colcon_pkg']
[0.546s] Level 1:colcon.colcon_core.package_identification:_identify(lbr-stack/lbr_fri_ros2_stack/lbr_demos) by extension 'colcon_pkg'
[0.547s] Level 1:colcon.colcon_core.package_identification:_identify(lbr-stack/lbr_fri_ros2_stack/lbr_demos) by extensions ['colcon_meta']
[0.547s] Level 1:colcon.colcon_core.package_identification:_identify(lbr-stack/lbr_fri_ros2_stack/lbr_demos) by extension 'colcon_meta'
[0.547s] Level 1:colcon.colcon_core.package_identification:_identify(lbr-stack/lbr_fri_ros2_stack/lbr_demos) by extensions ['ros']
[0.547s] Level 1:colcon.colcon_core.package_identification:_identify(lbr-stack/lbr_fri_ros2_stack/lbr_demos) by extension 'ros'
[0.547s] Level 1:colcon.colcon_core.package_identification:_identify(lbr-stack/lbr_fri_ros2_stack/lbr_demos) by extensions ['cmake', 'python']
[0.547s] Level 1:colcon.colcon_core.package_identification:_identify(lbr-stack/lbr_fri_ros2_stack/lbr_demos) by extension 'cmake'
[0.547s] Level 1:colcon.colcon_core.package_identification:_identify(lbr-stack/lbr_fri_ros2_stack/lbr_demos) by extension 'python'
[0.547s] Level 1:colcon.colcon_core.package_identification:_identify(lbr-stack/lbr_fri_ros2_stack/lbr_demos) by extensions ['python_setup_py']
[0.547s] Level 1:colcon.colcon_core.package_identification:_identify(lbr-stack/lbr_fri_ros2_stack/lbr_demos) by extension 'python_setup_py'
[0.547s] Level 1:colcon.colcon_core.package_identification:_identify(lbr-stack/lbr_fri_ros2_stack/lbr_demos/doc) by extensions ['ignore', 'ignore_ament_install']
[0.547s] Level 1:colcon.colcon_core.package_identification:_identify(lbr-stack/lbr_fri_ros2_stack/lbr_demos/doc) by extension 'ignore'
[0.547s] Level 1:colcon.colcon_core.package_identification:_identify(lbr-stack/lbr_fri_ros2_stack/lbr_demos/doc) by extension 'ignore_ament_install'
[0.547s] Level 1:colcon.colcon_core.package_identification:_identify(lbr-stack/lbr_fri_ros2_stack/lbr_demos/doc) by extensions ['colcon_pkg']
[0.547s] Level 1:colcon.colcon_core.package_identification:_identify(lbr-stack/lbr_fri_ros2_stack/lbr_demos/doc) by extension 'colcon_pkg'
[0.548s] Level 1:colcon.colcon_core.package_identification:_identify(lbr-stack/lbr_fri_ros2_stack/lbr_demos/doc) by extensions ['colcon_meta']
[0.548s] Level 1:colcon.colcon_core.package_identification:_identify(lbr-stack/lbr_fri_ros2_stack/lbr_demos/doc) by extension 'colcon_meta'
[0.548s] Level 1:colcon.colcon_core.package_identification:_identify(lbr-stack/lbr_fri_ros2_stack/lbr_demos/doc) by extensions ['ros']
[0.548s] Level 1:colcon.colcon_core.package_identification:_identify(lbr-stack/lbr_fri_ros2_stack/lbr_demos/doc) by extension 'ros'
[0.548s] Level 1:colcon.colcon_core.package_identification:_identify(lbr-stack/lbr_fri_ros2_stack/lbr_demos/doc) by extensions ['cmake', 'python']
[0.548s] Level 1:colcon.colcon_core.package_identification:_identify(lbr-stack/lbr_fri_ros2_stack/lbr_demos/doc) by extension 'cmake'
[0.548s] Level 1:colcon.colcon_core.package_identification:_identify(lbr-stack/lbr_fri_ros2_stack/lbr_demos/doc) by extension 'python'
[0.548s] Level 1:colcon.colcon_core.package_identification:_identify(lbr-stack/lbr_fri_ros2_stack/lbr_demos/doc) by extensions ['python_setup_py']
[0.548s] Level 1:colcon.colcon_core.package_identification:_identify(lbr-stack/lbr_fri_ros2_stack/lbr_demos/doc) by extension 'python_setup_py'
[0.548s] Level 1:colcon.colcon_core.package_identification:_identify(lbr-stack/lbr_fri_ros2_stack/lbr_demos/doc/img) by extensions ['ignore', 'ignore_ament_install']
[0.548s] Level 1:colcon.colcon_core.package_identification:_identify(lbr-stack/lbr_fri_ros2_stack/lbr_demos/doc/img) by extension 'ignore'
[0.548s] Level 1:colcon.colcon_core.package_identification:_identify(lbr-stack/lbr_fri_ros2_stack/lbr_demos/doc/img) by extension 'ignore_ament_install'
[0.548s] Level 1:colcon.colcon_core.package_identification:_identify(lbr-stack/lbr_fri_ros2_stack/lbr_demos/doc/img) by extensions ['colcon_pkg']
[0.548s] Level 1:colcon.colcon_core.package_identification:_identify(lbr-stack/lbr_fri_ros2_stack/lbr_demos/doc/img) by extension 'colcon_pkg'
[0.548s] Level 1:colcon.colcon_core.package_identification:_identify(lbr-stack/lbr_fri_ros2_stack/lbr_demos/doc/img) by extensions ['colcon_meta']
[0.549s] Level 1:colcon.colcon_core.package_identification:_identify(lbr-stack/lbr_fri_ros2_stack/lbr_demos/doc/img) by extension 'colcon_meta'
[0.549s] Level 1:colcon.colcon_core.package_identification:_identify(lbr-stack/lbr_fri_ros2_stack/lbr_demos/doc/img) by extensions ['ros']
[0.549s] Level 1:colcon.colcon_core.package_identification:_identify(lbr-stack/lbr_fri_ros2_stack/lbr_demos/doc/img) by extension 'ros'
[0.549s] Level 1:colcon.colcon_core.package_identification:_identify(lbr-stack/lbr_fri_ros2_stack/lbr_demos/doc/img) by extensions ['cmake', 'python']
[0.549s] Level 1:colcon.colcon_core.package_identification:_identify(lbr-stack/lbr_fri_ros2_stack/lbr_demos/doc/img) by extension 'cmake'
[0.549s] Level 1:colcon.colcon_core.package_identification:_identify(lbr-stack/lbr_fri_ros2_stack/lbr_demos/doc/img) by extension 'python'
[0.549s] Level 1:colcon.colcon_core.package_identification:_identify(lbr-stack/lbr_fri_ros2_stack/lbr_demos/doc/img) by extensions ['python_setup_py']
[0.549s] Level 1:colcon.colcon_core.package_identification:_identify(lbr-stack/lbr_fri_ros2_stack/lbr_demos/doc/img) by extension 'python_setup_py'
[0.549s] Level 1:colcon.colcon_core.package_identification:_identify(lbr-stack/lbr_fri_ros2_stack/lbr_demos/lbr_demos_advanced_cpp) by extensions ['ignore', 'ignore_ament_install']
[0.549s] Level 1:colcon.colcon_core.package_identification:_identify(lbr-stack/lbr_fri_ros2_stack/lbr_demos/lbr_demos_advanced_cpp) by extension 'ignore'
[0.549s] Level 1:colcon.colcon_core.package_identification:_identify(lbr-stack/lbr_fri_ros2_stack/lbr_demos/lbr_demos_advanced_cpp) by extension 'ignore_ament_install'
[0.549s] Level 1:colcon.colcon_core.package_identification:_identify(lbr-stack/lbr_fri_ros2_stack/lbr_demos/lbr_demos_advanced_cpp) by extensions ['colcon_pkg']
[0.549s] Level 1:colcon.colcon_core.package_identification:_identify(lbr-stack/lbr_fri_ros2_stack/lbr_demos/lbr_demos_advanced_cpp) by extension 'colcon_pkg'
[0.549s] Level 1:colcon.colcon_core.package_identification:_identify(lbr-stack/lbr_fri_ros2_stack/lbr_demos/lbr_demos_advanced_cpp) by extensions ['colcon_meta']
[0.549s] Level 1:colcon.colcon_core.package_identification:_identify(lbr-stack/lbr_fri_ros2_stack/lbr_demos/lbr_demos_advanced_cpp) by extension 'colcon_meta'
[0.549s] Level 1:colcon.colcon_core.package_identification:_identify(lbr-stack/lbr_fri_ros2_stack/lbr_demos/lbr_demos_advanced_cpp) by extensions ['ros']
[0.549s] Level 1:colcon.colcon_core.package_identification:_identify(lbr-stack/lbr_fri_ros2_stack/lbr_demos/lbr_demos_advanced_cpp) by extension 'ros'
[0.551s] DEBUG:colcon.colcon_core.package_identification:Package 'lbr-stack/lbr_fri_ros2_stack/lbr_demos/lbr_demos_advanced_cpp' with type 'ros.ament_cmake' and name 'lbr_demos_advanced_cpp'
[0.551s] Level 1:colcon.colcon_core.package_identification:_identify(lbr-stack/lbr_fri_ros2_stack/lbr_demos/lbr_demos_advanced_py) by extensions ['ignore', 'ignore_ament_install']
[0.551s] Level 1:colcon.colcon_core.package_identification:_identify(lbr-stack/lbr_fri_ros2_stack/lbr_demos/lbr_demos_advanced_py) by extension 'ignore'
[0.551s] Level 1:colcon.colcon_core.package_identification:_identify(lbr-stack/lbr_fri_ros2_stack/lbr_demos/lbr_demos_advanced_py) by extension 'ignore_ament_install'
[0.551s] Level 1:colcon.colcon_core.package_identification:_identify(lbr-stack/lbr_fri_ros2_stack/lbr_demos/lbr_demos_advanced_py) by extensions ['colcon_pkg']
[0.551s] Level 1:colcon.colcon_core.package_identification:_identify(lbr-stack/lbr_fri_ros2_stack/lbr_demos/lbr_demos_advanced_py) by extension 'colcon_pkg'
[0.551s] Level 1:colcon.colcon_core.package_identification:_identify(lbr-stack/lbr_fri_ros2_stack/lbr_demos/lbr_demos_advanced_py) by extensions ['colcon_meta']
[0.551s] Level 1:colcon.colcon_core.package_identification:_identify(lbr-stack/lbr_fri_ros2_stack/lbr_demos/lbr_demos_advanced_py) by extension 'colcon_meta'
[0.551s] Level 1:colcon.colcon_core.package_identification:_identify(lbr-stack/lbr_fri_ros2_stack/lbr_demos/lbr_demos_advanced_py) by extensions ['ros']
[0.551s] Level 1:colcon.colcon_core.package_identification:_identify(lbr-stack/lbr_fri_ros2_stack/lbr_demos/lbr_demos_advanced_py) by extension 'ros'
[0.552s] DEBUG:colcon.colcon_core.package_identification:Package 'lbr-stack/lbr_fri_ros2_stack/lbr_demos/lbr_demos_advanced_py' with type 'ros.ament_python' and name 'lbr_demos_advanced_py'
[0.552s] Level 1:colcon.colcon_core.package_identification:_identify(lbr-stack/lbr_fri_ros2_stack/lbr_demos/lbr_demos_cpp) by extensions ['ignore', 'ignore_ament_install']
[0.552s] Level 1:colcon.colcon_core.package_identification:_identify(lbr-stack/lbr_fri_ros2_stack/lbr_demos/lbr_demos_cpp) by extension 'ignore'
[0.552s] Level 1:colcon.colcon_core.package_identification:_identify(lbr-stack/lbr_fri_ros2_stack/lbr_demos/lbr_demos_cpp) by extension 'ignore_ament_install'
[0.552s] Level 1:colcon.colcon_core.package_identification:_identify(lbr-stack/lbr_fri_ros2_stack/lbr_demos/lbr_demos_cpp) by extensions ['colcon_pkg']
[0.552s] Level 1:colcon.colcon_core.package_identification:_identify(lbr-stack/lbr_fri_ros2_stack/lbr_demos/lbr_demos_cpp) by extension 'colcon_pkg'
[0.552s] Level 1:colcon.colcon_core.package_identification:_identify(lbr-stack/lbr_fri_ros2_stack/lbr_demos/lbr_demos_cpp) by extensions ['colcon_meta']
[0.552s] Level 1:colcon.colcon_core.package_identification:_identify(lbr-stack/lbr_fri_ros2_stack/lbr_demos/lbr_demos_cpp) by extension 'colcon_meta'
[0.552s] Level 1:colcon.colcon_core.package_identification:_identify(lbr-stack/lbr_fri_ros2_stack/lbr_demos/lbr_demos_cpp) by extensions ['ros']
[0.552s] Level 1:colcon.colcon_core.package_identification:_identify(lbr-stack/lbr_fri_ros2_stack/lbr_demos/lbr_demos_cpp) by extension 'ros'
[0.554s] DEBUG:colcon.colcon_core.package_identification:Package 'lbr-stack/lbr_fri_ros2_stack/lbr_demos/lbr_demos_cpp' with type 'ros.ament_cmake' and name 'lbr_demos_cpp'
[0.554s] Level 1:colcon.colcon_core.package_identification:_identify(lbr-stack/lbr_fri_ros2_stack/lbr_demos/lbr_demos_py) by extensions ['ignore', 'ignore_ament_install']
[0.554s] Level 1:colcon.colcon_core.package_identification:_identify(lbr-stack/lbr_fri_ros2_stack/lbr_demos/lbr_demos_py) by extension 'ignore'
[0.554s] Level 1:colcon.colcon_core.package_identification:_identify(lbr-stack/lbr_fri_ros2_stack/lbr_demos/lbr_demos_py) by extension 'ignore_ament_install'
[0.554s] Level 1:colcon.colcon_core.package_identification:_identify(lbr-stack/lbr_fri_ros2_stack/lbr_demos/lbr_demos_py) by extensions ['colcon_pkg']
[0.554s] Level 1:colcon.colcon_core.package_identification:_identify(lbr-stack/lbr_fri_ros2_stack/lbr_demos/lbr_demos_py) by extension 'colcon_pkg'
[0.554s] Level 1:colcon.colcon_core.package_identification:_identify(lbr-stack/lbr_fri_ros2_stack/lbr_demos/lbr_demos_py) by extensions ['colcon_meta']
[0.554s] Level 1:colcon.colcon_core.package_identification:_identify(lbr-stack/lbr_fri_ros2_stack/lbr_demos/lbr_demos_py) by extension 'colcon_meta'
[0.554s] Level 1:colcon.colcon_core.package_identification:_identify(lbr-stack/lbr_fri_ros2_stack/lbr_demos/lbr_demos_py) by extensions ['ros']
[0.554s] Level 1:colcon.colcon_core.package_identification:_identify(lbr-stack/lbr_fri_ros2_stack/lbr_demos/lbr_demos_py) by extension 'ros'
[0.555s] DEBUG:colcon.colcon_core.package_identification:Package 'lbr-stack/lbr_fri_ros2_stack/lbr_demos/lbr_demos_py' with type 'ros.ament_python' and name 'lbr_demos_py'
[0.555s] Level 1:colcon.colcon_core.package_identification:_identify(lbr-stack/lbr_fri_ros2_stack/lbr_demos/lbr_moveit) by extensions ['ignore', 'ignore_ament_install']
[0.555s] Level 1:colcon.colcon_core.package_identification:_identify(lbr-stack/lbr_fri_ros2_stack/lbr_demos/lbr_moveit) by extension 'ignore'
[0.555s] Level 1:colcon.colcon_core.package_identification:_identify(lbr-stack/lbr_fri_ros2_stack/lbr_demos/lbr_moveit) by extension 'ignore_ament_install'
[0.555s] Level 1:colcon.colcon_core.package_identification:_identify(lbr-stack/lbr_fri_ros2_stack/lbr_demos/lbr_moveit) by extensions ['colcon_pkg']
[0.555s] Level 1:colcon.colcon_core.package_identification:_identify(lbr-stack/lbr_fri_ros2_stack/lbr_demos/lbr_moveit) by extension 'colcon_pkg'
[0.555s] Level 1:colcon.colcon_core.package_identification:_identify(lbr-stack/lbr_fri_ros2_stack/lbr_demos/lbr_moveit) by extensions ['colcon_meta']
[0.555s] Level 1:colcon.colcon_core.package_identification:_identify(lbr-stack/lbr_fri_ros2_stack/lbr_demos/lbr_moveit) by extension 'colcon_meta'
[0.555s] Level 1:colcon.colcon_core.package_identification:_identify(lbr-stack/lbr_fri_ros2_stack/lbr_demos/lbr_moveit) by extensions ['ros']
[0.555s] Level 1:colcon.colcon_core.package_identification:_identify(lbr-stack/lbr_fri_ros2_stack/lbr_demos/lbr_moveit) by extension 'ros'
[0.556s] DEBUG:colcon.colcon_core.package_identification:Package 'lbr-stack/lbr_fri_ros2_stack/lbr_demos/lbr_moveit' with type 'ros.ament_python' and name 'lbr_moveit'
[0.556s] Level 1:colcon.colcon_core.package_identification:_identify(lbr-stack/lbr_fri_ros2_stack/lbr_demos/lbr_moveit_cpp) by extensions ['ignore', 'ignore_ament_install']
[0.556s] Level 1:colcon.colcon_core.package_identification:_identify(lbr-stack/lbr_fri_ros2_stack/lbr_demos/lbr_moveit_cpp) by extension 'ignore'
[0.556s] Level 1:colcon.colcon_core.package_identification:_identify(lbr-stack/lbr_fri_ros2_stack/lbr_demos/lbr_moveit_cpp) by extension 'ignore_ament_install'
[0.556s] Level 1:colcon.colcon_core.package_identification:_identify(lbr-stack/lbr_fri_ros2_stack/lbr_demos/lbr_moveit_cpp) by extensions ['colcon_pkg']
[0.556s] Level 1:colcon.colcon_core.package_identification:_identify(lbr-stack/lbr_fri_ros2_stack/lbr_demos/lbr_moveit_cpp) by extension 'colcon_pkg'
[0.556s] Level 1:colcon.colcon_core.package_identification:_identify(lbr-stack/lbr_fri_ros2_stack/lbr_demos/lbr_moveit_cpp) by extensions ['colcon_meta']
[0.556s] Level 1:colcon.colcon_core.package_identification:_identify(lbr-stack/lbr_fri_ros2_stack/lbr_demos/lbr_moveit_cpp) by extension 'colcon_meta'
[0.556s] Level 1:colcon.colcon_core.package_identification:_identify(lbr-stack/lbr_fri_ros2_stack/lbr_demos/lbr_moveit_cpp) by extensions ['ros']
[0.556s] Level 1:colcon.colcon_core.package_identification:_identify(lbr-stack/lbr_fri_ros2_stack/lbr_demos/lbr_moveit_cpp) by extension 'ros'
[0.557s] DEBUG:colcon.colcon_core.package_identification:Package 'lbr-stack/lbr_fri_ros2_stack/lbr_demos/lbr_moveit_cpp' with type 'ros.ament_cmake' and name 'lbr_moveit_cpp'
[0.557s] Level 1:colcon.colcon_core.package_identification:_identify(lbr-stack/lbr_fri_ros2_stack/lbr_description) by extensions ['ignore', 'ignore_ament_install']
[0.557s] Level 1:colcon.colcon_core.package_identification:_identify(lbr-stack/lbr_fri_ros2_stack/lbr_description) by extension 'ignore'
[0.557s] Level 1:colcon.colcon_core.package_identification:_identify(lbr-stack/lbr_fri_ros2_stack/lbr_description) by extension 'ignore_ament_install'
[0.557s] Level 1:colcon.colcon_core.package_identification:_identify(lbr-stack/lbr_fri_ros2_stack/lbr_description) by extensions ['colcon_pkg']
[0.557s] Level 1:colcon.colcon_core.package_identification:_identify(lbr-stack/lbr_fri_ros2_stack/lbr_description) by extension 'colcon_pkg'
[0.557s] Level 1:colcon.colcon_core.package_identification:_identify(lbr-stack/lbr_fri_ros2_stack/lbr_description) by extensions ['colcon_meta']
[0.557s] Level 1:colcon.colcon_core.package_identification:_identify(lbr-stack/lbr_fri_ros2_stack/lbr_description) by extension 'colcon_meta'
[0.557s] Level 1:colcon.colcon_core.package_identification:_identify(lbr-stack/lbr_fri_ros2_stack/lbr_description) by extensions ['ros']
[0.557s] Level 1:colcon.colcon_core.package_identification:_identify(lbr-stack/lbr_fri_ros2_stack/lbr_description) by extension 'ros'
[0.558s] DEBUG:colcon.colcon_core.package_identification:Package 'lbr-stack/lbr_fri_ros2_stack/lbr_description' with type 'ros.ament_cmake' and name 'lbr_description'
[0.558s] Level 1:colcon.colcon_core.package_identification:_identify(lbr-stack/lbr_fri_ros2_stack/lbr_fri_ros2) by extensions ['ignore', 'ignore_ament_install']
[0.558s] Level 1:colcon.colcon_core.package_identification:_identify(lbr-stack/lbr_fri_ros2_stack/lbr_fri_ros2) by extension 'ignore'
[0.558s] Level 1:colcon.colcon_core.package_identification:_identify(lbr-stack/lbr_fri_ros2_stack/lbr_fri_ros2) by extension 'ignore_ament_install'
[0.558s] Level 1:colcon.colcon_core.package_identification:_identify(lbr-stack/lbr_fri_ros2_stack/lbr_fri_ros2) by extensions ['colcon_pkg']
[0.558s] Level 1:colcon.colcon_core.package_identification:_identify(lbr-stack/lbr_fri_ros2_stack/lbr_fri_ros2) by extension 'colcon_pkg'
[0.558s] Level 1:colcon.colcon_core.package_identification:_identify(lbr-stack/lbr_fri_ros2_stack/lbr_fri_ros2) by extensions ['colcon_meta']
[0.558s] Level 1:colcon.colcon_core.package_identification:_identify(lbr-stack/lbr_fri_ros2_stack/lbr_fri_ros2) by extension 'colcon_meta'
[0.558s] Level 1:colcon.colcon_core.package_identification:_identify(lbr-stack/lbr_fri_ros2_stack/lbr_fri_ros2) by extensions ['ros']
[0.558s] Level 1:colcon.colcon_core.package_identification:_identify(lbr-stack/lbr_fri_ros2_stack/lbr_fri_ros2) by extension 'ros'
[0.560s] DEBUG:colcon.colcon_core.package_identification:Package 'lbr-stack/lbr_fri_ros2_stack/lbr_fri_ros2' with type 'ros.ament_cmake' and name 'lbr_fri_ros2'
[0.560s] Level 1:colcon.colcon_core.package_identification:_identify(lbr-stack/lbr_fri_ros2_stack/lbr_fri_ros2_stack) by extensions ['ignore', 'ignore_ament_install']
[0.560s] Level 1:colcon.colcon_core.package_identification:_identify(lbr-stack/lbr_fri_ros2_stack/lbr_fri_ros2_stack) by extension 'ignore'
[0.560s] Level 1:colcon.colcon_core.package_identification:_identify(lbr-stack/lbr_fri_ros2_stack/lbr_fri_ros2_stack) by extension 'ignore_ament_install'
[0.560s] Level 1:colcon.colcon_core.package_identification:_identify(lbr-stack/lbr_fri_ros2_stack/lbr_fri_ros2_stack) by extensions ['colcon_pkg']
[0.560s] Level 1:colcon.colcon_core.package_identification:_identify(lbr-stack/lbr_fri_ros2_stack/lbr_fri_ros2_stack) by extension 'colcon_pkg'
[0.560s] Level 1:colcon.colcon_core.package_identification:_identify(lbr-stack/lbr_fri_ros2_stack/lbr_fri_ros2_stack) by extensions ['colcon_meta']
[0.560s] Level 1:colcon.colcon_core.package_identification:_identify(lbr-stack/lbr_fri_ros2_stack/lbr_fri_ros2_stack) by extension 'colcon_meta'
[0.561s] Level 1:colcon.colcon_core.package_identification:_identify(lbr-stack/lbr_fri_ros2_stack/lbr_fri_ros2_stack) by extensions ['ros']
[0.561s] Level 1:colcon.colcon_core.package_identification:_identify(lbr-stack/lbr_fri_ros2_stack/lbr_fri_ros2_stack) by extension 'ros'
[0.561s] DEBUG:colcon.colcon_core.package_identification:Package 'lbr-stack/lbr_fri_ros2_stack/lbr_fri_ros2_stack' with type 'ros.ament_cmake' and name 'lbr_fri_ros2_stack'
[0.561s] Level 1:colcon.colcon_core.package_identification:_identify(lbr-stack/lbr_fri_ros2_stack/lbr_moveit_config) by extensions ['ignore', 'ignore_ament_install']
[0.561s] Level 1:colcon.colcon_core.package_identification:_identify(lbr-stack/lbr_fri_ros2_stack/lbr_moveit_config) by extension 'ignore'
[0.561s] Level 1:colcon.colcon_core.package_identification:_identify(lbr-stack/lbr_fri_ros2_stack/lbr_moveit_config) by extension 'ignore_ament_install'
[0.562s] Level 1:colcon.colcon_core.package_identification:_identify(lbr-stack/lbr_fri_ros2_stack/lbr_moveit_config) by extensions ['colcon_pkg']
[0.562s] Level 1:colcon.colcon_core.package_identification:_identify(lbr-stack/lbr_fri_ros2_stack/lbr_moveit_config) by extension 'colcon_pkg'
[0.562s] Level 1:colcon.colcon_core.package_identification:_identify(lbr-stack/lbr_fri_ros2_stack/lbr_moveit_config) by extensions ['colcon_meta']
[0.562s] Level 1:colcon.colcon_core.package_identification:_identify(lbr-stack/lbr_fri_ros2_stack/lbr_moveit_config) by extension 'colcon_meta'
[0.562s] Level 1:colcon.colcon_core.package_identification:_identify(lbr-stack/lbr_fri_ros2_stack/lbr_moveit_config) by extensions ['ros']
[0.562s] Level 1:colcon.colcon_core.package_identification:_identify(lbr-stack/lbr_fri_ros2_stack/lbr_moveit_config) by extension 'ros'
[0.562s] Level 1:colcon.colcon_core.package_identification:_identify(lbr-stack/lbr_fri_ros2_stack/lbr_moveit_config) by extensions ['cmake', 'python']
[0.562s] Level 1:colcon.colcon_core.package_identification:_identify(lbr-stack/lbr_fri_ros2_stack/lbr_moveit_config) by extension 'cmake'
[0.562s] Level 1:colcon.colcon_core.package_identification:_identify(lbr-stack/lbr_fri_ros2_stack/lbr_moveit_config) by extension 'python'
[0.562s] Level 1:colcon.colcon_core.package_identification:_identify(lbr-stack/lbr_fri_ros2_stack/lbr_moveit_config) by extensions ['python_setup_py']
[0.562s] Level 1:colcon.colcon_core.package_identification:_identify(lbr-stack/lbr_fri_ros2_stack/lbr_moveit_config) by extension 'python_setup_py'
[0.562s] Level 1:colcon.colcon_core.package_identification:_identify(lbr-stack/lbr_fri_ros2_stack/lbr_moveit_config/doc) by extensions ['ignore', 'ignore_ament_install']
[0.562s] Level 1:colcon.colcon_core.package_identification:_identify(lbr-stack/lbr_fri_ros2_stack/lbr_moveit_config/doc) by extension 'ignore'
[0.562s] Level 1:colcon.colcon_core.package_identification:_identify(lbr-stack/lbr_fri_ros2_stack/lbr_moveit_config/doc) by extension 'ignore_ament_install'
[0.562s] Level 1:colcon.colcon_core.package_identification:_identify(lbr-stack/lbr_fri_ros2_stack/lbr_moveit_config/doc) by extensions ['colcon_pkg']
[0.562s] Level 1:colcon.colcon_core.package_identification:_identify(lbr-stack/lbr_fri_ros2_stack/lbr_moveit_config/doc) by extension 'colcon_pkg'
[0.562s] Level 1:colcon.colcon_core.package_identification:_identify(lbr-stack/lbr_fri_ros2_stack/lbr_moveit_config/doc) by extensions ['colcon_meta']
[0.562s] Level 1:colcon.colcon_core.package_identification:_identify(lbr-stack/lbr_fri_ros2_stack/lbr_moveit_config/doc) by extension 'colcon_meta'
[0.562s] Level 1:colcon.colcon_core.package_identification:_identify(lbr-stack/lbr_fri_ros2_stack/lbr_moveit_config/doc) by extensions ['ros']
[0.562s] Level 1:colcon.colcon_core.package_identification:_identify(lbr-stack/lbr_fri_ros2_stack/lbr_moveit_config/doc) by extension 'ros'
[0.562s] Level 1:colcon.colcon_core.package_identification:_identify(lbr-stack/lbr_fri_ros2_stack/lbr_moveit_config/doc) by extensions ['cmake', 'python']
[0.562s] Level 1:colcon.colcon_core.package_identification:_identify(lbr-stack/lbr_fri_ros2_stack/lbr_moveit_config/doc) by extension 'cmake'
[0.562s] Level 1:colcon.colcon_core.package_identification:_identify(lbr-stack/lbr_fri_ros2_stack/lbr_moveit_config/doc) by extension 'python'
[0.562s] Level 1:colcon.colcon_core.package_identification:_identify(lbr-stack/lbr_fri_ros2_stack/lbr_moveit_config/doc) by extensions ['python_setup_py']
[0.563s] Level 1:colcon.colcon_core.package_identification:_identify(lbr-stack/lbr_fri_ros2_stack/lbr_moveit_config/doc) by extension 'python_setup_py'
[0.563s] Level 1:colcon.colcon_core.package_identification:_identify(lbr-stack/lbr_fri_ros2_stack/lbr_moveit_config/doc/img) by extensions ['ignore', 'ignore_ament_install']
[0.563s] Level 1:colcon.colcon_core.package_identification:_identify(lbr-stack/lbr_fri_ros2_stack/lbr_moveit_config/doc/img) by extension 'ignore'
[0.563s] Level 1:colcon.colcon_core.package_identification:_identify(lbr-stack/lbr_fri_ros2_stack/lbr_moveit_config/doc/img) by extension 'ignore_ament_install'
[0.563s] Level 1:colcon.colcon_core.package_identification:_identify(lbr-stack/lbr_fri_ros2_stack/lbr_moveit_config/doc/img) by extensions ['colcon_pkg']
[0.563s] Level 1:colcon.colcon_core.package_identification:_identify(lbr-stack/lbr_fri_ros2_stack/lbr_moveit_config/doc/img) by extension 'colcon_pkg'
[0.563s] Level 1:colcon.colcon_core.package_identification:_identify(lbr-stack/lbr_fri_ros2_stack/lbr_moveit_config/doc/img) by extensions ['colcon_meta']
[0.563s] Level 1:colcon.colcon_core.package_identification:_identify(lbr-stack/lbr_fri_ros2_stack/lbr_moveit_config/doc/img) by extension 'colcon_meta'
[0.563s] Level 1:colcon.colcon_core.package_identification:_identify(lbr-stack/lbr_fri_ros2_stack/lbr_moveit_config/doc/img) by extensions ['ros']
[0.563s] Level 1:colcon.colcon_core.package_identification:_identify(lbr-stack/lbr_fri_ros2_stack/lbr_moveit_config/doc/img) by extension 'ros'
[0.563s] Level 1:colcon.colcon_core.package_identification:_identify(lbr-stack/lbr_fri_ros2_stack/lbr_moveit_config/doc/img) by extensions ['cmake', 'python']
[0.563s] Level 1:colcon.colcon_core.package_identification:_identify(lbr-stack/lbr_fri_ros2_stack/lbr_moveit_config/doc/img) by extension 'cmake'
[0.563s] Level 1:colcon.colcon_core.package_identification:_identify(lbr-stack/lbr_fri_ros2_stack/lbr_moveit_config/doc/img) by extension 'python'
[0.563s] Level 1:colcon.colcon_core.package_identification:_identify(lbr-stack/lbr_fri_ros2_stack/lbr_moveit_config/doc/img) by extensions ['python_setup_py']
[0.563s] Level 1:colcon.colcon_core.package_identification:_identify(lbr-stack/lbr_fri_ros2_stack/lbr_moveit_config/doc/img) by extension 'python_setup_py'
[0.563s] Level 1:colcon.colcon_core.package_identification:_identify(lbr-stack/lbr_fri_ros2_stack/lbr_moveit_config/iiwa14_moveit_config) by extensions ['ignore', 'ignore_ament_install']
[0.563s] Level 1:colcon.colcon_core.package_identification:_identify(lbr-stack/lbr_fri_ros2_stack/lbr_moveit_config/iiwa14_moveit_config) by extension 'ignore'
[0.563s] Level 1:colcon.colcon_core.package_identification:_identify(lbr-stack/lbr_fri_ros2_stack/lbr_moveit_config/iiwa14_moveit_config) by extension 'ignore_ament_install'
[0.564s] Level 1:colcon.colcon_core.package_identification:_identify(lbr-stack/lbr_fri_ros2_stack/lbr_moveit_config/iiwa14_moveit_config) by extensions ['colcon_pkg']
[0.564s] Level 1:colcon.colcon_core.package_identification:_identify(lbr-stack/lbr_fri_ros2_stack/lbr_moveit_config/iiwa14_moveit_config) by extension 'colcon_pkg'
[0.564s] Level 1:colcon.colcon_core.package_identification:_identify(lbr-stack/lbr_fri_ros2_stack/lbr_moveit_config/iiwa14_moveit_config) by extensions ['colcon_meta']
[0.564s] Level 1:colcon.colcon_core.package_identification:_identify(lbr-stack/lbr_fri_ros2_stack/lbr_moveit_config/iiwa14_moveit_config) by extension 'colcon_meta'
[0.564s] Level 1:colcon.colcon_core.package_identification:_identify(lbr-stack/lbr_fri_ros2_stack/lbr_moveit_config/iiwa14_moveit_config) by extensions ['ros']
[0.564s] Level 1:colcon.colcon_core.package_identification:_identify(lbr-stack/lbr_fri_ros2_stack/lbr_moveit_config/iiwa14_moveit_config) by extension 'ros'
[0.565s] DEBUG:colcon.colcon_core.package_identification:Package 'lbr-stack/lbr_fri_ros2_stack/lbr_moveit_config/iiwa14_moveit_config' with type 'ros.ament_cmake' and name 'iiwa14_moveit_config'
[0.565s] Level 1:colcon.colcon_core.package_identification:_identify(lbr-stack/lbr_fri_ros2_stack/lbr_moveit_config/iiwa7_moveit_config) by extensions ['ignore', 'ignore_ament_install']
[0.565s] Level 1:colcon.colcon_core.package_identification:_identify(lbr-stack/lbr_fri_ros2_stack/lbr_moveit_config/iiwa7_moveit_config) by extension 'ignore'
[0.565s] Level 1:colcon.colcon_core.package_identification:_identify(lbr-stack/lbr_fri_ros2_stack/lbr_moveit_config/iiwa7_moveit_config) by extension 'ignore_ament_install'
[0.566s] Level 1:colcon.colcon_core.package_identification:_identify(lbr-stack/lbr_fri_ros2_stack/lbr_moveit_config/iiwa7_moveit_config) by extensions ['colcon_pkg']
[0.566s] Level 1:colcon.colcon_core.package_identification:_identify(lbr-stack/lbr_fri_ros2_stack/lbr_moveit_config/iiwa7_moveit_config) by extension 'colcon_pkg'
[0.566s] Level 1:colcon.colcon_core.package_identification:_identify(lbr-stack/lbr_fri_ros2_stack/lbr_moveit_config/iiwa7_moveit_config) by extensions ['colcon_meta']
[0.566s] Level 1:colcon.colcon_core.package_identification:_identify(lbr-stack/lbr_fri_ros2_stack/lbr_moveit_config/iiwa7_moveit_config) by extension 'colcon_meta'
[0.566s] Level 1:colcon.colcon_core.package_identification:_identify(lbr-stack/lbr_fri_ros2_stack/lbr_moveit_config/iiwa7_moveit_config) by extensions ['ros']
[0.566s] Level 1:colcon.colcon_core.package_identification:_identify(lbr-stack/lbr_fri_ros2_stack/lbr_moveit_config/iiwa7_moveit_config) by extension 'ros'
[0.567s] DEBUG:colcon.colcon_core.package_identification:Package 'lbr-stack/lbr_fri_ros2_stack/lbr_moveit_config/iiwa7_moveit_config' with type 'ros.ament_cmake' and name 'iiwa7_moveit_config'
[0.567s] Level 1:colcon.colcon_core.package_identification:_identify(lbr-stack/lbr_fri_ros2_stack/lbr_moveit_config/med14_moveit_config) by extensions ['ignore', 'ignore_ament_install']
[0.567s] Level 1:colcon.colcon_core.package_identification:_identify(lbr-stack/lbr_fri_ros2_stack/lbr_moveit_config/med14_moveit_config) by extension 'ignore'
[0.568s] Level 1:colcon.colcon_core.package_identification:_identify(lbr-stack/lbr_fri_ros2_stack/lbr_moveit_config/med14_moveit_config) by extension 'ignore_ament_install'
[0.568s] Level 1:colcon.colcon_core.package_identification:_identify(lbr-stack/lbr_fri_ros2_stack/lbr_moveit_config/med14_moveit_config) by extensions ['colcon_pkg']
[0.568s] Level 1:colcon.colcon_core.package_identification:_identify(lbr-stack/lbr_fri_ros2_stack/lbr_moveit_config/med14_moveit_config) by extension 'colcon_pkg'
[0.568s] Level 1:colcon.colcon_core.package_identification:_identify(lbr-stack/lbr_fri_ros2_stack/lbr_moveit_config/med14_moveit_config) by extensions ['colcon_meta']
[0.568s] Level 1:colcon.colcon_core.package_identification:_identify(lbr-stack/lbr_fri_ros2_stack/lbr_moveit_config/med14_moveit_config) by extension 'colcon_meta'
[0.568s] Level 1:colcon.colcon_core.package_identification:_identify(lbr-stack/lbr_fri_ros2_stack/lbr_moveit_config/med14_moveit_config) by extensions ['ros']
[0.568s] Level 1:colcon.colcon_core.package_identification:_identify(lbr-stack/lbr_fri_ros2_stack/lbr_moveit_config/med14_moveit_config) by extension 'ros'
[0.569s] DEBUG:colcon.colcon_core.package_identification:Package 'lbr-stack/lbr_fri_ros2_stack/lbr_moveit_config/med14_moveit_config' with type 'ros.ament_cmake' and name 'med14_moveit_config'
[0.569s] Level 1:colcon.colcon_core.package_identification:_identify(lbr-stack/lbr_fri_ros2_stack/lbr_moveit_config/med7_moveit_config) by extensions ['ignore', 'ignore_ament_install']
[0.569s] Level 1:colcon.colcon_core.package_identification:_identify(lbr-stack/lbr_fri_ros2_stack/lbr_moveit_config/med7_moveit_config) by extension 'ignore'
[0.569s] Level 1:colcon.colcon_core.package_identification:_identify(lbr-stack/lbr_fri_ros2_stack/lbr_moveit_config/med7_moveit_config) by extension 'ignore_ament_install'
[0.569s] Level 1:colcon.colcon_core.package_identification:_identify(lbr-stack/lbr_fri_ros2_stack/lbr_moveit_config/med7_moveit_config) by extensions ['colcon_pkg']
[0.569s] Level 1:colcon.colcon_core.package_identification:_identify(lbr-stack/lbr_fri_ros2_stack/lbr_moveit_config/med7_moveit_config) by extension 'colcon_pkg'
[0.569s] Level 1:colcon.colcon_core.package_identification:_identify(lbr-stack/lbr_fri_ros2_stack/lbr_moveit_config/med7_moveit_config) by extensions ['colcon_meta']
[0.569s] Level 1:colcon.colcon_core.package_identification:_identify(lbr-stack/lbr_fri_ros2_stack/lbr_moveit_config/med7_moveit_config) by extension 'colcon_meta'
[0.570s] Level 1:colcon.colcon_core.package_identification:_identify(lbr-stack/lbr_fri_ros2_stack/lbr_moveit_config/med7_moveit_config) by extensions ['ros']
[0.570s] Level 1:colcon.colcon_core.package_identification:_identify(lbr-stack/lbr_fri_ros2_stack/lbr_moveit_config/med7_moveit_config) by extension 'ros'
[0.571s] DEBUG:colcon.colcon_core.package_identification:Package 'lbr-stack/lbr_fri_ros2_stack/lbr_moveit_config/med7_moveit_config' with type 'ros.ament_cmake' and name 'med7_moveit_config'
[0.571s] Level 1:colcon.colcon_core.package_identification:_identify(lbr-stack/lbr_fri_ros2_stack/lbr_ros2_control) by extensions ['ignore', 'ignore_ament_install']
[0.571s] Level 1:colcon.colcon_core.package_identification:_identify(lbr-stack/lbr_fri_ros2_stack/lbr_ros2_control) by extension 'ignore'
[0.572s] Level 1:colcon.colcon_core.package_identification:_identify(lbr-stack/lbr_fri_ros2_stack/lbr_ros2_control) by extension 'ignore_ament_install'
[0.572s] Level 1:colcon.colcon_core.package_identification:_identify(lbr-stack/lbr_fri_ros2_stack/lbr_ros2_control) by extensions ['colcon_pkg']
[0.572s] Level 1:colcon.colcon_core.package_identification:_identify(lbr-stack/lbr_fri_ros2_stack/lbr_ros2_control) by extension 'colcon_pkg'
[0.572s] Level 1:colcon.colcon_core.package_identification:_identify(lbr-stack/lbr_fri_ros2_stack/lbr_ros2_control) by extensions ['colcon_meta']
[0.572s] Level 1:colcon.colcon_core.package_identification:_identify(lbr-stack/lbr_fri_ros2_stack/lbr_ros2_control) by extension 'colcon_meta'
[0.572s] Level 1:colcon.colcon_core.package_identification:_identify(lbr-stack/lbr_fri_ros2_stack/lbr_ros2_control) by extensions ['ros']
[0.572s] Level 1:colcon.colcon_core.package_identification:_identify(lbr-stack/lbr_fri_ros2_stack/lbr_ros2_control) by extension 'ros'
[0.573s] DEBUG:colcon.colcon_core.package_identification:Package 'lbr-stack/lbr_fri_ros2_stack/lbr_ros2_control' with type 'ros.ament_cmake' and name 'lbr_ros2_control'
[0.573s] Level 1:colcon.colcon_core.package_identification:_identify(log) by extensions ['ignore', 'ignore_ament_install']
[0.573s] Level 1:colcon.colcon_core.package_identification:_identify(log) by extension 'ignore'
[0.573s] Level 1:colcon.colcon_core.package_identification:_identify(log) ignored
[0.573s] Level 1:colcon.colcon_core.package_discovery:discover_packages(recursive) using defaults
[0.573s] Level 1:colcon.colcon_core.package_discovery:discover_packages(ignore) discover
[0.573s] Level 1:colcon.colcon_core.package_discovery:discover_packages(ignore) using defaults
[0.573s] Level 1:colcon.colcon_core.package_discovery:discover_packages(path) discover
[0.573s] Level 1:colcon.colcon_core.package_discovery:discover_packages(path) using defaults
[0.612s] INFO:colcon.colcon_core.package_selection:Skipping not selected package 'fri_client_sdk' in 'lbr-stack/fri'
[0.612s] INFO:colcon.colcon_core.package_selection:Skipping not selected package 'lbr_description' in 'lbr-stack/lbr_fri_ros2_stack/lbr_description'
[0.612s] INFO:colcon.colcon_core.package_selection:Skipping not selected package 'lbr_moveit' in 'lbr-stack/lbr_fri_ros2_stack/lbr_demos/lbr_moveit'
[0.612s] INFO:colcon.colcon_core.package_selection:Skipping not selected package 'lbr_moveit_cpp' in 'lbr-stack/lbr_fri_ros2_stack/lbr_demos/lbr_moveit_cpp'
[0.612s] INFO:colcon.colcon_core.package_selection:Skipping not selected package 'iiwa14_moveit_config' in 'lbr-stack/lbr_fri_ros2_stack/lbr_moveit_config/iiwa14_moveit_config'
[0.612s] INFO:colcon.colcon_core.package_selection:Skipping not selected package 'iiwa7_moveit_config' in 'lbr-stack/lbr_fri_ros2_stack/lbr_moveit_config/iiwa7_moveit_config'
[0.612s] INFO:colcon.colcon_core.package_selection:Skipping not selected package 'lbr_fri_idl' in 'lbr-stack/lbr_fri_idl'
[0.612s] INFO:colcon.colcon_core.package_selection:Skipping not selected package 'med14_moveit_config' in 'lbr-stack/lbr_fri_ros2_stack/lbr_moveit_config/med14_moveit_config'
[0.612s] INFO:colcon.colcon_core.package_selection:Skipping not selected package 'med7_moveit_config' in 'lbr-stack/lbr_fri_ros2_stack/lbr_moveit_config/med7_moveit_config'
[0.612s] INFO:colcon.colcon_core.package_selection:Skipping not selected package 'lbr_fri_ros2' in 'lbr-stack/lbr_fri_ros2_stack/lbr_fri_ros2'
[0.612s] INFO:colcon.colcon_core.package_selection:Skipping not selected package 'lbr_demos_advanced_cpp' in 'lbr-stack/lbr_fri_ros2_stack/lbr_demos/lbr_demos_advanced_cpp'
[0.612s] INFO:colcon.colcon_core.package_selection:Skipping not selected package 'lbr_demos_advanced_py' in 'lbr-stack/lbr_fri_ros2_stack/lbr_demos/lbr_demos_advanced_py'
[0.612s] INFO:colcon.colcon_core.package_selection:Skipping not selected package 'lbr_ros2_control' in 'lbr-stack/lbr_fri_ros2_stack/lbr_ros2_control'
[0.612s] INFO:colcon.colcon_core.package_selection:Skipping not selected package 'lbr_bringup' in 'lbr-stack/lbr_fri_ros2_stack/lbr_bringup'
[0.612s] INFO:colcon.colcon_core.package_selection:Skipping not selected package 'lbr_demos_cpp' in 'lbr-stack/lbr_fri_ros2_stack/lbr_demos/lbr_demos_cpp'
[0.612s] INFO:colcon.colcon_core.package_selection:Skipping not selected package 'lbr_demos_py' in 'lbr-stack/lbr_fri_ros2_stack/lbr_demos/lbr_demos_py'
[0.612s] INFO:colcon.colcon_core.package_selection:Skipping not selected package 'lbr_fri_ros2_stack' in 'lbr-stack/lbr_fri_ros2_stack/lbr_fri_ros2_stack'
[0.612s] Level 5:colcon.colcon_core.verb:set package 'catch_and_throw' build argument 'cmake_args' from command line to 'None'
[0.612s] Level 5:colcon.colcon_core.verb:set package 'catch_and_throw' build argument 'cmake_target' from command line to 'None'
[0.612s] Level 5:colcon.colcon_core.verb:set package 'catch_and_throw' build argument 'cmake_target_skip_unavailable' from command line to 'False'
[0.613s] Level 5:colcon.colcon_core.verb:set package 'catch_and_throw' build argument 'cmake_clean_cache' from command line to 'False'
[0.613s] Level 5:colcon.colcon_core.verb:set package 'catch_and_throw' build argument 'cmake_clean_first' from command line to 'False'
[0.613s] Level 5:colcon.colcon_core.verb:set package 'catch_and_throw' build argument 'cmake_force_configure' from command line to 'False'
[0.613s] Level 5:colcon.colcon_core.verb:set package 'catch_and_throw' build argument 'ament_cmake_args' from command line to 'None'
[0.613s] Level 5:colcon.colcon_core.verb:set package 'catch_and_throw' build argument 'catkin_cmake_args' from command line to 'None'
[0.613s] Level 5:colcon.colcon_core.verb:set package 'catch_and_throw' build argument 'catkin_skip_building_tests' from command line to 'False'
[0.613s] DEBUG:colcon.colcon_core.verb:Building package 'catch_and_throw' with the following arguments: {'ament_cmake_args': None, 'build_base': '/home/user/kuka_rl_ros2/src/build/catch_and_throw', 'catkin_cmake_args': None, 'catkin_skip_building_tests': False, 'cmake_args': None, 'cmake_clean_cache': False, 'cmake_clean_first': False, 'cmake_force_configure': False, 'cmake_target': None, 'cmake_target_skip_unavailable': False, 'install_base': '/home/user/kuka_rl_ros2/src/install/catch_and_throw', 'merge_install': False, 'path': '/home/user/kuka_rl_ros2/src/catch_and_throw', 'symlink_install': False, 'test_result_base': None}
[0.613s] INFO:colcon.colcon_core.executor:Executing jobs using 'parallel' executor
[0.614s] DEBUG:colcon.colcon_parallel_executor.executor.parallel:run_until_complete
[0.614s] INFO:colcon.colcon_ros.task.ament_cmake.build:Building ROS package in '/home/user/kuka_rl_ros2/src/catch_and_throw' with build type 'ament_cmake'
[0.614s] INFO:colcon.colcon_cmake.task.cmake.build:Building CMake package in '/home/user/kuka_rl_ros2/src/catch_and_throw'
[0.620s] INFO:colcon.colcon_core.plugin_system:Skipping extension 'colcon_core.shell.bat': Not used on non-Windows systems
[0.620s] INFO:colcon.colcon_core.shell:Skip shell extension 'powershell' for command environment: Not usable outside of PowerShell
[0.620s] DEBUG:colcon.colcon_core.shell:Skip shell extension 'dsv' for command environment
[0.645s] DEBUG:colcon.colcon_core.event_handler.log_command:Invoking command in '/home/user/kuka_rl_ros2/src/build/catch_and_throw': AMENT_PREFIX_PATH=/home/user/kuka_rl_ros2/src/install/lbr_fri_idl:${AMENT_PREFIX_PATH} CMAKE_PREFIX_PATH=/home/user/kuka_rl_ros2/src/install/lbr_fri_idl:/home/user/kuka_rl_ros2/src/install/fri_client_sdk:/home/user/kuka_rl_ros2/install/med7_moveit_config:/home/user/kuka_rl_ros2/install/med14_moveit_config:/home/user/kuka_rl_ros2/install/lbr_fri_ros2_stack:/home/user/kuka_rl_ros2/install/lbr_demos_cpp:/home/user/kuka_rl_ros2/install/lbr_bringup:/home/user/kuka_rl_ros2/install/lbr_ros2_control:/home/user/kuka_rl_ros2/install/lbr_moveit_cpp:/home/user/kuka_rl_ros2/install/lbr_demos_advanced_cpp:/home/user/kuka_rl_ros2/install/lbr_fri_ros2:/home/user/kuka_rl_ros2/install/lbr_fri_idl:/home/user/kuka_rl_ros2/install/iiwa7_moveit_config:/home/user/kuka_rl_ros2/install/iiwa14_moveit_config:/home/user/kuka_rl_ros2/install/lbr_description:/home/user/kuka_rl_ros2/install/fri_client_sdk:/home/user/kuka_rl_ros2/install/catch_and_throw:/home/user/kuka_rl_ros2/install/lbr_demos_py:/home/user/kuka_rl_ros2/install/lbr_moveit:/home/user/kuka_rl_ros2/install/lbr_demos_advanced_py:/opt/ros/humble LD_LIBRARY_PATH=/home/user/kuka_rl_ros2/src/install/lbr_fri_idl/lib:/home/user/kuka_rl_ros2/src/install/fri_client_sdk/lib:${LD_LIBRARY_PATH} PKG_CONFIG_PATH=/home/user/kuka_rl_ros2/src/install/fri_client_sdk/lib/x86_64-linux-gnu/pkgconfig:/home/user/kuka_rl_ros2/src/install/fri_client_sdk/lib/pkgconfig:${PKG_CONFIG_PATH} PYTHONPATH=/home/user/kuka_rl_ros2/src/install/lbr_fri_idl/local/lib/python3.10/dist-packages:${PYTHONPATH} /usr/bin/cmake --build /home/user/kuka_rl_ros2/src/build/catch_and_throw -- -j8 -l8
[8.531s] DEBUG:colcon.colcon_core.event_handler.log_command:Invoked command in '/home/user/kuka_rl_ros2/src/build/catch_and_throw' returned '2': AMENT_PREFIX_PATH=/home/user/kuka_rl_ros2/src/install/lbr_fri_idl:${AMENT_PREFIX_PATH} CMAKE_PREFIX_PATH=/home/user/kuka_rl_ros2/src/install/lbr_fri_idl:/home/user/kuka_rl_ros2/src/install/fri_client_sdk:/home/user/kuka_rl_ros2/install/med7_moveit_config:/home/user/kuka_rl_ros2/install/med14_moveit_config:/home/user/kuka_rl_ros2/install/lbr_fri_ros2_stack:/home/user/kuka_rl_ros2/install/lbr_demos_cpp:/home/user/kuka_rl_ros2/install/lbr_bringup:/home/user/kuka_rl_ros2/install/lbr_ros2_control:/home/user/kuka_rl_ros2/install/lbr_moveit_cpp:/home/user/kuka_rl_ros2/install/lbr_demos_advanced_cpp:/home/user/kuka_rl_ros2/install/lbr_fri_ros2:/home/user/kuka_rl_ros2/install/lbr_fri_idl:/home/user/kuka_rl_ros2/install/iiwa7_moveit_config:/home/user/kuka_rl_ros2/install/iiwa14_moveit_config:/home/user/kuka_rl_ros2/install/lbr_description:/home/user/kuka_rl_ros2/install/fri_client_sdk:/home/user/kuka_rl_ros2/install/catch_and_throw:/home/user/kuka_rl_ros2/install/lbr_demos_py:/home/user/kuka_rl_ros2/install/lbr_moveit:/home/user/kuka_rl_ros2/install/lbr_demos_advanced_py:/opt/ros/humble LD_LIBRARY_PATH=/home/user/kuka_rl_ros2/src/install/lbr_fri_idl/lib:/home/user/kuka_rl_ros2/src/install/fri_client_sdk/lib:${LD_LIBRARY_PATH} PKG_CONFIG_PATH=/home/user/kuka_rl_ros2/src/install/fri_client_sdk/lib/x86_64-linux-gnu/pkgconfig:/home/user/kuka_rl_ros2/src/install/fri_client_sdk/lib/pkgconfig:${PKG_CONFIG_PATH} PYTHONPATH=/home/user/kuka_rl_ros2/src/install/lbr_fri_idl/local/lib/python3.10/dist-packages:${PYTHONPATH} /usr/bin/cmake --build /home/user/kuka_rl_ros2/src/build/catch_and_throw -- -j8 -l8
[8.531s] Level 1:colcon.colcon_core.environment:create_environment_scripts_only(catch_and_throw)
[8.538s] Level 1:colcon.colcon_core.environment:checking '/home/user/kuka_rl_ros2/src/install/catch_and_throw' for CMake module files
[8.539s] Level 1:colcon.colcon_core.environment:checking '/home/user/kuka_rl_ros2/src/install/catch_and_throw' for CMake config files
[8.539s] Level 1:colcon.colcon_core.shell:create_environment_hook('catch_and_throw', 'cmake_prefix_path')
[8.539s] INFO:colcon.colcon_core.shell:Creating environment hook '/home/user/kuka_rl_ros2/src/install/catch_and_throw/share/catch_and_throw/hook/cmake_prefix_path.ps1'
[8.540s] INFO:colcon.colcon_core.shell:Creating environment descriptor '/home/user/kuka_rl_ros2/src/install/catch_and_throw/share/catch_and_throw/hook/cmake_prefix_path.dsv'
[8.541s] INFO:colcon.colcon_core.shell:Creating environment hook '/home/user/kuka_rl_ros2/src/install/catch_and_throw/share/catch_and_throw/hook/cmake_prefix_path.sh'
[8.542s] Level 1:colcon.colcon_core.environment:checking '/home/user/kuka_rl_ros2/src/install/catch_and_throw/bin'
[8.542s] Level 1:colcon.colcon_core.environment:checking '/home/user/kuka_rl_ros2/src/install/catch_and_throw/lib/pkgconfig/catch_and_throw.pc'
[8.543s] Level 1:colcon.colcon_core.environment:checking '/home/user/kuka_rl_ros2/src/install/catch_and_throw/lib/python3.10/site-packages'
[8.543s] Level 1:colcon.colcon_core.environment:checking '/home/user/kuka_rl_ros2/src/install/catch_and_throw/bin'
[8.544s] INFO:colcon.colcon_core.shell:Creating package script '/home/user/kuka_rl_ros2/src/install/catch_and_throw/share/catch_and_throw/package.ps1'
[8.545s] INFO:colcon.colcon_core.shell:Creating package descriptor '/home/user/kuka_rl_ros2/src/install/catch_and_throw/share/catch_and_throw/package.dsv'
[8.545s] INFO:colcon.colcon_core.shell:Creating package script '/home/user/kuka_rl_ros2/src/install/catch_and_throw/share/catch_and_throw/package.sh'
[8.546s] INFO:colcon.colcon_core.shell:Creating package script '/home/user/kuka_rl_ros2/src/install/catch_and_throw/share/catch_and_throw/package.bash'
[8.547s] INFO:colcon.colcon_core.shell:Creating package script '/home/user/kuka_rl_ros2/src/install/catch_and_throw/share/catch_and_throw/package.zsh'
[8.548s] Level 1:colcon.colcon_core.environment:create_file_with_runtime_dependencies(/home/user/kuka_rl_ros2/src/install/catch_and_throw/share/colcon-core/packages/catch_and_throw)
[8.548s] DEBUG:colcon.colcon_parallel_executor.executor.parallel:closing loop
[8.549s] DEBUG:colcon.colcon_parallel_executor.executor.parallel:loop closed
[8.549s] DEBUG:colcon.colcon_parallel_executor.executor.parallel:run_until_complete finished with '2'
[8.549s] DEBUG:colcon.colcon_core.event_reactor:joining thread
[8.558s] INFO:colcon.colcon_core.plugin_system:Skipping extension 'colcon_notification.desktop_notification.notify_send': Could not find 'notify-send'
[8.558s] INFO:colcon.colcon_core.plugin_system:Skipping extension 'colcon_notification.desktop_notification.terminal_notifier': Not used on non-Darwin systems
[8.558s] INFO:colcon.colcon_core.plugin_system:Skipping extension 'colcon_notification.desktop_notification.win32': Not used on non-Windows systems
[8.558s] INFO:colcon.colcon_notification.desktop_notification:Sending desktop notification using 'notify2'
[8.559s] DEBUG:colcon.colcon_notification.desktop_notification.notify2:Failed to initialize notify2: org.freedesktop.DBus.Error.Spawn.ExecFailed: /usr/bin/dbus-launch terminated abnormally without any error message
[8.560s] DEBUG:colcon.colcon_core.event_reactor:joined thread
[8.560s] INFO:colcon.colcon_core.shell:Creating prefix script '/home/user/kuka_rl_ros2/src/install/local_setup.ps1'
[8.562s] INFO:colcon.colcon_core.shell:Creating prefix util module '/home/user/kuka_rl_ros2/src/install/_local_setup_util_ps1.py'
[8.563s] INFO:colcon.colcon_core.shell:Creating prefix chain script '/home/user/kuka_rl_ros2/src/install/setup.ps1'
[8.565s] INFO:colcon.colcon_core.shell:Creating prefix script '/home/user/kuka_rl_ros2/src/install/local_setup.sh'
[8.566s] INFO:colcon.colcon_core.shell:Creating prefix util module '/home/user/kuka_rl_ros2/src/install/_local_setup_util_sh.py'
[8.566s] INFO:colcon.colcon_core.shell:Creating prefix chain script '/home/user/kuka_rl_ros2/src/install/setup.sh'
[8.568s] INFO:colcon.colcon_core.shell:Creating prefix script '/home/user/kuka_rl_ros2/src/install/local_setup.bash'
[8.568s] INFO:colcon.colcon_core.shell:Creating prefix chain script '/home/user/kuka_rl_ros2/src/install/setup.bash'
[8.570s] INFO:colcon.colcon_core.shell:Creating prefix script '/home/user/kuka_rl_ros2/src/install/local_setup.zsh'
[8.571s] INFO:colcon.colcon_core.shell:Creating prefix chain script '/home/user/kuka_rl_ros2/src/install/setup.zsh'
