[0.013s] Invoking command in '/home/user/kuka_rl_ros2/src/build/lbr_fri_idl': CMAKE_PREFIX_PATH=/home/user/kuka_rl_ros2/src/install/fri_client_sdk:/home/user/kuka_rl_ros2/install/med7_moveit_config:/home/user/kuka_rl_ros2/install/med14_moveit_config:/home/user/kuka_rl_ros2/install/lbr_fri_ros2_stack:/home/user/kuka_rl_ros2/install/lbr_demos_cpp:/home/user/kuka_rl_ros2/install/lbr_bringup:/home/user/kuka_rl_ros2/install/lbr_ros2_control:/home/user/kuka_rl_ros2/install/lbr_moveit_cpp:/home/user/kuka_rl_ros2/install/lbr_demos_advanced_cpp:/home/user/kuka_rl_ros2/install/lbr_fri_ros2:/home/user/kuka_rl_ros2/install/lbr_fri_idl:/home/user/kuka_rl_ros2/install/iiwa7_moveit_config:/home/user/kuka_rl_ros2/install/iiwa14_moveit_config:/home/user/kuka_rl_ros2/install/lbr_description:/home/user/kuka_rl_ros2/install/fri_client_sdk:/home/user/kuka_rl_ros2/install/catch_and_throw:/home/user/kuka_rl_ros2/install/lbr_demos_py:/home/user/kuka_rl_ros2/install/lbr_moveit:/home/user/kuka_rl_ros2/install/lbr_demos_advanced_py:/opt/ros/humble LD_LIBRARY_PATH=/home/user/kuka_rl_ros2/src/install/fri_client_sdk/lib:${LD_LIBRARY_PATH} PKG_CONFIG_PATH=/home/user/kuka_rl_ros2/src/install/fri_client_sdk/lib/x86_64-linux-gnu/pkgconfig:/home/user/kuka_rl_ros2/src/install/fri_client_sdk/lib/pkgconfig:${PKG_CONFIG_PATH} /usr/bin/cmake /home/user/kuka_rl_ros2/src/lbr-stack/lbr_fri_idl -DCMAKE_INSTALL_PREFIX=/home/user/kuka_rl_ros2/src/install/lbr_fri_idl
[0.074s] -- The C compiler identification is GNU 11.4.0
[0.124s] -- The CXX compiler identification is GNU 11.4.0
[0.131s] -- Detecting C compiler ABI info
[0.191s] -- Detecting C compiler ABI info - done
[0.209s] -- Check for working C compiler: /usr/bin/cc - skipped
[0.209s] -- Detecting C compile features
[0.210s] -- Detecting C compile features - done
[0.215s] -- Detecting CXX compiler ABI info
[0.314s] -- Detecting CXX compiler ABI info - done
[0.326s] -- Check for working CXX compiler: /usr/bin/c++ - skipped
[0.327s] -- Detecting CXX compile features
[0.327s] -- Detecting CXX compile features - done
[0.333s] -- Found ament_cmake: 1.3.11 (/opt/ros/humble/share/ament_cmake/cmake)
[0.498s] -- Found Python3: /usr/bin/python3 (found version "3.10.12") found components: Interpreter 
[0.648s] -- Found builtin_interfaces: 1.2.1 (/opt/ros/humble/share/builtin_interfaces/cmake)
[0.727s] -- Found rosidl_generator_c: 3.1.6 (/opt/ros/humble/share/rosidl_generator_c/cmake)
[0.746s] -- Found rosidl_adapter: 3.1.6 (/opt/ros/humble/share/rosidl_adapter/cmake)
[0.768s] -- Found rosidl_generator_cpp: 3.1.6 (/opt/ros/humble/share/rosidl_generator_cpp/cmake)
[0.789s] -- Using all available rosidl_typesupport_c: rosidl_typesupport_fastrtps_c;rosidl_typesupport_introspection_c
[0.829s] -- Using all available rosidl_typesupport_cpp: rosidl_typesupport_fastrtps_cpp;rosidl_typesupport_introspection_cpp
[0.868s] -- Found rosidl_default_generators: 1.2.0 (/opt/ros/humble/share/rosidl_default_generators/cmake)
[1.256s] -- Found ament_cmake_cppcheck: 0.12.12 (/opt/ros/humble/share/ament_cmake_cppcheck/cmake)
[1.266s] -- Found ament_cmake_cpplint: 0.12.12 (/opt/ros/humble/share/ament_cmake_cpplint/cmake)
[1.276s] -- Found ament_cmake_uncrustify: 0.12.12 (/opt/ros/humble/share/ament_cmake_uncrustify/cmake)
[1.287s] -- Found ament_cmake_ros: 0.10.0 (/opt/ros/humble/share/ament_cmake_ros/cmake)
[1.687s] -- Using all available rosidl_typesupport_c: rosidl_typesupport_fastrtps_c;rosidl_typesupport_introspection_c
[1.804s] -- Using all available rosidl_typesupport_cpp: rosidl_typesupport_fastrtps_cpp;rosidl_typesupport_introspection_cpp
[1.826s] -- Found PythonInterp: /usr/bin/python3 (found suitable version "3.10.12", minimum required is "3.6") 
[1.832s] -- Found python_cmake_module: 0.10.0 (/opt/ros/humble/share/python_cmake_module/cmake)
[1.861s] -- Found PythonLibs: /usr/lib/x86_64-linux-gnu/libpython3.10.so (found suitable version "3.10.12", minimum required is "3.5") 
[1.862s] -- Using PYTHON_EXECUTABLE: /usr/bin/python3
[1.862s] -- Using PYTHON_INCLUDE_DIRS: /usr/include/python3.10
[1.862s] -- Using PYTHON_LIBRARIES: /usr/lib/x86_64-linux-gnu/libpython3.10.so
[1.884s] -- Found PythonExtra: .so  
[1.934s] -- Found ament_cmake_flake8: 0.12.12 (/opt/ros/humble/share/ament_cmake_flake8/cmake)
[1.941s] -- Found ament_cmake_pep257: 0.12.12 (/opt/ros/humble/share/ament_cmake_pep257/cmake)
[1.951s] -- Found gtest sources under '/opt/ros/humble/src/gtest_vendor': C++ tests using 'Google Test' will be built
[1.953s] -- Looking for pthread.h
[2.015s] -- Looking for pthread.h - found
[2.015s] -- Performing Test CMAKE_HAVE_LIBC_PTHREAD
[2.077s] -- Performing Test CMAKE_HAVE_LIBC_PTHREAD - Success
[2.078s] -- Found Threads: TRUE  
[2.086s] -- Configuring done
[2.127s] -- Generating done
[2.139s] -- Build files have been written to: /home/user/kuka_rl_ros2/src/build/lbr_fri_idl
[2.144s] Invoked command in '/home/user/kuka_rl_ros2/src/build/lbr_fri_idl' returned '0': CMAKE_PREFIX_PATH=/home/user/kuka_rl_ros2/src/install/fri_client_sdk:/home/user/kuka_rl_ros2/install/med7_moveit_config:/home/user/kuka_rl_ros2/install/med14_moveit_config:/home/user/kuka_rl_ros2/install/lbr_fri_ros2_stack:/home/user/kuka_rl_ros2/install/lbr_demos_cpp:/home/user/kuka_rl_ros2/install/lbr_bringup:/home/user/kuka_rl_ros2/install/lbr_ros2_control:/home/user/kuka_rl_ros2/install/lbr_moveit_cpp:/home/user/kuka_rl_ros2/install/lbr_demos_advanced_cpp:/home/user/kuka_rl_ros2/install/lbr_fri_ros2:/home/user/kuka_rl_ros2/install/lbr_fri_idl:/home/user/kuka_rl_ros2/install/iiwa7_moveit_config:/home/user/kuka_rl_ros2/install/iiwa14_moveit_config:/home/user/kuka_rl_ros2/install/lbr_description:/home/user/kuka_rl_ros2/install/fri_client_sdk:/home/user/kuka_rl_ros2/install/catch_and_throw:/home/user/kuka_rl_ros2/install/lbr_demos_py:/home/user/kuka_rl_ros2/install/lbr_moveit:/home/user/kuka_rl_ros2/install/lbr_demos_advanced_py:/opt/ros/humble LD_LIBRARY_PATH=/home/user/kuka_rl_ros2/src/install/fri_client_sdk/lib:${LD_LIBRARY_PATH} PKG_CONFIG_PATH=/home/user/kuka_rl_ros2/src/install/fri_client_sdk/lib/x86_64-linux-gnu/pkgconfig:/home/user/kuka_rl_ros2/src/install/fri_client_sdk/lib/pkgconfig:${PKG_CONFIG_PATH} /usr/bin/cmake /home/user/kuka_rl_ros2/src/lbr-stack/lbr_fri_idl -DCMAKE_INSTALL_PREFIX=/home/user/kuka_rl_ros2/src/install/lbr_fri_idl
[2.146s] Invoking command in '/home/user/kuka_rl_ros2/src/build/lbr_fri_idl': CMAKE_PREFIX_PATH=/home/user/kuka_rl_ros2/src/install/fri_client_sdk:/home/user/kuka_rl_ros2/install/med7_moveit_config:/home/user/kuka_rl_ros2/install/med14_moveit_config:/home/user/kuka_rl_ros2/install/lbr_fri_ros2_stack:/home/user/kuka_rl_ros2/install/lbr_demos_cpp:/home/user/kuka_rl_ros2/install/lbr_bringup:/home/user/kuka_rl_ros2/install/lbr_ros2_control:/home/user/kuka_rl_ros2/install/lbr_moveit_cpp:/home/user/kuka_rl_ros2/install/lbr_demos_advanced_cpp:/home/user/kuka_rl_ros2/install/lbr_fri_ros2:/home/user/kuka_rl_ros2/install/lbr_fri_idl:/home/user/kuka_rl_ros2/install/iiwa7_moveit_config:/home/user/kuka_rl_ros2/install/iiwa14_moveit_config:/home/user/kuka_rl_ros2/install/lbr_description:/home/user/kuka_rl_ros2/install/fri_client_sdk:/home/user/kuka_rl_ros2/install/catch_and_throw:/home/user/kuka_rl_ros2/install/lbr_demos_py:/home/user/kuka_rl_ros2/install/lbr_moveit:/home/user/kuka_rl_ros2/install/lbr_demos_advanced_py:/opt/ros/humble LD_LIBRARY_PATH=/home/user/kuka_rl_ros2/src/install/fri_client_sdk/lib:${LD_LIBRARY_PATH} PKG_CONFIG_PATH=/home/user/kuka_rl_ros2/src/install/fri_client_sdk/lib/x86_64-linux-gnu/pkgconfig:/home/user/kuka_rl_ros2/src/install/fri_client_sdk/lib/pkgconfig:${PKG_CONFIG_PATH} /usr/bin/cmake --build /home/user/kuka_rl_ros2/src/build/lbr_fri_idl -- -j8 -l8
[2.184s] [  1%] [34m[1mGenerating C code for ROS interfaces[0m
[2.192s] [  2%] [32mBuilding CXX object gtest/CMakeFiles/gtest_main.dir/src/gtest_main.cc.o[0m
[2.192s] [  4%] [34m[1mGenerating C++ code for ROS interfaces[0m
[2.196s] [  5%] [32mBuilding CXX object gtest/CMakeFiles/gtest.dir/src/gtest-all.cc.o[0m
[2.202s] [  5%] Built target ament_cmake_python_copy_lbr_fri_idl
[2.470s] running egg_info
[2.471s] creating lbr_fri_idl.egg-info
[2.471s] writing lbr_fri_idl.egg-info/PKG-INFO
[2.471s] writing dependency_links to lbr_fri_idl.egg-info/dependency_links.txt
[2.471s] writing top-level names to lbr_fri_idl.egg-info/top_level.txt
[2.472s] writing manifest file 'lbr_fri_idl.egg-info/SOURCES.txt'
[2.473s] reading manifest file 'lbr_fri_idl.egg-info/SOURCES.txt'
[2.474s] writing manifest file 'lbr_fri_idl.egg-info/SOURCES.txt'
[2.499s] [  5%] Built target ament_cmake_python_build_lbr_fri_idl_egg
[2.850s] [  5%] Built target lbr_fri_idl__cpp
[2.864s] [  8%] [34m[1mGenerating C++ type support for eProsima Fast-RTPS[0m
[2.864s] [  8%] [34m[1mGenerating C++ type support dispatch for ROS interfaces[0m
[2.864s] [ 10%] [34m[1mGenerating C++ introspection for ROS interfaces[0m
[3.128s] [ 11%] [32m[1mLinking CXX static library libgtest_main.a[0m
[3.175s] [ 11%] Built target gtest_main
[3.189s] [ 13%] [32mBuilding C object CMakeFiles/lbr_fri_idl__rosidl_generator_c.dir/rosidl_generator_c/lbr_fri_idl/msg/detail/lbr_joint_position_command__functions.c.o[0m
[3.189s] [ 14%] [32mBuilding C object CMakeFiles/lbr_fri_idl__rosidl_generator_c.dir/rosidl_generator_c/lbr_fri_idl/msg/detail/lbr_command__functions.c.o[0m
[3.191s] [ 15%] [32mBuilding C object CMakeFiles/lbr_fri_idl__rosidl_generator_c.dir/rosidl_generator_c/lbr_fri_idl/msg/detail/lbr_state__functions.c.o[0m
[3.199s] [ 17%] [32mBuilding C object CMakeFiles/lbr_fri_idl__rosidl_generator_c.dir/rosidl_generator_c/lbr_fri_idl/msg/detail/lbr_torque_command__functions.c.o[0m
[3.328s] [ 18%] [32mBuilding C object CMakeFiles/lbr_fri_idl__rosidl_generator_c.dir/rosidl_generator_c/lbr_fri_idl/msg/detail/lbr_wrench_command__functions.c.o[0m
[3.421s] [ 20%] [32m[1mLinking C shared library liblbr_fri_idl__rosidl_generator_c.so[0m
[3.464s] [ 20%] Built target lbr_fri_idl__rosidl_generator_c
[3.477s] [ 23%] [34m[1mGenerating C type support for eProsima Fast-RTPS[0m
[3.477s] [ 23%] [34m[1mGenerating C type support dispatch for ROS interfaces[0m
[3.478s] [ 24%] [34m[1mGenerating C introspection for ROS interfaces[0m
[3.670s] [ 26%] [32mBuilding CXX object CMakeFiles/lbr_fri_idl__rosidl_typesupport_cpp.dir/rosidl_typesupport_cpp/lbr_fri_idl/msg/lbr_joint_position_command__type_support.cpp.o[0m
[3.671s] [ 27%] [32mBuilding CXX object CMakeFiles/lbr_fri_idl__rosidl_typesupport_cpp.dir/rosidl_typesupport_cpp/lbr_fri_idl/msg/lbr_command__type_support.cpp.o[0m
[3.690s] [ 28%] [32mBuilding CXX object CMakeFiles/lbr_fri_idl__rosidl_typesupport_fastrtps_cpp.dir/rosidl_typesupport_fastrtps_cpp/lbr_fri_idl/msg/detail/dds_fastrtps/lbr_command__type_support.cpp.o[0m
[3.888s] [ 30%] [32mBuilding CXX object CMakeFiles/lbr_fri_idl__rosidl_typesupport_introspection_cpp.dir/rosidl_typesupport_introspection_cpp/lbr_fri_idl/msg/detail/lbr_command__type_support.cpp.o[0m
[4.084s] [ 31%] [32mBuilding CXX object CMakeFiles/lbr_fri_idl__rosidl_typesupport_cpp.dir/rosidl_typesupport_cpp/lbr_fri_idl/msg/lbr_state__type_support.cpp.o[0m
[4.166s] [ 33%] [32mBuilding CXX object CMakeFiles/lbr_fri_idl__rosidl_typesupport_cpp.dir/rosidl_typesupport_cpp/lbr_fri_idl/msg/lbr_torque_command__type_support.cpp.o[0m
[4.303s] [ 34%] [32mBuilding CXX object CMakeFiles/lbr_fri_idl__rosidl_typesupport_c.dir/rosidl_typesupport_c/lbr_fri_idl/msg/lbr_command__type_support.cpp.o[0m
[4.358s] [ 36%] [32mBuilding CXX object CMakeFiles/lbr_fri_idl__rosidl_typesupport_fastrtps_cpp.dir/rosidl_typesupport_fastrtps_cpp/lbr_fri_idl/msg/detail/dds_fastrtps/lbr_joint_position_command__type_support.cpp.o[0m
[4.419s] [ 37%] [32mBuilding CXX object CMakeFiles/lbr_fri_idl__rosidl_typesupport_c.dir/rosidl_typesupport_c/lbr_fri_idl/msg/lbr_joint_position_command__type_support.cpp.o[0m
[4.518s] [ 39%] [32mBuilding CXX object CMakeFiles/lbr_fri_idl__rosidl_typesupport_c.dir/rosidl_typesupport_c/lbr_fri_idl/msg/lbr_state__type_support.cpp.o[0m
[4.555s] [ 40%] [32mBuilding CXX object CMakeFiles/lbr_fri_idl__rosidl_typesupport_introspection_cpp.dir/rosidl_typesupport_introspection_cpp/lbr_fri_idl/msg/detail/lbr_joint_position_command__type_support.cpp.o[0m
[4.582s] [ 42%] [32mBuilding CXX object CMakeFiles/lbr_fri_idl__rosidl_typesupport_c.dir/rosidl_typesupport_c/lbr_fri_idl/msg/lbr_torque_command__type_support.cpp.o[0m
[4.595s] [ 43%] [32mBuilding CXX object CMakeFiles/lbr_fri_idl__rosidl_typesupport_cpp.dir/rosidl_typesupport_cpp/lbr_fri_idl/msg/lbr_wrench_command__type_support.cpp.o[0m
[4.599s] [ 44%] [32mBuilding C object CMakeFiles/lbr_fri_idl__rosidl_typesupport_introspection_c.dir/rosidl_typesupport_introspection_c/lbr_fri_idl/msg/detail/lbr_command__type_support.c.o[0m
[4.639s] [ 46%] [32mBuilding CXX object CMakeFiles/lbr_fri_idl__rosidl_typesupport_c.dir/rosidl_typesupport_c/lbr_fri_idl/msg/lbr_wrench_command__type_support.cpp.o[0m
[4.677s] [ 47%] [32mBuilding C object CMakeFiles/lbr_fri_idl__rosidl_typesupport_introspection_c.dir/rosidl_typesupport_introspection_c/lbr_fri_idl/msg/detail/lbr_joint_position_command__type_support.c.o[0m
[4.693s] [ 49%] [32m[1mLinking CXX shared library liblbr_fri_idl__rosidl_typesupport_c.so[0m
[4.696s] [ 50%] [32mBuilding C object CMakeFiles/lbr_fri_idl__rosidl_typesupport_introspection_c.dir/rosidl_typesupport_introspection_c/lbr_fri_idl/msg/detail/lbr_state__type_support.c.o[0m
[4.706s] [ 52%] [32mBuilding CXX object CMakeFiles/lbr_fri_idl__rosidl_typesupport_fastrtps_c.dir/rosidl_typesupport_fastrtps_c/lbr_fri_idl/msg/detail/lbr_command__type_support_c.cpp.o[0m
[4.751s] [ 53%] [32mBuilding C object CMakeFiles/lbr_fri_idl__rosidl_typesupport_introspection_c.dir/rosidl_typesupport_introspection_c/lbr_fri_idl/msg/detail/lbr_torque_command__type_support.c.o[0m
[4.805s] [ 53%] Built target lbr_fri_idl__rosidl_typesupport_c
[4.817s] [ 55%] [32mBuilding C object CMakeFiles/lbr_fri_idl__rosidl_typesupport_introspection_c.dir/rosidl_typesupport_introspection_c/lbr_fri_idl/msg/detail/lbr_wrench_command__type_support.c.o[0m
[4.829s] [ 56%] [32mBuilding CXX object CMakeFiles/lbr_fri_idl__rosidl_typesupport_fastrtps_c.dir/rosidl_typesupport_fastrtps_c/lbr_fri_idl/msg/detail/lbr_joint_position_command__type_support_c.cpp.o[0m
[4.851s] [ 57%] [32mBuilding CXX object CMakeFiles/lbr_fri_idl__rosidl_typesupport_introspection_cpp.dir/rosidl_typesupport_introspection_cpp/lbr_fri_idl/msg/detail/lbr_state__type_support.cpp.o[0m
[4.888s] [ 59%] [32m[1mLinking C shared library liblbr_fri_idl__rosidl_typesupport_introspection_c.so[0m
[4.962s] [ 60%] [32mBuilding CXX object CMakeFiles/lbr_fri_idl__rosidl_typesupport_fastrtps_cpp.dir/rosidl_typesupport_fastrtps_cpp/lbr_fri_idl/msg/detail/dds_fastrtps/lbr_state__type_support.cpp.o[0m
[4.967s] [ 60%] Built target lbr_fri_idl__rosidl_typesupport_introspection_c
[5.018s] [ 63%] [32m[1mLinking CXX shared library liblbr_fri_idl__rosidl_typesupport_cpp.so[0m
[5.018s] [ 63%] [32mBuilding CXX object CMakeFiles/lbr_fri_idl__rosidl_typesupport_introspection_cpp.dir/rosidl_typesupport_introspection_cpp/lbr_fri_idl/msg/detail/lbr_torque_command__type_support.cpp.o[0m
[5.077s] [ 63%] Built target lbr_fri_idl__rosidl_typesupport_cpp
[5.089s] [ 65%] [32mBuilding CXX object CMakeFiles/lbr_fri_idl__rosidl_typesupport_introspection_cpp.dir/rosidl_typesupport_introspection_cpp/lbr_fri_idl/msg/detail/lbr_wrench_command__type_support.cpp.o[0m
[5.206s] [ 66%] [32mBuilding CXX object CMakeFiles/lbr_fri_idl__rosidl_typesupport_fastrtps_cpp.dir/rosidl_typesupport_fastrtps_cpp/lbr_fri_idl/msg/detail/dds_fastrtps/lbr_torque_command__type_support.cpp.o[0m
[5.347s] [ 68%] [32mBuilding CXX object CMakeFiles/lbr_fri_idl__rosidl_typesupport_fastrtps_c.dir/rosidl_typesupport_fastrtps_c/lbr_fri_idl/msg/detail/lbr_state__type_support_c.cpp.o[0m
[5.391s] [ 69%] [32mBuilding CXX object CMakeFiles/lbr_fri_idl__rosidl_typesupport_fastrtps_c.dir/rosidl_typesupport_fastrtps_c/lbr_fri_idl/msg/detail/lbr_torque_command__type_support_c.cpp.o[0m
[5.587s] [ 71%] [32mBuilding CXX object CMakeFiles/lbr_fri_idl__rosidl_typesupport_fastrtps_c.dir/rosidl_typesupport_fastrtps_c/lbr_fri_idl/msg/detail/lbr_wrench_command__type_support_c.cpp.o[0m
[5.651s] [ 72%] [32mBuilding CXX object CMakeFiles/lbr_fri_idl__rosidl_typesupport_fastrtps_cpp.dir/rosidl_typesupport_fastrtps_cpp/lbr_fri_idl/msg/detail/dds_fastrtps/lbr_wrench_command__type_support.cpp.o[0m
[5.783s] [ 73%] [32m[1mLinking CXX shared library liblbr_fri_idl__rosidl_typesupport_introspection_cpp.so[0m
[5.867s] [ 73%] Built target lbr_fri_idl__rosidl_typesupport_introspection_cpp
[6.050s] [ 75%] [32m[1mLinking CXX shared library liblbr_fri_idl__rosidl_typesupport_fastrtps_c.so[0m
[6.128s] [ 75%] Built target lbr_fri_idl__rosidl_typesupport_fastrtps_c
[6.158s] [ 76%] [32m[1mLinking CXX shared library liblbr_fri_idl__rosidl_typesupport_fastrtps_cpp.so[0m
[6.238s] [ 76%] Built target lbr_fri_idl__rosidl_typesupport_fastrtps_cpp
[6.258s] [ 76%] Built target lbr_fri_idl
[6.278s] [ 78%] [34m[1mGenerating Python code for ROS interfaces[0m
[7.147s] [ 78%] Built target lbr_fri_idl__py
[7.167s] [ 79%] [32mBuilding C object CMakeFiles/lbr_fri_idl__rosidl_generator_py.dir/rosidl_generator_py/lbr_fri_idl/msg/_lbr_torque_command_s.c.o[0m
[7.168s] [ 81%] [32mBuilding C object CMakeFiles/lbr_fri_idl__rosidl_generator_py.dir/rosidl_generator_py/lbr_fri_idl/msg/_lbr_joint_position_command_s.c.o[0m
[7.169s] [ 84%] [32mBuilding C object CMakeFiles/lbr_fri_idl__rosidl_generator_py.dir/rosidl_generator_py/lbr_fri_idl/msg/_lbr_state_s.c.o[0m
[7.169s] [ 82%] [32mBuilding C object CMakeFiles/lbr_fri_idl__rosidl_generator_py.dir/rosidl_generator_py/lbr_fri_idl/msg/_lbr_command_s.c.o[0m
[7.169s] [ 85%] [32mBuilding C object CMakeFiles/lbr_fri_idl__rosidl_generator_py.dir/rosidl_generator_py/lbr_fri_idl/msg/_lbr_wrench_command_s.c.o[0m
[7.421s] [ 86%] [32m[1mLinking C shared library rosidl_generator_py/lbr_fri_idl/liblbr_fri_idl__rosidl_generator_py.so[0m
[7.458s] [ 86%] Built target lbr_fri_idl__rosidl_generator_py
[7.478s] [ 88%] [32mBuilding C object CMakeFiles/lbr_fri_idl__rosidl_typesupport_c__pyext.dir/rosidl_generator_py/lbr_fri_idl/_lbr_fri_idl_s.ep.rosidl_typesupport_c.c.o[0m
[7.478s] [ 89%] [32mBuilding C object CMakeFiles/lbr_fri_idl__rosidl_typesupport_introspection_c__pyext.dir/rosidl_generator_py/lbr_fri_idl/_lbr_fri_idl_s.ep.rosidl_typesupport_introspection_c.c.o[0m
[7.485s] [ 91%] [32mBuilding C object CMakeFiles/lbr_fri_idl__rosidl_typesupport_fastrtps_c__pyext.dir/rosidl_generator_py/lbr_fri_idl/_lbr_fri_idl_s.ep.rosidl_typesupport_fastrtps_c.c.o[0m
[7.630s] [ 92%] [32m[1mLinking C shared library rosidl_generator_py/lbr_fri_idl/lbr_fri_idl_s__rosidl_typesupport_introspection_c.cpython-310-x86_64-linux-gnu.so[0m
[7.634s] [ 94%] [32m[1mLinking C shared library rosidl_generator_py/lbr_fri_idl/lbr_fri_idl_s__rosidl_typesupport_c.cpython-310-x86_64-linux-gnu.so[0m
[7.668s] [ 94%] Built target lbr_fri_idl__rosidl_typesupport_c__pyext
[7.672s] [ 94%] Built target lbr_fri_idl__rosidl_typesupport_introspection_c__pyext
[7.720s] [ 95%] [32m[1mLinking C shared library rosidl_generator_py/lbr_fri_idl/lbr_fri_idl_s__rosidl_typesupport_fastrtps_c.cpython-310-x86_64-linux-gnu.so[0m
[7.753s] [ 95%] Built target lbr_fri_idl__rosidl_typesupport_fastrtps_c__pyext
[10.235s] [ 97%] [32m[1mLinking CXX static library libgtest.a[0m
[10.267s] [ 97%] Built target gtest
[10.285s] [ 98%] [32mBuilding CXX object CMakeFiles/lbr_fri_idl_test_command_interfaces.dir/test/test_command_interfaces.cpp.o[0m
[11.063s] [100%] [32m[1mLinking CXX executable lbr_fri_idl_test_command_interfaces[0m
[11.137s] [100%] Built target lbr_fri_idl_test_command_interfaces
[11.147s] Invoked command in '/home/user/kuka_rl_ros2/src/build/lbr_fri_idl' returned '0': CMAKE_PREFIX_PATH=/home/user/kuka_rl_ros2/src/install/fri_client_sdk:/home/user/kuka_rl_ros2/install/med7_moveit_config:/home/user/kuka_rl_ros2/install/med14_moveit_config:/home/user/kuka_rl_ros2/install/lbr_fri_ros2_stack:/home/user/kuka_rl_ros2/install/lbr_demos_cpp:/home/user/kuka_rl_ros2/install/lbr_bringup:/home/user/kuka_rl_ros2/install/lbr_ros2_control:/home/user/kuka_rl_ros2/install/lbr_moveit_cpp:/home/user/kuka_rl_ros2/install/lbr_demos_advanced_cpp:/home/user/kuka_rl_ros2/install/lbr_fri_ros2:/home/user/kuka_rl_ros2/install/lbr_fri_idl:/home/user/kuka_rl_ros2/install/iiwa7_moveit_config:/home/user/kuka_rl_ros2/install/iiwa14_moveit_config:/home/user/kuka_rl_ros2/install/lbr_description:/home/user/kuka_rl_ros2/install/fri_client_sdk:/home/user/kuka_rl_ros2/install/catch_and_throw:/home/user/kuka_rl_ros2/install/lbr_demos_py:/home/user/kuka_rl_ros2/install/lbr_moveit:/home/user/kuka_rl_ros2/install/lbr_demos_advanced_py:/opt/ros/humble LD_LIBRARY_PATH=/home/user/kuka_rl_ros2/src/install/fri_client_sdk/lib:${LD_LIBRARY_PATH} PKG_CONFIG_PATH=/home/user/kuka_rl_ros2/src/install/fri_client_sdk/lib/x86_64-linux-gnu/pkgconfig:/home/user/kuka_rl_ros2/src/install/fri_client_sdk/lib/pkgconfig:${PKG_CONFIG_PATH} /usr/bin/cmake --build /home/user/kuka_rl_ros2/src/build/lbr_fri_idl -- -j8 -l8
[11.149s] Invoking command in '/home/user/kuka_rl_ros2/src/build/lbr_fri_idl': CMAKE_PREFIX_PATH=/home/user/kuka_rl_ros2/src/install/fri_client_sdk:/home/user/kuka_rl_ros2/install/med7_moveit_config:/home/user/kuka_rl_ros2/install/med14_moveit_config:/home/user/kuka_rl_ros2/install/lbr_fri_ros2_stack:/home/user/kuka_rl_ros2/install/lbr_demos_cpp:/home/user/kuka_rl_ros2/install/lbr_bringup:/home/user/kuka_rl_ros2/install/lbr_ros2_control:/home/user/kuka_rl_ros2/install/lbr_moveit_cpp:/home/user/kuka_rl_ros2/install/lbr_demos_advanced_cpp:/home/user/kuka_rl_ros2/install/lbr_fri_ros2:/home/user/kuka_rl_ros2/install/lbr_fri_idl:/home/user/kuka_rl_ros2/install/iiwa7_moveit_config:/home/user/kuka_rl_ros2/install/iiwa14_moveit_config:/home/user/kuka_rl_ros2/install/lbr_description:/home/user/kuka_rl_ros2/install/fri_client_sdk:/home/user/kuka_rl_ros2/install/catch_and_throw:/home/user/kuka_rl_ros2/install/lbr_demos_py:/home/user/kuka_rl_ros2/install/lbr_moveit:/home/user/kuka_rl_ros2/install/lbr_demos_advanced_py:/opt/ros/humble LD_LIBRARY_PATH=/home/user/kuka_rl_ros2/src/install/fri_client_sdk/lib:${LD_LIBRARY_PATH} PKG_CONFIG_PATH=/home/user/kuka_rl_ros2/src/install/fri_client_sdk/lib/x86_64-linux-gnu/pkgconfig:/home/user/kuka_rl_ros2/src/install/fri_client_sdk/lib/pkgconfig:${PKG_CONFIG_PATH} /usr/bin/cmake --install /home/user/kuka_rl_ros2/src/build/lbr_fri_idl
[11.155s] -- Install configuration: "Release"
[11.156s] -- Installing: /home/user/kuka_rl_ros2/src/install/lbr_fri_idl/share/ament_index/resource_index/rosidl_interfaces/lbr_fri_idl
[11.156s] -- Installing: /home/user/kuka_rl_ros2/src/install/lbr_fri_idl/include/lbr_fri_idl/lbr_fri_idl
[11.156s] -- Installing: /home/user/kuka_rl_ros2/src/install/lbr_fri_idl/include/lbr_fri_idl/lbr_fri_idl/msg
[11.156s] -- Installing: /home/user/kuka_rl_ros2/src/install/lbr_fri_idl/include/lbr_fri_idl/lbr_fri_idl/msg/lbr_state.h
[11.156s] -- Installing: /home/user/kuka_rl_ros2/src/install/lbr_fri_idl/include/lbr_fri_idl/lbr_fri_idl/msg/lbr_torque_command.h
[11.156s] -- Installing: /home/user/kuka_rl_ros2/src/install/lbr_fri_idl/include/lbr_fri_idl/lbr_fri_idl/msg/lbr_joint_position_command.h
[11.156s] -- Installing: /home/user/kuka_rl_ros2/src/install/lbr_fri_idl/include/lbr_fri_idl/lbr_fri_idl/msg/lbr_wrench_command.h
[11.156s] -- Installing: /home/user/kuka_rl_ros2/src/install/lbr_fri_idl/include/lbr_fri_idl/lbr_fri_idl/msg/detail
[11.156s] -- Installing: /home/user/kuka_rl_ros2/src/install/lbr_fri_idl/include/lbr_fri_idl/lbr_fri_idl/msg/detail/lbr_wrench_command__struct.h
[11.156s] -- Installing: /home/user/kuka_rl_ros2/src/install/lbr_fri_idl/include/lbr_fri_idl/lbr_fri_idl/msg/detail/lbr_joint_position_command__struct.h
[11.156s] -- Installing: /home/user/kuka_rl_ros2/src/install/lbr_fri_idl/include/lbr_fri_idl/lbr_fri_idl/msg/detail/lbr_joint_position_command__type_support.h
[11.157s] -- Installing: /home/user/kuka_rl_ros2/src/install/lbr_fri_idl/include/lbr_fri_idl/lbr_fri_idl/msg/detail/lbr_command__struct.h
[11.157s] -- Installing: /home/user/kuka_rl_ros2/src/install/lbr_fri_idl/include/lbr_fri_idl/lbr_fri_idl/msg/detail/lbr_joint_position_command__functions.c
[11.157s] -- Installing: /home/user/kuka_rl_ros2/src/install/lbr_fri_idl/include/lbr_fri_idl/lbr_fri_idl/msg/detail/lbr_state__type_support.h
[11.157s] -- Installing: /home/user/kuka_rl_ros2/src/install/lbr_fri_idl/include/lbr_fri_idl/lbr_fri_idl/msg/detail/lbr_command__functions.c
[11.157s] -- Installing: /home/user/kuka_rl_ros2/src/install/lbr_fri_idl/include/lbr_fri_idl/lbr_fri_idl/msg/detail/lbr_state__functions.h
[11.157s] -- Installing: /home/user/kuka_rl_ros2/src/install/lbr_fri_idl/include/lbr_fri_idl/lbr_fri_idl/msg/detail/lbr_wrench_command__type_support.h
[11.157s] -- Installing: /home/user/kuka_rl_ros2/src/install/lbr_fri_idl/include/lbr_fri_idl/lbr_fri_idl/msg/detail/lbr_command__functions.h
[11.157s] -- Installing: /home/user/kuka_rl_ros2/src/install/lbr_fri_idl/include/lbr_fri_idl/lbr_fri_idl/msg/detail/lbr_state__functions.c
[11.157s] -- Installing: /home/user/kuka_rl_ros2/src/install/lbr_fri_idl/include/lbr_fri_idl/lbr_fri_idl/msg/detail/lbr_wrench_command__functions.h
[11.158s] -- Installing: /home/user/kuka_rl_ros2/src/install/lbr_fri_idl/include/lbr_fri_idl/lbr_fri_idl/msg/detail/lbr_state__struct.h
[11.158s] -- Installing: /home/user/kuka_rl_ros2/src/install/lbr_fri_idl/include/lbr_fri_idl/lbr_fri_idl/msg/detail/lbr_joint_position_command__functions.h
[11.158s] -- Installing: /home/user/kuka_rl_ros2/src/install/lbr_fri_idl/include/lbr_fri_idl/lbr_fri_idl/msg/detail/lbr_torque_command__struct.h
[11.158s] -- Installing: /home/user/kuka_rl_ros2/src/install/lbr_fri_idl/include/lbr_fri_idl/lbr_fri_idl/msg/detail/lbr_wrench_command__functions.c
[11.158s] -- Installing: /home/user/kuka_rl_ros2/src/install/lbr_fri_idl/include/lbr_fri_idl/lbr_fri_idl/msg/detail/lbr_torque_command__type_support.h
[11.158s] -- Installing: /home/user/kuka_rl_ros2/src/install/lbr_fri_idl/include/lbr_fri_idl/lbr_fri_idl/msg/detail/lbr_command__type_support.h
[11.158s] -- Installing: /home/user/kuka_rl_ros2/src/install/lbr_fri_idl/include/lbr_fri_idl/lbr_fri_idl/msg/detail/lbr_torque_command__functions.c
[11.158s] -- Installing: /home/user/kuka_rl_ros2/src/install/lbr_fri_idl/include/lbr_fri_idl/lbr_fri_idl/msg/detail/lbr_torque_command__functions.h
[11.158s] -- Installing: /home/user/kuka_rl_ros2/src/install/lbr_fri_idl/include/lbr_fri_idl/lbr_fri_idl/msg/lbr_command.h
[11.159s] -- Installing: /home/user/kuka_rl_ros2/src/install/lbr_fri_idl/include/lbr_fri_idl/lbr_fri_idl/msg/rosidl_generator_c__visibility_control.h
[11.159s] -- Installing: /home/user/kuka_rl_ros2/src/install/lbr_fri_idl/share/lbr_fri_idl/environment/library_path.sh
[11.159s] -- Installing: /home/user/kuka_rl_ros2/src/install/lbr_fri_idl/share/lbr_fri_idl/environment/library_path.dsv
[11.159s] -- Installing: /home/user/kuka_rl_ros2/src/install/lbr_fri_idl/lib/liblbr_fri_idl__rosidl_generator_c.so
[11.159s] -- Set runtime path of "/home/user/kuka_rl_ros2/src/install/lbr_fri_idl/lib/liblbr_fri_idl__rosidl_generator_c.so" to ""
[11.160s] -- Up-to-date: /home/user/kuka_rl_ros2/src/install/lbr_fri_idl/include/lbr_fri_idl/lbr_fri_idl
[11.160s] -- Up-to-date: /home/user/kuka_rl_ros2/src/install/lbr_fri_idl/include/lbr_fri_idl/lbr_fri_idl/msg
[11.160s] -- Installing: /home/user/kuka_rl_ros2/src/install/lbr_fri_idl/include/lbr_fri_idl/lbr_fri_idl/msg/rosidl_typesupport_fastrtps_c__visibility_control.h
[11.160s] -- Up-to-date: /home/user/kuka_rl_ros2/src/install/lbr_fri_idl/include/lbr_fri_idl/lbr_fri_idl/msg/detail
[11.160s] -- Installing: /home/user/kuka_rl_ros2/src/install/lbr_fri_idl/include/lbr_fri_idl/lbr_fri_idl/msg/detail/lbr_torque_command__rosidl_typesupport_fastrtps_c.h
[11.160s] -- Installing: /home/user/kuka_rl_ros2/src/install/lbr_fri_idl/include/lbr_fri_idl/lbr_fri_idl/msg/detail/lbr_command__rosidl_typesupport_fastrtps_c.h
[11.160s] -- Installing: /home/user/kuka_rl_ros2/src/install/lbr_fri_idl/include/lbr_fri_idl/lbr_fri_idl/msg/detail/lbr_state__rosidl_typesupport_fastrtps_c.h
[11.160s] -- Installing: /home/user/kuka_rl_ros2/src/install/lbr_fri_idl/include/lbr_fri_idl/lbr_fri_idl/msg/detail/lbr_joint_position_command__rosidl_typesupport_fastrtps_c.h
[11.160s] -- Installing: /home/user/kuka_rl_ros2/src/install/lbr_fri_idl/include/lbr_fri_idl/lbr_fri_idl/msg/detail/lbr_wrench_command__rosidl_typesupport_fastrtps_c.h
[11.160s] -- Installing: /home/user/kuka_rl_ros2/src/install/lbr_fri_idl/lib/liblbr_fri_idl__rosidl_typesupport_fastrtps_c.so
[11.161s] -- Set runtime path of "/home/user/kuka_rl_ros2/src/install/lbr_fri_idl/lib/liblbr_fri_idl__rosidl_typesupport_fastrtps_c.so" to ""
[11.161s] -- Up-to-date: /home/user/kuka_rl_ros2/src/install/lbr_fri_idl/include/lbr_fri_idl/lbr_fri_idl
[11.161s] -- Up-to-date: /home/user/kuka_rl_ros2/src/install/lbr_fri_idl/include/lbr_fri_idl/lbr_fri_idl/msg
[11.161s] -- Installing: /home/user/kuka_rl_ros2/src/install/lbr_fri_idl/include/lbr_fri_idl/lbr_fri_idl/msg/rosidl_generator_cpp__visibility_control.hpp
[11.161s] -- Installing: /home/user/kuka_rl_ros2/src/install/lbr_fri_idl/include/lbr_fri_idl/lbr_fri_idl/msg/lbr_state.hpp
[11.161s] -- Installing: /home/user/kuka_rl_ros2/src/install/lbr_fri_idl/include/lbr_fri_idl/lbr_fri_idl/msg/lbr_wrench_command.hpp
[11.161s] -- Installing: /home/user/kuka_rl_ros2/src/install/lbr_fri_idl/include/lbr_fri_idl/lbr_fri_idl/msg/lbr_torque_command.hpp
[11.161s] -- Installing: /home/user/kuka_rl_ros2/src/install/lbr_fri_idl/include/lbr_fri_idl/lbr_fri_idl/msg/lbr_joint_position_command.hpp
[11.161s] -- Up-to-date: /home/user/kuka_rl_ros2/src/install/lbr_fri_idl/include/lbr_fri_idl/lbr_fri_idl/msg/detail
[11.161s] -- Installing: /home/user/kuka_rl_ros2/src/install/lbr_fri_idl/include/lbr_fri_idl/lbr_fri_idl/msg/detail/lbr_wrench_command__builder.hpp
[11.161s] -- Installing: /home/user/kuka_rl_ros2/src/install/lbr_fri_idl/include/lbr_fri_idl/lbr_fri_idl/msg/detail/lbr_torque_command__builder.hpp
[11.162s] -- Installing: /home/user/kuka_rl_ros2/src/install/lbr_fri_idl/include/lbr_fri_idl/lbr_fri_idl/msg/detail/lbr_joint_position_command__traits.hpp
[11.162s] -- Installing: /home/user/kuka_rl_ros2/src/install/lbr_fri_idl/include/lbr_fri_idl/lbr_fri_idl/msg/detail/lbr_command__builder.hpp
[11.162s] -- Installing: /home/user/kuka_rl_ros2/src/install/lbr_fri_idl/include/lbr_fri_idl/lbr_fri_idl/msg/detail/lbr_joint_position_command__builder.hpp
[11.162s] -- Installing: /home/user/kuka_rl_ros2/src/install/lbr_fri_idl/include/lbr_fri_idl/lbr_fri_idl/msg/detail/lbr_wrench_command__type_support.hpp
[11.162s] -- Installing: /home/user/kuka_rl_ros2/src/install/lbr_fri_idl/include/lbr_fri_idl/lbr_fri_idl/msg/detail/lbr_state__type_support.hpp
[11.162s] -- Installing: /home/user/kuka_rl_ros2/src/install/lbr_fri_idl/include/lbr_fri_idl/lbr_fri_idl/msg/detail/lbr_state__traits.hpp
[11.162s] -- Installing: /home/user/kuka_rl_ros2/src/install/lbr_fri_idl/include/lbr_fri_idl/lbr_fri_idl/msg/detail/lbr_torque_command__struct.hpp
[11.162s] -- Installing: /home/user/kuka_rl_ros2/src/install/lbr_fri_idl/include/lbr_fri_idl/lbr_fri_idl/msg/detail/lbr_command__traits.hpp
[11.162s] -- Installing: /home/user/kuka_rl_ros2/src/install/lbr_fri_idl/include/lbr_fri_idl/lbr_fri_idl/msg/detail/lbr_joint_position_command__type_support.hpp
[11.162s] -- Installing: /home/user/kuka_rl_ros2/src/install/lbr_fri_idl/include/lbr_fri_idl/lbr_fri_idl/msg/detail/lbr_command__struct.hpp
[11.163s] -- Installing: /home/user/kuka_rl_ros2/src/install/lbr_fri_idl/include/lbr_fri_idl/lbr_fri_idl/msg/detail/lbr_command__type_support.hpp
[11.163s] -- Installing: /home/user/kuka_rl_ros2/src/install/lbr_fri_idl/include/lbr_fri_idl/lbr_fri_idl/msg/detail/lbr_joint_position_command__struct.hpp
[11.163s] -- Installing: /home/user/kuka_rl_ros2/src/install/lbr_fri_idl/include/lbr_fri_idl/lbr_fri_idl/msg/detail/lbr_state__builder.hpp
[11.163s] -- Installing: /home/user/kuka_rl_ros2/src/install/lbr_fri_idl/include/lbr_fri_idl/lbr_fri_idl/msg/detail/lbr_torque_command__type_support.hpp
[11.163s] -- Installing: /home/user/kuka_rl_ros2/src/install/lbr_fri_idl/include/lbr_fri_idl/lbr_fri_idl/msg/detail/lbr_wrench_command__traits.hpp
[11.163s] -- Installing: /home/user/kuka_rl_ros2/src/install/lbr_fri_idl/include/lbr_fri_idl/lbr_fri_idl/msg/detail/lbr_torque_command__traits.hpp
[11.163s] -- Installing: /home/user/kuka_rl_ros2/src/install/lbr_fri_idl/include/lbr_fri_idl/lbr_fri_idl/msg/detail/lbr_state__struct.hpp
[11.163s] -- Installing: /home/user/kuka_rl_ros2/src/install/lbr_fri_idl/include/lbr_fri_idl/lbr_fri_idl/msg/detail/lbr_wrench_command__struct.hpp
[11.163s] -- Installing: /home/user/kuka_rl_ros2/src/install/lbr_fri_idl/include/lbr_fri_idl/lbr_fri_idl/msg/lbr_command.hpp
[11.164s] -- Up-to-date: /home/user/kuka_rl_ros2/src/install/lbr_fri_idl/include/lbr_fri_idl/lbr_fri_idl
[11.164s] -- Up-to-date: /home/user/kuka_rl_ros2/src/install/lbr_fri_idl/include/lbr_fri_idl/lbr_fri_idl/msg
[11.164s] -- Up-to-date: /home/user/kuka_rl_ros2/src/install/lbr_fri_idl/include/lbr_fri_idl/lbr_fri_idl/msg/detail
[11.164s] -- Installing: /home/user/kuka_rl_ros2/src/install/lbr_fri_idl/include/lbr_fri_idl/lbr_fri_idl/msg/detail/lbr_state__rosidl_typesupport_fastrtps_cpp.hpp
[11.164s] -- Installing: /home/user/kuka_rl_ros2/src/install/lbr_fri_idl/include/lbr_fri_idl/lbr_fri_idl/msg/detail/lbr_wrench_command__rosidl_typesupport_fastrtps_cpp.hpp
[11.164s] -- Installing: /home/user/kuka_rl_ros2/src/install/lbr_fri_idl/include/lbr_fri_idl/lbr_fri_idl/msg/detail/lbr_command__rosidl_typesupport_fastrtps_cpp.hpp
[11.164s] -- Installing: /home/user/kuka_rl_ros2/src/install/lbr_fri_idl/include/lbr_fri_idl/lbr_fri_idl/msg/detail/lbr_torque_command__rosidl_typesupport_fastrtps_cpp.hpp
[11.164s] -- Installing: /home/user/kuka_rl_ros2/src/install/lbr_fri_idl/include/lbr_fri_idl/lbr_fri_idl/msg/detail/dds_fastrtps
[11.164s] -- Installing: /home/user/kuka_rl_ros2/src/install/lbr_fri_idl/include/lbr_fri_idl/lbr_fri_idl/msg/detail/lbr_joint_position_command__rosidl_typesupport_fastrtps_cpp.hpp
[11.164s] -- Installing: /home/user/kuka_rl_ros2/src/install/lbr_fri_idl/include/lbr_fri_idl/lbr_fri_idl/msg/rosidl_typesupport_fastrtps_cpp__visibility_control.h
[11.164s] -- Installing: /home/user/kuka_rl_ros2/src/install/lbr_fri_idl/lib/liblbr_fri_idl__rosidl_typesupport_fastrtps_cpp.so
[11.165s] -- Set runtime path of "/home/user/kuka_rl_ros2/src/install/lbr_fri_idl/lib/liblbr_fri_idl__rosidl_typesupport_fastrtps_cpp.so" to ""
[11.165s] -- Up-to-date: /home/user/kuka_rl_ros2/src/install/lbr_fri_idl/include/lbr_fri_idl/lbr_fri_idl
[11.165s] -- Up-to-date: /home/user/kuka_rl_ros2/src/install/lbr_fri_idl/include/lbr_fri_idl/lbr_fri_idl/msg
[11.165s] -- Installing: /home/user/kuka_rl_ros2/src/install/lbr_fri_idl/include/lbr_fri_idl/lbr_fri_idl/msg/rosidl_typesupport_introspection_c__visibility_control.h
[11.165s] -- Up-to-date: /home/user/kuka_rl_ros2/src/install/lbr_fri_idl/include/lbr_fri_idl/lbr_fri_idl/msg/detail
[11.165s] -- Installing: /home/user/kuka_rl_ros2/src/install/lbr_fri_idl/include/lbr_fri_idl/lbr_fri_idl/msg/detail/lbr_joint_position_command__rosidl_typesupport_introspection_c.h
[11.165s] -- Installing: /home/user/kuka_rl_ros2/src/install/lbr_fri_idl/include/lbr_fri_idl/lbr_fri_idl/msg/detail/lbr_wrench_command__rosidl_typesupport_introspection_c.h
[11.165s] -- Installing: /home/user/kuka_rl_ros2/src/install/lbr_fri_idl/include/lbr_fri_idl/lbr_fri_idl/msg/detail/lbr_wrench_command__type_support.c
[11.165s] -- Installing: /home/user/kuka_rl_ros2/src/install/lbr_fri_idl/include/lbr_fri_idl/lbr_fri_idl/msg/detail/lbr_torque_command__type_support.c
[11.165s] -- Installing: /home/user/kuka_rl_ros2/src/install/lbr_fri_idl/include/lbr_fri_idl/lbr_fri_idl/msg/detail/lbr_command__type_support.c
[11.165s] -- Installing: /home/user/kuka_rl_ros2/src/install/lbr_fri_idl/include/lbr_fri_idl/lbr_fri_idl/msg/detail/lbr_state__rosidl_typesupport_introspection_c.h
[11.166s] -- Installing: /home/user/kuka_rl_ros2/src/install/lbr_fri_idl/include/lbr_fri_idl/lbr_fri_idl/msg/detail/lbr_joint_position_command__type_support.c
[11.166s] -- Installing: /home/user/kuka_rl_ros2/src/install/lbr_fri_idl/include/lbr_fri_idl/lbr_fri_idl/msg/detail/lbr_state__type_support.c
[11.166s] -- Installing: /home/user/kuka_rl_ros2/src/install/lbr_fri_idl/include/lbr_fri_idl/lbr_fri_idl/msg/detail/lbr_command__rosidl_typesupport_introspection_c.h
[11.166s] -- Installing: /home/user/kuka_rl_ros2/src/install/lbr_fri_idl/include/lbr_fri_idl/lbr_fri_idl/msg/detail/lbr_torque_command__rosidl_typesupport_introspection_c.h
[11.166s] -- Installing: /home/user/kuka_rl_ros2/src/install/lbr_fri_idl/lib/liblbr_fri_idl__rosidl_typesupport_introspection_c.so
[11.167s] -- Set runtime path of "/home/user/kuka_rl_ros2/src/install/lbr_fri_idl/lib/liblbr_fri_idl__rosidl_typesupport_introspection_c.so" to ""
[11.167s] -- Installing: /home/user/kuka_rl_ros2/src/install/lbr_fri_idl/lib/liblbr_fri_idl__rosidl_typesupport_c.so
[11.167s] -- Set runtime path of "/home/user/kuka_rl_ros2/src/install/lbr_fri_idl/lib/liblbr_fri_idl__rosidl_typesupport_c.so" to ""
[11.167s] -- Up-to-date: /home/user/kuka_rl_ros2/src/install/lbr_fri_idl/include/lbr_fri_idl/lbr_fri_idl
[11.167s] -- Up-to-date: /home/user/kuka_rl_ros2/src/install/lbr_fri_idl/include/lbr_fri_idl/lbr_fri_idl/msg
[11.167s] -- Up-to-date: /home/user/kuka_rl_ros2/src/install/lbr_fri_idl/include/lbr_fri_idl/lbr_fri_idl/msg/detail
[11.167s] -- Installing: /home/user/kuka_rl_ros2/src/install/lbr_fri_idl/include/lbr_fri_idl/lbr_fri_idl/msg/detail/lbr_torque_command__type_support.cpp
[11.167s] -- Installing: /home/user/kuka_rl_ros2/src/install/lbr_fri_idl/include/lbr_fri_idl/lbr_fri_idl/msg/detail/lbr_wrench_command__rosidl_typesupport_introspection_cpp.hpp
[11.167s] -- Installing: /home/user/kuka_rl_ros2/src/install/lbr_fri_idl/include/lbr_fri_idl/lbr_fri_idl/msg/detail/lbr_command__rosidl_typesupport_introspection_cpp.hpp
[11.167s] -- Installing: /home/user/kuka_rl_ros2/src/install/lbr_fri_idl/include/lbr_fri_idl/lbr_fri_idl/msg/detail/lbr_command__type_support.cpp
[11.168s] -- Installing: /home/user/kuka_rl_ros2/src/install/lbr_fri_idl/include/lbr_fri_idl/lbr_fri_idl/msg/detail/lbr_joint_position_command__rosidl_typesupport_introspection_cpp.hpp
[11.168s] -- Installing: /home/user/kuka_rl_ros2/src/install/lbr_fri_idl/include/lbr_fri_idl/lbr_fri_idl/msg/detail/lbr_state__type_support.cpp
[11.168s] -- Installing: /home/user/kuka_rl_ros2/src/install/lbr_fri_idl/include/lbr_fri_idl/lbr_fri_idl/msg/detail/lbr_torque_command__rosidl_typesupport_introspection_cpp.hpp
[11.168s] -- Installing: /home/user/kuka_rl_ros2/src/install/lbr_fri_idl/include/lbr_fri_idl/lbr_fri_idl/msg/detail/lbr_wrench_command__type_support.cpp
[11.168s] -- Installing: /home/user/kuka_rl_ros2/src/install/lbr_fri_idl/include/lbr_fri_idl/lbr_fri_idl/msg/detail/lbr_joint_position_command__type_support.cpp
[11.168s] -- Installing: /home/user/kuka_rl_ros2/src/install/lbr_fri_idl/include/lbr_fri_idl/lbr_fri_idl/msg/detail/lbr_state__rosidl_typesupport_introspection_cpp.hpp
[11.168s] -- Installing: /home/user/kuka_rl_ros2/src/install/lbr_fri_idl/lib/liblbr_fri_idl__rosidl_typesupport_introspection_cpp.so
[11.169s] -- Set runtime path of "/home/user/kuka_rl_ros2/src/install/lbr_fri_idl/lib/liblbr_fri_idl__rosidl_typesupport_introspection_cpp.so" to ""
[11.169s] -- Installing: /home/user/kuka_rl_ros2/src/install/lbr_fri_idl/lib/liblbr_fri_idl__rosidl_typesupport_cpp.so
[11.169s] -- Set runtime path of "/home/user/kuka_rl_ros2/src/install/lbr_fri_idl/lib/liblbr_fri_idl__rosidl_typesupport_cpp.so" to ""
[11.169s] -- Installing: /home/user/kuka_rl_ros2/src/install/lbr_fri_idl/share/lbr_fri_idl/environment/pythonpath.sh
[11.169s] -- Installing: /home/user/kuka_rl_ros2/src/install/lbr_fri_idl/share/lbr_fri_idl/environment/pythonpath.dsv
[11.169s] -- Installing: /home/user/kuka_rl_ros2/src/install/lbr_fri_idl/local/lib/python3.10/dist-packages/lbr_fri_idl-1.5.0-py3.10.egg-info
[11.169s] -- Installing: /home/user/kuka_rl_ros2/src/install/lbr_fri_idl/local/lib/python3.10/dist-packages/lbr_fri_idl-1.5.0-py3.10.egg-info/top_level.txt
[11.169s] -- Installing: /home/user/kuka_rl_ros2/src/install/lbr_fri_idl/local/lib/python3.10/dist-packages/lbr_fri_idl-1.5.0-py3.10.egg-info/SOURCES.txt
[11.170s] -- Installing: /home/user/kuka_rl_ros2/src/install/lbr_fri_idl/local/lib/python3.10/dist-packages/lbr_fri_idl-1.5.0-py3.10.egg-info/dependency_links.txt
[11.170s] -- Installing: /home/user/kuka_rl_ros2/src/install/lbr_fri_idl/local/lib/python3.10/dist-packages/lbr_fri_idl-1.5.0-py3.10.egg-info/PKG-INFO
[11.170s] -- Installing: /home/user/kuka_rl_ros2/src/install/lbr_fri_idl/local/lib/python3.10/dist-packages/lbr_fri_idl
[11.170s] -- Installing: /home/user/kuka_rl_ros2/src/install/lbr_fri_idl/local/lib/python3.10/dist-packages/lbr_fri_idl/msg
[11.170s] -- Installing: /home/user/kuka_rl_ros2/src/install/lbr_fri_idl/local/lib/python3.10/dist-packages/lbr_fri_idl/msg/_lbr_joint_position_command_s.c
[11.170s] -- Installing: /home/user/kuka_rl_ros2/src/install/lbr_fri_idl/local/lib/python3.10/dist-packages/lbr_fri_idl/msg/_lbr_state_s.c
[11.170s] -- Installing: /home/user/kuka_rl_ros2/src/install/lbr_fri_idl/local/lib/python3.10/dist-packages/lbr_fri_idl/msg/_lbr_command_s.c
[11.170s] -- Installing: /home/user/kuka_rl_ros2/src/install/lbr_fri_idl/local/lib/python3.10/dist-packages/lbr_fri_idl/msg/_lbr_joint_position_command.py
[11.170s] -- Installing: /home/user/kuka_rl_ros2/src/install/lbr_fri_idl/local/lib/python3.10/dist-packages/lbr_fri_idl/msg/_lbr_wrench_command_s.c
[11.170s] -- Installing: /home/user/kuka_rl_ros2/src/install/lbr_fri_idl/local/lib/python3.10/dist-packages/lbr_fri_idl/msg/__init__.py
[11.171s] -- Installing: /home/user/kuka_rl_ros2/src/install/lbr_fri_idl/local/lib/python3.10/dist-packages/lbr_fri_idl/msg/_lbr_state.py
[11.171s] -- Installing: /home/user/kuka_rl_ros2/src/install/lbr_fri_idl/local/lib/python3.10/dist-packages/lbr_fri_idl/msg/_lbr_command.py
[11.171s] -- Installing: /home/user/kuka_rl_ros2/src/install/lbr_fri_idl/local/lib/python3.10/dist-packages/lbr_fri_idl/msg/_lbr_wrench_command.py
[11.171s] -- Installing: /home/user/kuka_rl_ros2/src/install/lbr_fri_idl/local/lib/python3.10/dist-packages/lbr_fri_idl/msg/_lbr_torque_command.py
[11.171s] -- Installing: /home/user/kuka_rl_ros2/src/install/lbr_fri_idl/local/lib/python3.10/dist-packages/lbr_fri_idl/msg/_lbr_torque_command_s.c
[11.171s] -- Installing: /home/user/kuka_rl_ros2/src/install/lbr_fri_idl/local/lib/python3.10/dist-packages/lbr_fri_idl/lbr_fri_idl_s__rosidl_typesupport_c.cpython-310-x86_64-linux-gnu.so
[11.171s] -- Installing: /home/user/kuka_rl_ros2/src/install/lbr_fri_idl/local/lib/python3.10/dist-packages/lbr_fri_idl/__init__.py
[11.171s] -- Installing: /home/user/kuka_rl_ros2/src/install/lbr_fri_idl/local/lib/python3.10/dist-packages/lbr_fri_idl/liblbr_fri_idl__rosidl_generator_py.so
[11.171s] -- Installing: /home/user/kuka_rl_ros2/src/install/lbr_fri_idl/local/lib/python3.10/dist-packages/lbr_fri_idl/lbr_fri_idl_s__rosidl_typesupport_introspection_c.cpython-310-x86_64-linux-gnu.so
[11.171s] -- Installing: /home/user/kuka_rl_ros2/src/install/lbr_fri_idl/local/lib/python3.10/dist-packages/lbr_fri_idl/_lbr_fri_idl_s.ep.rosidl_typesupport_c.c
[11.172s] -- Installing: /home/user/kuka_rl_ros2/src/install/lbr_fri_idl/local/lib/python3.10/dist-packages/lbr_fri_idl/_lbr_fri_idl_s.ep.rosidl_typesupport_introspection_c.c
[11.172s] -- Installing: /home/user/kuka_rl_ros2/src/install/lbr_fri_idl/local/lib/python3.10/dist-packages/lbr_fri_idl/lbr_fri_idl_s__rosidl_typesupport_fastrtps_c.cpython-310-x86_64-linux-gnu.so
[11.172s] -- Installing: /home/user/kuka_rl_ros2/src/install/lbr_fri_idl/local/lib/python3.10/dist-packages/lbr_fri_idl/_lbr_fri_idl_s.ep.rosidl_typesupport_fastrtps_c.c
[11.209s] Listing '/home/user/kuka_rl_ros2/src/install/lbr_fri_idl/local/lib/python3.10/dist-packages/lbr_fri_idl'...
[11.209s] Compiling '/home/user/kuka_rl_ros2/src/install/lbr_fri_idl/local/lib/python3.10/dist-packages/lbr_fri_idl/__init__.py'...
[11.209s] Listing '/home/user/kuka_rl_ros2/src/install/lbr_fri_idl/local/lib/python3.10/dist-packages/lbr_fri_idl/msg'...
[11.209s] Compiling '/home/user/kuka_rl_ros2/src/install/lbr_fri_idl/local/lib/python3.10/dist-packages/lbr_fri_idl/msg/__init__.py'...
[11.209s] Compiling '/home/user/kuka_rl_ros2/src/install/lbr_fri_idl/local/lib/python3.10/dist-packages/lbr_fri_idl/msg/_lbr_command.py'...
[11.209s] Compiling '/home/user/kuka_rl_ros2/src/install/lbr_fri_idl/local/lib/python3.10/dist-packages/lbr_fri_idl/msg/_lbr_joint_position_command.py'...
[11.209s] Compiling '/home/user/kuka_rl_ros2/src/install/lbr_fri_idl/local/lib/python3.10/dist-packages/lbr_fri_idl/msg/_lbr_state.py'...
[11.209s] Compiling '/home/user/kuka_rl_ros2/src/install/lbr_fri_idl/local/lib/python3.10/dist-packages/lbr_fri_idl/msg/_lbr_torque_command.py'...
[11.209s] Compiling '/home/user/kuka_rl_ros2/src/install/lbr_fri_idl/local/lib/python3.10/dist-packages/lbr_fri_idl/msg/_lbr_wrench_command.py'...
[11.213s] -- Installing: /home/user/kuka_rl_ros2/src/install/lbr_fri_idl/local/lib/python3.10/dist-packages/lbr_fri_idl/lbr_fri_idl_s__rosidl_typesupport_fastrtps_c.cpython-310-x86_64-linux-gnu.so
[11.213s] -- Set runtime path of "/home/user/kuka_rl_ros2/src/install/lbr_fri_idl/local/lib/python3.10/dist-packages/lbr_fri_idl/lbr_fri_idl_s__rosidl_typesupport_fastrtps_c.cpython-310-x86_64-linux-gnu.so" to ""
[11.213s] -- Installing: /home/user/kuka_rl_ros2/src/install/lbr_fri_idl/local/lib/python3.10/dist-packages/lbr_fri_idl/lbr_fri_idl_s__rosidl_typesupport_introspection_c.cpython-310-x86_64-linux-gnu.so
[11.214s] -- Set runtime path of "/home/user/kuka_rl_ros2/src/install/lbr_fri_idl/local/lib/python3.10/dist-packages/lbr_fri_idl/lbr_fri_idl_s__rosidl_typesupport_introspection_c.cpython-310-x86_64-linux-gnu.so" to ""
[11.214s] -- Installing: /home/user/kuka_rl_ros2/src/install/lbr_fri_idl/local/lib/python3.10/dist-packages/lbr_fri_idl/lbr_fri_idl_s__rosidl_typesupport_c.cpython-310-x86_64-linux-gnu.so
[11.215s] -- Set runtime path of "/home/user/kuka_rl_ros2/src/install/lbr_fri_idl/local/lib/python3.10/dist-packages/lbr_fri_idl/lbr_fri_idl_s__rosidl_typesupport_c.cpython-310-x86_64-linux-gnu.so" to ""
[11.215s] -- Installing: /home/user/kuka_rl_ros2/src/install/lbr_fri_idl/lib/liblbr_fri_idl__rosidl_generator_py.so
[11.215s] -- Set runtime path of "/home/user/kuka_rl_ros2/src/install/lbr_fri_idl/lib/liblbr_fri_idl__rosidl_generator_py.so" to ""
[11.215s] -- Installing: /home/user/kuka_rl_ros2/src/install/lbr_fri_idl/share/lbr_fri_idl/msg/LBRCommand.idl
[11.215s] -- Installing: /home/user/kuka_rl_ros2/src/install/lbr_fri_idl/share/lbr_fri_idl/msg/LBRJointPositionCommand.idl
[11.216s] -- Installing: /home/user/kuka_rl_ros2/src/install/lbr_fri_idl/share/lbr_fri_idl/msg/LBRState.idl
[11.216s] -- Installing: /home/user/kuka_rl_ros2/src/install/lbr_fri_idl/share/lbr_fri_idl/msg/LBRTorqueCommand.idl
[11.216s] -- Installing: /home/user/kuka_rl_ros2/src/install/lbr_fri_idl/share/lbr_fri_idl/msg/LBRWrenchCommand.idl
[11.216s] -- Installing: /home/user/kuka_rl_ros2/src/install/lbr_fri_idl/share/lbr_fri_idl/msg/LBRCommand.msg
[11.216s] -- Installing: /home/user/kuka_rl_ros2/src/install/lbr_fri_idl/share/lbr_fri_idl/msg/LBRJointPositionCommand.msg
[11.216s] -- Installing: /home/user/kuka_rl_ros2/src/install/lbr_fri_idl/share/lbr_fri_idl/msg/LBRState.msg
[11.216s] -- Installing: /home/user/kuka_rl_ros2/src/install/lbr_fri_idl/share/lbr_fri_idl/msg/LBRTorqueCommand.msg
[11.217s] -- Installing: /home/user/kuka_rl_ros2/src/install/lbr_fri_idl/share/lbr_fri_idl/msg/LBRWrenchCommand.msg
[11.217s] -- Installing: /home/user/kuka_rl_ros2/src/install/lbr_fri_idl/share/ament_index/resource_index/package_run_dependencies/lbr_fri_idl
[11.217s] -- Installing: /home/user/kuka_rl_ros2/src/install/lbr_fri_idl/share/ament_index/resource_index/parent_prefix_path/lbr_fri_idl
[11.217s] -- Installing: /home/user/kuka_rl_ros2/src/install/lbr_fri_idl/share/lbr_fri_idl/environment/ament_prefix_path.sh
[11.218s] -- Installing: /home/user/kuka_rl_ros2/src/install/lbr_fri_idl/share/lbr_fri_idl/environment/ament_prefix_path.dsv
[11.218s] -- Installing: /home/user/kuka_rl_ros2/src/install/lbr_fri_idl/share/lbr_fri_idl/environment/path.sh
[11.218s] -- Installing: /home/user/kuka_rl_ros2/src/install/lbr_fri_idl/share/lbr_fri_idl/environment/path.dsv
[11.218s] -- Installing: /home/user/kuka_rl_ros2/src/install/lbr_fri_idl/share/lbr_fri_idl/local_setup.bash
[11.218s] -- Installing: /home/user/kuka_rl_ros2/src/install/lbr_fri_idl/share/lbr_fri_idl/local_setup.sh
[11.218s] -- Installing: /home/user/kuka_rl_ros2/src/install/lbr_fri_idl/share/lbr_fri_idl/local_setup.zsh
[11.218s] -- Installing: /home/user/kuka_rl_ros2/src/install/lbr_fri_idl/share/lbr_fri_idl/local_setup.dsv
[11.219s] -- Installing: /home/user/kuka_rl_ros2/src/install/lbr_fri_idl/share/lbr_fri_idl/package.dsv
[11.219s] -- Installing: /home/user/kuka_rl_ros2/src/install/lbr_fri_idl/share/ament_index/resource_index/packages/lbr_fri_idl
[11.219s] -- Installing: /home/user/kuka_rl_ros2/src/install/lbr_fri_idl/share/lbr_fri_idl/cmake/export_lbr_fri_idl__rosidl_generator_cExport.cmake
[11.219s] -- Installing: /home/user/kuka_rl_ros2/src/install/lbr_fri_idl/share/lbr_fri_idl/cmake/export_lbr_fri_idl__rosidl_generator_cExport-release.cmake
[11.219s] -- Installing: /home/user/kuka_rl_ros2/src/install/lbr_fri_idl/share/lbr_fri_idl/cmake/export_lbr_fri_idl__rosidl_typesupport_fastrtps_cExport.cmake
[11.220s] -- Installing: /home/user/kuka_rl_ros2/src/install/lbr_fri_idl/share/lbr_fri_idl/cmake/export_lbr_fri_idl__rosidl_typesupport_fastrtps_cExport-release.cmake
[11.220s] -- Installing: /home/user/kuka_rl_ros2/src/install/lbr_fri_idl/share/lbr_fri_idl/cmake/export_lbr_fri_idl__rosidl_generator_cppExport.cmake
[11.220s] -- Installing: /home/user/kuka_rl_ros2/src/install/lbr_fri_idl/share/lbr_fri_idl/cmake/export_lbr_fri_idl__rosidl_typesupport_fastrtps_cppExport.cmake
[11.220s] -- Installing: /home/user/kuka_rl_ros2/src/install/lbr_fri_idl/share/lbr_fri_idl/cmake/export_lbr_fri_idl__rosidl_typesupport_fastrtps_cppExport-release.cmake
[11.220s] -- Installing: /home/user/kuka_rl_ros2/src/install/lbr_fri_idl/share/lbr_fri_idl/cmake/lbr_fri_idl__rosidl_typesupport_introspection_cExport.cmake
[11.220s] -- Installing: /home/user/kuka_rl_ros2/src/install/lbr_fri_idl/share/lbr_fri_idl/cmake/lbr_fri_idl__rosidl_typesupport_introspection_cExport-release.cmake
[11.221s] -- Installing: /home/user/kuka_rl_ros2/src/install/lbr_fri_idl/share/lbr_fri_idl/cmake/lbr_fri_idl__rosidl_typesupport_cExport.cmake
[11.221s] -- Installing: /home/user/kuka_rl_ros2/src/install/lbr_fri_idl/share/lbr_fri_idl/cmake/lbr_fri_idl__rosidl_typesupport_cExport-release.cmake
[11.221s] -- Installing: /home/user/kuka_rl_ros2/src/install/lbr_fri_idl/share/lbr_fri_idl/cmake/lbr_fri_idl__rosidl_typesupport_introspection_cppExport.cmake
[11.221s] -- Installing: /home/user/kuka_rl_ros2/src/install/lbr_fri_idl/share/lbr_fri_idl/cmake/lbr_fri_idl__rosidl_typesupport_introspection_cppExport-release.cmake
[11.221s] -- Installing: /home/user/kuka_rl_ros2/src/install/lbr_fri_idl/share/lbr_fri_idl/cmake/lbr_fri_idl__rosidl_typesupport_cppExport.cmake
[11.221s] -- Installing: /home/user/kuka_rl_ros2/src/install/lbr_fri_idl/share/lbr_fri_idl/cmake/lbr_fri_idl__rosidl_typesupport_cppExport-release.cmake
[11.222s] -- Installing: /home/user/kuka_rl_ros2/src/install/lbr_fri_idl/share/lbr_fri_idl/cmake/export_lbr_fri_idl__rosidl_generator_pyExport.cmake
[11.222s] -- Installing: /home/user/kuka_rl_ros2/src/install/lbr_fri_idl/share/lbr_fri_idl/cmake/export_lbr_fri_idl__rosidl_generator_pyExport-release.cmake
[11.222s] -- Installing: /home/user/kuka_rl_ros2/src/install/lbr_fri_idl/share/lbr_fri_idl/cmake/rosidl_cmake-extras.cmake
[11.222s] -- Installing: /home/user/kuka_rl_ros2/src/install/lbr_fri_idl/share/lbr_fri_idl/cmake/ament_cmake_export_dependencies-extras.cmake
[11.222s] -- Installing: /home/user/kuka_rl_ros2/src/install/lbr_fri_idl/share/lbr_fri_idl/cmake/ament_cmake_export_include_directories-extras.cmake
[11.222s] -- Installing: /home/user/kuka_rl_ros2/src/install/lbr_fri_idl/share/lbr_fri_idl/cmake/ament_cmake_export_libraries-extras.cmake
[11.223s] -- Installing: /home/user/kuka_rl_ros2/src/install/lbr_fri_idl/share/lbr_fri_idl/cmake/ament_cmake_export_targets-extras.cmake
[11.223s] -- Installing: /home/user/kuka_rl_ros2/src/install/lbr_fri_idl/share/lbr_fri_idl/cmake/rosidl_cmake_export_typesupport_targets-extras.cmake
[11.223s] -- Installing: /home/user/kuka_rl_ros2/src/install/lbr_fri_idl/share/lbr_fri_idl/cmake/rosidl_cmake_export_typesupport_libraries-extras.cmake
[11.223s] -- Installing: /home/user/kuka_rl_ros2/src/install/lbr_fri_idl/share/lbr_fri_idl/cmake/lbr_fri_idlConfig.cmake
[11.223s] -- Installing: /home/user/kuka_rl_ros2/src/install/lbr_fri_idl/share/lbr_fri_idl/cmake/lbr_fri_idlConfig-version.cmake
[11.223s] -- Installing: /home/user/kuka_rl_ros2/src/install/lbr_fri_idl/share/lbr_fri_idl/package.xml
[11.225s] Invoked command in '/home/user/kuka_rl_ros2/src/build/lbr_fri_idl' returned '0': CMAKE_PREFIX_PATH=/home/user/kuka_rl_ros2/src/install/fri_client_sdk:/home/user/kuka_rl_ros2/install/med7_moveit_config:/home/user/kuka_rl_ros2/install/med14_moveit_config:/home/user/kuka_rl_ros2/install/lbr_fri_ros2_stack:/home/user/kuka_rl_ros2/install/lbr_demos_cpp:/home/user/kuka_rl_ros2/install/lbr_bringup:/home/user/kuka_rl_ros2/install/lbr_ros2_control:/home/user/kuka_rl_ros2/install/lbr_moveit_cpp:/home/user/kuka_rl_ros2/install/lbr_demos_advanced_cpp:/home/user/kuka_rl_ros2/install/lbr_fri_ros2:/home/user/kuka_rl_ros2/install/lbr_fri_idl:/home/user/kuka_rl_ros2/install/iiwa7_moveit_config:/home/user/kuka_rl_ros2/install/iiwa14_moveit_config:/home/user/kuka_rl_ros2/install/lbr_description:/home/user/kuka_rl_ros2/install/fri_client_sdk:/home/user/kuka_rl_ros2/install/catch_and_throw:/home/user/kuka_rl_ros2/install/lbr_demos_py:/home/user/kuka_rl_ros2/install/lbr_moveit:/home/user/kuka_rl_ros2/install/lbr_demos_advanced_py:/opt/ros/humble LD_LIBRARY_PATH=/home/user/kuka_rl_ros2/src/install/fri_client_sdk/lib:${LD_LIBRARY_PATH} PKG_CONFIG_PATH=/home/user/kuka_rl_ros2/src/install/fri_client_sdk/lib/x86_64-linux-gnu/pkgconfig:/home/user/kuka_rl_ros2/src/install/fri_client_sdk/lib/pkgconfig:${PKG_CONFIG_PATH} /usr/bin/cmake --install /home/user/kuka_rl_ros2/src/build/lbr_fri_idl
