-- The C compiler identification is GNU 11.4.0
-- The CXX compiler identification is GNU 11.4.0
-- Detecting C compiler ABI info
-- Detecting C compiler ABI info - done
-- Check for working C compiler: /usr/bin/cc - skipped
-- Detecting C compile features
-- Detecting C compile features - done
-- Detecting CXX compiler ABI info
-- Detecting CXX compiler ABI info - done
-- Check for working CXX compiler: /usr/bin/c++ - skipped
-- Detecting CXX compile features
-- Detecting CXX compile features - done
-- Found ament_cmake: 1.3.11 (/opt/ros/humble/share/ament_cmake/cmake)
-- Found Python3: /usr/bin/python3 (found version "3.10.12") found components: Interpreter 
-- Found rclpy: 3.3.16 (/opt/ros/humble/share/rclpy/cmake)
-- Found sensor_msgs: 4.8.0 (/opt/ros/humble/share/sensor_msgs/cmake)
-- Found rosidl_generator_c: 3.1.6 (/opt/ros/humble/share/rosidl_generator_c/cmake)
-- Found rosidl_adapter: 3.1.6 (/opt/ros/humble/share/rosidl_adapter/cmake)
-- Found rosidl_generator_cpp: 3.1.6 (/opt/ros/humble/share/rosidl_generator_cpp/cmake)
-- Using all available rosidl_typesupport_c: rosidl_typesupport_fastrtps_c;rosidl_typesupport_introspection_c
-- Using all available rosidl_typesupport_cpp: rosidl_typesupport_fastrtps_cpp;rosidl_typesupport_introspection_cpp
-- Found ament_lint_auto: 0.12.12 (/opt/ros/humble/share/ament_lint_auto/cmake)
-- Configuring done
-- Generating done
-- Build files have been written to: /home/user/kuka_rl_ros2/src/build/catch_and_throw
-- Install configuration: ""
-- Installing: /home/user/kuka_rl_ros2/src/install/catch_and_throw/share/ament_index/resource_index/package_run_dependencies/catch_and_throw
-- Installing: /home/user/kuka_rl_ros2/src/install/catch_and_throw/share/ament_index/resource_index/parent_prefix_path/catch_and_throw
-- Installing: /home/user/kuka_rl_ros2/src/install/catch_and_throw/share/catch_and_throw/environment/ament_prefix_path.sh
-- Installing: /home/user/kuka_rl_ros2/src/install/catch_and_throw/share/catch_and_throw/environment/ament_prefix_path.dsv
-- Installing: /home/user/kuka_rl_ros2/src/install/catch_and_throw/share/catch_and_throw/environment/path.sh
-- Installing: /home/user/kuka_rl_ros2/src/install/catch_and_throw/share/catch_and_throw/environment/path.dsv
-- Installing: /home/user/kuka_rl_ros2/src/install/catch_and_throw/share/catch_and_throw/local_setup.bash
-- Installing: /home/user/kuka_rl_ros2/src/install/catch_and_throw/share/catch_and_throw/local_setup.sh
-- Installing: /home/user/kuka_rl_ros2/src/install/catch_and_throw/share/catch_and_throw/local_setup.zsh
-- Installing: /home/user/kuka_rl_ros2/src/install/catch_and_throw/share/catch_and_throw/local_setup.dsv
-- Installing: /home/user/kuka_rl_ros2/src/install/catch_and_throw/share/catch_and_throw/package.dsv
-- Installing: /home/user/kuka_rl_ros2/src/install/catch_and_throw/share/ament_index/resource_index/packages/catch_and_throw
-- Installing: /home/user/kuka_rl_ros2/src/install/catch_and_throw/share/catch_and_throw/cmake/catch_and_throwConfig.cmake
-- Installing: /home/user/kuka_rl_ros2/src/install/catch_and_throw/share/catch_and_throw/cmake/catch_and_throwConfig-version.cmake
-- Installing: /home/user/kuka_rl_ros2/src/install/catch_and_throw/share/catch_and_throw/package.xml
