[0.029s] Invoking command in '/home/user/kuka_rl_ros2/src/build/catch_and_throw': CMAKE_PREFIX_PATH=${CMAKE_PREFIX_PATH}:/home/user/kuka_rl_ros2/install/lbr_demos_py:/home/user/kuka_rl_ros2/install/lbr_moveit:/home/user/kuka_rl_ros2/install/lbr_demos_advanced_py:/opt/ros/humble /usr/bin/cmake /home/user/kuka_rl_ros2/src/catch_and_throw -DCMAKE_INSTALL_PREFIX=/home/user/kuka_rl_ros2/src/install/catch_and_throw
[0.279s] -- The C compiler identification is GNU 11.4.0
[0.375s] -- The CXX compiler identification is GNU 11.4.0
[0.385s] -- Detecting C compiler ABI info
[0.452s] -- Detecting C compiler ABI info - done
[0.466s] -- Check for working C compiler: /usr/bin/cc - skipped
[0.466s] -- Detecting C compile features
[0.467s] -- Detecting C compile features - done
[0.471s] -- Detecting CXX compiler ABI info
[0.552s] -- Detecting CXX compiler ABI info - done
[0.566s] -- Check for working CXX compiler: /usr/bin/c++ - skipped
[0.567s] -- Detecting CXX compile features
[0.567s] -- Detecting CXX compile features - done
[0.577s] -- Found ament_cmake: 1.3.11 (/opt/ros/humble/share/ament_cmake/cmake)
[0.842s] -- Found Python3: /usr/bin/python3 (found version "3.10.12") found components: Interpreter 
[1.091s] -- Found rclpy: 3.3.16 (/opt/ros/humble/share/rclpy/cmake)
[1.097s] -- Found sensor_msgs: 4.8.0 (/opt/ros/humble/share/sensor_msgs/cmake)
[1.182s] -- Found rosidl_generator_c: 3.1.6 (/opt/ros/humble/share/rosidl_generator_c/cmake)
[1.200s] -- Found rosidl_adapter: 3.1.6 (/opt/ros/humble/share/rosidl_adapter/cmake)
[1.221s] -- Found rosidl_generator_cpp: 3.1.6 (/opt/ros/humble/share/rosidl_generator_cpp/cmake)
[1.264s] -- Using all available rosidl_typesupport_c: rosidl_typesupport_fastrtps_c;rosidl_typesupport_introspection_c
[1.307s] -- Using all available rosidl_typesupport_cpp: rosidl_typesupport_fastrtps_cpp;rosidl_typesupport_introspection_cpp
[1.408s] -- Found ament_lint_auto: 0.12.12 (/opt/ros/humble/share/ament_lint_auto/cmake)
[1.570s] -- Configuring done
[1.574s] -- Generating done
[1.576s] -- Build files have been written to: /home/user/kuka_rl_ros2/src/build/catch_and_throw
[1.581s] Invoked command in '/home/user/kuka_rl_ros2/src/build/catch_and_throw' returned '0': CMAKE_PREFIX_PATH=${CMAKE_PREFIX_PATH}:/home/user/kuka_rl_ros2/install/lbr_demos_py:/home/user/kuka_rl_ros2/install/lbr_moveit:/home/user/kuka_rl_ros2/install/lbr_demos_advanced_py:/opt/ros/humble /usr/bin/cmake /home/user/kuka_rl_ros2/src/catch_and_throw -DCMAKE_INSTALL_PREFIX=/home/user/kuka_rl_ros2/src/install/catch_and_throw
[1.583s] Invoking command in '/home/user/kuka_rl_ros2/src/build/catch_and_throw': CMAKE_PREFIX_PATH=${CMAKE_PREFIX_PATH}:/home/user/kuka_rl_ros2/install/lbr_demos_py:/home/user/kuka_rl_ros2/install/lbr_moveit:/home/user/kuka_rl_ros2/install/lbr_demos_advanced_py:/opt/ros/humble /usr/bin/cmake --build /home/user/kuka_rl_ros2/src/build/catch_and_throw -- -j8 -l8
[1.618s] Invoked command in '/home/user/kuka_rl_ros2/src/build/catch_and_throw' returned '0': CMAKE_PREFIX_PATH=${CMAKE_PREFIX_PATH}:/home/user/kuka_rl_ros2/install/lbr_demos_py:/home/user/kuka_rl_ros2/install/lbr_moveit:/home/user/kuka_rl_ros2/install/lbr_demos_advanced_py:/opt/ros/humble /usr/bin/cmake --build /home/user/kuka_rl_ros2/src/build/catch_and_throw -- -j8 -l8
[1.619s] Invoking command in '/home/user/kuka_rl_ros2/src/build/catch_and_throw': CMAKE_PREFIX_PATH=${CMAKE_PREFIX_PATH}:/home/user/kuka_rl_ros2/install/lbr_demos_py:/home/user/kuka_rl_ros2/install/lbr_moveit:/home/user/kuka_rl_ros2/install/lbr_demos_advanced_py:/opt/ros/humble /usr/bin/cmake --install /home/user/kuka_rl_ros2/src/build/catch_and_throw
[1.628s] -- Install configuration: ""
[1.628s] -- Installing: /home/user/kuka_rl_ros2/src/install/catch_and_throw/share/ament_index/resource_index/package_run_dependencies/catch_and_throw
[1.628s] -- Installing: /home/user/kuka_rl_ros2/src/install/catch_and_throw/share/ament_index/resource_index/parent_prefix_path/catch_and_throw
[1.628s] -- Installing: /home/user/kuka_rl_ros2/src/install/catch_and_throw/share/catch_and_throw/environment/ament_prefix_path.sh
[1.628s] -- Installing: /home/user/kuka_rl_ros2/src/install/catch_and_throw/share/catch_and_throw/environment/ament_prefix_path.dsv
[1.629s] -- Installing: /home/user/kuka_rl_ros2/src/install/catch_and_throw/share/catch_and_throw/environment/path.sh
[1.629s] -- Installing: /home/user/kuka_rl_ros2/src/install/catch_and_throw/share/catch_and_throw/environment/path.dsv
[1.629s] -- Installing: /home/user/kuka_rl_ros2/src/install/catch_and_throw/share/catch_and_throw/local_setup.bash
[1.629s] -- Installing: /home/user/kuka_rl_ros2/src/install/catch_and_throw/share/catch_and_throw/local_setup.sh
[1.629s] -- Installing: /home/user/kuka_rl_ros2/src/install/catch_and_throw/share/catch_and_throw/local_setup.zsh
[1.629s] -- Installing: /home/user/kuka_rl_ros2/src/install/catch_and_throw/share/catch_and_throw/local_setup.dsv
[1.630s] -- Installing: /home/user/kuka_rl_ros2/src/install/catch_and_throw/share/catch_and_throw/package.dsv
[1.630s] -- Installing: /home/user/kuka_rl_ros2/src/install/catch_and_throw/share/ament_index/resource_index/packages/catch_and_throw
[1.630s] -- Installing: /home/user/kuka_rl_ros2/src/install/catch_and_throw/share/catch_and_throw/cmake/catch_and_throwConfig.cmake
[1.631s] -- Installing: /home/user/kuka_rl_ros2/src/install/catch_and_throw/share/catch_and_throw/cmake/catch_and_throwConfig-version.cmake
[1.631s] -- Installing: /home/user/kuka_rl_ros2/src/install/catch_and_throw/share/catch_and_throw/package.xml
[1.633s] Invoked command in '/home/user/kuka_rl_ros2/src/build/catch_and_throw' returned '0': CMAKE_PREFIX_PATH=${CMAKE_PREFIX_PATH}:/home/user/kuka_rl_ros2/install/lbr_demos_py:/home/user/kuka_rl_ros2/install/lbr_moveit:/home/user/kuka_rl_ros2/install/lbr_demos_advanced_py:/opt/ros/humble /usr/bin/cmake --install /home/user/kuka_rl_ros2/src/build/catch_and_throw
