[0.075s] Invoking command in '/home/user/kuka_rl_ros2/src/build/lbr_fri_idl': CMAKE_PREFIX_PATH=/home/user/kuka_rl_ros2/src/install/fri_client_sdk:/home/user/kuka_rl_ros2/src/install/med7_moveit_config:/home/user/kuka_rl_ros2/src/install/med14_moveit_config:/home/user/kuka_rl_ros2/src/install/lbr_fri_ros2_stack:/home/user/kuka_rl_ros2/src/install/lbr_demos_cpp:/home/user/kuka_rl_ros2/src/install/lbr_bringup:/home/user/kuka_rl_ros2/src/install/lbr_ros2_control:/home/user/kuka_rl_ros2/src/install/lbr_moveit_cpp:/home/user/kuka_rl_ros2/src/install/lbr_demos_advanced_cpp:/home/user/kuka_rl_ros2/src/install/lbr_fri_ros2:/home/user/kuka_rl_ros2/src/install/catch_and_throw:/home/user/kuka_rl_ros2/src/install/lbr_fri_idl:/home/user/kuka_rl_ros2/src/install/iiwa7_moveit_config:/home/user/kuka_rl_ros2/src/install/iiwa14_moveit_config:/home/user/kuka_rl_ros2/src/install/lbr_description:/home/user/kuka_rl_ros2/install/med7_moveit_config:/home/user/kuka_rl_ros2/install/med14_moveit_config:/home/user/kuka_rl_ros2/install/lbr_fri_ros2_stack:/home/user/kuka_rl_ros2/install/lbr_demos_cpp:/home/user/kuka_rl_ros2/install/lbr_bringup:/home/user/kuka_rl_ros2/install/lbr_ros2_control:/home/user/kuka_rl_ros2/install/lbr_moveit_cpp:/home/user/kuka_rl_ros2/install/lbr_demos_advanced_cpp:/home/user/kuka_rl_ros2/install/lbr_fri_ros2:/home/user/kuka_rl_ros2/install/lbr_fri_idl:/home/user/kuka_rl_ros2/install/iiwa7_moveit_config:/home/user/kuka_rl_ros2/install/iiwa14_moveit_config:/home/user/kuka_rl_ros2/install/lbr_description:/home/user/kuka_rl_ros2/install/fri_client_sdk:/home/user/kuka_rl_ros2/install/catch_and_throw:/home/user/kuka_rl_ros2/src/install/lbr_demos_py:/home/user/kuka_rl_ros2/src/install/lbr_moveit:/home/user/kuka_rl_ros2/src/install/lbr_demos_advanced_py:/home/user/kuka_rl_ros2/install/lbr_demos_py:/home/user/kuka_rl_ros2/install/lbr_moveit:/home/user/kuka_rl_ros2/install/lbr_demos_advanced_py:/opt/ros/humble LD_LIBRARY_PATH=/home/user/kuka_rl_ros2/src/install/fri_client_sdk/lib:/home/user/kuka_rl_ros2/src/install/lbr_ros2_control/lib:/home/user/kuka_rl_ros2/src/install/lbr_demos_advanced_cpp/lib:/home/user/kuka_rl_ros2/src/install/lbr_fri_ros2/lib:/home/user/kuka_rl_ros2/src/install/lbr_fri_idl/lib:/home/user/kuka_rl_ros2/install/lbr_ros2_control/lib:/home/user/kuka_rl_ros2/install/lbr_demos_advanced_cpp/lib:/home/user/kuka_rl_ros2/install/lbr_fri_ros2/lib:/home/user/kuka_rl_ros2/install/lbr_fri_idl/lib:/home/user/kuka_rl_ros2/install/fri_client_sdk/lib:/opt/ros/humble/opt/rviz_ogre_vendor/lib:/opt/ros/humble/lib/x86_64-linux-gnu:/opt/ros/humble/lib /usr/bin/cmake --build /home/user/kuka_rl_ros2/src/build/lbr_fri_idl -- -j8 -l8
[0.165s] [  1%] Built target lbr_fri_idl__cpp
[0.183s] [  1%] Built target ament_cmake_python_copy_lbr_fri_idl
[0.191s] [  4%] Built target gtest
[0.196s] [ 14%] Built target lbr_fri_idl__rosidl_generator_c
[0.206s] [ 17%] Built target gtest_main
[0.245s] [ 27%] Built target lbr_fri_idl__rosidl_typesupport_cpp
[0.252s] [ 37%] Built target lbr_fri_idl__rosidl_typesupport_fastrtps_cpp
[0.269s] [ 47%] Built target lbr_fri_idl__rosidl_typesupport_fastrtps_c
[0.270s] [ 57%] Built target lbr_fri_idl__rosidl_typesupport_c
[0.278s] [ 68%] Built target lbr_fri_idl__rosidl_typesupport_introspection_c
[0.278s] [ 78%] Built target lbr_fri_idl__rosidl_typesupport_introspection_cpp
[0.299s] [ 81%] Built target lbr_fri_idl_test_command_interfaces
[0.303s] [ 81%] Built target lbr_fri_idl
[0.336s] [ 82%] Built target lbr_fri_idl__py
[0.368s] [ 91%] Built target lbr_fri_idl__rosidl_generator_py
[0.395s] [ 94%] Built target lbr_fri_idl__rosidl_typesupport_fastrtps_c__pyext
[0.400s] [ 97%] Built target lbr_fri_idl__rosidl_typesupport_introspection_c__pyext
[0.405s] [100%] Built target lbr_fri_idl__rosidl_typesupport_c__pyext
[0.567s] running egg_info
[0.568s] writing lbr_fri_idl.egg-info/PKG-INFO
[0.568s] writing dependency_links to lbr_fri_idl.egg-info/dependency_links.txt
[0.568s] writing top-level names to lbr_fri_idl.egg-info/top_level.txt
[0.571s] reading manifest file 'lbr_fri_idl.egg-info/SOURCES.txt'
[0.572s] writing manifest file 'lbr_fri_idl.egg-info/SOURCES.txt'
[0.602s] [100%] Built target ament_cmake_python_build_lbr_fri_idl_egg
[0.614s] Invoked command in '/home/user/kuka_rl_ros2/src/build/lbr_fri_idl' returned '0': CMAKE_PREFIX_PATH=/home/user/kuka_rl_ros2/src/install/fri_client_sdk:/home/user/kuka_rl_ros2/src/install/med7_moveit_config:/home/user/kuka_rl_ros2/src/install/med14_moveit_config:/home/user/kuka_rl_ros2/src/install/lbr_fri_ros2_stack:/home/user/kuka_rl_ros2/src/install/lbr_demos_cpp:/home/user/kuka_rl_ros2/src/install/lbr_bringup:/home/user/kuka_rl_ros2/src/install/lbr_ros2_control:/home/user/kuka_rl_ros2/src/install/lbr_moveit_cpp:/home/user/kuka_rl_ros2/src/install/lbr_demos_advanced_cpp:/home/user/kuka_rl_ros2/src/install/lbr_fri_ros2:/home/user/kuka_rl_ros2/src/install/catch_and_throw:/home/user/kuka_rl_ros2/src/install/lbr_fri_idl:/home/user/kuka_rl_ros2/src/install/iiwa7_moveit_config:/home/user/kuka_rl_ros2/src/install/iiwa14_moveit_config:/home/user/kuka_rl_ros2/src/install/lbr_description:/home/user/kuka_rl_ros2/install/med7_moveit_config:/home/user/kuka_rl_ros2/install/med14_moveit_config:/home/user/kuka_rl_ros2/install/lbr_fri_ros2_stack:/home/user/kuka_rl_ros2/install/lbr_demos_cpp:/home/user/kuka_rl_ros2/install/lbr_bringup:/home/user/kuka_rl_ros2/install/lbr_ros2_control:/home/user/kuka_rl_ros2/install/lbr_moveit_cpp:/home/user/kuka_rl_ros2/install/lbr_demos_advanced_cpp:/home/user/kuka_rl_ros2/install/lbr_fri_ros2:/home/user/kuka_rl_ros2/install/lbr_fri_idl:/home/user/kuka_rl_ros2/install/iiwa7_moveit_config:/home/user/kuka_rl_ros2/install/iiwa14_moveit_config:/home/user/kuka_rl_ros2/install/lbr_description:/home/user/kuka_rl_ros2/install/fri_client_sdk:/home/user/kuka_rl_ros2/install/catch_and_throw:/home/user/kuka_rl_ros2/src/install/lbr_demos_py:/home/user/kuka_rl_ros2/src/install/lbr_moveit:/home/user/kuka_rl_ros2/src/install/lbr_demos_advanced_py:/home/user/kuka_rl_ros2/install/lbr_demos_py:/home/user/kuka_rl_ros2/install/lbr_moveit:/home/user/kuka_rl_ros2/install/lbr_demos_advanced_py:/opt/ros/humble LD_LIBRARY_PATH=/home/user/kuka_rl_ros2/src/install/fri_client_sdk/lib:/home/user/kuka_rl_ros2/src/install/lbr_ros2_control/lib:/home/user/kuka_rl_ros2/src/install/lbr_demos_advanced_cpp/lib:/home/user/kuka_rl_ros2/src/install/lbr_fri_ros2/lib:/home/user/kuka_rl_ros2/src/install/lbr_fri_idl/lib:/home/user/kuka_rl_ros2/install/lbr_ros2_control/lib:/home/user/kuka_rl_ros2/install/lbr_demos_advanced_cpp/lib:/home/user/kuka_rl_ros2/install/lbr_fri_ros2/lib:/home/user/kuka_rl_ros2/install/lbr_fri_idl/lib:/home/user/kuka_rl_ros2/install/fri_client_sdk/lib:/opt/ros/humble/opt/rviz_ogre_vendor/lib:/opt/ros/humble/lib/x86_64-linux-gnu:/opt/ros/humble/lib /usr/bin/cmake --build /home/user/kuka_rl_ros2/src/build/lbr_fri_idl -- -j8 -l8
[0.616s] Invoking command in '/home/user/kuka_rl_ros2/src/build/lbr_fri_idl': CMAKE_PREFIX_PATH=/home/user/kuka_rl_ros2/src/install/fri_client_sdk:/home/user/kuka_rl_ros2/src/install/med7_moveit_config:/home/user/kuka_rl_ros2/src/install/med14_moveit_config:/home/user/kuka_rl_ros2/src/install/lbr_fri_ros2_stack:/home/user/kuka_rl_ros2/src/install/lbr_demos_cpp:/home/user/kuka_rl_ros2/src/install/lbr_bringup:/home/user/kuka_rl_ros2/src/install/lbr_ros2_control:/home/user/kuka_rl_ros2/src/install/lbr_moveit_cpp:/home/user/kuka_rl_ros2/src/install/lbr_demos_advanced_cpp:/home/user/kuka_rl_ros2/src/install/lbr_fri_ros2:/home/user/kuka_rl_ros2/src/install/catch_and_throw:/home/user/kuka_rl_ros2/src/install/lbr_fri_idl:/home/user/kuka_rl_ros2/src/install/iiwa7_moveit_config:/home/user/kuka_rl_ros2/src/install/iiwa14_moveit_config:/home/user/kuka_rl_ros2/src/install/lbr_description:/home/user/kuka_rl_ros2/install/med7_moveit_config:/home/user/kuka_rl_ros2/install/med14_moveit_config:/home/user/kuka_rl_ros2/install/lbr_fri_ros2_stack:/home/user/kuka_rl_ros2/install/lbr_demos_cpp:/home/user/kuka_rl_ros2/install/lbr_bringup:/home/user/kuka_rl_ros2/install/lbr_ros2_control:/home/user/kuka_rl_ros2/install/lbr_moveit_cpp:/home/user/kuka_rl_ros2/install/lbr_demos_advanced_cpp:/home/user/kuka_rl_ros2/install/lbr_fri_ros2:/home/user/kuka_rl_ros2/install/lbr_fri_idl:/home/user/kuka_rl_ros2/install/iiwa7_moveit_config:/home/user/kuka_rl_ros2/install/iiwa14_moveit_config:/home/user/kuka_rl_ros2/install/lbr_description:/home/user/kuka_rl_ros2/install/fri_client_sdk:/home/user/kuka_rl_ros2/install/catch_and_throw:/home/user/kuka_rl_ros2/src/install/lbr_demos_py:/home/user/kuka_rl_ros2/src/install/lbr_moveit:/home/user/kuka_rl_ros2/src/install/lbr_demos_advanced_py:/home/user/kuka_rl_ros2/install/lbr_demos_py:/home/user/kuka_rl_ros2/install/lbr_moveit:/home/user/kuka_rl_ros2/install/lbr_demos_advanced_py:/opt/ros/humble LD_LIBRARY_PATH=/home/user/kuka_rl_ros2/src/install/fri_client_sdk/lib:/home/user/kuka_rl_ros2/src/install/lbr_ros2_control/lib:/home/user/kuka_rl_ros2/src/install/lbr_demos_advanced_cpp/lib:/home/user/kuka_rl_ros2/src/install/lbr_fri_ros2/lib:/home/user/kuka_rl_ros2/src/install/lbr_fri_idl/lib:/home/user/kuka_rl_ros2/install/lbr_ros2_control/lib:/home/user/kuka_rl_ros2/install/lbr_demos_advanced_cpp/lib:/home/user/kuka_rl_ros2/install/lbr_fri_ros2/lib:/home/user/kuka_rl_ros2/install/lbr_fri_idl/lib:/home/user/kuka_rl_ros2/install/fri_client_sdk/lib:/opt/ros/humble/opt/rviz_ogre_vendor/lib:/opt/ros/humble/lib/x86_64-linux-gnu:/opt/ros/humble/lib /usr/bin/cmake --install /home/user/kuka_rl_ros2/src/build/lbr_fri_idl
[0.625s] -- Install configuration: "Release"
[0.625s] -- Up-to-date: /home/user/kuka_rl_ros2/src/install/lbr_fri_idl/share/ament_index/resource_index/rosidl_interfaces/lbr_fri_idl
[0.625s] -- Up-to-date: /home/user/kuka_rl_ros2/src/install/lbr_fri_idl/include/lbr_fri_idl/lbr_fri_idl
[0.625s] -- Up-to-date: /home/user/kuka_rl_ros2/src/install/lbr_fri_idl/include/lbr_fri_idl/lbr_fri_idl/msg
[0.625s] -- Up-to-date: /home/user/kuka_rl_ros2/src/install/lbr_fri_idl/include/lbr_fri_idl/lbr_fri_idl/msg/lbr_state.h
[0.625s] -- Up-to-date: /home/user/kuka_rl_ros2/src/install/lbr_fri_idl/include/lbr_fri_idl/lbr_fri_idl/msg/lbr_torque_command.h
[0.626s] -- Up-to-date: /home/user/kuka_rl_ros2/src/install/lbr_fri_idl/include/lbr_fri_idl/lbr_fri_idl/msg/lbr_joint_position_command.h
[0.626s] -- Up-to-date: /home/user/kuka_rl_ros2/src/install/lbr_fri_idl/include/lbr_fri_idl/lbr_fri_idl/msg/lbr_wrench_command.h
[0.626s] -- Up-to-date: /home/user/kuka_rl_ros2/src/install/lbr_fri_idl/include/lbr_fri_idl/lbr_fri_idl/msg/detail
[0.626s] -- Up-to-date: /home/user/kuka_rl_ros2/src/install/lbr_fri_idl/include/lbr_fri_idl/lbr_fri_idl/msg/detail/lbr_wrench_command__struct.h
[0.626s] -- Up-to-date: /home/user/kuka_rl_ros2/src/install/lbr_fri_idl/include/lbr_fri_idl/lbr_fri_idl/msg/detail/lbr_joint_position_command__struct.h
[0.626s] -- Up-to-date: /home/user/kuka_rl_ros2/src/install/lbr_fri_idl/include/lbr_fri_idl/lbr_fri_idl/msg/detail/lbr_joint_position_command__type_support.h
[0.626s] -- Up-to-date: /home/user/kuka_rl_ros2/src/install/lbr_fri_idl/include/lbr_fri_idl/lbr_fri_idl/msg/detail/lbr_command__struct.h
[0.626s] -- Up-to-date: /home/user/kuka_rl_ros2/src/install/lbr_fri_idl/include/lbr_fri_idl/lbr_fri_idl/msg/detail/lbr_joint_position_command__functions.c
[0.626s] -- Up-to-date: /home/user/kuka_rl_ros2/src/install/lbr_fri_idl/include/lbr_fri_idl/lbr_fri_idl/msg/detail/lbr_state__type_support.h
[0.626s] -- Up-to-date: /home/user/kuka_rl_ros2/src/install/lbr_fri_idl/include/lbr_fri_idl/lbr_fri_idl/msg/detail/lbr_command__functions.c
[0.627s] -- Up-to-date: /home/user/kuka_rl_ros2/src/install/lbr_fri_idl/include/lbr_fri_idl/lbr_fri_idl/msg/detail/lbr_state__functions.h
[0.627s] -- Up-to-date: /home/user/kuka_rl_ros2/src/install/lbr_fri_idl/include/lbr_fri_idl/lbr_fri_idl/msg/detail/lbr_wrench_command__type_support.h
[0.627s] -- Up-to-date: /home/user/kuka_rl_ros2/src/install/lbr_fri_idl/include/lbr_fri_idl/lbr_fri_idl/msg/detail/lbr_command__functions.h
[0.627s] -- Up-to-date: /home/user/kuka_rl_ros2/src/install/lbr_fri_idl/include/lbr_fri_idl/lbr_fri_idl/msg/detail/lbr_state__functions.c
[0.627s] -- Up-to-date: /home/user/kuka_rl_ros2/src/install/lbr_fri_idl/include/lbr_fri_idl/lbr_fri_idl/msg/detail/lbr_wrench_command__functions.h
[0.627s] -- Up-to-date: /home/user/kuka_rl_ros2/src/install/lbr_fri_idl/include/lbr_fri_idl/lbr_fri_idl/msg/detail/lbr_state__struct.h
[0.627s] -- Up-to-date: /home/user/kuka_rl_ros2/src/install/lbr_fri_idl/include/lbr_fri_idl/lbr_fri_idl/msg/detail/lbr_joint_position_command__functions.h
[0.629s] -- Up-to-date: /home/user/kuka_rl_ros2/src/install/lbr_fri_idl/include/lbr_fri_idl/lbr_fri_idl/msg/detail/lbr_torque_command__struct.h
[0.629s] -- Up-to-date: /home/user/kuka_rl_ros2/src/install/lbr_fri_idl/include/lbr_fri_idl/lbr_fri_idl/msg/detail/lbr_wrench_command__functions.c
[0.631s] -- Up-to-date: /home/user/kuka_rl_ros2/src/install/lbr_fri_idl/include/lbr_fri_idl/lbr_fri_idl/msg/detail/lbr_torque_command__type_support.h
[0.631s] -- Up-to-date: /home/user/kuka_rl_ros2/src/install/lbr_fri_idl/include/lbr_fri_idl/lbr_fri_idl/msg/detail/lbr_command__type_support.h
[0.631s] -- Up-to-date: /home/user/kuka_rl_ros2/src/install/lbr_fri_idl/include/lbr_fri_idl/lbr_fri_idl/msg/detail/lbr_torque_command__functions.c
[0.631s] -- Up-to-date: /home/user/kuka_rl_ros2/src/install/lbr_fri_idl/include/lbr_fri_idl/lbr_fri_idl/msg/detail/lbr_torque_command__functions.h
[0.631s] -- Up-to-date: /home/user/kuka_rl_ros2/src/install/lbr_fri_idl/include/lbr_fri_idl/lbr_fri_idl/msg/lbr_command.h
[0.631s] -- Up-to-date: /home/user/kuka_rl_ros2/src/install/lbr_fri_idl/include/lbr_fri_idl/lbr_fri_idl/msg/rosidl_generator_c__visibility_control.h
[0.632s] -- Up-to-date: /home/user/kuka_rl_ros2/src/install/lbr_fri_idl/share/lbr_fri_idl/environment/library_path.sh
[0.632s] -- Up-to-date: /home/user/kuka_rl_ros2/src/install/lbr_fri_idl/share/lbr_fri_idl/environment/library_path.dsv
[0.632s] -- Up-to-date: /home/user/kuka_rl_ros2/src/install/lbr_fri_idl/lib/liblbr_fri_idl__rosidl_generator_c.so
[0.632s] -- Up-to-date: /home/user/kuka_rl_ros2/src/install/lbr_fri_idl/include/lbr_fri_idl/lbr_fri_idl
[0.632s] -- Up-to-date: /home/user/kuka_rl_ros2/src/install/lbr_fri_idl/include/lbr_fri_idl/lbr_fri_idl/msg
[0.632s] -- Up-to-date: /home/user/kuka_rl_ros2/src/install/lbr_fri_idl/include/lbr_fri_idl/lbr_fri_idl/msg/rosidl_typesupport_fastrtps_c__visibility_control.h
[0.632s] -- Up-to-date: /home/user/kuka_rl_ros2/src/install/lbr_fri_idl/include/lbr_fri_idl/lbr_fri_idl/msg/detail
[0.632s] -- Up-to-date: /home/user/kuka_rl_ros2/src/install/lbr_fri_idl/include/lbr_fri_idl/lbr_fri_idl/msg/detail/lbr_torque_command__rosidl_typesupport_fastrtps_c.h
[0.633s] -- Up-to-date: /home/user/kuka_rl_ros2/src/install/lbr_fri_idl/include/lbr_fri_idl/lbr_fri_idl/msg/detail/lbr_command__rosidl_typesupport_fastrtps_c.h
[0.633s] -- Up-to-date: /home/user/kuka_rl_ros2/src/install/lbr_fri_idl/include/lbr_fri_idl/lbr_fri_idl/msg/detail/lbr_state__rosidl_typesupport_fastrtps_c.h
[0.633s] -- Up-to-date: /home/user/kuka_rl_ros2/src/install/lbr_fri_idl/include/lbr_fri_idl/lbr_fri_idl/msg/detail/lbr_joint_position_command__rosidl_typesupport_fastrtps_c.h
[0.633s] -- Up-to-date: /home/user/kuka_rl_ros2/src/install/lbr_fri_idl/include/lbr_fri_idl/lbr_fri_idl/msg/detail/lbr_wrench_command__rosidl_typesupport_fastrtps_c.h
[0.633s] -- Up-to-date: /home/user/kuka_rl_ros2/src/install/lbr_fri_idl/lib/liblbr_fri_idl__rosidl_typesupport_fastrtps_c.so
[0.633s] -- Up-to-date: /home/user/kuka_rl_ros2/src/install/lbr_fri_idl/include/lbr_fri_idl/lbr_fri_idl
[0.633s] -- Up-to-date: /home/user/kuka_rl_ros2/src/install/lbr_fri_idl/include/lbr_fri_idl/lbr_fri_idl/msg
[0.634s] -- Up-to-date: /home/user/kuka_rl_ros2/src/install/lbr_fri_idl/include/lbr_fri_idl/lbr_fri_idl/msg/rosidl_generator_cpp__visibility_control.hpp
[0.634s] -- Up-to-date: /home/user/kuka_rl_ros2/src/install/lbr_fri_idl/include/lbr_fri_idl/lbr_fri_idl/msg/lbr_state.hpp
[0.634s] -- Up-to-date: /home/user/kuka_rl_ros2/src/install/lbr_fri_idl/include/lbr_fri_idl/lbr_fri_idl/msg/lbr_wrench_command.hpp
[0.634s] -- Up-to-date: /home/user/kuka_rl_ros2/src/install/lbr_fri_idl/include/lbr_fri_idl/lbr_fri_idl/msg/lbr_torque_command.hpp
[0.634s] -- Up-to-date: /home/user/kuka_rl_ros2/src/install/lbr_fri_idl/include/lbr_fri_idl/lbr_fri_idl/msg/lbr_joint_position_command.hpp
[0.634s] -- Up-to-date: /home/user/kuka_rl_ros2/src/install/lbr_fri_idl/include/lbr_fri_idl/lbr_fri_idl/msg/detail
[0.634s] -- Up-to-date: /home/user/kuka_rl_ros2/src/install/lbr_fri_idl/include/lbr_fri_idl/lbr_fri_idl/msg/detail/lbr_wrench_command__builder.hpp
[0.634s] -- Up-to-date: /home/user/kuka_rl_ros2/src/install/lbr_fri_idl/include/lbr_fri_idl/lbr_fri_idl/msg/detail/lbr_torque_command__builder.hpp
[0.634s] -- Up-to-date: /home/user/kuka_rl_ros2/src/install/lbr_fri_idl/include/lbr_fri_idl/lbr_fri_idl/msg/detail/lbr_joint_position_command__traits.hpp
[0.635s] -- Up-to-date: /home/user/kuka_rl_ros2/src/install/lbr_fri_idl/include/lbr_fri_idl/lbr_fri_idl/msg/detail/lbr_command__builder.hpp
[0.635s] -- Up-to-date: /home/user/kuka_rl_ros2/src/install/lbr_fri_idl/include/lbr_fri_idl/lbr_fri_idl/msg/detail/lbr_joint_position_command__builder.hpp
[0.635s] -- Up-to-date: /home/user/kuka_rl_ros2/src/install/lbr_fri_idl/include/lbr_fri_idl/lbr_fri_idl/msg/detail/lbr_wrench_command__type_support.hpp
[0.635s] -- Up-to-date: /home/user/kuka_rl_ros2/src/install/lbr_fri_idl/include/lbr_fri_idl/lbr_fri_idl/msg/detail/lbr_state__type_support.hpp
[0.635s] -- Up-to-date: /home/user/kuka_rl_ros2/src/install/lbr_fri_idl/include/lbr_fri_idl/lbr_fri_idl/msg/detail/lbr_state__traits.hpp
[0.635s] -- Up-to-date: /home/user/kuka_rl_ros2/src/install/lbr_fri_idl/include/lbr_fri_idl/lbr_fri_idl/msg/detail/lbr_torque_command__struct.hpp
[0.635s] -- Up-to-date: /home/user/kuka_rl_ros2/src/install/lbr_fri_idl/include/lbr_fri_idl/lbr_fri_idl/msg/detail/lbr_command__traits.hpp
[0.635s] -- Up-to-date: /home/user/kuka_rl_ros2/src/install/lbr_fri_idl/include/lbr_fri_idl/lbr_fri_idl/msg/detail/lbr_joint_position_command__type_support.hpp
[0.635s] -- Up-to-date: /home/user/kuka_rl_ros2/src/install/lbr_fri_idl/include/lbr_fri_idl/lbr_fri_idl/msg/detail/lbr_command__struct.hpp
[0.635s] -- Up-to-date: /home/user/kuka_rl_ros2/src/install/lbr_fri_idl/include/lbr_fri_idl/lbr_fri_idl/msg/detail/lbr_command__type_support.hpp
[0.636s] -- Up-to-date: /home/user/kuka_rl_ros2/src/install/lbr_fri_idl/include/lbr_fri_idl/lbr_fri_idl/msg/detail/lbr_joint_position_command__struct.hpp
[0.636s] -- Up-to-date: /home/user/kuka_rl_ros2/src/install/lbr_fri_idl/include/lbr_fri_idl/lbr_fri_idl/msg/detail/lbr_state__builder.hpp
[0.636s] -- Up-to-date: /home/user/kuka_rl_ros2/src/install/lbr_fri_idl/include/lbr_fri_idl/lbr_fri_idl/msg/detail/lbr_torque_command__type_support.hpp
[0.636s] -- Up-to-date: /home/user/kuka_rl_ros2/src/install/lbr_fri_idl/include/lbr_fri_idl/lbr_fri_idl/msg/detail/lbr_wrench_command__traits.hpp
[0.636s] -- Up-to-date: /home/user/kuka_rl_ros2/src/install/lbr_fri_idl/include/lbr_fri_idl/lbr_fri_idl/msg/detail/lbr_torque_command__traits.hpp
[0.636s] -- Up-to-date: /home/user/kuka_rl_ros2/src/install/lbr_fri_idl/include/lbr_fri_idl/lbr_fri_idl/msg/detail/lbr_state__struct.hpp
[0.636s] -- Up-to-date: /home/user/kuka_rl_ros2/src/install/lbr_fri_idl/include/lbr_fri_idl/lbr_fri_idl/msg/detail/lbr_wrench_command__struct.hpp
[0.636s] -- Up-to-date: /home/user/kuka_rl_ros2/src/install/lbr_fri_idl/include/lbr_fri_idl/lbr_fri_idl/msg/lbr_command.hpp
[0.636s] -- Up-to-date: /home/user/kuka_rl_ros2/src/install/lbr_fri_idl/include/lbr_fri_idl/lbr_fri_idl
[0.636s] -- Up-to-date: /home/user/kuka_rl_ros2/src/install/lbr_fri_idl/include/lbr_fri_idl/lbr_fri_idl/msg
[0.637s] -- Up-to-date: /home/user/kuka_rl_ros2/src/install/lbr_fri_idl/include/lbr_fri_idl/lbr_fri_idl/msg/detail
[0.637s] -- Up-to-date: /home/user/kuka_rl_ros2/src/install/lbr_fri_idl/include/lbr_fri_idl/lbr_fri_idl/msg/detail/lbr_state__rosidl_typesupport_fastrtps_cpp.hpp
[0.637s] -- Up-to-date: /home/user/kuka_rl_ros2/src/install/lbr_fri_idl/include/lbr_fri_idl/lbr_fri_idl/msg/detail/lbr_wrench_command__rosidl_typesupport_fastrtps_cpp.hpp
[0.637s] -- Up-to-date: /home/user/kuka_rl_ros2/src/install/lbr_fri_idl/include/lbr_fri_idl/lbr_fri_idl/msg/detail/lbr_command__rosidl_typesupport_fastrtps_cpp.hpp
[0.637s] -- Up-to-date: /home/user/kuka_rl_ros2/src/install/lbr_fri_idl/include/lbr_fri_idl/lbr_fri_idl/msg/detail/lbr_torque_command__rosidl_typesupport_fastrtps_cpp.hpp
[0.637s] -- Up-to-date: /home/user/kuka_rl_ros2/src/install/lbr_fri_idl/include/lbr_fri_idl/lbr_fri_idl/msg/detail/dds_fastrtps
[0.637s] -- Up-to-date: /home/user/kuka_rl_ros2/src/install/lbr_fri_idl/include/lbr_fri_idl/lbr_fri_idl/msg/detail/lbr_joint_position_command__rosidl_typesupport_fastrtps_cpp.hpp
[0.637s] -- Up-to-date: /home/user/kuka_rl_ros2/src/install/lbr_fri_idl/include/lbr_fri_idl/lbr_fri_idl/msg/rosidl_typesupport_fastrtps_cpp__visibility_control.h
[0.637s] -- Up-to-date: /home/user/kuka_rl_ros2/src/install/lbr_fri_idl/lib/liblbr_fri_idl__rosidl_typesupport_fastrtps_cpp.so
[0.638s] -- Up-to-date: /home/user/kuka_rl_ros2/src/install/lbr_fri_idl/include/lbr_fri_idl/lbr_fri_idl
[0.638s] -- Up-to-date: /home/user/kuka_rl_ros2/src/install/lbr_fri_idl/include/lbr_fri_idl/lbr_fri_idl/msg
[0.638s] -- Up-to-date: /home/user/kuka_rl_ros2/src/install/lbr_fri_idl/include/lbr_fri_idl/lbr_fri_idl/msg/rosidl_typesupport_introspection_c__visibility_control.h
[0.638s] -- Up-to-date: /home/user/kuka_rl_ros2/src/install/lbr_fri_idl/include/lbr_fri_idl/lbr_fri_idl/msg/detail
[0.638s] -- Up-to-date: /home/user/kuka_rl_ros2/src/install/lbr_fri_idl/include/lbr_fri_idl/lbr_fri_idl/msg/detail/lbr_joint_position_command__rosidl_typesupport_introspection_c.h
[0.638s] -- Up-to-date: /home/user/kuka_rl_ros2/src/install/lbr_fri_idl/include/lbr_fri_idl/lbr_fri_idl/msg/detail/lbr_wrench_command__rosidl_typesupport_introspection_c.h
[0.638s] -- Up-to-date: /home/user/kuka_rl_ros2/src/install/lbr_fri_idl/include/lbr_fri_idl/lbr_fri_idl/msg/detail/lbr_wrench_command__type_support.c
[0.638s] -- Up-to-date: /home/user/kuka_rl_ros2/src/install/lbr_fri_idl/include/lbr_fri_idl/lbr_fri_idl/msg/detail/lbr_torque_command__type_support.c
[0.638s] -- Up-to-date: /home/user/kuka_rl_ros2/src/install/lbr_fri_idl/include/lbr_fri_idl/lbr_fri_idl/msg/detail/lbr_command__type_support.c
[0.638s] -- Up-to-date: /home/user/kuka_rl_ros2/src/install/lbr_fri_idl/include/lbr_fri_idl/lbr_fri_idl/msg/detail/lbr_state__rosidl_typesupport_introspection_c.h
[0.639s] -- Up-to-date: /home/user/kuka_rl_ros2/src/install/lbr_fri_idl/include/lbr_fri_idl/lbr_fri_idl/msg/detail/lbr_joint_position_command__type_support.c
[0.639s] -- Up-to-date: /home/user/kuka_rl_ros2/src/install/lbr_fri_idl/include/lbr_fri_idl/lbr_fri_idl/msg/detail/lbr_state__type_support.c
[0.639s] -- Up-to-date: /home/user/kuka_rl_ros2/src/install/lbr_fri_idl/include/lbr_fri_idl/lbr_fri_idl/msg/detail/lbr_command__rosidl_typesupport_introspection_c.h
[0.639s] -- Up-to-date: /home/user/kuka_rl_ros2/src/install/lbr_fri_idl/include/lbr_fri_idl/lbr_fri_idl/msg/detail/lbr_torque_command__rosidl_typesupport_introspection_c.h
[0.639s] -- Up-to-date: /home/user/kuka_rl_ros2/src/install/lbr_fri_idl/lib/liblbr_fri_idl__rosidl_typesupport_introspection_c.so
[0.639s] -- Up-to-date: /home/user/kuka_rl_ros2/src/install/lbr_fri_idl/lib/liblbr_fri_idl__rosidl_typesupport_c.so
[0.639s] -- Up-to-date: /home/user/kuka_rl_ros2/src/install/lbr_fri_idl/include/lbr_fri_idl/lbr_fri_idl
[0.639s] -- Up-to-date: /home/user/kuka_rl_ros2/src/install/lbr_fri_idl/include/lbr_fri_idl/lbr_fri_idl/msg
[0.639s] -- Up-to-date: /home/user/kuka_rl_ros2/src/install/lbr_fri_idl/include/lbr_fri_idl/lbr_fri_idl/msg/detail
[0.640s] -- Up-to-date: /home/user/kuka_rl_ros2/src/install/lbr_fri_idl/include/lbr_fri_idl/lbr_fri_idl/msg/detail/lbr_torque_command__type_support.cpp
[0.640s] -- Up-to-date: /home/user/kuka_rl_ros2/src/install/lbr_fri_idl/include/lbr_fri_idl/lbr_fri_idl/msg/detail/lbr_wrench_command__rosidl_typesupport_introspection_cpp.hpp
[0.640s] -- Up-to-date: /home/user/kuka_rl_ros2/src/install/lbr_fri_idl/include/lbr_fri_idl/lbr_fri_idl/msg/detail/lbr_command__rosidl_typesupport_introspection_cpp.hpp
[0.640s] -- Up-to-date: /home/user/kuka_rl_ros2/src/install/lbr_fri_idl/include/lbr_fri_idl/lbr_fri_idl/msg/detail/lbr_command__type_support.cpp
[0.640s] -- Up-to-date: /home/user/kuka_rl_ros2/src/install/lbr_fri_idl/include/lbr_fri_idl/lbr_fri_idl/msg/detail/lbr_joint_position_command__rosidl_typesupport_introspection_cpp.hpp
[0.640s] -- Up-to-date: /home/user/kuka_rl_ros2/src/install/lbr_fri_idl/include/lbr_fri_idl/lbr_fri_idl/msg/detail/lbr_state__type_support.cpp
[0.640s] -- Up-to-date: /home/user/kuka_rl_ros2/src/install/lbr_fri_idl/include/lbr_fri_idl/lbr_fri_idl/msg/detail/lbr_torque_command__rosidl_typesupport_introspection_cpp.hpp
[0.640s] -- Up-to-date: /home/user/kuka_rl_ros2/src/install/lbr_fri_idl/include/lbr_fri_idl/lbr_fri_idl/msg/detail/lbr_wrench_command__type_support.cpp
[0.640s] -- Up-to-date: /home/user/kuka_rl_ros2/src/install/lbr_fri_idl/include/lbr_fri_idl/lbr_fri_idl/msg/detail/lbr_joint_position_command__type_support.cpp
[0.640s] -- Up-to-date: /home/user/kuka_rl_ros2/src/install/lbr_fri_idl/include/lbr_fri_idl/lbr_fri_idl/msg/detail/lbr_state__rosidl_typesupport_introspection_cpp.hpp
[0.641s] -- Up-to-date: /home/user/kuka_rl_ros2/src/install/lbr_fri_idl/lib/liblbr_fri_idl__rosidl_typesupport_introspection_cpp.so
[0.641s] -- Up-to-date: /home/user/kuka_rl_ros2/src/install/lbr_fri_idl/lib/liblbr_fri_idl__rosidl_typesupport_cpp.so
[0.641s] -- Up-to-date: /home/user/kuka_rl_ros2/src/install/lbr_fri_idl/share/lbr_fri_idl/environment/pythonpath.sh
[0.641s] -- Up-to-date: /home/user/kuka_rl_ros2/src/install/lbr_fri_idl/share/lbr_fri_idl/environment/pythonpath.dsv
[0.641s] -- Up-to-date: /home/user/kuka_rl_ros2/src/install/lbr_fri_idl/local/lib/python3.10/dist-packages/lbr_fri_idl-1.5.0-py3.10.egg-info
[0.641s] -- Installing: /home/user/kuka_rl_ros2/src/install/lbr_fri_idl/local/lib/python3.10/dist-packages/lbr_fri_idl-1.5.0-py3.10.egg-info/top_level.txt
[0.641s] -- Installing: /home/user/kuka_rl_ros2/src/install/lbr_fri_idl/local/lib/python3.10/dist-packages/lbr_fri_idl-1.5.0-py3.10.egg-info/SOURCES.txt
[0.641s] -- Installing: /home/user/kuka_rl_ros2/src/install/lbr_fri_idl/local/lib/python3.10/dist-packages/lbr_fri_idl-1.5.0-py3.10.egg-info/dependency_links.txt
[0.641s] -- Installing: /home/user/kuka_rl_ros2/src/install/lbr_fri_idl/local/lib/python3.10/dist-packages/lbr_fri_idl-1.5.0-py3.10.egg-info/PKG-INFO
[0.642s] -- Up-to-date: /home/user/kuka_rl_ros2/src/install/lbr_fri_idl/local/lib/python3.10/dist-packages/lbr_fri_idl
[0.642s] -- Up-to-date: /home/user/kuka_rl_ros2/src/install/lbr_fri_idl/local/lib/python3.10/dist-packages/lbr_fri_idl/msg
[0.642s] -- Up-to-date: /home/user/kuka_rl_ros2/src/install/lbr_fri_idl/local/lib/python3.10/dist-packages/lbr_fri_idl/msg/_lbr_joint_position_command_s.c
[0.642s] -- Up-to-date: /home/user/kuka_rl_ros2/src/install/lbr_fri_idl/local/lib/python3.10/dist-packages/lbr_fri_idl/msg/_lbr_state_s.c
[0.642s] -- Up-to-date: /home/user/kuka_rl_ros2/src/install/lbr_fri_idl/local/lib/python3.10/dist-packages/lbr_fri_idl/msg/_lbr_command_s.c
[0.642s] -- Up-to-date: /home/user/kuka_rl_ros2/src/install/lbr_fri_idl/local/lib/python3.10/dist-packages/lbr_fri_idl/msg/_lbr_joint_position_command.py
[0.642s] -- Up-to-date: /home/user/kuka_rl_ros2/src/install/lbr_fri_idl/local/lib/python3.10/dist-packages/lbr_fri_idl/msg/_lbr_wrench_command_s.c
[0.642s] -- Up-to-date: /home/user/kuka_rl_ros2/src/install/lbr_fri_idl/local/lib/python3.10/dist-packages/lbr_fri_idl/msg/__init__.py
[0.642s] -- Up-to-date: /home/user/kuka_rl_ros2/src/install/lbr_fri_idl/local/lib/python3.10/dist-packages/lbr_fri_idl/msg/_lbr_state.py
[0.643s] -- Up-to-date: /home/user/kuka_rl_ros2/src/install/lbr_fri_idl/local/lib/python3.10/dist-packages/lbr_fri_idl/msg/_lbr_command.py
[0.643s] -- Up-to-date: /home/user/kuka_rl_ros2/src/install/lbr_fri_idl/local/lib/python3.10/dist-packages/lbr_fri_idl/msg/_lbr_wrench_command.py
[0.643s] -- Up-to-date: /home/user/kuka_rl_ros2/src/install/lbr_fri_idl/local/lib/python3.10/dist-packages/lbr_fri_idl/msg/_lbr_torque_command.py
[0.643s] -- Up-to-date: /home/user/kuka_rl_ros2/src/install/lbr_fri_idl/local/lib/python3.10/dist-packages/lbr_fri_idl/msg/_lbr_torque_command_s.c
[0.643s] -- Up-to-date: /home/user/kuka_rl_ros2/src/install/lbr_fri_idl/local/lib/python3.10/dist-packages/lbr_fri_idl/lbr_fri_idl_s__rosidl_typesupport_c.cpython-310-x86_64-linux-gnu.so
[0.643s] -- Up-to-date: /home/user/kuka_rl_ros2/src/install/lbr_fri_idl/local/lib/python3.10/dist-packages/lbr_fri_idl/__init__.py
[0.643s] -- Up-to-date: /home/user/kuka_rl_ros2/src/install/lbr_fri_idl/local/lib/python3.10/dist-packages/lbr_fri_idl/liblbr_fri_idl__rosidl_generator_py.so
[0.643s] -- Up-to-date: /home/user/kuka_rl_ros2/src/install/lbr_fri_idl/local/lib/python3.10/dist-packages/lbr_fri_idl/lbr_fri_idl_s__rosidl_typesupport_introspection_c.cpython-310-x86_64-linux-gnu.so
[0.643s] -- Up-to-date: /home/user/kuka_rl_ros2/src/install/lbr_fri_idl/local/lib/python3.10/dist-packages/lbr_fri_idl/_lbr_fri_idl_s.ep.rosidl_typesupport_c.c
[0.643s] -- Up-to-date: /home/user/kuka_rl_ros2/src/install/lbr_fri_idl/local/lib/python3.10/dist-packages/lbr_fri_idl/_lbr_fri_idl_s.ep.rosidl_typesupport_introspection_c.c
[0.644s] -- Up-to-date: /home/user/kuka_rl_ros2/src/install/lbr_fri_idl/local/lib/python3.10/dist-packages/lbr_fri_idl/lbr_fri_idl_s__rosidl_typesupport_fastrtps_c.cpython-310-x86_64-linux-gnu.so
[0.644s] -- Up-to-date: /home/user/kuka_rl_ros2/src/install/lbr_fri_idl/local/lib/python3.10/dist-packages/lbr_fri_idl/_lbr_fri_idl_s.ep.rosidl_typesupport_fastrtps_c.c
[0.667s] Listing '/home/user/kuka_rl_ros2/src/install/lbr_fri_idl/local/lib/python3.10/dist-packages/lbr_fri_idl'...
[0.667s] Listing '/home/user/kuka_rl_ros2/src/install/lbr_fri_idl/local/lib/python3.10/dist-packages/lbr_fri_idl/msg'...
[0.671s] -- Up-to-date: /home/user/kuka_rl_ros2/src/install/lbr_fri_idl/local/lib/python3.10/dist-packages/lbr_fri_idl/lbr_fri_idl_s__rosidl_typesupport_fastrtps_c.cpython-310-x86_64-linux-gnu.so
[0.672s] -- Up-to-date: /home/user/kuka_rl_ros2/src/install/lbr_fri_idl/local/lib/python3.10/dist-packages/lbr_fri_idl/lbr_fri_idl_s__rosidl_typesupport_introspection_c.cpython-310-x86_64-linux-gnu.so
[0.672s] -- Up-to-date: /home/user/kuka_rl_ros2/src/install/lbr_fri_idl/local/lib/python3.10/dist-packages/lbr_fri_idl/lbr_fri_idl_s__rosidl_typesupport_c.cpython-310-x86_64-linux-gnu.so
[0.672s] -- Up-to-date: /home/user/kuka_rl_ros2/src/install/lbr_fri_idl/lib/liblbr_fri_idl__rosidl_generator_py.so
[0.673s] -- Up-to-date: /home/user/kuka_rl_ros2/src/install/lbr_fri_idl/share/lbr_fri_idl/msg/LBRCommand.idl
[0.673s] -- Up-to-date: /home/user/kuka_rl_ros2/src/install/lbr_fri_idl/share/lbr_fri_idl/msg/LBRJointPositionCommand.idl
[0.673s] -- Up-to-date: /home/user/kuka_rl_ros2/src/install/lbr_fri_idl/share/lbr_fri_idl/msg/LBRState.idl
[0.673s] -- Up-to-date: /home/user/kuka_rl_ros2/src/install/lbr_fri_idl/share/lbr_fri_idl/msg/LBRTorqueCommand.idl
[0.673s] -- Up-to-date: /home/user/kuka_rl_ros2/src/install/lbr_fri_idl/share/lbr_fri_idl/msg/LBRWrenchCommand.idl
[0.674s] -- Up-to-date: /home/user/kuka_rl_ros2/src/install/lbr_fri_idl/share/lbr_fri_idl/msg/LBRCommand.msg
[0.674s] -- Up-to-date: /home/user/kuka_rl_ros2/src/install/lbr_fri_idl/share/lbr_fri_idl/msg/LBRJointPositionCommand.msg
[0.674s] -- Up-to-date: /home/user/kuka_rl_ros2/src/install/lbr_fri_idl/share/lbr_fri_idl/msg/LBRState.msg
[0.674s] -- Up-to-date: /home/user/kuka_rl_ros2/src/install/lbr_fri_idl/share/lbr_fri_idl/msg/LBRTorqueCommand.msg
[0.674s] -- Up-to-date: /home/user/kuka_rl_ros2/src/install/lbr_fri_idl/share/lbr_fri_idl/msg/LBRWrenchCommand.msg
[0.674s] -- Up-to-date: /home/user/kuka_rl_ros2/src/install/lbr_fri_idl/share/ament_index/resource_index/package_run_dependencies/lbr_fri_idl
[0.674s] -- Up-to-date: /home/user/kuka_rl_ros2/src/install/lbr_fri_idl/share/ament_index/resource_index/parent_prefix_path/lbr_fri_idl
[0.675s] -- Up-to-date: /home/user/kuka_rl_ros2/src/install/lbr_fri_idl/share/lbr_fri_idl/environment/ament_prefix_path.sh
[0.675s] -- Up-to-date: /home/user/kuka_rl_ros2/src/install/lbr_fri_idl/share/lbr_fri_idl/environment/ament_prefix_path.dsv
[0.675s] -- Up-to-date: /home/user/kuka_rl_ros2/src/install/lbr_fri_idl/share/lbr_fri_idl/environment/path.sh
[0.675s] -- Up-to-date: /home/user/kuka_rl_ros2/src/install/lbr_fri_idl/share/lbr_fri_idl/environment/path.dsv
[0.675s] -- Up-to-date: /home/user/kuka_rl_ros2/src/install/lbr_fri_idl/share/lbr_fri_idl/local_setup.bash
[0.675s] -- Up-to-date: /home/user/kuka_rl_ros2/src/install/lbr_fri_idl/share/lbr_fri_idl/local_setup.sh
[0.675s] -- Up-to-date: /home/user/kuka_rl_ros2/src/install/lbr_fri_idl/share/lbr_fri_idl/local_setup.zsh
[0.676s] -- Up-to-date: /home/user/kuka_rl_ros2/src/install/lbr_fri_idl/share/lbr_fri_idl/local_setup.dsv
[0.676s] -- Installing: /home/user/kuka_rl_ros2/src/install/lbr_fri_idl/share/lbr_fri_idl/package.dsv
[0.676s] -- Up-to-date: /home/user/kuka_rl_ros2/src/install/lbr_fri_idl/share/ament_index/resource_index/packages/lbr_fri_idl
[0.676s] -- Up-to-date: /home/user/kuka_rl_ros2/src/install/lbr_fri_idl/share/lbr_fri_idl/cmake/export_lbr_fri_idl__rosidl_generator_cExport.cmake
[0.676s] -- Up-to-date: /home/user/kuka_rl_ros2/src/install/lbr_fri_idl/share/lbr_fri_idl/cmake/export_lbr_fri_idl__rosidl_generator_cExport-release.cmake
[0.676s] -- Up-to-date: /home/user/kuka_rl_ros2/src/install/lbr_fri_idl/share/lbr_fri_idl/cmake/export_lbr_fri_idl__rosidl_typesupport_fastrtps_cExport.cmake
[0.676s] -- Up-to-date: /home/user/kuka_rl_ros2/src/install/lbr_fri_idl/share/lbr_fri_idl/cmake/export_lbr_fri_idl__rosidl_typesupport_fastrtps_cExport-release.cmake
[0.676s] -- Up-to-date: /home/user/kuka_rl_ros2/src/install/lbr_fri_idl/share/lbr_fri_idl/cmake/export_lbr_fri_idl__rosidl_generator_cppExport.cmake
[0.676s] -- Up-to-date: /home/user/kuka_rl_ros2/src/install/lbr_fri_idl/share/lbr_fri_idl/cmake/export_lbr_fri_idl__rosidl_typesupport_fastrtps_cppExport.cmake
[0.677s] -- Up-to-date: /home/user/kuka_rl_ros2/src/install/lbr_fri_idl/share/lbr_fri_idl/cmake/export_lbr_fri_idl__rosidl_typesupport_fastrtps_cppExport-release.cmake
[0.677s] -- Up-to-date: /home/user/kuka_rl_ros2/src/install/lbr_fri_idl/share/lbr_fri_idl/cmake/lbr_fri_idl__rosidl_typesupport_introspection_cExport.cmake
[0.677s] -- Up-to-date: /home/user/kuka_rl_ros2/src/install/lbr_fri_idl/share/lbr_fri_idl/cmake/lbr_fri_idl__rosidl_typesupport_introspection_cExport-release.cmake
[0.677s] -- Up-to-date: /home/user/kuka_rl_ros2/src/install/lbr_fri_idl/share/lbr_fri_idl/cmake/lbr_fri_idl__rosidl_typesupport_cExport.cmake
[0.677s] -- Up-to-date: /home/user/kuka_rl_ros2/src/install/lbr_fri_idl/share/lbr_fri_idl/cmake/lbr_fri_idl__rosidl_typesupport_cExport-release.cmake
[0.677s] -- Up-to-date: /home/user/kuka_rl_ros2/src/install/lbr_fri_idl/share/lbr_fri_idl/cmake/lbr_fri_idl__rosidl_typesupport_introspection_cppExport.cmake
[0.677s] -- Up-to-date: /home/user/kuka_rl_ros2/src/install/lbr_fri_idl/share/lbr_fri_idl/cmake/lbr_fri_idl__rosidl_typesupport_introspection_cppExport-release.cmake
[0.678s] -- Up-to-date: /home/user/kuka_rl_ros2/src/install/lbr_fri_idl/share/lbr_fri_idl/cmake/lbr_fri_idl__rosidl_typesupport_cppExport.cmake
[0.678s] -- Up-to-date: /home/user/kuka_rl_ros2/src/install/lbr_fri_idl/share/lbr_fri_idl/cmake/lbr_fri_idl__rosidl_typesupport_cppExport-release.cmake
[0.679s] -- Up-to-date: /home/user/kuka_rl_ros2/src/install/lbr_fri_idl/share/lbr_fri_idl/cmake/export_lbr_fri_idl__rosidl_generator_pyExport.cmake
[0.679s] -- Up-to-date: /home/user/kuka_rl_ros2/src/install/lbr_fri_idl/share/lbr_fri_idl/cmake/export_lbr_fri_idl__rosidl_generator_pyExport-release.cmake
[0.679s] -- Up-to-date: /home/user/kuka_rl_ros2/src/install/lbr_fri_idl/share/lbr_fri_idl/cmake/rosidl_cmake-extras.cmake
[0.679s] -- Up-to-date: /home/user/kuka_rl_ros2/src/install/lbr_fri_idl/share/lbr_fri_idl/cmake/ament_cmake_export_dependencies-extras.cmake
[0.680s] -- Up-to-date: /home/user/kuka_rl_ros2/src/install/lbr_fri_idl/share/lbr_fri_idl/cmake/ament_cmake_export_include_directories-extras.cmake
[0.680s] -- Up-to-date: /home/user/kuka_rl_ros2/src/install/lbr_fri_idl/share/lbr_fri_idl/cmake/ament_cmake_export_libraries-extras.cmake
[0.680s] -- Up-to-date: /home/user/kuka_rl_ros2/src/install/lbr_fri_idl/share/lbr_fri_idl/cmake/ament_cmake_export_targets-extras.cmake
[0.680s] -- Up-to-date: /home/user/kuka_rl_ros2/src/install/lbr_fri_idl/share/lbr_fri_idl/cmake/rosidl_cmake_export_typesupport_targets-extras.cmake
[0.680s] -- Up-to-date: /home/user/kuka_rl_ros2/src/install/lbr_fri_idl/share/lbr_fri_idl/cmake/rosidl_cmake_export_typesupport_libraries-extras.cmake
[0.681s] -- Up-to-date: /home/user/kuka_rl_ros2/src/install/lbr_fri_idl/share/lbr_fri_idl/cmake/lbr_fri_idlConfig.cmake
[0.681s] -- Up-to-date: /home/user/kuka_rl_ros2/src/install/lbr_fri_idl/share/lbr_fri_idl/cmake/lbr_fri_idlConfig-version.cmake
[0.681s] -- Up-to-date: /home/user/kuka_rl_ros2/src/install/lbr_fri_idl/share/lbr_fri_idl/package.xml
[0.681s] Invoked command in '/home/user/kuka_rl_ros2/src/build/lbr_fri_idl' returned '0': CMAKE_PREFIX_PATH=/home/user/kuka_rl_ros2/src/install/fri_client_sdk:/home/user/kuka_rl_ros2/src/install/med7_moveit_config:/home/user/kuka_rl_ros2/src/install/med14_moveit_config:/home/user/kuka_rl_ros2/src/install/lbr_fri_ros2_stack:/home/user/kuka_rl_ros2/src/install/lbr_demos_cpp:/home/user/kuka_rl_ros2/src/install/lbr_bringup:/home/user/kuka_rl_ros2/src/install/lbr_ros2_control:/home/user/kuka_rl_ros2/src/install/lbr_moveit_cpp:/home/user/kuka_rl_ros2/src/install/lbr_demos_advanced_cpp:/home/user/kuka_rl_ros2/src/install/lbr_fri_ros2:/home/user/kuka_rl_ros2/src/install/catch_and_throw:/home/user/kuka_rl_ros2/src/install/lbr_fri_idl:/home/user/kuka_rl_ros2/src/install/iiwa7_moveit_config:/home/user/kuka_rl_ros2/src/install/iiwa14_moveit_config:/home/user/kuka_rl_ros2/src/install/lbr_description:/home/user/kuka_rl_ros2/install/med7_moveit_config:/home/user/kuka_rl_ros2/install/med14_moveit_config:/home/user/kuka_rl_ros2/install/lbr_fri_ros2_stack:/home/user/kuka_rl_ros2/install/lbr_demos_cpp:/home/user/kuka_rl_ros2/install/lbr_bringup:/home/user/kuka_rl_ros2/install/lbr_ros2_control:/home/user/kuka_rl_ros2/install/lbr_moveit_cpp:/home/user/kuka_rl_ros2/install/lbr_demos_advanced_cpp:/home/user/kuka_rl_ros2/install/lbr_fri_ros2:/home/user/kuka_rl_ros2/install/lbr_fri_idl:/home/user/kuka_rl_ros2/install/iiwa7_moveit_config:/home/user/kuka_rl_ros2/install/iiwa14_moveit_config:/home/user/kuka_rl_ros2/install/lbr_description:/home/user/kuka_rl_ros2/install/fri_client_sdk:/home/user/kuka_rl_ros2/install/catch_and_throw:/home/user/kuka_rl_ros2/src/install/lbr_demos_py:/home/user/kuka_rl_ros2/src/install/lbr_moveit:/home/user/kuka_rl_ros2/src/install/lbr_demos_advanced_py:/home/user/kuka_rl_ros2/install/lbr_demos_py:/home/user/kuka_rl_ros2/install/lbr_moveit:/home/user/kuka_rl_ros2/install/lbr_demos_advanced_py:/opt/ros/humble LD_LIBRARY_PATH=/home/user/kuka_rl_ros2/src/install/fri_client_sdk/lib:/home/user/kuka_rl_ros2/src/install/lbr_ros2_control/lib:/home/user/kuka_rl_ros2/src/install/lbr_demos_advanced_cpp/lib:/home/user/kuka_rl_ros2/src/install/lbr_fri_ros2/lib:/home/user/kuka_rl_ros2/src/install/lbr_fri_idl/lib:/home/user/kuka_rl_ros2/install/lbr_ros2_control/lib:/home/user/kuka_rl_ros2/install/lbr_demos_advanced_cpp/lib:/home/user/kuka_rl_ros2/install/lbr_fri_ros2/lib:/home/user/kuka_rl_ros2/install/lbr_fri_idl/lib:/home/user/kuka_rl_ros2/install/fri_client_sdk/lib:/opt/ros/humble/opt/rviz_ogre_vendor/lib:/opt/ros/humble/lib/x86_64-linux-gnu:/opt/ros/humble/lib /usr/bin/cmake --install /home/user/kuka_rl_ros2/src/build/lbr_fri_idl
