[0.039s] Invoking command in '/home/user/kuka_rl_ros2/src/build/fri_client_sdk': CMAKE_PREFIX_PATH=${CMAKE_PREFIX_PATH}:/home/user/kuka_rl_ros2/src/install/lbr_demos_py:/home/user/kuka_rl_ros2/src/install/lbr_moveit:/home/user/kuka_rl_ros2/src/install/lbr_demos_advanced_py:/home/user/kuka_rl_ros2/install/lbr_demos_py:/home/user/kuka_rl_ros2/install/lbr_moveit:/home/user/kuka_rl_ros2/install/lbr_demos_advanced_py:/opt/ros/humble /usr/bin/cmake --build /home/user/kuka_rl_ros2/src/build/fri_client_sdk -- -j8 -l8
[0.295s] [100%] Built target FRIClient
[0.311s] Invoked command in '/home/user/kuka_rl_ros2/src/build/fri_client_sdk' returned '0': CMAKE_PREFIX_PATH=${CMAKE_PREFIX_PATH}:/home/user/kuka_rl_ros2/src/install/lbr_demos_py:/home/user/kuka_rl_ros2/src/install/lbr_moveit:/home/user/kuka_rl_ros2/src/install/lbr_demos_advanced_py:/home/user/kuka_rl_ros2/install/lbr_demos_py:/home/user/kuka_rl_ros2/install/lbr_moveit:/home/user/kuka_rl_ros2/install/lbr_demos_advanced_py:/opt/ros/humble /usr/bin/cmake --build /home/user/kuka_rl_ros2/src/build/fri_client_sdk -- -j8 -l8
[0.311s] Invoking command in '/home/user/kuka_rl_ros2/src/build/fri_client_sdk': CMAKE_PREFIX_PATH=${CMAKE_PREFIX_PATH}:/home/user/kuka_rl_ros2/src/install/lbr_demos_py:/home/user/kuka_rl_ros2/src/install/lbr_moveit:/home/user/kuka_rl_ros2/src/install/lbr_demos_advanced_py:/home/user/kuka_rl_ros2/install/lbr_demos_py:/home/user/kuka_rl_ros2/install/lbr_moveit:/home/user/kuka_rl_ros2/install/lbr_demos_advanced_py:/opt/ros/humble /usr/bin/cmake --install /home/user/kuka_rl_ros2/src/build/fri_client_sdk
[0.351s] -- Install configuration: "Release"
[0.351s] -- Up-to-date: /home/user/kuka_rl_ros2/src/install/fri_client_sdk/lib/libFRIClient.so
[0.353s] -- Up-to-date: /home/user/kuka_rl_ros2/src/install/fri_client_sdk/include
[0.353s] -- Up-to-date: /home/user/kuka_rl_ros2/src/install/fri_client_sdk/include/friClientApplication.h
[0.353s] -- Up-to-date: /home/user/kuka_rl_ros2/src/install/fri_client_sdk/include/friUdpConnection.h
[0.353s] -- Up-to-date: /home/user/kuka_rl_ros2/src/install/fri_client_sdk/include/friTransformationClient.h
[0.353s] -- Up-to-date: /home/user/kuka_rl_ros2/src/install/fri_client_sdk/include/friLBRState.h
[0.354s] -- Up-to-date: /home/user/kuka_rl_ros2/src/install/fri_client_sdk/include/friConnectionIf.h
[0.354s] -- Up-to-date: /home/user/kuka_rl_ros2/src/install/fri_client_sdk/include/friClientVersion.h
[0.354s] -- Up-to-date: /home/user/kuka_rl_ros2/src/install/fri_client_sdk/include/friClientIf.h
[0.355s] -- Up-to-date: /home/user/kuka_rl_ros2/src/install/fri_client_sdk/include/friLBRClient.h
[0.356s] -- Up-to-date: /home/user/kuka_rl_ros2/src/install/fri_client_sdk/include/friLBRCommand.h
[0.356s] -- Up-to-date: /home/user/kuka_rl_ros2/src/install/fri_client_sdk/lib/cmake/FRIClient/FRIClientConfig.cmake
[0.356s] -- Up-to-date: /home/user/kuka_rl_ros2/src/install/fri_client_sdk/lib/cmake/FRIClient/FRIClientConfig-release.cmake
[0.356s] -- Up-to-date: /home/user/kuka_rl_ros2/src/install/fri_client_sdk/lib/cmake/FRIClient/FRIClientConfigVersion.cmake
[0.357s] Invoked command in '/home/user/kuka_rl_ros2/src/build/fri_client_sdk' returned '0': CMAKE_PREFIX_PATH=${CMAKE_PREFIX_PATH}:/home/user/kuka_rl_ros2/src/install/lbr_demos_py:/home/user/kuka_rl_ros2/src/install/lbr_moveit:/home/user/kuka_rl_ros2/src/install/lbr_demos_advanced_py:/home/user/kuka_rl_ros2/install/lbr_demos_py:/home/user/kuka_rl_ros2/install/lbr_moveit:/home/user/kuka_rl_ros2/install/lbr_demos_advanced_py:/opt/ros/humble /usr/bin/cmake --install /home/user/kuka_rl_ros2/src/build/fri_client_sdk
