-- The C compiler identification is GNU 11.4.0
-- The CXX compiler identification is GNU 11.4.0
-- Detecting C compiler ABI info
-- Detecting C compiler ABI info - done
-- Check for working C compiler: /usr/bin/cc - skipped
-- Detecting C compile features
-- Detecting C compile features - done
-- Detecting CXX compiler ABI info
-- Detecting CXX compiler ABI info - done
-- Check for working CXX compiler: /usr/bin/c++ - skipped
-- Detecting CXX compile features
-- Detecting CXX compile features - done
-- Found ament_cmake: 1.3.11 (/opt/ros/humble/share/ament_cmake/cmake)
-- Found Python3: /usr/bin/python3 (found version "3.10.12") found components: Interpreter 
-- Found rclcpp: 16.0.12 (/opt/ros/humble/share/rclcpp/cmake)
-- Found rosidl_generator_c: 3.1.6 (/opt/ros/humble/share/rosidl_generator_c/cmake)
-- Found rosidl_adapter: 3.1.6 (/opt/ros/humble/share/rosidl_adapter/cmake)
-- Found rosidl_generator_cpp: 3.1.6 (/opt/ros/humble/share/rosidl_generator_cpp/cmake)
-- Using all available rosidl_typesupport_c: rosidl_typesupport_fastrtps_c;rosidl_typesupport_introspection_c
-- Using all available rosidl_typesupport_cpp: rosidl_typesupport_fastrtps_cpp;rosidl_typesupport_introspection_cpp
-- Found rmw_implementation_cmake: 6.1.2 (/opt/ros/humble/share/rmw_implementation_cmake/cmake)
-- Found rmw_fastrtps_cpp: 6.2.7 (/opt/ros/humble/share/rmw_fastrtps_cpp/cmake)
-- Found OpenSSL: /usr/lib/x86_64-linux-gnu/libcrypto.so (found version "3.0.2")  
-- Found FastRTPS: /opt/ros/humble/include  
-- Using RMW implementation 'rmw_fastrtps_cpp' as default
-- Looking for pthread.h
-- Looking for pthread.h - found
-- Performing Test CMAKE_HAVE_LIBC_PTHREAD
-- Performing Test CMAKE_HAVE_LIBC_PTHREAD - Success
-- Found Threads: TRUE  
-- Found sensor_msgs: 4.8.0 (/opt/ros/humble/share/sensor_msgs/cmake)
-- Found lbr_fri_idl: 1.5.0 (/home/user/kuka_rl_ros2/install/lbr_fri_idl/share/lbr_fri_idl/cmake)
-- Found Torch: /home/user/kuka_rl_ros2/src/catch_and_throw/libs/libtorch/lib/libtorch.so  
-- Found ament_lint_auto: 0.12.12 (/opt/ros/humble/share/ament_lint_auto/cmake)
-- Configuring done
-- Generating done
-- Build files have been written to: /home/user/kuka_rl_ros2/src/catch_and_throw/build/catch_and_throw
[ 50%] [32mBuilding CXX object CMakeFiles/joint_state_node_trained.dir/src/joint_state_node_trained.cpp.o[0m
[ 50%] [32mBuilding CXX object CMakeFiles/joint_state_node.dir/src/joint_state_node.cpp.o[0m
[ 75%] [32m[1mLinking CXX executable joint_state_node[0m
[ 75%] Built target joint_state_node
[100%] [32m[1mLinking CXX executable joint_state_node_trained[0m
[100%] Built target joint_state_node_trained
-- Install configuration: ""
-- Installing: /home/user/kuka_rl_ros2/src/catch_and_throw/install/catch_and_throw/lib/catch_and_throw/joint_state_node
-- Set runtime path of "/home/user/kuka_rl_ros2/src/catch_and_throw/install/catch_and_throw/lib/catch_and_throw/joint_state_node" to ""
-- Installing: /home/user/kuka_rl_ros2/src/catch_and_throw/install/catch_and_throw/lib/catch_and_throw/joint_state_node_trained
-- Set runtime path of "/home/user/kuka_rl_ros2/src/catch_and_throw/install/catch_and_throw/lib/catch_and_throw/joint_state_node_trained" to ""
-- Installing: /home/user/kuka_rl_ros2/src/catch_and_throw/install/catch_and_throw/share/ament_index/resource_index/package_run_dependencies/catch_and_throw
-- Installing: /home/user/kuka_rl_ros2/src/catch_and_throw/install/catch_and_throw/share/ament_index/resource_index/parent_prefix_path/catch_and_throw
-- Installing: /home/user/kuka_rl_ros2/src/catch_and_throw/install/catch_and_throw/share/catch_and_throw/environment/ament_prefix_path.sh
-- Installing: /home/user/kuka_rl_ros2/src/catch_and_throw/install/catch_and_throw/share/catch_and_throw/environment/ament_prefix_path.dsv
-- Installing: /home/user/kuka_rl_ros2/src/catch_and_throw/install/catch_and_throw/share/catch_and_throw/environment/path.sh
-- Installing: /home/user/kuka_rl_ros2/src/catch_and_throw/install/catch_and_throw/share/catch_and_throw/environment/path.dsv
-- Installing: /home/user/kuka_rl_ros2/src/catch_and_throw/install/catch_and_throw/share/catch_and_throw/local_setup.bash
-- Installing: /home/user/kuka_rl_ros2/src/catch_and_throw/install/catch_and_throw/share/catch_and_throw/local_setup.sh
-- Installing: /home/user/kuka_rl_ros2/src/catch_and_throw/install/catch_and_throw/share/catch_and_throw/local_setup.zsh
-- Installing: /home/user/kuka_rl_ros2/src/catch_and_throw/install/catch_and_throw/share/catch_and_throw/local_setup.dsv
-- Installing: /home/user/kuka_rl_ros2/src/catch_and_throw/install/catch_and_throw/share/catch_and_throw/package.dsv
-- Installing: /home/user/kuka_rl_ros2/src/catch_and_throw/install/catch_and_throw/share/ament_index/resource_index/packages/catch_and_throw
-- Installing: /home/user/kuka_rl_ros2/src/catch_and_throw/install/catch_and_throw/share/catch_and_throw/cmake/catch_and_throwConfig.cmake
-- Installing: /home/user/kuka_rl_ros2/src/catch_and_throw/install/catch_and_throw/share/catch_and_throw/cmake/catch_and_throwConfig-version.cmake
-- Installing: /home/user/kuka_rl_ros2/src/catch_and_throw/install/catch_and_throw/share/catch_and_throw/package.xml
