[0.011s] Invoking command in '/home/user/kuka_rl_ros2/src/catch_and_throw/build/catch_and_throw': CMAKE_PREFIX_PATH=${CMAKE_PREFIX_PATH}:/home/user/kuka_rl_ros2/install/optitrack_listener:/home/user/kuka_rl_ros2/install/lbr_demos_py:/home/user/kuka_rl_ros2/install/lbr_moveit:/home/user/kuka_rl_ros2/install/lbr_demos_advanced_py:/opt/ros/humble /usr/bin/cmake /home/user/kuka_rl_ros2/src/catch_and_throw -DCMAKE_INSTALL_PREFIX=/home/user/kuka_rl_ros2/src/catch_and_throw/install/catch_and_throw
[0.191s] -- The C compiler identification is GNU 11.4.0
[0.345s] -- The CXX compiler identification is GNU 11.4.0
[0.355s] -- Detecting C compiler ABI info
[0.438s] -- Detecting C compiler ABI info - done
[0.445s] -- Check for working C compiler: /usr/bin/cc - skipped
[0.445s] -- Detecting C compile features
[0.446s] -- Detecting C compile features - done
[0.450s] -- Detecting CXX compiler ABI info
[0.532s] -- Detecting CXX compiler ABI info - done
[0.538s] -- Check for working CXX compiler: /usr/bin/c++ - skipped
[0.539s] -- Detecting CXX compile features
[0.539s] -- Detecting CXX compile features - done
[0.547s] -- Found ament_cmake: 1.3.11 (/opt/ros/humble/share/ament_cmake/cmake)
[0.727s] -- Found Python3: /usr/bin/python3 (found version "3.10.12") found components: Interpreter 
[0.898s] -- Found rclcpp: 16.0.12 (/opt/ros/humble/share/rclcpp/cmake)
[1.022s] -- Found rosidl_generator_c: 3.1.6 (/opt/ros/humble/share/rosidl_generator_c/cmake)
[1.037s] -- Found rosidl_adapter: 3.1.6 (/opt/ros/humble/share/rosidl_adapter/cmake)
[1.057s] -- Found rosidl_generator_cpp: 3.1.6 (/opt/ros/humble/share/rosidl_generator_cpp/cmake)
[1.082s] -- Using all available rosidl_typesupport_c: rosidl_typesupport_fastrtps_c;rosidl_typesupport_introspection_c
[1.116s] -- Using all available rosidl_typesupport_cpp: rosidl_typesupport_fastrtps_cpp;rosidl_typesupport_introspection_cpp
[1.221s] -- Found rmw_implementation_cmake: 6.1.2 (/opt/ros/humble/share/rmw_implementation_cmake/cmake)
[1.235s] -- Found rmw_fastrtps_cpp: 6.2.7 (/opt/ros/humble/share/rmw_fastrtps_cpp/cmake)
[1.392s] -- Found OpenSSL: /usr/lib/x86_64-linux-gnu/libcrypto.so (found version "3.0.2")  
[1.434s] -- Found FastRTPS: /opt/ros/humble/include  
[1.488s] -- Using RMW implementation 'rmw_fastrtps_cpp' as default
[1.511s] -- Looking for pthread.h
[1.591s] -- Looking for pthread.h - found
[1.591s] -- Performing Test CMAKE_HAVE_LIBC_PTHREAD
[1.662s] -- Performing Test CMAKE_HAVE_LIBC_PTHREAD - Success
[1.664s] -- Found Threads: TRUE  
[1.753s] -- Found sensor_msgs: 4.8.0 (/opt/ros/humble/share/sensor_msgs/cmake)
[1.797s] -- Found lbr_fri_idl: 1.5.0 (/home/user/kuka_rl_ros2/install/lbr_fri_idl/share/lbr_fri_idl/cmake)
[1.866s] -- Found Torch: /home/user/kuka_rl_ros2/src/catch_and_throw/libs/libtorch/lib/libtorch.so  
[1.890s] -- Found ament_lint_auto: 0.12.12 (/opt/ros/humble/share/ament_lint_auto/cmake)
[2.035s] -- Configuring done
[2.059s] -- Generating done
[2.067s] -- Build files have been written to: /home/user/kuka_rl_ros2/src/catch_and_throw/build/catch_and_throw
[2.078s] Invoked command in '/home/user/kuka_rl_ros2/src/catch_and_throw/build/catch_and_throw' returned '0': CMAKE_PREFIX_PATH=${CMAKE_PREFIX_PATH}:/home/user/kuka_rl_ros2/install/optitrack_listener:/home/user/kuka_rl_ros2/install/lbr_demos_py:/home/user/kuka_rl_ros2/install/lbr_moveit:/home/user/kuka_rl_ros2/install/lbr_demos_advanced_py:/opt/ros/humble /usr/bin/cmake /home/user/kuka_rl_ros2/src/catch_and_throw -DCMAKE_INSTALL_PREFIX=/home/user/kuka_rl_ros2/src/catch_and_throw/install/catch_and_throw
[2.081s] Invoking command in '/home/user/kuka_rl_ros2/src/catch_and_throw/build/catch_and_throw': CMAKE_PREFIX_PATH=${CMAKE_PREFIX_PATH}:/home/user/kuka_rl_ros2/install/optitrack_listener:/home/user/kuka_rl_ros2/install/lbr_demos_py:/home/user/kuka_rl_ros2/install/lbr_moveit:/home/user/kuka_rl_ros2/install/lbr_demos_advanced_py:/opt/ros/humble /usr/bin/cmake --build /home/user/kuka_rl_ros2/src/catch_and_throw/build/catch_and_throw -- -j8 -l8
[2.126s] [ 50%] [32mBuilding CXX object CMakeFiles/joint_state_node_trained.dir/src/joint_state_node_trained.cpp.o[0m
[2.126s] [ 50%] [32mBuilding CXX object CMakeFiles/joint_state_node.dir/src/joint_state_node.cpp.o[0m
[28.555s] [ 75%] [32m[1mLinking CXX executable joint_state_node[0m
[29.704s] [ 75%] Built target joint_state_node
[30.752s] [100%] [32m[1mLinking CXX executable joint_state_node_trained[0m
[31.981s] [100%] Built target joint_state_node_trained
[31.992s] Invoked command in '/home/user/kuka_rl_ros2/src/catch_and_throw/build/catch_and_throw' returned '0': CMAKE_PREFIX_PATH=${CMAKE_PREFIX_PATH}:/home/user/kuka_rl_ros2/install/optitrack_listener:/home/user/kuka_rl_ros2/install/lbr_demos_py:/home/user/kuka_rl_ros2/install/lbr_moveit:/home/user/kuka_rl_ros2/install/lbr_demos_advanced_py:/opt/ros/humble /usr/bin/cmake --build /home/user/kuka_rl_ros2/src/catch_and_throw/build/catch_and_throw -- -j8 -l8
[32.002s] Invoking command in '/home/user/kuka_rl_ros2/src/catch_and_throw/build/catch_and_throw': CMAKE_PREFIX_PATH=${CMAKE_PREFIX_PATH}:/home/user/kuka_rl_ros2/install/optitrack_listener:/home/user/kuka_rl_ros2/install/lbr_demos_py:/home/user/kuka_rl_ros2/install/lbr_moveit:/home/user/kuka_rl_ros2/install/lbr_demos_advanced_py:/opt/ros/humble /usr/bin/cmake --install /home/user/kuka_rl_ros2/src/catch_and_throw/build/catch_and_throw
[32.009s] -- Install configuration: ""
[32.010s] -- Installing: /home/user/kuka_rl_ros2/src/catch_and_throw/install/catch_and_throw/lib/catch_and_throw/joint_state_node
[32.018s] -- Set runtime path of "/home/user/kuka_rl_ros2/src/catch_and_throw/install/catch_and_throw/lib/catch_and_throw/joint_state_node" to ""
[32.018s] -- Installing: /home/user/kuka_rl_ros2/src/catch_and_throw/install/catch_and_throw/lib/catch_and_throw/joint_state_node_trained
[32.025s] -- Set runtime path of "/home/user/kuka_rl_ros2/src/catch_and_throw/install/catch_and_throw/lib/catch_and_throw/joint_state_node_trained" to ""
[32.025s] -- Installing: /home/user/kuka_rl_ros2/src/catch_and_throw/install/catch_and_throw/share/ament_index/resource_index/package_run_dependencies/catch_and_throw
[32.026s] -- Installing: /home/user/kuka_rl_ros2/src/catch_and_throw/install/catch_and_throw/share/ament_index/resource_index/parent_prefix_path/catch_and_throw
[32.026s] -- Installing: /home/user/kuka_rl_ros2/src/catch_and_throw/install/catch_and_throw/share/catch_and_throw/environment/ament_prefix_path.sh
[32.026s] -- Installing: /home/user/kuka_rl_ros2/src/catch_and_throw/install/catch_and_throw/share/catch_and_throw/environment/ament_prefix_path.dsv
[32.026s] -- Installing: /home/user/kuka_rl_ros2/src/catch_and_throw/install/catch_and_throw/share/catch_and_throw/environment/path.sh
[32.027s] -- Installing: /home/user/kuka_rl_ros2/src/catch_and_throw/install/catch_and_throw/share/catch_and_throw/environment/path.dsv
[32.027s] -- Installing: /home/user/kuka_rl_ros2/src/catch_and_throw/install/catch_and_throw/share/catch_and_throw/local_setup.bash
[32.027s] -- Installing: /home/user/kuka_rl_ros2/src/catch_and_throw/install/catch_and_throw/share/catch_and_throw/local_setup.sh
[32.027s] -- Installing: /home/user/kuka_rl_ros2/src/catch_and_throw/install/catch_and_throw/share/catch_and_throw/local_setup.zsh
[32.027s] -- Installing: /home/user/kuka_rl_ros2/src/catch_and_throw/install/catch_and_throw/share/catch_and_throw/local_setup.dsv
[32.028s] -- Installing: /home/user/kuka_rl_ros2/src/catch_and_throw/install/catch_and_throw/share/catch_and_throw/package.dsv
[32.028s] -- Installing: /home/user/kuka_rl_ros2/src/catch_and_throw/install/catch_and_throw/share/ament_index/resource_index/packages/catch_and_throw
[32.028s] -- Installing: /home/user/kuka_rl_ros2/src/catch_and_throw/install/catch_and_throw/share/catch_and_throw/cmake/catch_and_throwConfig.cmake
[32.028s] -- Installing: /home/user/kuka_rl_ros2/src/catch_and_throw/install/catch_and_throw/share/catch_and_throw/cmake/catch_and_throwConfig-version.cmake
[32.029s] -- Installing: /home/user/kuka_rl_ros2/src/catch_and_throw/install/catch_and_throw/share/catch_and_throw/package.xml
[32.031s] Invoked command in '/home/user/kuka_rl_ros2/src/catch_and_throw/build/catch_and_throw' returned '0': CMAKE_PREFIX_PATH=${CMAKE_PREFIX_PATH}:/home/user/kuka_rl_ros2/install/optitrack_listener:/home/user/kuka_rl_ros2/install/lbr_demos_py:/home/user/kuka_rl_ros2/install/lbr_moveit:/home/user/kuka_rl_ros2/install/lbr_demos_advanced_py:/opt/ros/humble /usr/bin/cmake --install /home/user/kuka_rl_ros2/src/catch_and_throw/build/catch_and_throw
