[0.032s] Invoking command in '/home/user/kuka_rl_ros2/src/build/fri_client_sdk': CMAKE_PREFIX_PATH=${CMAKE_PREFIX_PATH}:/home/user/kuka_rl_ros2/install/lbr_demos_py:/home/user/kuka_rl_ros2/install/lbr_moveit:/home/user/kuka_rl_ros2/install/lbr_demos_advanced_py:/opt/ros/humble /usr/bin/cmake /home/user/kuka_rl_ros2/src/lbr-stack/fri -DCMAKE_INSTALL_PREFIX=/home/user/kuka_rl_ros2/src/install/fri_client_sdk
[0.283s] -- The C compiler identification is GNU 11.4.0
[0.367s] -- The CXX compiler identification is GNU 11.4.0
[0.377s] -- Detecting C compiler ABI info
[0.466s] -- Detecting C compiler ABI info - done
[0.480s] -- Check for working C compiler: /usr/bin/cc - skipped
[0.480s] -- Detecting C compile features
[0.481s] -- Detecting C compile features - done
[0.486s] -- Detecting CXX compiler ABI info
[0.581s] -- Detecting CXX compiler ABI info - done
[0.596s] -- Check for working CXX compiler: /usr/bin/c++ - skipped
[0.596s] -- Detecting CXX compile features
[0.597s] -- Detecting CXX compile features - done
[0.615s] [0mFound nanopb of version: 0.2.8[0m
[0.616s] [0mFound FRIClient of version: 1.11[0m
[0.616s] -- Configuring FRIClient version 1.11
[0.618s] -- Configuring done
[0.626s] -- Generating done
[0.628s] -- Build files have been written to: /home/user/kuka_rl_ros2/src/build/fri_client_sdk
[0.632s] Invoked command in '/home/user/kuka_rl_ros2/src/build/fri_client_sdk' returned '0': CMAKE_PREFIX_PATH=${CMAKE_PREFIX_PATH}:/home/user/kuka_rl_ros2/install/lbr_demos_py:/home/user/kuka_rl_ros2/install/lbr_moveit:/home/user/kuka_rl_ros2/install/lbr_demos_advanced_py:/opt/ros/humble /usr/bin/cmake /home/user/kuka_rl_ros2/src/lbr-stack/fri -DCMAKE_INSTALL_PREFIX=/home/user/kuka_rl_ros2/src/install/fri_client_sdk
[0.634s] Invoking command in '/home/user/kuka_rl_ros2/src/build/fri_client_sdk': CMAKE_PREFIX_PATH=${CMAKE_PREFIX_PATH}:/home/user/kuka_rl_ros2/install/lbr_demos_py:/home/user/kuka_rl_ros2/install/lbr_moveit:/home/user/kuka_rl_ros2/install/lbr_demos_advanced_py:/opt/ros/humble /usr/bin/cmake --build /home/user/kuka_rl_ros2/src/build/fri_client_sdk -- -j8 -l8
[0.682s] [  7%] [32mBuilding CXX object CMakeFiles/FRIClient.dir/FRI-Client-SDK_Cpp/src/base/friClientApplication.cpp.o[0m
[0.682s] [ 15%] [32mBuilding CXX object CMakeFiles/FRIClient.dir/FRI-Client-SDK_Cpp/src/client_lbr/friLBRCommand.cpp.o[0m
[0.683s] [ 23%] [32mBuilding CXX object CMakeFiles/FRIClient.dir/FRI-Client-SDK_Cpp/src/client_lbr/friLBRClient.cpp.o[0m
[0.687s] [ 30%] [32mBuilding CXX object CMakeFiles/FRIClient.dir/FRI-Client-SDK_Cpp/src/client_trafo/friTransformationClient.cpp.o[0m
[0.692s] [ 46%] [32mBuilding CXX object CMakeFiles/FRIClient.dir/FRI-Client-SDK_Cpp/src/client_lbr/friLBRState.cpp.o[0m
[0.692s] [ 46%] [32mBuilding CXX object CMakeFiles/FRIClient.dir/FRI-Client-SDK_Cpp/src/connection/friUdpConnection.cpp.o[0m
[0.701s] [ 53%] [32mBuilding CXX object CMakeFiles/FRIClient.dir/FRI-Client-SDK_Cpp/src/protobuf/friCommandMessageEncoder.cpp.o[0m
[0.728s] [ 61%] [32mBuilding CXX object CMakeFiles/FRIClient.dir/FRI-Client-SDK_Cpp/src/protobuf/friMonitoringMessageDecoder.cpp.o[0m
[0.781s] [ 69%] [32mBuilding C object CMakeFiles/FRIClient.dir/FRI-Client-SDK_Cpp/src/protobuf/pb_frimessages_callbacks.c.o[0m
[0.796s] [ 76%] [32mBuilding C object CMakeFiles/FRIClient.dir/FRI-Client-SDK_Cpp/src/protobuf_gen/FRIMessages.pb.c.o[0m
[0.825s] [ 84%] [32mBuilding C object CMakeFiles/FRIClient.dir/FRI-Client-SDK_Cpp/src/nanopb-0.2.8/pb_decode.c.o[0m
[0.845s] [ 92%] [32mBuilding C object CMakeFiles/FRIClient.dir/FRI-Client-SDK_Cpp/src/nanopb-0.2.8/pb_encode.c.o[0m
[1.091s] [100%] [32m[1mLinking CXX shared library libFRIClient.so[0m
[1.168s] [100%] Built target FRIClient
[1.178s] Invoked command in '/home/user/kuka_rl_ros2/src/build/fri_client_sdk' returned '0': CMAKE_PREFIX_PATH=${CMAKE_PREFIX_PATH}:/home/user/kuka_rl_ros2/install/lbr_demos_py:/home/user/kuka_rl_ros2/install/lbr_moveit:/home/user/kuka_rl_ros2/install/lbr_demos_advanced_py:/opt/ros/humble /usr/bin/cmake --build /home/user/kuka_rl_ros2/src/build/fri_client_sdk -- -j8 -l8
[1.186s] Invoking command in '/home/user/kuka_rl_ros2/src/build/fri_client_sdk': CMAKE_PREFIX_PATH=${CMAKE_PREFIX_PATH}:/home/user/kuka_rl_ros2/install/lbr_demos_py:/home/user/kuka_rl_ros2/install/lbr_moveit:/home/user/kuka_rl_ros2/install/lbr_demos_advanced_py:/opt/ros/humble /usr/bin/cmake --install /home/user/kuka_rl_ros2/src/build/fri_client_sdk
[1.193s] -- Install configuration: "Release"
[1.193s] -- Installing: /home/user/kuka_rl_ros2/src/install/fri_client_sdk/lib/libFRIClient.so
[1.194s] -- Installing: /home/user/kuka_rl_ros2/src/install/fri_client_sdk/include
[1.194s] -- Installing: /home/user/kuka_rl_ros2/src/install/fri_client_sdk/include/friClientApplication.h
[1.194s] -- Installing: /home/user/kuka_rl_ros2/src/install/fri_client_sdk/include/friUdpConnection.h
[1.194s] -- Installing: /home/user/kuka_rl_ros2/src/install/fri_client_sdk/include/friTransformationClient.h
[1.194s] -- Installing: /home/user/kuka_rl_ros2/src/install/fri_client_sdk/include/friLBRState.h
[1.194s] -- Installing: /home/user/kuka_rl_ros2/src/install/fri_client_sdk/include/friConnectionIf.h
[1.194s] -- Installing: /home/user/kuka_rl_ros2/src/install/fri_client_sdk/include/friClientVersion.h
[1.194s] -- Installing: /home/user/kuka_rl_ros2/src/install/fri_client_sdk/include/friClientIf.h
[1.195s] -- Installing: /home/user/kuka_rl_ros2/src/install/fri_client_sdk/include/friLBRClient.h
[1.195s] -- Installing: /home/user/kuka_rl_ros2/src/install/fri_client_sdk/include/friLBRCommand.h
[1.195s] -- Installing: /home/user/kuka_rl_ros2/src/install/fri_client_sdk/lib/cmake/FRIClient/FRIClientConfig.cmake
[1.195s] -- Installing: /home/user/kuka_rl_ros2/src/install/fri_client_sdk/lib/cmake/FRIClient/FRIClientConfig-release.cmake
[1.195s] -- Installing: /home/user/kuka_rl_ros2/src/install/fri_client_sdk/lib/cmake/FRIClient/FRIClientConfigVersion.cmake
[1.197s] Invoked command in '/home/user/kuka_rl_ros2/src/build/fri_client_sdk' returned '0': CMAKE_PREFIX_PATH=${CMAKE_PREFIX_PATH}:/home/user/kuka_rl_ros2/install/lbr_demos_py:/home/user/kuka_rl_ros2/install/lbr_moveit:/home/user/kuka_rl_ros2/install/lbr_demos_advanced_py:/opt/ros/humble /usr/bin/cmake --install /home/user/kuka_rl_ros2/src/build/fri_client_sdk
