[0.023s] Invoking command in '/home/user/kuka_rl_ros2/src/build/lbr_bringup': AMENT_PREFIX_PATH=/home/user/kuka_rl_ros2/src/install/lbr_ros2_control:/home/user/kuka_rl_ros2/src/install/lbr_fri_ros2:/home/user/kuka_rl_ros2/src/install/lbr_fri_idl:/home/user/kuka_rl_ros2/src/install/lbr_description:${AMENT_PREFIX_PATH} CMAKE_PREFIX_PATH=/home/user/kuka_rl_ros2/src/install/lbr_ros2_control:/home/user/kuka_rl_ros2/src/install/lbr_fri_ros2:/home/user/kuka_rl_ros2/src/install/lbr_fri_idl:/home/user/kuka_rl_ros2/src/install/lbr_description:/home/user/kuka_rl_ros2/src/install/fri_client_sdk:/home/user/kuka_rl_ros2/install/med7_moveit_config:/home/user/kuka_rl_ros2/install/med14_moveit_config:/home/user/kuka_rl_ros2/install/lbr_fri_ros2_stack:/home/user/kuka_rl_ros2/install/lbr_demos_cpp:/home/user/kuka_rl_ros2/install/lbr_bringup:/home/user/kuka_rl_ros2/install/lbr_ros2_control:/home/user/kuka_rl_ros2/install/lbr_moveit_cpp:/home/user/kuka_rl_ros2/install/lbr_demos_advanced_cpp:/home/user/kuka_rl_ros2/install/lbr_fri_ros2:/home/user/kuka_rl_ros2/install/lbr_fri_idl:/home/user/kuka_rl_ros2/install/iiwa7_moveit_config:/home/user/kuka_rl_ros2/install/iiwa14_moveit_config:/home/user/kuka_rl_ros2/install/lbr_description:/home/user/kuka_rl_ros2/install/fri_client_sdk:/home/user/kuka_rl_ros2/install/catch_and_throw:/home/user/kuka_rl_ros2/install/lbr_demos_py:/home/user/kuka_rl_ros2/install/lbr_moveit:/home/user/kuka_rl_ros2/install/lbr_demos_advanced_py:/opt/ros/humble LD_LIBRARY_PATH=/home/user/kuka_rl_ros2/src/install/lbr_ros2_control/lib:/home/user/kuka_rl_ros2/src/install/lbr_fri_ros2/lib:/home/user/kuka_rl_ros2/src/install/lbr_fri_idl/lib:/home/user/kuka_rl_ros2/src/install/fri_client_sdk/lib:${LD_LIBRARY_PATH} PKG_CONFIG_PATH=/home/user/kuka_rl_ros2/src/install/fri_client_sdk/lib/x86_64-linux-gnu/pkgconfig:/home/user/kuka_rl_ros2/src/install/fri_client_sdk/lib/pkgconfig:${PKG_CONFIG_PATH} PYTHONPATH=/home/user/kuka_rl_ros2/src/install/lbr_fri_idl/local/lib/python3.10/dist-packages:${PYTHONPATH} /usr/bin/cmake --build /home/user/kuka_rl_ros2/src/build/lbr_bringup -- -j8 -l8
[0.076s] Built target ament_cmake_python_copy_lbr_bringup
[0.303s] running egg_info
[0.303s] writing lbr_bringup.egg-info/PKG-INFO
[0.304s] writing dependency_links to lbr_bringup.egg-info/dependency_links.txt
[0.304s] writing top-level names to lbr_bringup.egg-info/top_level.txt
[0.306s] reading manifest file 'lbr_bringup.egg-info/SOURCES.txt'
[0.306s] writing manifest file 'lbr_bringup.egg-info/SOURCES.txt'
[0.333s] Built target ament_cmake_python_build_lbr_bringup_egg
[0.344s] Invoked command in '/home/user/kuka_rl_ros2/src/build/lbr_bringup' returned '0': AMENT_PREFIX_PATH=/home/user/kuka_rl_ros2/src/install/lbr_ros2_control:/home/user/kuka_rl_ros2/src/install/lbr_fri_ros2:/home/user/kuka_rl_ros2/src/install/lbr_fri_idl:/home/user/kuka_rl_ros2/src/install/lbr_description:${AMENT_PREFIX_PATH} CMAKE_PREFIX_PATH=/home/user/kuka_rl_ros2/src/install/lbr_ros2_control:/home/user/kuka_rl_ros2/src/install/lbr_fri_ros2:/home/user/kuka_rl_ros2/src/install/lbr_fri_idl:/home/user/kuka_rl_ros2/src/install/lbr_description:/home/user/kuka_rl_ros2/src/install/fri_client_sdk:/home/user/kuka_rl_ros2/install/med7_moveit_config:/home/user/kuka_rl_ros2/install/med14_moveit_config:/home/user/kuka_rl_ros2/install/lbr_fri_ros2_stack:/home/user/kuka_rl_ros2/install/lbr_demos_cpp:/home/user/kuka_rl_ros2/install/lbr_bringup:/home/user/kuka_rl_ros2/install/lbr_ros2_control:/home/user/kuka_rl_ros2/install/lbr_moveit_cpp:/home/user/kuka_rl_ros2/install/lbr_demos_advanced_cpp:/home/user/kuka_rl_ros2/install/lbr_fri_ros2:/home/user/kuka_rl_ros2/install/lbr_fri_idl:/home/user/kuka_rl_ros2/install/iiwa7_moveit_config:/home/user/kuka_rl_ros2/install/iiwa14_moveit_config:/home/user/kuka_rl_ros2/install/lbr_description:/home/user/kuka_rl_ros2/install/fri_client_sdk:/home/user/kuka_rl_ros2/install/catch_and_throw:/home/user/kuka_rl_ros2/install/lbr_demos_py:/home/user/kuka_rl_ros2/install/lbr_moveit:/home/user/kuka_rl_ros2/install/lbr_demos_advanced_py:/opt/ros/humble LD_LIBRARY_PATH=/home/user/kuka_rl_ros2/src/install/lbr_ros2_control/lib:/home/user/kuka_rl_ros2/src/install/lbr_fri_ros2/lib:/home/user/kuka_rl_ros2/src/install/lbr_fri_idl/lib:/home/user/kuka_rl_ros2/src/install/fri_client_sdk/lib:${LD_LIBRARY_PATH} PKG_CONFIG_PATH=/home/user/kuka_rl_ros2/src/install/fri_client_sdk/lib/x86_64-linux-gnu/pkgconfig:/home/user/kuka_rl_ros2/src/install/fri_client_sdk/lib/pkgconfig:${PKG_CONFIG_PATH} PYTHONPATH=/home/user/kuka_rl_ros2/src/install/lbr_fri_idl/local/lib/python3.10/dist-packages:${PYTHONPATH} /usr/bin/cmake --build /home/user/kuka_rl_ros2/src/build/lbr_bringup -- -j8 -l8
[0.345s] Invoking command in '/home/user/kuka_rl_ros2/src/build/lbr_bringup': AMENT_PREFIX_PATH=/home/user/kuka_rl_ros2/src/install/lbr_ros2_control:/home/user/kuka_rl_ros2/src/install/lbr_fri_ros2:/home/user/kuka_rl_ros2/src/install/lbr_fri_idl:/home/user/kuka_rl_ros2/src/install/lbr_description:${AMENT_PREFIX_PATH} CMAKE_PREFIX_PATH=/home/user/kuka_rl_ros2/src/install/lbr_ros2_control:/home/user/kuka_rl_ros2/src/install/lbr_fri_ros2:/home/user/kuka_rl_ros2/src/install/lbr_fri_idl:/home/user/kuka_rl_ros2/src/install/lbr_description:/home/user/kuka_rl_ros2/src/install/fri_client_sdk:/home/user/kuka_rl_ros2/install/med7_moveit_config:/home/user/kuka_rl_ros2/install/med14_moveit_config:/home/user/kuka_rl_ros2/install/lbr_fri_ros2_stack:/home/user/kuka_rl_ros2/install/lbr_demos_cpp:/home/user/kuka_rl_ros2/install/lbr_bringup:/home/user/kuka_rl_ros2/install/lbr_ros2_control:/home/user/kuka_rl_ros2/install/lbr_moveit_cpp:/home/user/kuka_rl_ros2/install/lbr_demos_advanced_cpp:/home/user/kuka_rl_ros2/install/lbr_fri_ros2:/home/user/kuka_rl_ros2/install/lbr_fri_idl:/home/user/kuka_rl_ros2/install/iiwa7_moveit_config:/home/user/kuka_rl_ros2/install/iiwa14_moveit_config:/home/user/kuka_rl_ros2/install/lbr_description:/home/user/kuka_rl_ros2/install/fri_client_sdk:/home/user/kuka_rl_ros2/install/catch_and_throw:/home/user/kuka_rl_ros2/install/lbr_demos_py:/home/user/kuka_rl_ros2/install/lbr_moveit:/home/user/kuka_rl_ros2/install/lbr_demos_advanced_py:/opt/ros/humble LD_LIBRARY_PATH=/home/user/kuka_rl_ros2/src/install/lbr_ros2_control/lib:/home/user/kuka_rl_ros2/src/install/lbr_fri_ros2/lib:/home/user/kuka_rl_ros2/src/install/lbr_fri_idl/lib:/home/user/kuka_rl_ros2/src/install/fri_client_sdk/lib:${LD_LIBRARY_PATH} PKG_CONFIG_PATH=/home/user/kuka_rl_ros2/src/install/fri_client_sdk/lib/x86_64-linux-gnu/pkgconfig:/home/user/kuka_rl_ros2/src/install/fri_client_sdk/lib/pkgconfig:${PKG_CONFIG_PATH} PYTHONPATH=/home/user/kuka_rl_ros2/src/install/lbr_fri_idl/local/lib/python3.10/dist-packages:${PYTHONPATH} /usr/bin/cmake --install /home/user/kuka_rl_ros2/src/build/lbr_bringup
[0.352s] -- Install configuration: ""
[0.353s] -- Up-to-date: /home/user/kuka_rl_ros2/src/install/lbr_bringup/share/lbr_bringup/config
[0.353s] -- Up-to-date: /home/user/kuka_rl_ros2/src/install/lbr_bringup/share/lbr_bringup/config/gazebo.rviz
[0.353s] -- Up-to-date: /home/user/kuka_rl_ros2/src/install/lbr_bringup/share/lbr_bringup/config/hardware.rviz
[0.353s] -- Up-to-date: /home/user/kuka_rl_ros2/src/install/lbr_bringup/share/lbr_bringup/config/moveit_servo.yaml
[0.353s] -- Up-to-date: /home/user/kuka_rl_ros2/src/install/lbr_bringup/share/lbr_bringup/config/mock.rviz
[0.353s] -- Up-to-date: /home/user/kuka_rl_ros2/src/install/lbr_bringup/share/lbr_bringup/launch
[0.353s] -- Up-to-date: /home/user/kuka_rl_ros2/src/install/lbr_bringup/share/lbr_bringup/launch/mock.launch.py
[0.353s] -- Up-to-date: /home/user/kuka_rl_ros2/src/install/lbr_bringup/share/lbr_bringup/launch/hardware.launch.py
[0.353s] -- Up-to-date: /home/user/kuka_rl_ros2/src/install/lbr_bringup/share/lbr_bringup/launch/hardware_pose_control.launch.py
[0.354s] -- Up-to-date: /home/user/kuka_rl_ros2/src/install/lbr_bringup/share/lbr_bringup/launch/hardware_pose_streaming.launch.py
[0.354s] -- Up-to-date: /home/user/kuka_rl_ros2/src/install/lbr_bringup/share/lbr_bringup/launch/gazebo.launch.py
[0.354s] -- Up-to-date: /home/user/kuka_rl_ros2/src/install/lbr_bringup/share/lbr_bringup/launch/moveit_servo.launch.py
[0.354s] -- Up-to-date: /home/user/kuka_rl_ros2/src/install/lbr_bringup/share/lbr_bringup/launch/rviz.launch.py
[0.354s] -- Up-to-date: /home/user/kuka_rl_ros2/src/install/lbr_bringup/share/lbr_bringup/launch/move_group.launch.py
[0.354s] -- Up-to-date: /home/user/kuka_rl_ros2/src/install/lbr_bringup/share/lbr_bringup/environment/pythonpath.sh
[0.354s] -- Up-to-date: /home/user/kuka_rl_ros2/src/install/lbr_bringup/share/lbr_bringup/environment/pythonpath.dsv
[0.354s] -- Up-to-date: /home/user/kuka_rl_ros2/src/install/lbr_bringup/local/lib/python3.10/dist-packages/lbr_bringup-2.2.1-py3.10.egg-info
[0.354s] -- Installing: /home/user/kuka_rl_ros2/src/install/lbr_bringup/local/lib/python3.10/dist-packages/lbr_bringup-2.2.1-py3.10.egg-info/top_level.txt
[0.354s] -- Installing: /home/user/kuka_rl_ros2/src/install/lbr_bringup/local/lib/python3.10/dist-packages/lbr_bringup-2.2.1-py3.10.egg-info/SOURCES.txt
[0.354s] -- Installing: /home/user/kuka_rl_ros2/src/install/lbr_bringup/local/lib/python3.10/dist-packages/lbr_bringup-2.2.1-py3.10.egg-info/dependency_links.txt
[0.355s] -- Installing: /home/user/kuka_rl_ros2/src/install/lbr_bringup/local/lib/python3.10/dist-packages/lbr_bringup-2.2.1-py3.10.egg-info/PKG-INFO
[0.355s] -- Up-to-date: /home/user/kuka_rl_ros2/src/install/lbr_bringup/local/lib/python3.10/dist-packages/lbr_bringup
[0.355s] -- Up-to-date: /home/user/kuka_rl_ros2/src/install/lbr_bringup/local/lib/python3.10/dist-packages/lbr_bringup/moveit.py
[0.355s] -- Up-to-date: /home/user/kuka_rl_ros2/src/install/lbr_bringup/local/lib/python3.10/dist-packages/lbr_bringup/__init__.py
[0.355s] -- Up-to-date: /home/user/kuka_rl_ros2/src/install/lbr_bringup/local/lib/python3.10/dist-packages/lbr_bringup/description.py
[0.355s] -- Up-to-date: /home/user/kuka_rl_ros2/src/install/lbr_bringup/local/lib/python3.10/dist-packages/lbr_bringup/gazebo.py
[0.355s] -- Up-to-date: /home/user/kuka_rl_ros2/src/install/lbr_bringup/local/lib/python3.10/dist-packages/lbr_bringup/rviz.py
[0.355s] -- Up-to-date: /home/user/kuka_rl_ros2/src/install/lbr_bringup/local/lib/python3.10/dist-packages/lbr_bringup/ros2_control.py
[0.388s] Listing '/home/user/kuka_rl_ros2/src/install/lbr_bringup/local/lib/python3.10/dist-packages/lbr_bringup'...
[0.393s] -- Up-to-date: /home/user/kuka_rl_ros2/src/install/lbr_bringup/share/ament_index/resource_index/package_run_dependencies/lbr_bringup
[0.393s] -- Up-to-date: /home/user/kuka_rl_ros2/src/install/lbr_bringup/share/ament_index/resource_index/parent_prefix_path/lbr_bringup
[0.393s] -- Up-to-date: /home/user/kuka_rl_ros2/src/install/lbr_bringup/share/lbr_bringup/environment/ament_prefix_path.sh
[0.393s] -- Up-to-date: /home/user/kuka_rl_ros2/src/install/lbr_bringup/share/lbr_bringup/environment/ament_prefix_path.dsv
[0.393s] -- Up-to-date: /home/user/kuka_rl_ros2/src/install/lbr_bringup/share/lbr_bringup/environment/path.sh
[0.393s] -- Up-to-date: /home/user/kuka_rl_ros2/src/install/lbr_bringup/share/lbr_bringup/environment/path.dsv
[0.394s] -- Up-to-date: /home/user/kuka_rl_ros2/src/install/lbr_bringup/share/lbr_bringup/local_setup.bash
[0.394s] -- Up-to-date: /home/user/kuka_rl_ros2/src/install/lbr_bringup/share/lbr_bringup/local_setup.sh
[0.394s] -- Up-to-date: /home/user/kuka_rl_ros2/src/install/lbr_bringup/share/lbr_bringup/local_setup.zsh
[0.395s] -- Up-to-date: /home/user/kuka_rl_ros2/src/install/lbr_bringup/share/lbr_bringup/local_setup.dsv
[0.395s] -- Up-to-date: /home/user/kuka_rl_ros2/src/install/lbr_bringup/share/lbr_bringup/package.dsv
[0.395s] -- Up-to-date: /home/user/kuka_rl_ros2/src/install/lbr_bringup/share/ament_index/resource_index/packages/lbr_bringup
[0.396s] -- Up-to-date: /home/user/kuka_rl_ros2/src/install/lbr_bringup/share/lbr_bringup/cmake/lbr_bringupConfig.cmake
[0.396s] -- Up-to-date: /home/user/kuka_rl_ros2/src/install/lbr_bringup/share/lbr_bringup/cmake/lbr_bringupConfig-version.cmake
[0.396s] -- Up-to-date: /home/user/kuka_rl_ros2/src/install/lbr_bringup/share/lbr_bringup/package.xml
[0.397s] Invoked command in '/home/user/kuka_rl_ros2/src/build/lbr_bringup' returned '0': AMENT_PREFIX_PATH=/home/user/kuka_rl_ros2/src/install/lbr_ros2_control:/home/user/kuka_rl_ros2/src/install/lbr_fri_ros2:/home/user/kuka_rl_ros2/src/install/lbr_fri_idl:/home/user/kuka_rl_ros2/src/install/lbr_description:${AMENT_PREFIX_PATH} CMAKE_PREFIX_PATH=/home/user/kuka_rl_ros2/src/install/lbr_ros2_control:/home/user/kuka_rl_ros2/src/install/lbr_fri_ros2:/home/user/kuka_rl_ros2/src/install/lbr_fri_idl:/home/user/kuka_rl_ros2/src/install/lbr_description:/home/user/kuka_rl_ros2/src/install/fri_client_sdk:/home/user/kuka_rl_ros2/install/med7_moveit_config:/home/user/kuka_rl_ros2/install/med14_moveit_config:/home/user/kuka_rl_ros2/install/lbr_fri_ros2_stack:/home/user/kuka_rl_ros2/install/lbr_demos_cpp:/home/user/kuka_rl_ros2/install/lbr_bringup:/home/user/kuka_rl_ros2/install/lbr_ros2_control:/home/user/kuka_rl_ros2/install/lbr_moveit_cpp:/home/user/kuka_rl_ros2/install/lbr_demos_advanced_cpp:/home/user/kuka_rl_ros2/install/lbr_fri_ros2:/home/user/kuka_rl_ros2/install/lbr_fri_idl:/home/user/kuka_rl_ros2/install/iiwa7_moveit_config:/home/user/kuka_rl_ros2/install/iiwa14_moveit_config:/home/user/kuka_rl_ros2/install/lbr_description:/home/user/kuka_rl_ros2/install/fri_client_sdk:/home/user/kuka_rl_ros2/install/catch_and_throw:/home/user/kuka_rl_ros2/install/lbr_demos_py:/home/user/kuka_rl_ros2/install/lbr_moveit:/home/user/kuka_rl_ros2/install/lbr_demos_advanced_py:/opt/ros/humble LD_LIBRARY_PATH=/home/user/kuka_rl_ros2/src/install/lbr_ros2_control/lib:/home/user/kuka_rl_ros2/src/install/lbr_fri_ros2/lib:/home/user/kuka_rl_ros2/src/install/lbr_fri_idl/lib:/home/user/kuka_rl_ros2/src/install/fri_client_sdk/lib:${LD_LIBRARY_PATH} PKG_CONFIG_PATH=/home/user/kuka_rl_ros2/src/install/fri_client_sdk/lib/x86_64-linux-gnu/pkgconfig:/home/user/kuka_rl_ros2/src/install/fri_client_sdk/lib/pkgconfig:${PKG_CONFIG_PATH} PYTHONPATH=/home/user/kuka_rl_ros2/src/install/lbr_fri_idl/local/lib/python3.10/dist-packages:${PYTHONPATH} /usr/bin/cmake --install /home/user/kuka_rl_ros2/src/build/lbr_bringup
