[0.041s] Invoking command in '/home/user/kuka_rl_ros2/src/build/lbr_description': CMAKE_PREFIX_PATH=${CMAKE_PREFIX_PATH}:/home/user/kuka_rl_ros2/install/lbr_demos_py:/home/user/kuka_rl_ros2/install/lbr_moveit:/home/user/kuka_rl_ros2/install/lbr_demos_advanced_py:/opt/ros/humble /usr/bin/cmake /home/user/kuka_rl_ros2/src/lbr-stack/lbr_fri_ros2_stack/lbr_description -DCMAKE_INSTALL_PREFIX=/home/user/kuka_rl_ros2/src/install/lbr_description
[0.297s] -- The C compiler identification is GNU 11.4.0
[0.394s] -- The CXX compiler identification is GNU 11.4.0
[0.404s] -- Detecting C compiler ABI info
[0.471s] -- Detecting C compiler ABI info - done
[0.479s] -- Check for working C compiler: /usr/bin/cc - skipped
[0.479s] -- Detecting C compile features
[0.480s] -- Detecting C compile features - done
[0.484s] -- Detecting CXX compiler ABI info
[0.567s] -- Detecting CXX compiler ABI info - done
[0.581s] -- Check for working CXX compiler: /usr/bin/c++ - skipped
[0.581s] -- Detecting CXX compile features
[0.582s] -- Detecting CXX compile features - done
[0.595s] -- Found ament_cmake: 1.3.11 (/opt/ros/humble/share/ament_cmake/cmake)
[0.847s] -- Found Python3: /usr/bin/python3 (found version "3.10.12") found components: Interpreter 
[1.109s] -- Found ament_cmake_pytest: 1.3.11 (/opt/ros/humble/share/ament_cmake_pytest/cmake)
[1.624s] -- Configuring done
[1.627s] -- Generating done
[1.629s] -- Build files have been written to: /home/user/kuka_rl_ros2/src/build/lbr_description
[1.633s] Invoked command in '/home/user/kuka_rl_ros2/src/build/lbr_description' returned '0': CMAKE_PREFIX_PATH=${CMAKE_PREFIX_PATH}:/home/user/kuka_rl_ros2/install/lbr_demos_py:/home/user/kuka_rl_ros2/install/lbr_moveit:/home/user/kuka_rl_ros2/install/lbr_demos_advanced_py:/opt/ros/humble /usr/bin/cmake /home/user/kuka_rl_ros2/src/lbr-stack/lbr_fri_ros2_stack/lbr_description -DCMAKE_INSTALL_PREFIX=/home/user/kuka_rl_ros2/src/install/lbr_description
[1.634s] Invoking command in '/home/user/kuka_rl_ros2/src/build/lbr_description': CMAKE_PREFIX_PATH=${CMAKE_PREFIX_PATH}:/home/user/kuka_rl_ros2/install/lbr_demos_py:/home/user/kuka_rl_ros2/install/lbr_moveit:/home/user/kuka_rl_ros2/install/lbr_demos_advanced_py:/opt/ros/humble /usr/bin/cmake --build /home/user/kuka_rl_ros2/src/build/lbr_description -- -j8 -l8
[1.671s] Invoked command in '/home/user/kuka_rl_ros2/src/build/lbr_description' returned '0': CMAKE_PREFIX_PATH=${CMAKE_PREFIX_PATH}:/home/user/kuka_rl_ros2/install/lbr_demos_py:/home/user/kuka_rl_ros2/install/lbr_moveit:/home/user/kuka_rl_ros2/install/lbr_demos_advanced_py:/opt/ros/humble /usr/bin/cmake --build /home/user/kuka_rl_ros2/src/build/lbr_description -- -j8 -l8
[1.673s] Invoking command in '/home/user/kuka_rl_ros2/src/build/lbr_description': CMAKE_PREFIX_PATH=${CMAKE_PREFIX_PATH}:/home/user/kuka_rl_ros2/install/lbr_demos_py:/home/user/kuka_rl_ros2/install/lbr_moveit:/home/user/kuka_rl_ros2/install/lbr_demos_advanced_py:/opt/ros/humble /usr/bin/cmake --install /home/user/kuka_rl_ros2/src/build/lbr_description
[1.679s] -- Install configuration: ""
[1.679s] -- Installing: /home/user/kuka_rl_ros2/src/install/lbr_description/share/lbr_description/gazebo
[1.679s] -- Installing: /home/user/kuka_rl_ros2/src/install/lbr_description/share/lbr_description/gazebo/lbr_gazebo.xacro
[1.680s] -- Installing: /home/user/kuka_rl_ros2/src/install/lbr_description/share/lbr_description/meshes
[1.680s] -- Installing: /home/user/kuka_rl_ros2/src/install/lbr_description/share/lbr_description/meshes/iiwa7
[1.680s] -- Installing: /home/user/kuka_rl_ros2/src/install/lbr_description/share/lbr_description/meshes/iiwa7/visual
[1.680s] -- Installing: /home/user/kuka_rl_ros2/src/install/lbr_description/share/lbr_description/meshes/iiwa7/visual/link_0.dae
[1.683s] -- Installing: /home/user/kuka_rl_ros2/src/install/lbr_description/share/lbr_description/meshes/iiwa7/visual/link_2.dae
[1.689s] -- Installing: /home/user/kuka_rl_ros2/src/install/lbr_description/share/lbr_description/meshes/iiwa7/visual/link_3.dae
[1.692s] -- Installing: /home/user/kuka_rl_ros2/src/install/lbr_description/share/lbr_description/meshes/iiwa7/visual/link_7.dae
[1.694s] -- Installing: /home/user/kuka_rl_ros2/src/install/lbr_description/share/lbr_description/meshes/iiwa7/visual/link_1.dae
[1.696s] -- Installing: /home/user/kuka_rl_ros2/src/install/lbr_description/share/lbr_description/meshes/iiwa7/visual/link_6.dae
[1.700s] -- Installing: /home/user/kuka_rl_ros2/src/install/lbr_description/share/lbr_description/meshes/iiwa7/visual/link_4.dae
[1.705s] -- Installing: /home/user/kuka_rl_ros2/src/install/lbr_description/share/lbr_description/meshes/iiwa7/visual/link_5.dae
[1.708s] -- Installing: /home/user/kuka_rl_ros2/src/install/lbr_description/share/lbr_description/meshes/iiwa7/collision
[1.708s] -- Installing: /home/user/kuka_rl_ros2/src/install/lbr_description/share/lbr_description/meshes/iiwa7/collision/link_1.stl
[1.708s] -- Installing: /home/user/kuka_rl_ros2/src/install/lbr_description/share/lbr_description/meshes/iiwa7/collision/link_4.stl
[1.709s] -- Installing: /home/user/kuka_rl_ros2/src/install/lbr_description/share/lbr_description/meshes/iiwa7/collision/link_3.stl
[1.709s] -- Installing: /home/user/kuka_rl_ros2/src/install/lbr_description/share/lbr_description/meshes/iiwa7/collision/link_7.stl
[1.709s] -- Installing: /home/user/kuka_rl_ros2/src/install/lbr_description/share/lbr_description/meshes/iiwa7/collision/link_0.stl
[1.710s] -- Installing: /home/user/kuka_rl_ros2/src/install/lbr_description/share/lbr_description/meshes/iiwa7/collision/link_6.stl
[1.710s] -- Installing: /home/user/kuka_rl_ros2/src/install/lbr_description/share/lbr_description/meshes/iiwa7/collision/link_2.stl
[1.711s] -- Installing: /home/user/kuka_rl_ros2/src/install/lbr_description/share/lbr_description/meshes/iiwa7/collision/link_5.stl
[1.711s] -- Installing: /home/user/kuka_rl_ros2/src/install/lbr_description/share/lbr_description/meshes/iiwa14
[1.711s] -- Installing: /home/user/kuka_rl_ros2/src/install/lbr_description/share/lbr_description/meshes/iiwa14/visual
[1.711s] -- Installing: /home/user/kuka_rl_ros2/src/install/lbr_description/share/lbr_description/meshes/iiwa14/visual/link_0.dae
[1.714s] -- Installing: /home/user/kuka_rl_ros2/src/install/lbr_description/share/lbr_description/meshes/iiwa14/visual/link_2.dae
[1.717s] -- Installing: /home/user/kuka_rl_ros2/src/install/lbr_description/share/lbr_description/meshes/iiwa14/visual/link_3.dae
[1.720s] -- Installing: /home/user/kuka_rl_ros2/src/install/lbr_description/share/lbr_description/meshes/iiwa14/visual/link_7.dae
[1.722s] -- Installing: /home/user/kuka_rl_ros2/src/install/lbr_description/share/lbr_description/meshes/iiwa14/visual/link_1.dae
[1.724s] -- Installing: /home/user/kuka_rl_ros2/src/install/lbr_description/share/lbr_description/meshes/iiwa14/visual/link_6.dae
[1.728s] -- Installing: /home/user/kuka_rl_ros2/src/install/lbr_description/share/lbr_description/meshes/iiwa14/visual/link_4.dae
[1.733s] -- Installing: /home/user/kuka_rl_ros2/src/install/lbr_description/share/lbr_description/meshes/iiwa14/visual/link_5.dae
[1.736s] -- Installing: /home/user/kuka_rl_ros2/src/install/lbr_description/share/lbr_description/meshes/iiwa14/collision
[1.736s] -- Installing: /home/user/kuka_rl_ros2/src/install/lbr_description/share/lbr_description/meshes/iiwa14/collision/link_1.stl
[1.736s] -- Installing: /home/user/kuka_rl_ros2/src/install/lbr_description/share/lbr_description/meshes/iiwa14/collision/link_4.stl
[1.737s] -- Installing: /home/user/kuka_rl_ros2/src/install/lbr_description/share/lbr_description/meshes/iiwa14/collision/link_3.stl
[1.737s] -- Installing: /home/user/kuka_rl_ros2/src/install/lbr_description/share/lbr_description/meshes/iiwa14/collision/link_7.stl
[1.737s] -- Installing: /home/user/kuka_rl_ros2/src/install/lbr_description/share/lbr_description/meshes/iiwa14/collision/link_0.stl
[1.738s] -- Installing: /home/user/kuka_rl_ros2/src/install/lbr_description/share/lbr_description/meshes/iiwa14/collision/link_6.stl
[1.738s] -- Installing: /home/user/kuka_rl_ros2/src/install/lbr_description/share/lbr_description/meshes/iiwa14/collision/link_2.stl
[1.739s] -- Installing: /home/user/kuka_rl_ros2/src/install/lbr_description/share/lbr_description/meshes/iiwa14/collision/link_5.stl
[1.740s] -- Installing: /home/user/kuka_rl_ros2/src/install/lbr_description/share/lbr_description/meshes/med14
[1.740s] -- Installing: /home/user/kuka_rl_ros2/src/install/lbr_description/share/lbr_description/meshes/med14/visual
[1.740s] -- Installing: /home/user/kuka_rl_ros2/src/install/lbr_description/share/lbr_description/meshes/med14/visual/link_0.dae
[1.742s] -- Installing: /home/user/kuka_rl_ros2/src/install/lbr_description/share/lbr_description/meshes/med14/visual/link_2.dae
[1.745s] -- Installing: /home/user/kuka_rl_ros2/src/install/lbr_description/share/lbr_description/meshes/med14/visual/link_3.dae
[1.748s] -- Installing: /home/user/kuka_rl_ros2/src/install/lbr_description/share/lbr_description/meshes/med14/visual/link_7.dae
[1.750s] -- Installing: /home/user/kuka_rl_ros2/src/install/lbr_description/share/lbr_description/meshes/med14/visual/link_1.dae
[1.752s] -- Installing: /home/user/kuka_rl_ros2/src/install/lbr_description/share/lbr_description/meshes/med14/visual/link_6.dae
[1.757s] -- Installing: /home/user/kuka_rl_ros2/src/install/lbr_description/share/lbr_description/meshes/med14/visual/link_4.dae
[1.763s] -- Installing: /home/user/kuka_rl_ros2/src/install/lbr_description/share/lbr_description/meshes/med14/visual/link_5.dae
[1.766s] -- Installing: /home/user/kuka_rl_ros2/src/install/lbr_description/share/lbr_description/meshes/med14/collision
[1.766s] -- Installing: /home/user/kuka_rl_ros2/src/install/lbr_description/share/lbr_description/meshes/med14/collision/link_1.stl
[1.766s] -- Installing: /home/user/kuka_rl_ros2/src/install/lbr_description/share/lbr_description/meshes/med14/collision/link_4.stl
[1.767s] -- Installing: /home/user/kuka_rl_ros2/src/install/lbr_description/share/lbr_description/meshes/med14/collision/link_3.stl
[1.767s] -- Installing: /home/user/kuka_rl_ros2/src/install/lbr_description/share/lbr_description/meshes/med14/collision/link_7.stl
[1.767s] -- Installing: /home/user/kuka_rl_ros2/src/install/lbr_description/share/lbr_description/meshes/med14/collision/link_0.stl
[1.768s] -- Installing: /home/user/kuka_rl_ros2/src/install/lbr_description/share/lbr_description/meshes/med14/collision/link_6.stl
[1.768s] -- Installing: /home/user/kuka_rl_ros2/src/install/lbr_description/share/lbr_description/meshes/med14/collision/link_2.stl
[1.769s] -- Installing: /home/user/kuka_rl_ros2/src/install/lbr_description/share/lbr_description/meshes/med14/collision/link_5.stl
[1.769s] -- Installing: /home/user/kuka_rl_ros2/src/install/lbr_description/share/lbr_description/meshes/med7
[1.770s] -- Installing: /home/user/kuka_rl_ros2/src/install/lbr_description/share/lbr_description/meshes/med7/visual
[1.770s] -- Installing: /home/user/kuka_rl_ros2/src/install/lbr_description/share/lbr_description/meshes/med7/visual/link_0.dae
[1.771s] -- Installing: /home/user/kuka_rl_ros2/src/install/lbr_description/share/lbr_description/meshes/med7/visual/link_2.dae
[1.776s] -- Installing: /home/user/kuka_rl_ros2/src/install/lbr_description/share/lbr_description/meshes/med7/visual/link_3.dae
[1.779s] -- Installing: /home/user/kuka_rl_ros2/src/install/lbr_description/share/lbr_description/meshes/med7/visual/link_7.dae
[1.781s] -- Installing: /home/user/kuka_rl_ros2/src/install/lbr_description/share/lbr_description/meshes/med7/visual/link_1.dae
[1.783s] -- Installing: /home/user/kuka_rl_ros2/src/install/lbr_description/share/lbr_description/meshes/med7/visual/link_6.dae
[1.788s] -- Installing: /home/user/kuka_rl_ros2/src/install/lbr_description/share/lbr_description/meshes/med7/visual/link_4.dae
[1.793s] -- Installing: /home/user/kuka_rl_ros2/src/install/lbr_description/share/lbr_description/meshes/med7/visual/link_5.dae
[1.797s] -- Installing: /home/user/kuka_rl_ros2/src/install/lbr_description/share/lbr_description/meshes/med7/collision
[1.797s] -- Installing: /home/user/kuka_rl_ros2/src/install/lbr_description/share/lbr_description/meshes/med7/collision/link_1.stl
[1.797s] -- Installing: /home/user/kuka_rl_ros2/src/install/lbr_description/share/lbr_description/meshes/med7/collision/link_4.stl
[1.798s] -- Installing: /home/user/kuka_rl_ros2/src/install/lbr_description/share/lbr_description/meshes/med7/collision/link_3.stl
[1.798s] -- Installing: /home/user/kuka_rl_ros2/src/install/lbr_description/share/lbr_description/meshes/med7/collision/link_7.stl
[1.798s] -- Installing: /home/user/kuka_rl_ros2/src/install/lbr_description/share/lbr_description/meshes/med7/collision/link_0.stl
[1.798s] -- Installing: /home/user/kuka_rl_ros2/src/install/lbr_description/share/lbr_description/meshes/med7/collision/link_6.stl
[1.799s] -- Installing: /home/user/kuka_rl_ros2/src/install/lbr_description/share/lbr_description/meshes/med7/collision/link_2.stl
[1.799s] -- Installing: /home/user/kuka_rl_ros2/src/install/lbr_description/share/lbr_description/meshes/med7/collision/link_5.stl
[1.800s] -- Installing: /home/user/kuka_rl_ros2/src/install/lbr_description/share/lbr_description/ros2_control
[1.800s] -- Installing: /home/user/kuka_rl_ros2/src/install/lbr_description/share/lbr_description/ros2_control/lbr_controllers.yaml
[1.800s] -- Installing: /home/user/kuka_rl_ros2/src/install/lbr_description/share/lbr_description/ros2_control/lbr_system_interface.xacro
[1.800s] -- Installing: /home/user/kuka_rl_ros2/src/install/lbr_description/share/lbr_description/ros2_control/lbr_system_config.yaml
[1.801s] -- Installing: /home/user/kuka_rl_ros2/src/install/lbr_description/share/lbr_description/urdf
[1.801s] -- Installing: /home/user/kuka_rl_ros2/src/install/lbr_description/share/lbr_description/urdf/iiwa7
[1.801s] -- Installing: /home/user/kuka_rl_ros2/src/install/lbr_description/share/lbr_description/urdf/iiwa7/iiwa7_description.xacro
[1.801s] -- Installing: /home/user/kuka_rl_ros2/src/install/lbr_description/share/lbr_description/urdf/iiwa7/iiwa7.xacro
[1.801s] -- Installing: /home/user/kuka_rl_ros2/src/install/lbr_description/share/lbr_description/urdf/iiwa7/joint_limits.yaml
[1.802s] -- Installing: /home/user/kuka_rl_ros2/src/install/lbr_description/share/lbr_description/urdf/iiwa14
[1.802s] -- Installing: /home/user/kuka_rl_ros2/src/install/lbr_description/share/lbr_description/urdf/iiwa14/iiwa14_description.xacro
[1.802s] -- Installing: /home/user/kuka_rl_ros2/src/install/lbr_description/share/lbr_description/urdf/iiwa14/joint_limits.yaml
[1.802s] -- Installing: /home/user/kuka_rl_ros2/src/install/lbr_description/share/lbr_description/urdf/iiwa14/iiwa14.xacro
[1.802s] -- Installing: /home/user/kuka_rl_ros2/src/install/lbr_description/share/lbr_description/urdf/med14
[1.803s] -- Installing: /home/user/kuka_rl_ros2/src/install/lbr_description/share/lbr_description/urdf/med14/joint_limits.yaml
[1.803s] -- Installing: /home/user/kuka_rl_ros2/src/install/lbr_description/share/lbr_description/urdf/med14/med14_description.xacro
[1.803s] -- Installing: /home/user/kuka_rl_ros2/src/install/lbr_description/share/lbr_description/urdf/med14/med14.xacro
[1.803s] -- Installing: /home/user/kuka_rl_ros2/src/install/lbr_description/share/lbr_description/urdf/med7
[1.803s] -- Installing: /home/user/kuka_rl_ros2/src/install/lbr_description/share/lbr_description/urdf/med7/med7_description.xacro
[1.803s] -- Installing: /home/user/kuka_rl_ros2/src/install/lbr_description/share/lbr_description/urdf/med7/joint_limits.yaml
[1.804s] -- Installing: /home/user/kuka_rl_ros2/src/install/lbr_description/share/lbr_description/urdf/med7/med7.xacro
[1.804s] -- Installing: /home/user/kuka_rl_ros2/src/install/lbr_description/share/lbr_description/environment/lbr_description.dsv
[1.804s] -- Installing: /home/user/kuka_rl_ros2/src/install/lbr_description/share/ament_index/resource_index/package_run_dependencies/lbr_description
[1.804s] -- Installing: /home/user/kuka_rl_ros2/src/install/lbr_description/share/ament_index/resource_index/parent_prefix_path/lbr_description
[1.804s] -- Installing: /home/user/kuka_rl_ros2/src/install/lbr_description/share/lbr_description/environment/ament_prefix_path.sh
[1.805s] -- Installing: /home/user/kuka_rl_ros2/src/install/lbr_description/share/lbr_description/environment/ament_prefix_path.dsv
[1.805s] -- Installing: /home/user/kuka_rl_ros2/src/install/lbr_description/share/lbr_description/environment/path.sh
[1.805s] -- Installing: /home/user/kuka_rl_ros2/src/install/lbr_description/share/lbr_description/environment/path.dsv
[1.805s] -- Installing: /home/user/kuka_rl_ros2/src/install/lbr_description/share/lbr_description/local_setup.bash
[1.805s] -- Installing: /home/user/kuka_rl_ros2/src/install/lbr_description/share/lbr_description/local_setup.sh
[1.805s] -- Installing: /home/user/kuka_rl_ros2/src/install/lbr_description/share/lbr_description/local_setup.zsh
[1.806s] -- Installing: /home/user/kuka_rl_ros2/src/install/lbr_description/share/lbr_description/local_setup.dsv
[1.806s] -- Installing: /home/user/kuka_rl_ros2/src/install/lbr_description/share/lbr_description/package.dsv
[1.806s] -- Installing: /home/user/kuka_rl_ros2/src/install/lbr_description/share/ament_index/resource_index/packages/lbr_description
[1.806s] -- Installing: /home/user/kuka_rl_ros2/src/install/lbr_description/share/lbr_description/cmake/lbr_descriptionConfig.cmake
[1.806s] -- Installing: /home/user/kuka_rl_ros2/src/install/lbr_description/share/lbr_description/cmake/lbr_descriptionConfig-version.cmake
[1.807s] -- Installing: /home/user/kuka_rl_ros2/src/install/lbr_description/share/lbr_description/package.xml
[1.809s] Invoked command in '/home/user/kuka_rl_ros2/src/build/lbr_description' returned '0': CMAKE_PREFIX_PATH=${CMAKE_PREFIX_PATH}:/home/user/kuka_rl_ros2/install/lbr_demos_py:/home/user/kuka_rl_ros2/install/lbr_moveit:/home/user/kuka_rl_ros2/install/lbr_demos_advanced_py:/opt/ros/humble /usr/bin/cmake --install /home/user/kuka_rl_ros2/src/build/lbr_description
