[0.025s] Invoking command in '/home/user/kuka_rl_ros2/src/build/lbr_ros2_control': AMENT_PREFIX_PATH=/home/user/kuka_rl_ros2/src/install/lbr_fri_ros2:/home/user/kuka_rl_ros2/src/install/lbr_fri_idl:/home/user/kuka_rl_ros2/src/install/lbr_description:${AMENT_PREFIX_PATH} CMAKE_PREFIX_PATH=/home/user/kuka_rl_ros2/src/install/lbr_fri_ros2:/home/user/kuka_rl_ros2/src/install/lbr_fri_idl:/home/user/kuka_rl_ros2/src/install/lbr_description:/home/user/kuka_rl_ros2/src/install/fri_client_sdk:/home/user/kuka_rl_ros2/install/med7_moveit_config:/home/user/kuka_rl_ros2/install/med14_moveit_config:/home/user/kuka_rl_ros2/install/lbr_fri_ros2_stack:/home/user/kuka_rl_ros2/install/lbr_demos_cpp:/home/user/kuka_rl_ros2/install/lbr_bringup:/home/user/kuka_rl_ros2/install/lbr_ros2_control:/home/user/kuka_rl_ros2/install/lbr_moveit_cpp:/home/user/kuka_rl_ros2/install/lbr_demos_advanced_cpp:/home/user/kuka_rl_ros2/install/lbr_fri_ros2:/home/user/kuka_rl_ros2/install/lbr_fri_idl:/home/user/kuka_rl_ros2/install/iiwa7_moveit_config:/home/user/kuka_rl_ros2/install/iiwa14_moveit_config:/home/user/kuka_rl_ros2/install/lbr_description:/home/user/kuka_rl_ros2/install/fri_client_sdk:/home/user/kuka_rl_ros2/install/catch_and_throw:/home/user/kuka_rl_ros2/install/lbr_demos_py:/home/user/kuka_rl_ros2/install/lbr_moveit:/home/user/kuka_rl_ros2/install/lbr_demos_advanced_py:/opt/ros/humble LD_LIBRARY_PATH=/home/user/kuka_rl_ros2/src/install/lbr_fri_ros2/lib:/home/user/kuka_rl_ros2/src/install/lbr_fri_idl/lib:/home/user/kuka_rl_ros2/src/install/fri_client_sdk/lib:${LD_LIBRARY_PATH} PKG_CONFIG_PATH=/home/user/kuka_rl_ros2/src/install/fri_client_sdk/lib/x86_64-linux-gnu/pkgconfig:/home/user/kuka_rl_ros2/src/install/fri_client_sdk/lib/pkgconfig:${PKG_CONFIG_PATH} PYTHONPATH=/home/user/kuka_rl_ros2/src/install/lbr_fri_idl/local/lib/python3.10/dist-packages:${PYTHONPATH} /usr/bin/cmake --build /home/user/kuka_rl_ros2/src/build/lbr_ros2_control -- -j8 -l8
[0.087s] [35m[1mConsolidate compiler generated dependencies of target lbr_ros2_control[0m
[0.154s] [100%] Built target lbr_ros2_control
[0.344s] Invoked command in '/home/user/kuka_rl_ros2/src/build/lbr_ros2_control' returned '0': AMENT_PREFIX_PATH=/home/user/kuka_rl_ros2/src/install/lbr_fri_ros2:/home/user/kuka_rl_ros2/src/install/lbr_fri_idl:/home/user/kuka_rl_ros2/src/install/lbr_description:${AMENT_PREFIX_PATH} CMAKE_PREFIX_PATH=/home/user/kuka_rl_ros2/src/install/lbr_fri_ros2:/home/user/kuka_rl_ros2/src/install/lbr_fri_idl:/home/user/kuka_rl_ros2/src/install/lbr_description:/home/user/kuka_rl_ros2/src/install/fri_client_sdk:/home/user/kuka_rl_ros2/install/med7_moveit_config:/home/user/kuka_rl_ros2/install/med14_moveit_config:/home/user/kuka_rl_ros2/install/lbr_fri_ros2_stack:/home/user/kuka_rl_ros2/install/lbr_demos_cpp:/home/user/kuka_rl_ros2/install/lbr_bringup:/home/user/kuka_rl_ros2/install/lbr_ros2_control:/home/user/kuka_rl_ros2/install/lbr_moveit_cpp:/home/user/kuka_rl_ros2/install/lbr_demos_advanced_cpp:/home/user/kuka_rl_ros2/install/lbr_fri_ros2:/home/user/kuka_rl_ros2/install/lbr_fri_idl:/home/user/kuka_rl_ros2/install/iiwa7_moveit_config:/home/user/kuka_rl_ros2/install/iiwa14_moveit_config:/home/user/kuka_rl_ros2/install/lbr_description:/home/user/kuka_rl_ros2/install/fri_client_sdk:/home/user/kuka_rl_ros2/install/catch_and_throw:/home/user/kuka_rl_ros2/install/lbr_demos_py:/home/user/kuka_rl_ros2/install/lbr_moveit:/home/user/kuka_rl_ros2/install/lbr_demos_advanced_py:/opt/ros/humble LD_LIBRARY_PATH=/home/user/kuka_rl_ros2/src/install/lbr_fri_ros2/lib:/home/user/kuka_rl_ros2/src/install/lbr_fri_idl/lib:/home/user/kuka_rl_ros2/src/install/fri_client_sdk/lib:${LD_LIBRARY_PATH} PKG_CONFIG_PATH=/home/user/kuka_rl_ros2/src/install/fri_client_sdk/lib/x86_64-linux-gnu/pkgconfig:/home/user/kuka_rl_ros2/src/install/fri_client_sdk/lib/pkgconfig:${PKG_CONFIG_PATH} PYTHONPATH=/home/user/kuka_rl_ros2/src/install/lbr_fri_idl/local/lib/python3.10/dist-packages:${PYTHONPATH} /usr/bin/cmake --build /home/user/kuka_rl_ros2/src/build/lbr_ros2_control -- -j8 -l8
[0.345s] Invoking command in '/home/user/kuka_rl_ros2/src/build/lbr_ros2_control': AMENT_PREFIX_PATH=/home/user/kuka_rl_ros2/src/install/lbr_fri_ros2:/home/user/kuka_rl_ros2/src/install/lbr_fri_idl:/home/user/kuka_rl_ros2/src/install/lbr_description:${AMENT_PREFIX_PATH} CMAKE_PREFIX_PATH=/home/user/kuka_rl_ros2/src/install/lbr_fri_ros2:/home/user/kuka_rl_ros2/src/install/lbr_fri_idl:/home/user/kuka_rl_ros2/src/install/lbr_description:/home/user/kuka_rl_ros2/src/install/fri_client_sdk:/home/user/kuka_rl_ros2/install/med7_moveit_config:/home/user/kuka_rl_ros2/install/med14_moveit_config:/home/user/kuka_rl_ros2/install/lbr_fri_ros2_stack:/home/user/kuka_rl_ros2/install/lbr_demos_cpp:/home/user/kuka_rl_ros2/install/lbr_bringup:/home/user/kuka_rl_ros2/install/lbr_ros2_control:/home/user/kuka_rl_ros2/install/lbr_moveit_cpp:/home/user/kuka_rl_ros2/install/lbr_demos_advanced_cpp:/home/user/kuka_rl_ros2/install/lbr_fri_ros2:/home/user/kuka_rl_ros2/install/lbr_fri_idl:/home/user/kuka_rl_ros2/install/iiwa7_moveit_config:/home/user/kuka_rl_ros2/install/iiwa14_moveit_config:/home/user/kuka_rl_ros2/install/lbr_description:/home/user/kuka_rl_ros2/install/fri_client_sdk:/home/user/kuka_rl_ros2/install/catch_and_throw:/home/user/kuka_rl_ros2/install/lbr_demos_py:/home/user/kuka_rl_ros2/install/lbr_moveit:/home/user/kuka_rl_ros2/install/lbr_demos_advanced_py:/opt/ros/humble LD_LIBRARY_PATH=/home/user/kuka_rl_ros2/src/install/lbr_fri_ros2/lib:/home/user/kuka_rl_ros2/src/install/lbr_fri_idl/lib:/home/user/kuka_rl_ros2/src/install/fri_client_sdk/lib:${LD_LIBRARY_PATH} PKG_CONFIG_PATH=/home/user/kuka_rl_ros2/src/install/fri_client_sdk/lib/x86_64-linux-gnu/pkgconfig:/home/user/kuka_rl_ros2/src/install/fri_client_sdk/lib/pkgconfig:${PKG_CONFIG_PATH} PYTHONPATH=/home/user/kuka_rl_ros2/src/install/lbr_fri_idl/local/lib/python3.10/dist-packages:${PYTHONPATH} /usr/bin/cmake --install /home/user/kuka_rl_ros2/src/build/lbr_ros2_control
[0.355s] -- Install configuration: "Release"
[0.355s] -- Up-to-date: /home/user/kuka_rl_ros2/src/install/lbr_ros2_control/share/lbr_ros2_control/plugin_description_files/controllers.xml
[0.355s] -- Up-to-date: /home/user/kuka_rl_ros2/src/install/lbr_ros2_control/share/lbr_ros2_control/plugin_description_files/system_interface.xml
[0.356s] -- Up-to-date: /home/user/kuka_rl_ros2/src/install/lbr_ros2_control/share/lbr_ros2_control/environment/library_path.sh
[0.356s] -- Up-to-date: /home/user/kuka_rl_ros2/src/install/lbr_ros2_control/share/lbr_ros2_control/environment/library_path.dsv
[0.356s] -- Up-to-date: /home/user/kuka_rl_ros2/src/install/lbr_ros2_control/include
[0.356s] -- Up-to-date: /home/user/kuka_rl_ros2/src/install/lbr_ros2_control/include/lbr_ros2_control
[0.356s] -- Up-to-date: /home/user/kuka_rl_ros2/src/install/lbr_ros2_control/include/lbr_ros2_control/controllers
[0.356s] -- Up-to-date: /home/user/kuka_rl_ros2/src/install/lbr_ros2_control/include/lbr_ros2_control/controllers/lbr_wrench_command_controller.hpp
[0.356s] -- Up-to-date: /home/user/kuka_rl_ros2/src/install/lbr_ros2_control/include/lbr_ros2_control/controllers/admittance_controller.hpp
[0.356s] -- Up-to-date: /home/user/kuka_rl_ros2/src/install/lbr_ros2_control/include/lbr_ros2_control/controllers/lbr_joint_position_command_controller.hpp
[0.356s] -- Up-to-date: /home/user/kuka_rl_ros2/src/install/lbr_ros2_control/include/lbr_ros2_control/controllers/twist_controller.hpp
[0.357s] -- Up-to-date: /home/user/kuka_rl_ros2/src/install/lbr_ros2_control/include/lbr_ros2_control/controllers/lbr_torque_command_controller.hpp
[0.357s] -- Up-to-date: /home/user/kuka_rl_ros2/src/install/lbr_ros2_control/include/lbr_ros2_control/controllers/lbr_state_broadcaster.hpp
[0.357s] -- Up-to-date: /home/user/kuka_rl_ros2/src/install/lbr_ros2_control/include/lbr_ros2_control/system_interface.hpp
[0.357s] -- Up-to-date: /home/user/kuka_rl_ros2/src/install/lbr_ros2_control/include/lbr_ros2_control/system_interface_type_values.hpp
[0.357s] -- Up-to-date: /home/user/kuka_rl_ros2/src/install/lbr_ros2_control/lib/lbr_ros2_control/liblbr_ros2_control.so
[0.357s] -- Up-to-date: /home/user/kuka_rl_ros2/src/install/lbr_ros2_control/share/ament_index/resource_index/package_run_dependencies/lbr_ros2_control
[0.357s] -- Up-to-date: /home/user/kuka_rl_ros2/src/install/lbr_ros2_control/share/ament_index/resource_index/parent_prefix_path/lbr_ros2_control
[0.358s] -- Up-to-date: /home/user/kuka_rl_ros2/src/install/lbr_ros2_control/share/lbr_ros2_control/environment/ament_prefix_path.sh
[0.359s] -- Up-to-date: /home/user/kuka_rl_ros2/src/install/lbr_ros2_control/share/lbr_ros2_control/environment/ament_prefix_path.dsv
[0.359s] -- Up-to-date: /home/user/kuka_rl_ros2/src/install/lbr_ros2_control/share/lbr_ros2_control/environment/path.sh
[0.359s] -- Up-to-date: /home/user/kuka_rl_ros2/src/install/lbr_ros2_control/share/lbr_ros2_control/environment/path.dsv
[0.359s] -- Up-to-date: /home/user/kuka_rl_ros2/src/install/lbr_ros2_control/share/lbr_ros2_control/local_setup.bash
[0.359s] -- Up-to-date: /home/user/kuka_rl_ros2/src/install/lbr_ros2_control/share/lbr_ros2_control/local_setup.sh
[0.359s] -- Up-to-date: /home/user/kuka_rl_ros2/src/install/lbr_ros2_control/share/lbr_ros2_control/local_setup.zsh
[0.359s] -- Up-to-date: /home/user/kuka_rl_ros2/src/install/lbr_ros2_control/share/lbr_ros2_control/local_setup.dsv
[0.359s] -- Installing: /home/user/kuka_rl_ros2/src/install/lbr_ros2_control/share/lbr_ros2_control/package.dsv
[0.360s] -- Up-to-date: /home/user/kuka_rl_ros2/src/install/lbr_ros2_control/share/ament_index/resource_index/packages/lbr_ros2_control
[0.360s] -- Up-to-date: /home/user/kuka_rl_ros2/src/install/lbr_ros2_control/share/ament_index/resource_index/controller_interface__pluginlib__plugin/lbr_ros2_control
[0.360s] -- Up-to-date: /home/user/kuka_rl_ros2/src/install/lbr_ros2_control/share/ament_index/resource_index/hardware_interface__pluginlib__plugin/lbr_ros2_control
[0.361s] -- Up-to-date: /home/user/kuka_rl_ros2/src/install/lbr_ros2_control/share/lbr_ros2_control/cmake/lbr_ros2_control_exportExport.cmake
[0.361s] -- Up-to-date: /home/user/kuka_rl_ros2/src/install/lbr_ros2_control/share/lbr_ros2_control/cmake/lbr_ros2_control_exportExport-release.cmake
[0.361s] -- Up-to-date: /home/user/kuka_rl_ros2/src/install/lbr_ros2_control/share/lbr_ros2_control/cmake/ament_cmake_export_targets-extras.cmake
[0.361s] -- Up-to-date: /home/user/kuka_rl_ros2/src/install/lbr_ros2_control/share/lbr_ros2_control/cmake/ament_cmake_export_dependencies-extras.cmake
[0.361s] -- Up-to-date: /home/user/kuka_rl_ros2/src/install/lbr_ros2_control/share/lbr_ros2_control/cmake/lbr_ros2_controlConfig.cmake
[0.361s] -- Up-to-date: /home/user/kuka_rl_ros2/src/install/lbr_ros2_control/share/lbr_ros2_control/cmake/lbr_ros2_controlConfig-version.cmake
[0.361s] -- Up-to-date: /home/user/kuka_rl_ros2/src/install/lbr_ros2_control/share/lbr_ros2_control/package.xml
[0.362s] Invoked command in '/home/user/kuka_rl_ros2/src/build/lbr_ros2_control' returned '0': AMENT_PREFIX_PATH=/home/user/kuka_rl_ros2/src/install/lbr_fri_ros2:/home/user/kuka_rl_ros2/src/install/lbr_fri_idl:/home/user/kuka_rl_ros2/src/install/lbr_description:${AMENT_PREFIX_PATH} CMAKE_PREFIX_PATH=/home/user/kuka_rl_ros2/src/install/lbr_fri_ros2:/home/user/kuka_rl_ros2/src/install/lbr_fri_idl:/home/user/kuka_rl_ros2/src/install/lbr_description:/home/user/kuka_rl_ros2/src/install/fri_client_sdk:/home/user/kuka_rl_ros2/install/med7_moveit_config:/home/user/kuka_rl_ros2/install/med14_moveit_config:/home/user/kuka_rl_ros2/install/lbr_fri_ros2_stack:/home/user/kuka_rl_ros2/install/lbr_demos_cpp:/home/user/kuka_rl_ros2/install/lbr_bringup:/home/user/kuka_rl_ros2/install/lbr_ros2_control:/home/user/kuka_rl_ros2/install/lbr_moveit_cpp:/home/user/kuka_rl_ros2/install/lbr_demos_advanced_cpp:/home/user/kuka_rl_ros2/install/lbr_fri_ros2:/home/user/kuka_rl_ros2/install/lbr_fri_idl:/home/user/kuka_rl_ros2/install/iiwa7_moveit_config:/home/user/kuka_rl_ros2/install/iiwa14_moveit_config:/home/user/kuka_rl_ros2/install/lbr_description:/home/user/kuka_rl_ros2/install/fri_client_sdk:/home/user/kuka_rl_ros2/install/catch_and_throw:/home/user/kuka_rl_ros2/install/lbr_demos_py:/home/user/kuka_rl_ros2/install/lbr_moveit:/home/user/kuka_rl_ros2/install/lbr_demos_advanced_py:/opt/ros/humble LD_LIBRARY_PATH=/home/user/kuka_rl_ros2/src/install/lbr_fri_ros2/lib:/home/user/kuka_rl_ros2/src/install/lbr_fri_idl/lib:/home/user/kuka_rl_ros2/src/install/fri_client_sdk/lib:${LD_LIBRARY_PATH} PKG_CONFIG_PATH=/home/user/kuka_rl_ros2/src/install/fri_client_sdk/lib/x86_64-linux-gnu/pkgconfig:/home/user/kuka_rl_ros2/src/install/fri_client_sdk/lib/pkgconfig:${PKG_CONFIG_PATH} PYTHONPATH=/home/user/kuka_rl_ros2/src/install/lbr_fri_idl/local/lib/python3.10/dist-packages:${PYTHONPATH} /usr/bin/cmake --install /home/user/kuka_rl_ros2/src/build/lbr_ros2_control
