[0.670s] Invoking command in '/home/user/kuka_rl_ros2/src/lbr-stack/lbr_fri_ros2_stack/lbr_demos/lbr_demos_advanced_py': AMENT_PREFIX_PATH=/home/user/kuka_rl_ros2/src/install/lbr_fri_ros2:/home/user/kuka_rl_ros2/src/install/lbr_fri_idl:/home/user/kuka_rl_ros2/src/install/lbr_description:${AMENT_PREFIX_PATH} CMAKE_PREFIX_PATH=/home/user/kuka_rl_ros2/src/install/lbr_fri_ros2:/home/user/kuka_rl_ros2/src/install/lbr_fri_idl:/home/user/kuka_rl_ros2/src/install/lbr_description:/home/user/kuka_rl_ros2/src/install/fri_client_sdk:${CMAKE_PREFIX_PATH} LD_LIBRARY_PATH=/home/user/kuka_rl_ros2/src/install/lbr_fri_ros2/lib:/home/user/kuka_rl_ros2/src/install/lbr_fri_idl/lib:/home/user/kuka_rl_ros2/src/install/fri_client_sdk/lib:${LD_LIBRARY_PATH} PKG_CONFIG_PATH=/home/user/kuka_rl_ros2/src/install/fri_client_sdk/lib/x86_64-linux-gnu/pkgconfig:/home/user/kuka_rl_ros2/src/install/fri_client_sdk/lib/pkgconfig:${PKG_CONFIG_PATH} PYTHONPATH=/home/user/kuka_rl_ros2/src/build/lbr_demos_advanced_py/prefix_override:/usr/lib/python3/dist-packages/colcon_core/task/python/colcon_distutils_commands:/home/user/kuka_rl_ros2/src/install/lbr_demos_advanced_py/lib/python3.10/site-packages:/home/user/kuka_rl_ros2/src/install/lbr_fri_idl/local/lib/python3.10/dist-packages:${PYTHONPATH} /usr/bin/python3 -W ignore:setup.py install is deprecated -W ignore:easy_install command is deprecated setup.py egg_info --egg-base ../../../../build/lbr_demos_advanced_py build --build-base /home/user/kuka_rl_ros2/src/build/lbr_demos_advanced_py/build install --record /home/user/kuka_rl_ros2/src/build/lbr_demos_advanced_py/install.log --single-version-externally-managed install_data
[0.942s] running egg_info
[0.943s] writing ../../../../build/lbr_demos_advanced_py/lbr_demos_advanced_py.egg-info/PKG-INFO
[0.943s] writing dependency_links to ../../../../build/lbr_demos_advanced_py/lbr_demos_advanced_py.egg-info/dependency_links.txt
[0.943s] writing entry points to ../../../../build/lbr_demos_advanced_py/lbr_demos_advanced_py.egg-info/entry_points.txt
[0.943s] writing requirements to ../../../../build/lbr_demos_advanced_py/lbr_demos_advanced_py.egg-info/requires.txt
[0.943s] writing top-level names to ../../../../build/lbr_demos_advanced_py/lbr_demos_advanced_py.egg-info/top_level.txt
[0.946s] reading manifest file '../../../../build/lbr_demos_advanced_py/lbr_demos_advanced_py.egg-info/SOURCES.txt'
[0.948s] writing manifest file '../../../../build/lbr_demos_advanced_py/lbr_demos_advanced_py.egg-info/SOURCES.txt'
[0.948s] running build
[0.948s] running build_py
[0.948s] running install
[0.949s] running install_lib
[0.950s] running install_data
[0.950s] running install_egg_info
[0.952s] removing '/home/user/kuka_rl_ros2/src/install/lbr_demos_advanced_py/lib/python3.10/site-packages/lbr_demos_advanced_py-2.2.1-py3.10.egg-info' (and everything under it)
[0.952s] Copying ../../../../build/lbr_demos_advanced_py/lbr_demos_advanced_py.egg-info to /home/user/kuka_rl_ros2/src/install/lbr_demos_advanced_py/lib/python3.10/site-packages/lbr_demos_advanced_py-2.2.1-py3.10.egg-info
[0.953s] running install_scripts
[0.973s] Installing admittance_control script to /home/user/kuka_rl_ros2/src/install/lbr_demos_advanced_py/lib/lbr_demos_advanced_py
[0.973s] Installing admittance_rcm_control script to /home/user/kuka_rl_ros2/src/install/lbr_demos_advanced_py/lib/lbr_demos_advanced_py
[0.974s] writing list of installed files to '/home/user/kuka_rl_ros2/src/build/lbr_demos_advanced_py/install.log'
[1.123s] Invoked command in '/home/user/kuka_rl_ros2/src/lbr-stack/lbr_fri_ros2_stack/lbr_demos/lbr_demos_advanced_py' returned '0': AMENT_PREFIX_PATH=/home/user/kuka_rl_ros2/src/install/lbr_fri_ros2:/home/user/kuka_rl_ros2/src/install/lbr_fri_idl:/home/user/kuka_rl_ros2/src/install/lbr_description:${AMENT_PREFIX_PATH} CMAKE_PREFIX_PATH=/home/user/kuka_rl_ros2/src/install/lbr_fri_ros2:/home/user/kuka_rl_ros2/src/install/lbr_fri_idl:/home/user/kuka_rl_ros2/src/install/lbr_description:/home/user/kuka_rl_ros2/src/install/fri_client_sdk:${CMAKE_PREFIX_PATH} LD_LIBRARY_PATH=/home/user/kuka_rl_ros2/src/install/lbr_fri_ros2/lib:/home/user/kuka_rl_ros2/src/install/lbr_fri_idl/lib:/home/user/kuka_rl_ros2/src/install/fri_client_sdk/lib:${LD_LIBRARY_PATH} PKG_CONFIG_PATH=/home/user/kuka_rl_ros2/src/install/fri_client_sdk/lib/x86_64-linux-gnu/pkgconfig:/home/user/kuka_rl_ros2/src/install/fri_client_sdk/lib/pkgconfig:${PKG_CONFIG_PATH} PYTHONPATH=/home/user/kuka_rl_ros2/src/build/lbr_demos_advanced_py/prefix_override:/usr/lib/python3/dist-packages/colcon_core/task/python/colcon_distutils_commands:/home/user/kuka_rl_ros2/src/install/lbr_demos_advanced_py/lib/python3.10/site-packages:/home/user/kuka_rl_ros2/src/install/lbr_fri_idl/local/lib/python3.10/dist-packages:${PYTHONPATH} /usr/bin/python3 -W ignore:setup.py install is deprecated -W ignore:easy_install command is deprecated setup.py egg_info --egg-base ../../../../build/lbr_demos_advanced_py build --build-base /home/user/kuka_rl_ros2/src/build/lbr_demos_advanced_py/build install --record /home/user/kuka_rl_ros2/src/build/lbr_demos_advanced_py/install.log --single-version-externally-managed install_data
