[0.021s] Invoking command in '/home/user/kuka_rl_ros2/src/build/lbr_demos_advanced_cpp': AMENT_PREFIX_PATH=/home/user/kuka_rl_ros2/src/install/lbr_fri_ros2:/home/user/kuka_rl_ros2/src/install/lbr_fri_idl:/home/user/kuka_rl_ros2/src/install/lbr_description:${AMENT_PREFIX_PATH} CMAKE_PREFIX_PATH=/home/user/kuka_rl_ros2/src/install/lbr_fri_ros2:/home/user/kuka_rl_ros2/src/install/lbr_fri_idl:/home/user/kuka_rl_ros2/src/install/lbr_description:/home/user/kuka_rl_ros2/src/install/fri_client_sdk:/home/user/kuka_rl_ros2/install/med7_moveit_config:/home/user/kuka_rl_ros2/install/med14_moveit_config:/home/user/kuka_rl_ros2/install/lbr_fri_ros2_stack:/home/user/kuka_rl_ros2/install/lbr_demos_cpp:/home/user/kuka_rl_ros2/install/lbr_bringup:/home/user/kuka_rl_ros2/install/lbr_ros2_control:/home/user/kuka_rl_ros2/install/lbr_moveit_cpp:/home/user/kuka_rl_ros2/install/lbr_demos_advanced_cpp:/home/user/kuka_rl_ros2/install/lbr_fri_ros2:/home/user/kuka_rl_ros2/install/lbr_fri_idl:/home/user/kuka_rl_ros2/install/iiwa7_moveit_config:/home/user/kuka_rl_ros2/install/iiwa14_moveit_config:/home/user/kuka_rl_ros2/install/lbr_description:/home/user/kuka_rl_ros2/install/fri_client_sdk:/home/user/kuka_rl_ros2/install/catch_and_throw:/home/user/kuka_rl_ros2/install/lbr_demos_py:/home/user/kuka_rl_ros2/install/lbr_moveit:/home/user/kuka_rl_ros2/install/lbr_demos_advanced_py:/opt/ros/humble LD_LIBRARY_PATH=/home/user/kuka_rl_ros2/src/install/lbr_fri_ros2/lib:/home/user/kuka_rl_ros2/src/install/lbr_fri_idl/lib:/home/user/kuka_rl_ros2/src/install/fri_client_sdk/lib:${LD_LIBRARY_PATH} PKG_CONFIG_PATH=/home/user/kuka_rl_ros2/src/install/fri_client_sdk/lib/x86_64-linux-gnu/pkgconfig:/home/user/kuka_rl_ros2/src/install/fri_client_sdk/lib/pkgconfig:${PKG_CONFIG_PATH} PYTHONPATH=/home/user/kuka_rl_ros2/src/install/lbr_fri_idl/local/lib/python3.10/dist-packages:${PYTHONPATH} /usr/bin/cmake --build /home/user/kuka_rl_ros2/src/build/lbr_demos_advanced_cpp -- -j8 -l8
[0.069s] [35m[1mConsolidate compiler generated dependencies of target pose_planning[0m
[0.073s] [35m[1mConsolidate compiler generated dependencies of target pose_control[0m
[0.073s] [35m[1mConsolidate compiler generated dependencies of target pose_planning_component[0m
[0.080s] [35m[1mConsolidate compiler generated dependencies of target pose_streaming[0m
[0.094s] [35m[1mConsolidate compiler generated dependencies of target pose_streaming_component[0m
[0.105s] [ 16%] Built target pose_control
[0.109s] [35m[1mConsolidate compiler generated dependencies of target pose_control_component[0m
[0.109s] [ 33%] Built target pose_planning_component
[0.116s] [ 50%] Built target pose_streaming
[0.119s] [ 66%] Built target pose_planning
[0.127s] [ 83%] Built target pose_streaming_component
[0.135s] [100%] Built target pose_control_component
[0.335s] Invoked command in '/home/user/kuka_rl_ros2/src/build/lbr_demos_advanced_cpp' returned '0': AMENT_PREFIX_PATH=/home/user/kuka_rl_ros2/src/install/lbr_fri_ros2:/home/user/kuka_rl_ros2/src/install/lbr_fri_idl:/home/user/kuka_rl_ros2/src/install/lbr_description:${AMENT_PREFIX_PATH} CMAKE_PREFIX_PATH=/home/user/kuka_rl_ros2/src/install/lbr_fri_ros2:/home/user/kuka_rl_ros2/src/install/lbr_fri_idl:/home/user/kuka_rl_ros2/src/install/lbr_description:/home/user/kuka_rl_ros2/src/install/fri_client_sdk:/home/user/kuka_rl_ros2/install/med7_moveit_config:/home/user/kuka_rl_ros2/install/med14_moveit_config:/home/user/kuka_rl_ros2/install/lbr_fri_ros2_stack:/home/user/kuka_rl_ros2/install/lbr_demos_cpp:/home/user/kuka_rl_ros2/install/lbr_bringup:/home/user/kuka_rl_ros2/install/lbr_ros2_control:/home/user/kuka_rl_ros2/install/lbr_moveit_cpp:/home/user/kuka_rl_ros2/install/lbr_demos_advanced_cpp:/home/user/kuka_rl_ros2/install/lbr_fri_ros2:/home/user/kuka_rl_ros2/install/lbr_fri_idl:/home/user/kuka_rl_ros2/install/iiwa7_moveit_config:/home/user/kuka_rl_ros2/install/iiwa14_moveit_config:/home/user/kuka_rl_ros2/install/lbr_description:/home/user/kuka_rl_ros2/install/fri_client_sdk:/home/user/kuka_rl_ros2/install/catch_and_throw:/home/user/kuka_rl_ros2/install/lbr_demos_py:/home/user/kuka_rl_ros2/install/lbr_moveit:/home/user/kuka_rl_ros2/install/lbr_demos_advanced_py:/opt/ros/humble LD_LIBRARY_PATH=/home/user/kuka_rl_ros2/src/install/lbr_fri_ros2/lib:/home/user/kuka_rl_ros2/src/install/lbr_fri_idl/lib:/home/user/kuka_rl_ros2/src/install/fri_client_sdk/lib:${LD_LIBRARY_PATH} PKG_CONFIG_PATH=/home/user/kuka_rl_ros2/src/install/fri_client_sdk/lib/x86_64-linux-gnu/pkgconfig:/home/user/kuka_rl_ros2/src/install/fri_client_sdk/lib/pkgconfig:${PKG_CONFIG_PATH} PYTHONPATH=/home/user/kuka_rl_ros2/src/install/lbr_fri_idl/local/lib/python3.10/dist-packages:${PYTHONPATH} /usr/bin/cmake --build /home/user/kuka_rl_ros2/src/build/lbr_demos_advanced_cpp -- -j8 -l8
[0.336s] Invoking command in '/home/user/kuka_rl_ros2/src/build/lbr_demos_advanced_cpp': AMENT_PREFIX_PATH=/home/user/kuka_rl_ros2/src/install/lbr_fri_ros2:/home/user/kuka_rl_ros2/src/install/lbr_fri_idl:/home/user/kuka_rl_ros2/src/install/lbr_description:${AMENT_PREFIX_PATH} CMAKE_PREFIX_PATH=/home/user/kuka_rl_ros2/src/install/lbr_fri_ros2:/home/user/kuka_rl_ros2/src/install/lbr_fri_idl:/home/user/kuka_rl_ros2/src/install/lbr_description:/home/user/kuka_rl_ros2/src/install/fri_client_sdk:/home/user/kuka_rl_ros2/install/med7_moveit_config:/home/user/kuka_rl_ros2/install/med14_moveit_config:/home/user/kuka_rl_ros2/install/lbr_fri_ros2_stack:/home/user/kuka_rl_ros2/install/lbr_demos_cpp:/home/user/kuka_rl_ros2/install/lbr_bringup:/home/user/kuka_rl_ros2/install/lbr_ros2_control:/home/user/kuka_rl_ros2/install/lbr_moveit_cpp:/home/user/kuka_rl_ros2/install/lbr_demos_advanced_cpp:/home/user/kuka_rl_ros2/install/lbr_fri_ros2:/home/user/kuka_rl_ros2/install/lbr_fri_idl:/home/user/kuka_rl_ros2/install/iiwa7_moveit_config:/home/user/kuka_rl_ros2/install/iiwa14_moveit_config:/home/user/kuka_rl_ros2/install/lbr_description:/home/user/kuka_rl_ros2/install/fri_client_sdk:/home/user/kuka_rl_ros2/install/catch_and_throw:/home/user/kuka_rl_ros2/install/lbr_demos_py:/home/user/kuka_rl_ros2/install/lbr_moveit:/home/user/kuka_rl_ros2/install/lbr_demos_advanced_py:/opt/ros/humble LD_LIBRARY_PATH=/home/user/kuka_rl_ros2/src/install/lbr_fri_ros2/lib:/home/user/kuka_rl_ros2/src/install/lbr_fri_idl/lib:/home/user/kuka_rl_ros2/src/install/fri_client_sdk/lib:${LD_LIBRARY_PATH} PKG_CONFIG_PATH=/home/user/kuka_rl_ros2/src/install/fri_client_sdk/lib/x86_64-linux-gnu/pkgconfig:/home/user/kuka_rl_ros2/src/install/fri_client_sdk/lib/pkgconfig:${PKG_CONFIG_PATH} PYTHONPATH=/home/user/kuka_rl_ros2/src/install/lbr_fri_idl/local/lib/python3.10/dist-packages:${PYTHONPATH} /usr/bin/cmake --install /home/user/kuka_rl_ros2/src/build/lbr_demos_advanced_cpp
[0.346s] -- Install configuration: "Release"
[0.346s] -- Up-to-date: /home/user/kuka_rl_ros2/src/install/lbr_demos_advanced_cpp/lib/lbr_demos_advanced_cpp/pose_planning
[0.347s] -- Up-to-date: /home/user/kuka_rl_ros2/src/install/lbr_demos_advanced_cpp/lib/lbr_demos_advanced_cpp/pose_control
[0.348s] -- Up-to-date: /home/user/kuka_rl_ros2/src/install/lbr_demos_advanced_cpp/lib/lbr_demos_advanced_cpp/pose_streaming
[0.348s] -- Up-to-date: /home/user/kuka_rl_ros2/src/install/lbr_demos_advanced_cpp/lib/libpose_planning_component.so
[0.349s] -- Up-to-date: /home/user/kuka_rl_ros2/src/install/lbr_demos_advanced_cpp/lib/libpose_control_component.so
[0.350s] -- Up-to-date: /home/user/kuka_rl_ros2/src/install/lbr_demos_advanced_cpp/lib/libpose_streaming_component.so
[0.350s] -- Up-to-date: /home/user/kuka_rl_ros2/src/install/lbr_demos_advanced_cpp/share/lbr_demos_advanced_cpp/config
[0.350s] -- Up-to-date: /home/user/kuka_rl_ros2/src/install/lbr_demos_advanced_cpp/share/lbr_demos_advanced_cpp/config/lbr_system_config.yaml
[0.351s] -- Up-to-date: /home/user/kuka_rl_ros2/src/install/lbr_demos_advanced_cpp/share/ament_index/resource_index/package_run_dependencies/lbr_demos_advanced_cpp
[0.351s] -- Up-to-date: /home/user/kuka_rl_ros2/src/install/lbr_demos_advanced_cpp/share/ament_index/resource_index/parent_prefix_path/lbr_demos_advanced_cpp
[0.351s] -- Up-to-date: /home/user/kuka_rl_ros2/src/install/lbr_demos_advanced_cpp/share/lbr_demos_advanced_cpp/environment/ament_prefix_path.sh
[0.351s] -- Up-to-date: /home/user/kuka_rl_ros2/src/install/lbr_demos_advanced_cpp/share/lbr_demos_advanced_cpp/environment/ament_prefix_path.dsv
[0.351s] -- Up-to-date: /home/user/kuka_rl_ros2/src/install/lbr_demos_advanced_cpp/share/lbr_demos_advanced_cpp/environment/path.sh
[0.351s] -- Up-to-date: /home/user/kuka_rl_ros2/src/install/lbr_demos_advanced_cpp/share/lbr_demos_advanced_cpp/environment/path.dsv
[0.352s] -- Up-to-date: /home/user/kuka_rl_ros2/src/install/lbr_demos_advanced_cpp/share/lbr_demos_advanced_cpp/local_setup.bash
[0.352s] -- Up-to-date: /home/user/kuka_rl_ros2/src/install/lbr_demos_advanced_cpp/share/lbr_demos_advanced_cpp/local_setup.sh
[0.352s] -- Up-to-date: /home/user/kuka_rl_ros2/src/install/lbr_demos_advanced_cpp/share/lbr_demos_advanced_cpp/local_setup.zsh
[0.353s] -- Up-to-date: /home/user/kuka_rl_ros2/src/install/lbr_demos_advanced_cpp/share/lbr_demos_advanced_cpp/local_setup.dsv
[0.353s] -- Installing: /home/user/kuka_rl_ros2/src/install/lbr_demos_advanced_cpp/share/lbr_demos_advanced_cpp/package.dsv
[0.353s] -- Up-to-date: /home/user/kuka_rl_ros2/src/install/lbr_demos_advanced_cpp/share/ament_index/resource_index/packages/lbr_demos_advanced_cpp
[0.353s] -- Up-to-date: /home/user/kuka_rl_ros2/src/install/lbr_demos_advanced_cpp/share/ament_index/resource_index/rclcpp_components/lbr_demos_advanced_cpp
[0.353s] -- Up-to-date: /home/user/kuka_rl_ros2/src/install/lbr_demos_advanced_cpp/share/lbr_demos_advanced_cpp/cmake/lbr_demos_advanced_cppConfig.cmake
[0.353s] -- Up-to-date: /home/user/kuka_rl_ros2/src/install/lbr_demos_advanced_cpp/share/lbr_demos_advanced_cpp/cmake/lbr_demos_advanced_cppConfig-version.cmake
[0.353s] -- Up-to-date: /home/user/kuka_rl_ros2/src/install/lbr_demos_advanced_cpp/share/lbr_demos_advanced_cpp/package.xml
[0.370s] Invoked command in '/home/user/kuka_rl_ros2/src/build/lbr_demos_advanced_cpp' returned '0': AMENT_PREFIX_PATH=/home/user/kuka_rl_ros2/src/install/lbr_fri_ros2:/home/user/kuka_rl_ros2/src/install/lbr_fri_idl:/home/user/kuka_rl_ros2/src/install/lbr_description:${AMENT_PREFIX_PATH} CMAKE_PREFIX_PATH=/home/user/kuka_rl_ros2/src/install/lbr_fri_ros2:/home/user/kuka_rl_ros2/src/install/lbr_fri_idl:/home/user/kuka_rl_ros2/src/install/lbr_description:/home/user/kuka_rl_ros2/src/install/fri_client_sdk:/home/user/kuka_rl_ros2/install/med7_moveit_config:/home/user/kuka_rl_ros2/install/med14_moveit_config:/home/user/kuka_rl_ros2/install/lbr_fri_ros2_stack:/home/user/kuka_rl_ros2/install/lbr_demos_cpp:/home/user/kuka_rl_ros2/install/lbr_bringup:/home/user/kuka_rl_ros2/install/lbr_ros2_control:/home/user/kuka_rl_ros2/install/lbr_moveit_cpp:/home/user/kuka_rl_ros2/install/lbr_demos_advanced_cpp:/home/user/kuka_rl_ros2/install/lbr_fri_ros2:/home/user/kuka_rl_ros2/install/lbr_fri_idl:/home/user/kuka_rl_ros2/install/iiwa7_moveit_config:/home/user/kuka_rl_ros2/install/iiwa14_moveit_config:/home/user/kuka_rl_ros2/install/lbr_description:/home/user/kuka_rl_ros2/install/fri_client_sdk:/home/user/kuka_rl_ros2/install/catch_and_throw:/home/user/kuka_rl_ros2/install/lbr_demos_py:/home/user/kuka_rl_ros2/install/lbr_moveit:/home/user/kuka_rl_ros2/install/lbr_demos_advanced_py:/opt/ros/humble LD_LIBRARY_PATH=/home/user/kuka_rl_ros2/src/install/lbr_fri_ros2/lib:/home/user/kuka_rl_ros2/src/install/lbr_fri_idl/lib:/home/user/kuka_rl_ros2/src/install/fri_client_sdk/lib:${LD_LIBRARY_PATH} PKG_CONFIG_PATH=/home/user/kuka_rl_ros2/src/install/fri_client_sdk/lib/x86_64-linux-gnu/pkgconfig:/home/user/kuka_rl_ros2/src/install/fri_client_sdk/lib/pkgconfig:${PKG_CONFIG_PATH} PYTHONPATH=/home/user/kuka_rl_ros2/src/install/lbr_fri_idl/local/lib/python3.10/dist-packages:${PYTHONPATH} /usr/bin/cmake --install /home/user/kuka_rl_ros2/src/build/lbr_demos_advanced_cpp
