[0.652s] Invoking command in '/home/user/kuka_rl_ros2/src/lbr-stack/lbr_fri_ros2_stack/lbr_demos/lbr_demos_advanced_py': AMENT_PREFIX_PATH=/home/user/kuka_rl_ros2/src/install/lbr_fri_ros2:/home/user/kuka_rl_ros2/src/install/lbr_fri_idl:/home/user/kuka_rl_ros2/src/install/lbr_description:${AMENT_PREFIX_PATH} CMAKE_PREFIX_PATH=/home/user/kuka_rl_ros2/src/install/lbr_fri_ros2:/home/user/kuka_rl_ros2/src/install/lbr_fri_idl:/home/user/kuka_rl_ros2/src/install/lbr_description:/home/user/kuka_rl_ros2/src/install/fri_client_sdk:${CMAKE_PREFIX_PATH} LD_LIBRARY_PATH=/home/user/kuka_rl_ros2/src/install/lbr_fri_ros2/lib:/home/user/kuka_rl_ros2/src/install/lbr_fri_idl/lib:/home/user/kuka_rl_ros2/src/install/fri_client_sdk/lib:${LD_LIBRARY_PATH} PKG_CONFIG_PATH=/home/user/kuka_rl_ros2/src/install/fri_client_sdk/lib/x86_64-linux-gnu/pkgconfig:/home/user/kuka_rl_ros2/src/install/fri_client_sdk/lib/pkgconfig:${PKG_CONFIG_PATH} PYTHONPATH=/home/user/kuka_rl_ros2/src/build/lbr_demos_advanced_py/prefix_override:/usr/lib/python3/dist-packages/colcon_core/task/python/colcon_distutils_commands:/home/user/kuka_rl_ros2/src/install/lbr_demos_advanced_py/lib/python3.10/site-packages:/home/user/kuka_rl_ros2/src/install/lbr_fri_idl/local/lib/python3.10/dist-packages:${PYTHONPATH} /usr/bin/python3 -W ignore:setup.py install is deprecated -W ignore:easy_install command is deprecated setup.py egg_info --egg-base ../../../../build/lbr_demos_advanced_py build --build-base /home/user/kuka_rl_ros2/src/build/lbr_demos_advanced_py/build install --record /home/user/kuka_rl_ros2/src/build/lbr_demos_advanced_py/install.log --single-version-externally-managed install_data
[0.904s] running egg_info
[0.905s] creating ../../../../build/lbr_demos_advanced_py/lbr_demos_advanced_py.egg-info
[0.905s] writing ../../../../build/lbr_demos_advanced_py/lbr_demos_advanced_py.egg-info/PKG-INFO
[0.905s] writing dependency_links to ../../../../build/lbr_demos_advanced_py/lbr_demos_advanced_py.egg-info/dependency_links.txt
[0.905s] writing entry points to ../../../../build/lbr_demos_advanced_py/lbr_demos_advanced_py.egg-info/entry_points.txt
[0.905s] writing requirements to ../../../../build/lbr_demos_advanced_py/lbr_demos_advanced_py.egg-info/requires.txt
[0.906s] writing top-level names to ../../../../build/lbr_demos_advanced_py/lbr_demos_advanced_py.egg-info/top_level.txt
[0.906s] writing manifest file '../../../../build/lbr_demos_advanced_py/lbr_demos_advanced_py.egg-info/SOURCES.txt'
[0.908s] reading manifest file '../../../../build/lbr_demos_advanced_py/lbr_demos_advanced_py.egg-info/SOURCES.txt'
[0.909s] writing manifest file '../../../../build/lbr_demos_advanced_py/lbr_demos_advanced_py.egg-info/SOURCES.txt'
[0.909s] running build
[0.909s] running build_py
[0.909s] creating /home/user/kuka_rl_ros2/src/build/lbr_demos_advanced_py/build
[0.910s] creating /home/user/kuka_rl_ros2/src/build/lbr_demos_advanced_py/build/lib
[0.910s] creating /home/user/kuka_rl_ros2/src/build/lbr_demos_advanced_py/build/lib/lbr_demos_advanced_py
[0.910s] copying lbr_demos_advanced_py/admittance_rcm_control_node.py -> /home/user/kuka_rl_ros2/src/build/lbr_demos_advanced_py/build/lib/lbr_demos_advanced_py
[0.910s] copying lbr_demos_advanced_py/__init__.py -> /home/user/kuka_rl_ros2/src/build/lbr_demos_advanced_py/build/lib/lbr_demos_advanced_py
[0.910s] copying lbr_demos_advanced_py/admittance_control_node.py -> /home/user/kuka_rl_ros2/src/build/lbr_demos_advanced_py/build/lib/lbr_demos_advanced_py
[0.910s] copying lbr_demos_advanced_py/lbr_base_position_command_node.py -> /home/user/kuka_rl_ros2/src/build/lbr_demos_advanced_py/build/lib/lbr_demos_advanced_py
[0.910s] copying lbr_demos_advanced_py/admittance_rcm_controller.py -> /home/user/kuka_rl_ros2/src/build/lbr_demos_advanced_py/build/lib/lbr_demos_advanced_py
[0.911s] copying lbr_demos_advanced_py/admittance_controller.py -> /home/user/kuka_rl_ros2/src/build/lbr_demos_advanced_py/build/lib/lbr_demos_advanced_py
[0.911s] running install
[0.911s] running install_lib
[0.912s] creating /home/user/kuka_rl_ros2/src/install/lbr_demos_advanced_py/lib/python3.10/site-packages/lbr_demos_advanced_py
[0.912s] copying /home/user/kuka_rl_ros2/src/build/lbr_demos_advanced_py/build/lib/lbr_demos_advanced_py/admittance_rcm_control_node.py -> /home/user/kuka_rl_ros2/src/install/lbr_demos_advanced_py/lib/python3.10/site-packages/lbr_demos_advanced_py
[0.913s] copying /home/user/kuka_rl_ros2/src/build/lbr_demos_advanced_py/build/lib/lbr_demos_advanced_py/__init__.py -> /home/user/kuka_rl_ros2/src/install/lbr_demos_advanced_py/lib/python3.10/site-packages/lbr_demos_advanced_py
[0.913s] copying /home/user/kuka_rl_ros2/src/build/lbr_demos_advanced_py/build/lib/lbr_demos_advanced_py/admittance_control_node.py -> /home/user/kuka_rl_ros2/src/install/lbr_demos_advanced_py/lib/python3.10/site-packages/lbr_demos_advanced_py
[0.913s] copying /home/user/kuka_rl_ros2/src/build/lbr_demos_advanced_py/build/lib/lbr_demos_advanced_py/lbr_base_position_command_node.py -> /home/user/kuka_rl_ros2/src/install/lbr_demos_advanced_py/lib/python3.10/site-packages/lbr_demos_advanced_py
[0.913s] copying /home/user/kuka_rl_ros2/src/build/lbr_demos_advanced_py/build/lib/lbr_demos_advanced_py/admittance_rcm_controller.py -> /home/user/kuka_rl_ros2/src/install/lbr_demos_advanced_py/lib/python3.10/site-packages/lbr_demos_advanced_py
[0.913s] copying /home/user/kuka_rl_ros2/src/build/lbr_demos_advanced_py/build/lib/lbr_demos_advanced_py/admittance_controller.py -> /home/user/kuka_rl_ros2/src/install/lbr_demos_advanced_py/lib/python3.10/site-packages/lbr_demos_advanced_py
[0.914s] byte-compiling /home/user/kuka_rl_ros2/src/install/lbr_demos_advanced_py/lib/python3.10/site-packages/lbr_demos_advanced_py/admittance_rcm_control_node.py to admittance_rcm_control_node.cpython-310.pyc
[0.915s] byte-compiling /home/user/kuka_rl_ros2/src/install/lbr_demos_advanced_py/lib/python3.10/site-packages/lbr_demos_advanced_py/__init__.py to __init__.cpython-310.pyc
[0.915s] byte-compiling /home/user/kuka_rl_ros2/src/install/lbr_demos_advanced_py/lib/python3.10/site-packages/lbr_demos_advanced_py/admittance_control_node.py to admittance_control_node.cpython-310.pyc
[0.916s] byte-compiling /home/user/kuka_rl_ros2/src/install/lbr_demos_advanced_py/lib/python3.10/site-packages/lbr_demos_advanced_py/lbr_base_position_command_node.py to lbr_base_position_command_node.cpython-310.pyc
[0.916s] byte-compiling /home/user/kuka_rl_ros2/src/install/lbr_demos_advanced_py/lib/python3.10/site-packages/lbr_demos_advanced_py/admittance_rcm_controller.py to admittance_rcm_controller.cpython-310.pyc
[0.917s] byte-compiling /home/user/kuka_rl_ros2/src/install/lbr_demos_advanced_py/lib/python3.10/site-packages/lbr_demos_advanced_py/admittance_controller.py to admittance_controller.cpython-310.pyc
[0.917s] running install_data
[0.917s] creating /home/user/kuka_rl_ros2/src/install/lbr_demos_advanced_py/share/ament_index
[0.918s] creating /home/user/kuka_rl_ros2/src/install/lbr_demos_advanced_py/share/ament_index/resource_index
[0.918s] creating /home/user/kuka_rl_ros2/src/install/lbr_demos_advanced_py/share/ament_index/resource_index/packages
[0.918s] copying resource/lbr_demos_advanced_py -> /home/user/kuka_rl_ros2/src/install/lbr_demos_advanced_py/share/ament_index/resource_index/packages
[0.918s] copying package.xml -> /home/user/kuka_rl_ros2/src/install/lbr_demos_advanced_py/share/lbr_demos_advanced_py
[0.918s] creating /home/user/kuka_rl_ros2/src/install/lbr_demos_advanced_py/share/lbr_demos_advanced_py/config
[0.918s] copying config/admittance_control.yaml -> /home/user/kuka_rl_ros2/src/install/lbr_demos_advanced_py/share/lbr_demos_advanced_py/config
[0.919s] copying config/admittance_rcm_control.yaml -> /home/user/kuka_rl_ros2/src/install/lbr_demos_advanced_py/share/lbr_demos_advanced_py/config
[0.919s] running install_egg_info
[0.920s] Copying ../../../../build/lbr_demos_advanced_py/lbr_demos_advanced_py.egg-info to /home/user/kuka_rl_ros2/src/install/lbr_demos_advanced_py/lib/python3.10/site-packages/lbr_demos_advanced_py-2.2.1-py3.10.egg-info
[0.922s] running install_scripts
[0.951s] Installing admittance_control script to /home/user/kuka_rl_ros2/src/install/lbr_demos_advanced_py/lib/lbr_demos_advanced_py
[0.951s] Installing admittance_rcm_control script to /home/user/kuka_rl_ros2/src/install/lbr_demos_advanced_py/lib/lbr_demos_advanced_py
[0.951s] writing list of installed files to '/home/user/kuka_rl_ros2/src/build/lbr_demos_advanced_py/install.log'
[0.973s] Invoked command in '/home/user/kuka_rl_ros2/src/lbr-stack/lbr_fri_ros2_stack/lbr_demos/lbr_demos_advanced_py' returned '0': AMENT_PREFIX_PATH=/home/user/kuka_rl_ros2/src/install/lbr_fri_ros2:/home/user/kuka_rl_ros2/src/install/lbr_fri_idl:/home/user/kuka_rl_ros2/src/install/lbr_description:${AMENT_PREFIX_PATH} CMAKE_PREFIX_PATH=/home/user/kuka_rl_ros2/src/install/lbr_fri_ros2:/home/user/kuka_rl_ros2/src/install/lbr_fri_idl:/home/user/kuka_rl_ros2/src/install/lbr_description:/home/user/kuka_rl_ros2/src/install/fri_client_sdk:${CMAKE_PREFIX_PATH} LD_LIBRARY_PATH=/home/user/kuka_rl_ros2/src/install/lbr_fri_ros2/lib:/home/user/kuka_rl_ros2/src/install/lbr_fri_idl/lib:/home/user/kuka_rl_ros2/src/install/fri_client_sdk/lib:${LD_LIBRARY_PATH} PKG_CONFIG_PATH=/home/user/kuka_rl_ros2/src/install/fri_client_sdk/lib/x86_64-linux-gnu/pkgconfig:/home/user/kuka_rl_ros2/src/install/fri_client_sdk/lib/pkgconfig:${PKG_CONFIG_PATH} PYTHONPATH=/home/user/kuka_rl_ros2/src/build/lbr_demos_advanced_py/prefix_override:/usr/lib/python3/dist-packages/colcon_core/task/python/colcon_distutils_commands:/home/user/kuka_rl_ros2/src/install/lbr_demos_advanced_py/lib/python3.10/site-packages:/home/user/kuka_rl_ros2/src/install/lbr_fri_idl/local/lib/python3.10/dist-packages:${PYTHONPATH} /usr/bin/python3 -W ignore:setup.py install is deprecated -W ignore:easy_install command is deprecated setup.py egg_info --egg-base ../../../../build/lbr_demos_advanced_py build --build-base /home/user/kuka_rl_ros2/src/build/lbr_demos_advanced_py/build install --record /home/user/kuka_rl_ros2/src/build/lbr_demos_advanced_py/install.log --single-version-externally-managed install_data
