[0.769s] Invoking command in '/home/user/kuka_rl_ros2/src/lbr-stack/lbr_fri_ros2_stack/lbr_demos/lbr_moveit': PYTHONPATH=/home/user/kuka_rl_ros2/src/build/lbr_moveit/prefix_override:/usr/lib/python3/dist-packages/colcon_core/task/python/colcon_distutils_commands:/home/user/kuka_rl_ros2/src/install/lbr_moveit/lib/python3.10/site-packages:${PYTHONPATH} /usr/bin/python3 -W ignore:setup.py install is deprecated -W ignore:easy_install command is deprecated setup.py egg_info --egg-base ../../../../build/lbr_moveit build --build-base /home/user/kuka_rl_ros2/src/build/lbr_moveit/build install --record /home/user/kuka_rl_ros2/src/build/lbr_moveit/install.log --single-version-externally-managed install_data
[1.147s] running egg_info
[1.148s] creating ../../../../build/lbr_moveit/lbr_moveit.egg-info
[1.148s] writing ../../../../build/lbr_moveit/lbr_moveit.egg-info/PKG-INFO
[1.149s] writing dependency_links to ../../../../build/lbr_moveit/lbr_moveit.egg-info/dependency_links.txt
[1.149s] writing entry points to ../../../../build/lbr_moveit/lbr_moveit.egg-info/entry_points.txt
[1.149s] writing requirements to ../../../../build/lbr_moveit/lbr_moveit.egg-info/requires.txt
[1.149s] writing top-level names to ../../../../build/lbr_moveit/lbr_moveit.egg-info/top_level.txt
[1.149s] writing manifest file '../../../../build/lbr_moveit/lbr_moveit.egg-info/SOURCES.txt'
[1.152s] reading manifest file '../../../../build/lbr_moveit/lbr_moveit.egg-info/SOURCES.txt'
[1.153s] writing manifest file '../../../../build/lbr_moveit/lbr_moveit.egg-info/SOURCES.txt'
[1.153s] running build
[1.153s] running build_py
[1.154s] creating /home/user/kuka_rl_ros2/src/build/lbr_moveit/build
[1.154s] creating /home/user/kuka_rl_ros2/src/build/lbr_moveit/build/lib
[1.154s] creating /home/user/kuka_rl_ros2/src/build/lbr_moveit/build/lib/scripts
[1.154s] copying scripts/__init__.py -> /home/user/kuka_rl_ros2/src/build/lbr_moveit/build/lib/scripts
[1.154s] copying scripts/forward_keyboard.py -> /home/user/kuka_rl_ros2/src/build/lbr_moveit/build/lib/scripts
[1.154s] creating /home/user/kuka_rl_ros2/src/build/lbr_moveit/build/lib/lbr_moveit
[1.155s] copying lbr_moveit/forward_keyboard_node.py -> /home/user/kuka_rl_ros2/src/build/lbr_moveit/build/lib/lbr_moveit
[1.155s] copying lbr_moveit/__init__.py -> /home/user/kuka_rl_ros2/src/build/lbr_moveit/build/lib/lbr_moveit
[1.155s] copying lbr_moveit/keyboard_listener.py -> /home/user/kuka_rl_ros2/src/build/lbr_moveit/build/lib/lbr_moveit
[1.155s] running install
[1.156s] running install_lib
[1.157s] creating /home/user/kuka_rl_ros2/src/install/lbr_moveit/lib/python3.10/site-packages/scripts
[1.157s] copying /home/user/kuka_rl_ros2/src/build/lbr_moveit/build/lib/scripts/__init__.py -> /home/user/kuka_rl_ros2/src/install/lbr_moveit/lib/python3.10/site-packages/scripts
[1.157s] copying /home/user/kuka_rl_ros2/src/build/lbr_moveit/build/lib/scripts/forward_keyboard.py -> /home/user/kuka_rl_ros2/src/install/lbr_moveit/lib/python3.10/site-packages/scripts
[1.157s] creating /home/user/kuka_rl_ros2/src/install/lbr_moveit/lib/python3.10/site-packages/lbr_moveit
[1.157s] copying /home/user/kuka_rl_ros2/src/build/lbr_moveit/build/lib/lbr_moveit/forward_keyboard_node.py -> /home/user/kuka_rl_ros2/src/install/lbr_moveit/lib/python3.10/site-packages/lbr_moveit
[1.157s] copying /home/user/kuka_rl_ros2/src/build/lbr_moveit/build/lib/lbr_moveit/__init__.py -> /home/user/kuka_rl_ros2/src/install/lbr_moveit/lib/python3.10/site-packages/lbr_moveit
[1.157s] copying /home/user/kuka_rl_ros2/src/build/lbr_moveit/build/lib/lbr_moveit/keyboard_listener.py -> /home/user/kuka_rl_ros2/src/install/lbr_moveit/lib/python3.10/site-packages/lbr_moveit
[1.158s] byte-compiling /home/user/kuka_rl_ros2/src/install/lbr_moveit/lib/python3.10/site-packages/scripts/__init__.py to __init__.cpython-310.pyc
[1.158s] byte-compiling /home/user/kuka_rl_ros2/src/install/lbr_moveit/lib/python3.10/site-packages/scripts/forward_keyboard.py to forward_keyboard.cpython-310.pyc
[1.159s] byte-compiling /home/user/kuka_rl_ros2/src/install/lbr_moveit/lib/python3.10/site-packages/lbr_moveit/forward_keyboard_node.py to forward_keyboard_node.cpython-310.pyc
[1.163s] byte-compiling /home/user/kuka_rl_ros2/src/install/lbr_moveit/lib/python3.10/site-packages/lbr_moveit/__init__.py to __init__.cpython-310.pyc
[1.163s] byte-compiling /home/user/kuka_rl_ros2/src/install/lbr_moveit/lib/python3.10/site-packages/lbr_moveit/keyboard_listener.py to keyboard_listener.cpython-310.pyc
[1.164s] running install_data
[1.164s] creating /home/user/kuka_rl_ros2/src/install/lbr_moveit/share/ament_index
[1.165s] creating /home/user/kuka_rl_ros2/src/install/lbr_moveit/share/ament_index/resource_index
[1.165s] creating /home/user/kuka_rl_ros2/src/install/lbr_moveit/share/ament_index/resource_index/packages
[1.165s] copying resource/lbr_moveit -> /home/user/kuka_rl_ros2/src/install/lbr_moveit/share/ament_index/resource_index/packages
[1.165s] copying package.xml -> /home/user/kuka_rl_ros2/src/install/lbr_moveit/share/lbr_moveit
[1.165s] creating /home/user/kuka_rl_ros2/src/install/lbr_moveit/share/lbr_moveit/config
[1.165s] copying config/forward_keyboard.yaml -> /home/user/kuka_rl_ros2/src/install/lbr_moveit/share/lbr_moveit/config
[1.165s] creating /home/user/kuka_rl_ros2/src/install/lbr_moveit/share/lbr_moveit/launch
[1.166s] copying launch/keyboard_driver.launch.py -> /home/user/kuka_rl_ros2/src/install/lbr_moveit/share/lbr_moveit/launch
[1.166s] running install_egg_info
[1.169s] Copying ../../../../build/lbr_moveit/lbr_moveit.egg-info to /home/user/kuka_rl_ros2/src/install/lbr_moveit/lib/python3.10/site-packages/lbr_moveit-2.2.1-py3.10.egg-info
[1.170s] running install_scripts
[1.205s] Installing forward_keyboard script to /home/user/kuka_rl_ros2/src/install/lbr_moveit/lib/lbr_moveit
[1.206s] writing list of installed files to '/home/user/kuka_rl_ros2/src/build/lbr_moveit/install.log'
[1.239s] Invoked command in '/home/user/kuka_rl_ros2/src/lbr-stack/lbr_fri_ros2_stack/lbr_demos/lbr_moveit' returned '0': PYTHONPATH=/home/user/kuka_rl_ros2/src/build/lbr_moveit/prefix_override:/usr/lib/python3/dist-packages/colcon_core/task/python/colcon_distutils_commands:/home/user/kuka_rl_ros2/src/install/lbr_moveit/lib/python3.10/site-packages:${PYTHONPATH} /usr/bin/python3 -W ignore:setup.py install is deprecated -W ignore:easy_install command is deprecated setup.py egg_info --egg-base ../../../../build/lbr_moveit build --build-base /home/user/kuka_rl_ros2/src/build/lbr_moveit/build install --record /home/user/kuka_rl_ros2/src/build/lbr_moveit/install.log --single-version-externally-managed install_data
