[0.038s] Invoking command in '/home/user/kuka_rl_ros2/src/build/iiwa14_moveit_config': AMENT_PREFIX_PATH=/home/user/kuka_rl_ros2/src/install/lbr_description:${AMENT_PREFIX_PATH} CMAKE_PREFIX_PATH=/home/user/kuka_rl_ros2/src/install/lbr_description:/home/user/kuka_rl_ros2/install/med7_moveit_config:/home/user/kuka_rl_ros2/install/med14_moveit_config:/home/user/kuka_rl_ros2/install/lbr_fri_ros2_stack:/home/user/kuka_rl_ros2/install/lbr_demos_cpp:/home/user/kuka_rl_ros2/install/lbr_bringup:/home/user/kuka_rl_ros2/install/lbr_ros2_control:/home/user/kuka_rl_ros2/install/lbr_moveit_cpp:/home/user/kuka_rl_ros2/install/lbr_demos_advanced_cpp:/home/user/kuka_rl_ros2/install/lbr_fri_ros2:/home/user/kuka_rl_ros2/install/lbr_fri_idl:/home/user/kuka_rl_ros2/install/iiwa7_moveit_config:/home/user/kuka_rl_ros2/install/iiwa14_moveit_config:/home/user/kuka_rl_ros2/install/lbr_description:/home/user/kuka_rl_ros2/install/fri_client_sdk:/home/user/kuka_rl_ros2/install/catch_and_throw:/home/user/kuka_rl_ros2/install/lbr_demos_py:/home/user/kuka_rl_ros2/install/lbr_moveit:/home/user/kuka_rl_ros2/install/lbr_demos_advanced_py:/opt/ros/humble /usr/bin/cmake --build /home/user/kuka_rl_ros2/src/build/iiwa14_moveit_config -- -j8 -l8
[0.155s] Invoked command in '/home/user/kuka_rl_ros2/src/build/iiwa14_moveit_config' returned '0': AMENT_PREFIX_PATH=/home/user/kuka_rl_ros2/src/install/lbr_description:${AMENT_PREFIX_PATH} CMAKE_PREFIX_PATH=/home/user/kuka_rl_ros2/src/install/lbr_description:/home/user/kuka_rl_ros2/install/med7_moveit_config:/home/user/kuka_rl_ros2/install/med14_moveit_config:/home/user/kuka_rl_ros2/install/lbr_fri_ros2_stack:/home/user/kuka_rl_ros2/install/lbr_demos_cpp:/home/user/kuka_rl_ros2/install/lbr_bringup:/home/user/kuka_rl_ros2/install/lbr_ros2_control:/home/user/kuka_rl_ros2/install/lbr_moveit_cpp:/home/user/kuka_rl_ros2/install/lbr_demos_advanced_cpp:/home/user/kuka_rl_ros2/install/lbr_fri_ros2:/home/user/kuka_rl_ros2/install/lbr_fri_idl:/home/user/kuka_rl_ros2/install/iiwa7_moveit_config:/home/user/kuka_rl_ros2/install/iiwa14_moveit_config:/home/user/kuka_rl_ros2/install/lbr_description:/home/user/kuka_rl_ros2/install/fri_client_sdk:/home/user/kuka_rl_ros2/install/catch_and_throw:/home/user/kuka_rl_ros2/install/lbr_demos_py:/home/user/kuka_rl_ros2/install/lbr_moveit:/home/user/kuka_rl_ros2/install/lbr_demos_advanced_py:/opt/ros/humble /usr/bin/cmake --build /home/user/kuka_rl_ros2/src/build/iiwa14_moveit_config -- -j8 -l8
[0.160s] Invoking command in '/home/user/kuka_rl_ros2/src/build/iiwa14_moveit_config': AMENT_PREFIX_PATH=/home/user/kuka_rl_ros2/src/install/lbr_description:${AMENT_PREFIX_PATH} CMAKE_PREFIX_PATH=/home/user/kuka_rl_ros2/src/install/lbr_description:/home/user/kuka_rl_ros2/install/med7_moveit_config:/home/user/kuka_rl_ros2/install/med14_moveit_config:/home/user/kuka_rl_ros2/install/lbr_fri_ros2_stack:/home/user/kuka_rl_ros2/install/lbr_demos_cpp:/home/user/kuka_rl_ros2/install/lbr_bringup:/home/user/kuka_rl_ros2/install/lbr_ros2_control:/home/user/kuka_rl_ros2/install/lbr_moveit_cpp:/home/user/kuka_rl_ros2/install/lbr_demos_advanced_cpp:/home/user/kuka_rl_ros2/install/lbr_fri_ros2:/home/user/kuka_rl_ros2/install/lbr_fri_idl:/home/user/kuka_rl_ros2/install/iiwa7_moveit_config:/home/user/kuka_rl_ros2/install/iiwa14_moveit_config:/home/user/kuka_rl_ros2/install/lbr_description:/home/user/kuka_rl_ros2/install/fri_client_sdk:/home/user/kuka_rl_ros2/install/catch_and_throw:/home/user/kuka_rl_ros2/install/lbr_demos_py:/home/user/kuka_rl_ros2/install/lbr_moveit:/home/user/kuka_rl_ros2/install/lbr_demos_advanced_py:/opt/ros/humble /usr/bin/cmake --install /home/user/kuka_rl_ros2/src/build/iiwa14_moveit_config
[0.179s] -- Install configuration: ""
[0.179s] -- Up-to-date: /home/user/kuka_rl_ros2/src/install/iiwa14_moveit_config/share/ament_index/resource_index/package_run_dependencies/iiwa14_moveit_config
[0.179s] -- Up-to-date: /home/user/kuka_rl_ros2/src/install/iiwa14_moveit_config/share/ament_index/resource_index/parent_prefix_path/iiwa14_moveit_config
[0.180s] -- Up-to-date: /home/user/kuka_rl_ros2/src/install/iiwa14_moveit_config/share/iiwa14_moveit_config/environment/ament_prefix_path.sh
[0.180s] -- Up-to-date: /home/user/kuka_rl_ros2/src/install/iiwa14_moveit_config/share/iiwa14_moveit_config/environment/ament_prefix_path.dsv
[0.180s] -- Up-to-date: /home/user/kuka_rl_ros2/src/install/iiwa14_moveit_config/share/iiwa14_moveit_config/environment/path.sh
[0.180s] -- Up-to-date: /home/user/kuka_rl_ros2/src/install/iiwa14_moveit_config/share/iiwa14_moveit_config/environment/path.dsv
[0.180s] -- Up-to-date: /home/user/kuka_rl_ros2/src/install/iiwa14_moveit_config/share/iiwa14_moveit_config/local_setup.bash
[0.180s] -- Up-to-date: /home/user/kuka_rl_ros2/src/install/iiwa14_moveit_config/share/iiwa14_moveit_config/local_setup.sh
[0.181s] -- Up-to-date: /home/user/kuka_rl_ros2/src/install/iiwa14_moveit_config/share/iiwa14_moveit_config/local_setup.zsh
[0.181s] -- Up-to-date: /home/user/kuka_rl_ros2/src/install/iiwa14_moveit_config/share/iiwa14_moveit_config/local_setup.dsv
[0.181s] -- Up-to-date: /home/user/kuka_rl_ros2/src/install/iiwa14_moveit_config/share/iiwa14_moveit_config/package.dsv
[0.181s] -- Up-to-date: /home/user/kuka_rl_ros2/src/install/iiwa14_moveit_config/share/ament_index/resource_index/packages/iiwa14_moveit_config
[0.181s] -- Up-to-date: /home/user/kuka_rl_ros2/src/install/iiwa14_moveit_config/share/iiwa14_moveit_config/cmake/iiwa14_moveit_configConfig.cmake
[0.181s] -- Up-to-date: /home/user/kuka_rl_ros2/src/install/iiwa14_moveit_config/share/iiwa14_moveit_config/cmake/iiwa14_moveit_configConfig-version.cmake
[0.181s] -- Up-to-date: /home/user/kuka_rl_ros2/src/install/iiwa14_moveit_config/share/iiwa14_moveit_config/package.xml
[0.181s] -- Up-to-date: /home/user/kuka_rl_ros2/src/install/iiwa14_moveit_config/share/iiwa14_moveit_config/launch
[0.181s] -- Up-to-date: /home/user/kuka_rl_ros2/src/install/iiwa14_moveit_config/share/iiwa14_moveit_config/launch/move_group.launch.py
[0.182s] -- Up-to-date: /home/user/kuka_rl_ros2/src/install/iiwa14_moveit_config/share/iiwa14_moveit_config/launch/moveit_rviz.launch.py
[0.182s] -- Up-to-date: /home/user/kuka_rl_ros2/src/install/iiwa14_moveit_config/share/iiwa14_moveit_config/launch/setup_assistant.launch.py
[0.182s] -- Up-to-date: /home/user/kuka_rl_ros2/src/install/iiwa14_moveit_config/share/iiwa14_moveit_config/config
[0.182s] -- Up-to-date: /home/user/kuka_rl_ros2/src/install/iiwa14_moveit_config/share/iiwa14_moveit_config/config/kinematics.yaml
[0.182s] -- Up-to-date: /home/user/kuka_rl_ros2/src/install/iiwa14_moveit_config/share/iiwa14_moveit_config/config/moveit.rviz
[0.182s] -- Up-to-date: /home/user/kuka_rl_ros2/src/install/iiwa14_moveit_config/share/iiwa14_moveit_config/config/moveit_controllers.yaml
[0.182s] -- Up-to-date: /home/user/kuka_rl_ros2/src/install/iiwa14_moveit_config/share/iiwa14_moveit_config/config/iiwa14.srdf
[0.182s] -- Up-to-date: /home/user/kuka_rl_ros2/src/install/iiwa14_moveit_config/share/iiwa14_moveit_config/config/joint_limits.yaml
[0.182s] -- Up-to-date: /home/user/kuka_rl_ros2/src/install/iiwa14_moveit_config/share/iiwa14_moveit_config/config/pilz_cartesian_limits.yaml
[0.183s] -- Up-to-date: /home/user/kuka_rl_ros2/src/install/iiwa14_moveit_config/share/iiwa14_moveit_config/.setup_assistant
[0.239s] Invoked command in '/home/user/kuka_rl_ros2/src/build/iiwa14_moveit_config' returned '0': AMENT_PREFIX_PATH=/home/user/kuka_rl_ros2/src/install/lbr_description:${AMENT_PREFIX_PATH} CMAKE_PREFIX_PATH=/home/user/kuka_rl_ros2/src/install/lbr_description:/home/user/kuka_rl_ros2/install/med7_moveit_config:/home/user/kuka_rl_ros2/install/med14_moveit_config:/home/user/kuka_rl_ros2/install/lbr_fri_ros2_stack:/home/user/kuka_rl_ros2/install/lbr_demos_cpp:/home/user/kuka_rl_ros2/install/lbr_bringup:/home/user/kuka_rl_ros2/install/lbr_ros2_control:/home/user/kuka_rl_ros2/install/lbr_moveit_cpp:/home/user/kuka_rl_ros2/install/lbr_demos_advanced_cpp:/home/user/kuka_rl_ros2/install/lbr_fri_ros2:/home/user/kuka_rl_ros2/install/lbr_fri_idl:/home/user/kuka_rl_ros2/install/iiwa7_moveit_config:/home/user/kuka_rl_ros2/install/iiwa14_moveit_config:/home/user/kuka_rl_ros2/install/lbr_description:/home/user/kuka_rl_ros2/install/fri_client_sdk:/home/user/kuka_rl_ros2/install/catch_and_throw:/home/user/kuka_rl_ros2/install/lbr_demos_py:/home/user/kuka_rl_ros2/install/lbr_moveit:/home/user/kuka_rl_ros2/install/lbr_demos_advanced_py:/opt/ros/humble /usr/bin/cmake --install /home/user/kuka_rl_ros2/src/build/iiwa14_moveit_config
