[0.266s] Invoking command in '/home/user/kuka_rl_ros2/src/build/lbr_moveit_cpp': CMAKE_PREFIX_PATH=${CMAKE_PREFIX_PATH}:/home/user/kuka_rl_ros2/install/lbr_demos_py:/home/user/kuka_rl_ros2/install/lbr_moveit:/home/user/kuka_rl_ros2/install/lbr_demos_advanced_py:/opt/ros/humble /usr/bin/cmake /home/user/kuka_rl_ros2/src/lbr-stack/lbr_fri_ros2_stack/lbr_demos/lbr_moveit_cpp -DCMAKE_INSTALL_PREFIX=/home/user/kuka_rl_ros2/src/install/lbr_moveit_cpp
[0.321s] -- The C compiler identification is GNU 11.4.0
[0.377s] -- The CXX compiler identification is GNU 11.4.0
[0.386s] -- Detecting C compiler ABI info
[0.461s] -- Detecting C compiler ABI info - done
[0.471s] -- Check for working C compiler: /usr/bin/cc - skipped
[0.472s] -- Detecting C compile features
[0.472s] -- Detecting C compile features - done
[0.476s] -- Detecting CXX compiler ABI info
[0.566s] -- Detecting CXX compiler ABI info - done
[0.575s] -- Check for working CXX compiler: /usr/bin/c++ - skipped
[0.576s] -- Detecting CXX compile features
[0.576s] -- Detecting CXX compile features - done
[0.582s] -- Found ament_cmake: 1.3.11 (/opt/ros/humble/share/ament_cmake/cmake)
[0.837s] -- Found Python3: /usr/bin/python3 (found version "3.10.12") found components: Interpreter 
[1.078s] -- Found geometry_msgs: 4.8.0 (/opt/ros/humble/share/geometry_msgs/cmake)
[1.189s] -- Found rosidl_generator_c: 3.1.6 (/opt/ros/humble/share/rosidl_generator_c/cmake)
[1.206s] -- Found rosidl_adapter: 3.1.6 (/opt/ros/humble/share/rosidl_adapter/cmake)
[1.229s] -- Found rosidl_generator_cpp: 3.1.6 (/opt/ros/humble/share/rosidl_generator_cpp/cmake)
[1.249s] -- Using all available rosidl_typesupport_c: rosidl_typesupport_fastrtps_c;rosidl_typesupport_introspection_c
[1.282s] -- Using all available rosidl_typesupport_cpp: rosidl_typesupport_fastrtps_cpp;rosidl_typesupport_introspection_cpp
[1.354s] -- Found moveit_ros_planning_interface: 2.5.9 (/opt/ros/humble/share/moveit_ros_planning_interface/cmake)
[1.586s] -- Found Boost: /usr/lib/x86_64-linux-gnu/cmake/Boost-1.74.0/BoostConfig.cmake (found version "1.74.0") found components: date_time filesystem program_options system thread 
[1.930s] -- Found Boost: /usr/lib/x86_64-linux-gnu/cmake/Boost-1.74.0/BoostConfig.cmake (found version "1.74.0") found components: chrono date_time filesystem iostreams program_options regex serialization system thread 
[2.069s] -- Found parameter_traits: 0.4.0 (/opt/ros/humble/share/parameter_traits/cmake)
[2.201s] -- Found rmw_implementation_cmake: 6.1.2 (/opt/ros/humble/share/rmw_implementation_cmake/cmake)
[2.213s] -- Found rmw_fastrtps_cpp: 6.2.7 (/opt/ros/humble/share/rmw_fastrtps_cpp/cmake)
[2.382s] -- Found OpenSSL: /usr/lib/x86_64-linux-gnu/libcrypto.so (found version "3.0.2")  
[2.424s] -- Found FastRTPS: /opt/ros/humble/include  
[2.499s] -- Using RMW implementation 'rmw_fastrtps_cpp' as default
[2.530s] -- Found Threads: TRUE  
[2.646s] -- Found Eigen3: TRUE (found version "3.4.0") 
[2.655s] -- Found rclcpp_lifecycle: 16.0.12 (/opt/ros/humble/share/rclcpp_lifecycle/cmake)
[2.716s] -- Found Boost: /usr/lib/x86_64-linux-gnu/cmake/Boost-1.74.0/BoostConfig.cmake (found version "1.74.0") found components: filesystem 
[2.845s] -- library: /usr/lib/x86_64-linux-gnu/libcurl.so
[2.903s] -- Ensuring Eigen3 include directory is part of orocos-kdl CMake target
[3.158s] -- Found Boost: /usr/lib/x86_64-linux-gnu/cmake/Boost-1.74.0/BoostConfig.cmake (found version "1.74.0") found components: system filesystem date_time program_options thread chrono 
[3.199s] -- Found Boost: /usr/lib/x86_64-linux-gnu/cmake/Boost-1.74.0/BoostConfig.cmake (found version "1.74.0") found components: thread system filesystem regex date_time program_options 
[3.231s] -- Found Boost: /usr/lib/x86_64-linux-gnu/cmake/Boost-1.74.0/BoostConfig.cmake (found version "1.74.0") found components: system filesystem date_time program_options thread 
[3.333s] -- Configuring done
[3.386s] -- Generating done
[3.399s] -- Build files have been written to: /home/user/kuka_rl_ros2/src/build/lbr_moveit_cpp
[3.417s] Invoked command in '/home/user/kuka_rl_ros2/src/build/lbr_moveit_cpp' returned '0': CMAKE_PREFIX_PATH=${CMAKE_PREFIX_PATH}:/home/user/kuka_rl_ros2/install/lbr_demos_py:/home/user/kuka_rl_ros2/install/lbr_moveit:/home/user/kuka_rl_ros2/install/lbr_demos_advanced_py:/opt/ros/humble /usr/bin/cmake /home/user/kuka_rl_ros2/src/lbr-stack/lbr_fri_ros2_stack/lbr_demos/lbr_moveit_cpp -DCMAKE_INSTALL_PREFIX=/home/user/kuka_rl_ros2/src/install/lbr_moveit_cpp
[3.419s] Invoking command in '/home/user/kuka_rl_ros2/src/build/lbr_moveit_cpp': CMAKE_PREFIX_PATH=${CMAKE_PREFIX_PATH}:/home/user/kuka_rl_ros2/install/lbr_demos_py:/home/user/kuka_rl_ros2/install/lbr_moveit:/home/user/kuka_rl_ros2/install/lbr_demos_advanced_py:/opt/ros/humble /usr/bin/cmake --build /home/user/kuka_rl_ros2/src/build/lbr_moveit_cpp -- -j8 -l8
[3.474s] [ 50%] [32mBuilding CXX object CMakeFiles/hello_moveit.dir/src/hello_moveit.cpp.o[0m
[11.689s] [100%] [32m[1mLinking CXX executable hello_moveit[0m
[12.128s] [100%] Built target hello_moveit
[12.137s] Invoked command in '/home/user/kuka_rl_ros2/src/build/lbr_moveit_cpp' returned '0': CMAKE_PREFIX_PATH=${CMAKE_PREFIX_PATH}:/home/user/kuka_rl_ros2/install/lbr_demos_py:/home/user/kuka_rl_ros2/install/lbr_moveit:/home/user/kuka_rl_ros2/install/lbr_demos_advanced_py:/opt/ros/humble /usr/bin/cmake --build /home/user/kuka_rl_ros2/src/build/lbr_moveit_cpp -- -j8 -l8
[12.139s] Invoking command in '/home/user/kuka_rl_ros2/src/build/lbr_moveit_cpp': CMAKE_PREFIX_PATH=${CMAKE_PREFIX_PATH}:/home/user/kuka_rl_ros2/install/lbr_demos_py:/home/user/kuka_rl_ros2/install/lbr_moveit:/home/user/kuka_rl_ros2/install/lbr_demos_advanced_py:/opt/ros/humble /usr/bin/cmake --install /home/user/kuka_rl_ros2/src/build/lbr_moveit_cpp
[12.145s] -- Install configuration: "Release"
[12.145s] -- Installing: /home/user/kuka_rl_ros2/src/install/lbr_moveit_cpp/share/lbr_moveit_cpp/launch
[12.145s] -- Installing: /home/user/kuka_rl_ros2/src/install/lbr_moveit_cpp/share/lbr_moveit_cpp/launch/hello_moveit.launch.py
[12.145s] -- Installing: /home/user/kuka_rl_ros2/src/install/lbr_moveit_cpp/lib/lbr_moveit_cpp/hello_moveit
[12.146s] -- Set runtime path of "/home/user/kuka_rl_ros2/src/install/lbr_moveit_cpp/lib/lbr_moveit_cpp/hello_moveit" to ""
[12.146s] -- Installing: /home/user/kuka_rl_ros2/src/install/lbr_moveit_cpp/share/ament_index/resource_index/package_run_dependencies/lbr_moveit_cpp
[12.146s] -- Installing: /home/user/kuka_rl_ros2/src/install/lbr_moveit_cpp/share/ament_index/resource_index/parent_prefix_path/lbr_moveit_cpp
[12.146s] -- Installing: /home/user/kuka_rl_ros2/src/install/lbr_moveit_cpp/share/lbr_moveit_cpp/environment/ament_prefix_path.sh
[12.147s] -- Installing: /home/user/kuka_rl_ros2/src/install/lbr_moveit_cpp/share/lbr_moveit_cpp/environment/ament_prefix_path.dsv
[12.147s] -- Installing: /home/user/kuka_rl_ros2/src/install/lbr_moveit_cpp/share/lbr_moveit_cpp/environment/path.sh
[12.147s] -- Installing: /home/user/kuka_rl_ros2/src/install/lbr_moveit_cpp/share/lbr_moveit_cpp/environment/path.dsv
[12.147s] -- Installing: /home/user/kuka_rl_ros2/src/install/lbr_moveit_cpp/share/lbr_moveit_cpp/local_setup.bash
[12.147s] -- Installing: /home/user/kuka_rl_ros2/src/install/lbr_moveit_cpp/share/lbr_moveit_cpp/local_setup.sh
[12.147s] -- Installing: /home/user/kuka_rl_ros2/src/install/lbr_moveit_cpp/share/lbr_moveit_cpp/local_setup.zsh
[12.147s] -- Installing: /home/user/kuka_rl_ros2/src/install/lbr_moveit_cpp/share/lbr_moveit_cpp/local_setup.dsv
[12.147s] -- Installing: /home/user/kuka_rl_ros2/src/install/lbr_moveit_cpp/share/lbr_moveit_cpp/package.dsv
[12.148s] -- Installing: /home/user/kuka_rl_ros2/src/install/lbr_moveit_cpp/share/ament_index/resource_index/packages/lbr_moveit_cpp
[12.148s] -- Installing: /home/user/kuka_rl_ros2/src/install/lbr_moveit_cpp/share/lbr_moveit_cpp/cmake/lbr_moveit_cppConfig.cmake
[12.148s] -- Installing: /home/user/kuka_rl_ros2/src/install/lbr_moveit_cpp/share/lbr_moveit_cpp/cmake/lbr_moveit_cppConfig-version.cmake
[12.148s] -- Installing: /home/user/kuka_rl_ros2/src/install/lbr_moveit_cpp/share/lbr_moveit_cpp/package.xml
[12.150s] Invoked command in '/home/user/kuka_rl_ros2/src/build/lbr_moveit_cpp' returned '0': CMAKE_PREFIX_PATH=${CMAKE_PREFIX_PATH}:/home/user/kuka_rl_ros2/install/lbr_demos_py:/home/user/kuka_rl_ros2/install/lbr_moveit:/home/user/kuka_rl_ros2/install/lbr_demos_advanced_py:/opt/ros/humble /usr/bin/cmake --install /home/user/kuka_rl_ros2/src/build/lbr_moveit_cpp
