[0.851s] Invoking command in '/home/user/kuka_rl_ros2/src/lbr-stack/lbr_fri_ros2_stack/lbr_demos/lbr_moveit': PYTHONPATH=/home/user/kuka_rl_ros2/src/build/lbr_moveit/prefix_override:/usr/lib/python3/dist-packages/colcon_core/task/python/colcon_distutils_commands:/home/user/kuka_rl_ros2/src/install/lbr_moveit/lib/python3.10/site-packages:${PYTHONPATH} /usr/bin/python3 -W ignore:setup.py install is deprecated -W ignore:easy_install command is deprecated setup.py egg_info --egg-base ../../../../build/lbr_moveit build --build-base /home/user/kuka_rl_ros2/src/build/lbr_moveit/build install --record /home/user/kuka_rl_ros2/src/build/lbr_moveit/install.log --single-version-externally-managed install_data
[1.155s] running egg_info
[1.155s] writing ../../../../build/lbr_moveit/lbr_moveit.egg-info/PKG-INFO
[1.155s] writing dependency_links to ../../../../build/lbr_moveit/lbr_moveit.egg-info/dependency_links.txt
[1.155s] writing entry points to ../../../../build/lbr_moveit/lbr_moveit.egg-info/entry_points.txt
[1.155s] writing requirements to ../../../../build/lbr_moveit/lbr_moveit.egg-info/requires.txt
[1.155s] writing top-level names to ../../../../build/lbr_moveit/lbr_moveit.egg-info/top_level.txt
[1.167s] reading manifest file '../../../../build/lbr_moveit/lbr_moveit.egg-info/SOURCES.txt'
[1.167s] writing manifest file '../../../../build/lbr_moveit/lbr_moveit.egg-info/SOURCES.txt'
[1.167s] running build
[1.167s] running build_py
[1.167s] running install
[1.167s] running install_lib
[1.173s] running install_data
[1.173s] running install_egg_info
[1.176s] removing '/home/user/kuka_rl_ros2/src/install/lbr_moveit/lib/python3.10/site-packages/lbr_moveit-2.2.1-py3.10.egg-info' (and everything under it)
[1.176s] Copying ../../../../build/lbr_moveit/lbr_moveit.egg-info to /home/user/kuka_rl_ros2/src/install/lbr_moveit/lib/python3.10/site-packages/lbr_moveit-2.2.1-py3.10.egg-info
[1.177s] running install_scripts
[1.223s] Installing forward_keyboard script to /home/user/kuka_rl_ros2/src/install/lbr_moveit/lib/lbr_moveit
[1.225s] writing list of installed files to '/home/user/kuka_rl_ros2/src/build/lbr_moveit/install.log'
[1.260s] Invoked command in '/home/user/kuka_rl_ros2/src/lbr-stack/lbr_fri_ros2_stack/lbr_demos/lbr_moveit' returned '0': PYTHONPATH=/home/user/kuka_rl_ros2/src/build/lbr_moveit/prefix_override:/usr/lib/python3/dist-packages/colcon_core/task/python/colcon_distutils_commands:/home/user/kuka_rl_ros2/src/install/lbr_moveit/lib/python3.10/site-packages:${PYTHONPATH} /usr/bin/python3 -W ignore:setup.py install is deprecated -W ignore:easy_install command is deprecated setup.py egg_info --egg-base ../../../../build/lbr_moveit build --build-base /home/user/kuka_rl_ros2/src/build/lbr_moveit/build install --record /home/user/kuka_rl_ros2/src/build/lbr_moveit/install.log --single-version-externally-managed install_data
