[0.048s] Invoking command in '/home/user/kuka_rl_ros2/src/build/lbr_description': CMAKE_PREFIX_PATH=${CMAKE_PREFIX_PATH}:/home/user/kuka_rl_ros2/src/install/lbr_demos_py:/home/user/kuka_rl_ros2/src/install/lbr_moveit:/home/user/kuka_rl_ros2/src/install/lbr_demos_advanced_py:/home/user/kuka_rl_ros2/install/lbr_demos_py:/home/user/kuka_rl_ros2/install/lbr_moveit:/home/user/kuka_rl_ros2/install/lbr_demos_advanced_py:/opt/ros/humble /usr/bin/cmake --build /home/user/kuka_rl_ros2/src/build/lbr_description -- -j8 -l8
[0.310s] Invoked command in '/home/user/kuka_rl_ros2/src/build/lbr_description' returned '0': CMAKE_PREFIX_PATH=${CMAKE_PREFIX_PATH}:/home/user/kuka_rl_ros2/src/install/lbr_demos_py:/home/user/kuka_rl_ros2/src/install/lbr_moveit:/home/user/kuka_rl_ros2/src/install/lbr_demos_advanced_py:/home/user/kuka_rl_ros2/install/lbr_demos_py:/home/user/kuka_rl_ros2/install/lbr_moveit:/home/user/kuka_rl_ros2/install/lbr_demos_advanced_py:/opt/ros/humble /usr/bin/cmake --build /home/user/kuka_rl_ros2/src/build/lbr_description -- -j8 -l8
[0.319s] Invoking command in '/home/user/kuka_rl_ros2/src/build/lbr_description': CMAKE_PREFIX_PATH=${CMAKE_PREFIX_PATH}:/home/user/kuka_rl_ros2/src/install/lbr_demos_py:/home/user/kuka_rl_ros2/src/install/lbr_moveit:/home/user/kuka_rl_ros2/src/install/lbr_demos_advanced_py:/home/user/kuka_rl_ros2/install/lbr_demos_py:/home/user/kuka_rl_ros2/install/lbr_moveit:/home/user/kuka_rl_ros2/install/lbr_demos_advanced_py:/opt/ros/humble /usr/bin/cmake --install /home/user/kuka_rl_ros2/src/build/lbr_description
[0.334s] -- Install configuration: ""
[0.335s] -- Up-to-date: /home/user/kuka_rl_ros2/src/install/lbr_description/share/lbr_description/gazebo
[0.335s] -- Up-to-date: /home/user/kuka_rl_ros2/src/install/lbr_description/share/lbr_description/gazebo/lbr_gazebo.xacro
[0.336s] -- Up-to-date: /home/user/kuka_rl_ros2/src/install/lbr_description/share/lbr_description/meshes
[0.336s] -- Up-to-date: /home/user/kuka_rl_ros2/src/install/lbr_description/share/lbr_description/meshes/iiwa7
[0.337s] -- Up-to-date: /home/user/kuka_rl_ros2/src/install/lbr_description/share/lbr_description/meshes/iiwa7/visual
[0.337s] -- Up-to-date: /home/user/kuka_rl_ros2/src/install/lbr_description/share/lbr_description/meshes/iiwa7/visual/link_0.dae
[0.337s] -- Up-to-date: /home/user/kuka_rl_ros2/src/install/lbr_description/share/lbr_description/meshes/iiwa7/visual/link_2.dae
[0.337s] -- Up-to-date: /home/user/kuka_rl_ros2/src/install/lbr_description/share/lbr_description/meshes/iiwa7/visual/link_3.dae
[0.337s] -- Up-to-date: /home/user/kuka_rl_ros2/src/install/lbr_description/share/lbr_description/meshes/iiwa7/visual/link_7.dae
[0.338s] -- Up-to-date: /home/user/kuka_rl_ros2/src/install/lbr_description/share/lbr_description/meshes/iiwa7/visual/link_1.dae
[0.338s] -- Up-to-date: /home/user/kuka_rl_ros2/src/install/lbr_description/share/lbr_description/meshes/iiwa7/visual/link_6.dae
[0.338s] -- Up-to-date: /home/user/kuka_rl_ros2/src/install/lbr_description/share/lbr_description/meshes/iiwa7/visual/link_4.dae
[0.339s] -- Up-to-date: /home/user/kuka_rl_ros2/src/install/lbr_description/share/lbr_description/meshes/iiwa7/visual/link_5.dae
[0.339s] -- Up-to-date: /home/user/kuka_rl_ros2/src/install/lbr_description/share/lbr_description/meshes/iiwa7/collision
[0.339s] -- Up-to-date: /home/user/kuka_rl_ros2/src/install/lbr_description/share/lbr_description/meshes/iiwa7/collision/link_1.stl
[0.339s] -- Up-to-date: /home/user/kuka_rl_ros2/src/install/lbr_description/share/lbr_description/meshes/iiwa7/collision/link_4.stl
[0.339s] -- Up-to-date: /home/user/kuka_rl_ros2/src/install/lbr_description/share/lbr_description/meshes/iiwa7/collision/link_3.stl
[0.339s] -- Up-to-date: /home/user/kuka_rl_ros2/src/install/lbr_description/share/lbr_description/meshes/iiwa7/collision/link_7.stl
[0.340s] -- Up-to-date: /home/user/kuka_rl_ros2/src/install/lbr_description/share/lbr_description/meshes/iiwa7/collision/link_0.stl
[0.340s] -- Up-to-date: /home/user/kuka_rl_ros2/src/install/lbr_description/share/lbr_description/meshes/iiwa7/collision/link_6.stl
[0.340s] -- Up-to-date: /home/user/kuka_rl_ros2/src/install/lbr_description/share/lbr_description/meshes/iiwa7/collision/link_2.stl
[0.340s] -- Up-to-date: /home/user/kuka_rl_ros2/src/install/lbr_description/share/lbr_description/meshes/iiwa7/collision/link_5.stl
[0.340s] -- Up-to-date: /home/user/kuka_rl_ros2/src/install/lbr_description/share/lbr_description/meshes/iiwa14
[0.340s] -- Up-to-date: /home/user/kuka_rl_ros2/src/install/lbr_description/share/lbr_description/meshes/iiwa14/visual
[0.341s] -- Up-to-date: /home/user/kuka_rl_ros2/src/install/lbr_description/share/lbr_description/meshes/iiwa14/visual/link_0.dae
[0.341s] -- Up-to-date: /home/user/kuka_rl_ros2/src/install/lbr_description/share/lbr_description/meshes/iiwa14/visual/link_2.dae
[0.341s] -- Up-to-date: /home/user/kuka_rl_ros2/src/install/lbr_description/share/lbr_description/meshes/iiwa14/visual/link_3.dae
[0.341s] -- Up-to-date: /home/user/kuka_rl_ros2/src/install/lbr_description/share/lbr_description/meshes/iiwa14/visual/link_7.dae
[0.341s] -- Up-to-date: /home/user/kuka_rl_ros2/src/install/lbr_description/share/lbr_description/meshes/iiwa14/visual/link_1.dae
[0.341s] -- Up-to-date: /home/user/kuka_rl_ros2/src/install/lbr_description/share/lbr_description/meshes/iiwa14/visual/link_6.dae
[0.341s] -- Up-to-date: /home/user/kuka_rl_ros2/src/install/lbr_description/share/lbr_description/meshes/iiwa14/visual/link_4.dae
[0.342s] -- Up-to-date: /home/user/kuka_rl_ros2/src/install/lbr_description/share/lbr_description/meshes/iiwa14/visual/link_5.dae
[0.342s] -- Up-to-date: /home/user/kuka_rl_ros2/src/install/lbr_description/share/lbr_description/meshes/iiwa14/collision
[0.342s] -- Up-to-date: /home/user/kuka_rl_ros2/src/install/lbr_description/share/lbr_description/meshes/iiwa14/collision/link_1.stl
[0.342s] -- Up-to-date: /home/user/kuka_rl_ros2/src/install/lbr_description/share/lbr_description/meshes/iiwa14/collision/link_4.stl
[0.342s] -- Up-to-date: /home/user/kuka_rl_ros2/src/install/lbr_description/share/lbr_description/meshes/iiwa14/collision/link_3.stl
[0.343s] -- Up-to-date: /home/user/kuka_rl_ros2/src/install/lbr_description/share/lbr_description/meshes/iiwa14/collision/link_7.stl
[0.343s] -- Up-to-date: /home/user/kuka_rl_ros2/src/install/lbr_description/share/lbr_description/meshes/iiwa14/collision/link_0.stl
[0.343s] -- Up-to-date: /home/user/kuka_rl_ros2/src/install/lbr_description/share/lbr_description/meshes/iiwa14/collision/link_6.stl
[0.343s] -- Up-to-date: /home/user/kuka_rl_ros2/src/install/lbr_description/share/lbr_description/meshes/iiwa14/collision/link_2.stl
[0.343s] -- Up-to-date: /home/user/kuka_rl_ros2/src/install/lbr_description/share/lbr_description/meshes/iiwa14/collision/link_5.stl
[0.343s] -- Up-to-date: /home/user/kuka_rl_ros2/src/install/lbr_description/share/lbr_description/meshes/med14
[0.343s] -- Up-to-date: /home/user/kuka_rl_ros2/src/install/lbr_description/share/lbr_description/meshes/med14/visual
[0.343s] -- Up-to-date: /home/user/kuka_rl_ros2/src/install/lbr_description/share/lbr_description/meshes/med14/visual/link_0.dae
[0.344s] -- Up-to-date: /home/user/kuka_rl_ros2/src/install/lbr_description/share/lbr_description/meshes/med14/visual/link_2.dae
[0.344s] -- Up-to-date: /home/user/kuka_rl_ros2/src/install/lbr_description/share/lbr_description/meshes/med14/visual/link_3.dae
[0.345s] -- Up-to-date: /home/user/kuka_rl_ros2/src/install/lbr_description/share/lbr_description/meshes/med14/visual/link_7.dae
[0.345s] -- Up-to-date: /home/user/kuka_rl_ros2/src/install/lbr_description/share/lbr_description/meshes/med14/visual/link_1.dae
[0.345s] -- Up-to-date: /home/user/kuka_rl_ros2/src/install/lbr_description/share/lbr_description/meshes/med14/visual/link_6.dae
[0.345s] -- Up-to-date: /home/user/kuka_rl_ros2/src/install/lbr_description/share/lbr_description/meshes/med14/visual/link_4.dae
[0.346s] -- Up-to-date: /home/user/kuka_rl_ros2/src/install/lbr_description/share/lbr_description/meshes/med14/visual/link_5.dae
[0.346s] -- Up-to-date: /home/user/kuka_rl_ros2/src/install/lbr_description/share/lbr_description/meshes/med14/collision
[0.346s] -- Up-to-date: /home/user/kuka_rl_ros2/src/install/lbr_description/share/lbr_description/meshes/med14/collision/link_1.stl
[0.346s] -- Up-to-date: /home/user/kuka_rl_ros2/src/install/lbr_description/share/lbr_description/meshes/med14/collision/link_4.stl
[0.346s] -- Up-to-date: /home/user/kuka_rl_ros2/src/install/lbr_description/share/lbr_description/meshes/med14/collision/link_3.stl
[0.347s] -- Up-to-date: /home/user/kuka_rl_ros2/src/install/lbr_description/share/lbr_description/meshes/med14/collision/link_7.stl
[0.347s] -- Up-to-date: /home/user/kuka_rl_ros2/src/install/lbr_description/share/lbr_description/meshes/med14/collision/link_0.stl
[0.347s] -- Up-to-date: /home/user/kuka_rl_ros2/src/install/lbr_description/share/lbr_description/meshes/med14/collision/link_6.stl
[0.347s] -- Up-to-date: /home/user/kuka_rl_ros2/src/install/lbr_description/share/lbr_description/meshes/med14/collision/link_2.stl
[0.348s] -- Up-to-date: /home/user/kuka_rl_ros2/src/install/lbr_description/share/lbr_description/meshes/med14/collision/link_5.stl
[0.348s] -- Up-to-date: /home/user/kuka_rl_ros2/src/install/lbr_description/share/lbr_description/meshes/med7
[0.348s] -- Up-to-date: /home/user/kuka_rl_ros2/src/install/lbr_description/share/lbr_description/meshes/med7/visual
[0.348s] -- Up-to-date: /home/user/kuka_rl_ros2/src/install/lbr_description/share/lbr_description/meshes/med7/visual/link_0.dae
[0.348s] -- Up-to-date: /home/user/kuka_rl_ros2/src/install/lbr_description/share/lbr_description/meshes/med7/visual/link_2.dae
[0.349s] -- Up-to-date: /home/user/kuka_rl_ros2/src/install/lbr_description/share/lbr_description/meshes/med7/visual/link_3.dae
[0.349s] -- Up-to-date: /home/user/kuka_rl_ros2/src/install/lbr_description/share/lbr_description/meshes/med7/visual/link_7.dae
[0.349s] -- Up-to-date: /home/user/kuka_rl_ros2/src/install/lbr_description/share/lbr_description/meshes/med7/visual/link_1.dae
[0.349s] -- Up-to-date: /home/user/kuka_rl_ros2/src/install/lbr_description/share/lbr_description/meshes/med7/visual/link_6.dae
[0.350s] -- Up-to-date: /home/user/kuka_rl_ros2/src/install/lbr_description/share/lbr_description/meshes/med7/visual/link_4.dae
[0.350s] -- Up-to-date: /home/user/kuka_rl_ros2/src/install/lbr_description/share/lbr_description/meshes/med7/visual/link_5.dae
[0.353s] -- Up-to-date: /home/user/kuka_rl_ros2/src/install/lbr_description/share/lbr_description/meshes/med7/collision
[0.353s] -- Up-to-date: /home/user/kuka_rl_ros2/src/install/lbr_description/share/lbr_description/meshes/med7/collision/link_1.stl
[0.353s] -- Up-to-date: /home/user/kuka_rl_ros2/src/install/lbr_description/share/lbr_description/meshes/med7/collision/link_4.stl
[0.353s] -- Up-to-date: /home/user/kuka_rl_ros2/src/install/lbr_description/share/lbr_description/meshes/med7/collision/link_3.stl
[0.353s] -- Up-to-date: /home/user/kuka_rl_ros2/src/install/lbr_description/share/lbr_description/meshes/med7/collision/link_7.stl
[0.354s] -- Up-to-date: /home/user/kuka_rl_ros2/src/install/lbr_description/share/lbr_description/meshes/med7/collision/link_0.stl
[0.354s] -- Up-to-date: /home/user/kuka_rl_ros2/src/install/lbr_description/share/lbr_description/meshes/med7/collision/link_6.stl
[0.354s] -- Up-to-date: /home/user/kuka_rl_ros2/src/install/lbr_description/share/lbr_description/meshes/med7/collision/link_2.stl
[0.354s] -- Up-to-date: /home/user/kuka_rl_ros2/src/install/lbr_description/share/lbr_description/meshes/med7/collision/link_5.stl
[0.354s] -- Up-to-date: /home/user/kuka_rl_ros2/src/install/lbr_description/share/lbr_description/ros2_control
[0.354s] -- Up-to-date: /home/user/kuka_rl_ros2/src/install/lbr_description/share/lbr_description/ros2_control/lbr_controllers.yaml
[0.354s] -- Up-to-date: /home/user/kuka_rl_ros2/src/install/lbr_description/share/lbr_description/ros2_control/lbr_system_interface.xacro
[0.355s] -- Installing: /home/user/kuka_rl_ros2/src/install/lbr_description/share/lbr_description/ros2_control/lbr_system_config.yaml
[0.355s] -- Up-to-date: /home/user/kuka_rl_ros2/src/install/lbr_description/share/lbr_description/urdf
[0.355s] -- Up-to-date: /home/user/kuka_rl_ros2/src/install/lbr_description/share/lbr_description/urdf/iiwa7
[0.355s] -- Up-to-date: /home/user/kuka_rl_ros2/src/install/lbr_description/share/lbr_description/urdf/iiwa7/iiwa7_description.xacro
[0.356s] -- Up-to-date: /home/user/kuka_rl_ros2/src/install/lbr_description/share/lbr_description/urdf/iiwa7/iiwa7.xacro
[0.356s] -- Up-to-date: /home/user/kuka_rl_ros2/src/install/lbr_description/share/lbr_description/urdf/iiwa7/joint_limits.yaml
[0.356s] -- Up-to-date: /home/user/kuka_rl_ros2/src/install/lbr_description/share/lbr_description/urdf/iiwa14
[0.356s] -- Up-to-date: /home/user/kuka_rl_ros2/src/install/lbr_description/share/lbr_description/urdf/iiwa14/iiwa14_description.xacro
[0.356s] -- Up-to-date: /home/user/kuka_rl_ros2/src/install/lbr_description/share/lbr_description/urdf/iiwa14/joint_limits.yaml
[0.357s] -- Up-to-date: /home/user/kuka_rl_ros2/src/install/lbr_description/share/lbr_description/urdf/iiwa14/iiwa14.xacro
[0.357s] -- Up-to-date: /home/user/kuka_rl_ros2/src/install/lbr_description/share/lbr_description/urdf/med14
[0.357s] -- Up-to-date: /home/user/kuka_rl_ros2/src/install/lbr_description/share/lbr_description/urdf/med14/joint_limits.yaml
[0.357s] -- Up-to-date: /home/user/kuka_rl_ros2/src/install/lbr_description/share/lbr_description/urdf/med14/med14_description.xacro
[0.358s] -- Up-to-date: /home/user/kuka_rl_ros2/src/install/lbr_description/share/lbr_description/urdf/med14/med14.xacro
[0.358s] -- Up-to-date: /home/user/kuka_rl_ros2/src/install/lbr_description/share/lbr_description/urdf/med7
[0.358s] -- Up-to-date: /home/user/kuka_rl_ros2/src/install/lbr_description/share/lbr_description/urdf/med7/med7_description.xacro
[0.359s] -- Up-to-date: /home/user/kuka_rl_ros2/src/install/lbr_description/share/lbr_description/urdf/med7/joint_limits.yaml
[0.359s] -- Up-to-date: /home/user/kuka_rl_ros2/src/install/lbr_description/share/lbr_description/urdf/med7/med7.xacro
[0.359s] -- Up-to-date: /home/user/kuka_rl_ros2/src/install/lbr_description/share/lbr_description/environment/lbr_description.dsv
[0.359s] -- Up-to-date: /home/user/kuka_rl_ros2/src/install/lbr_description/share/ament_index/resource_index/package_run_dependencies/lbr_description
[0.360s] -- Up-to-date: /home/user/kuka_rl_ros2/src/install/lbr_description/share/ament_index/resource_index/parent_prefix_path/lbr_description
[0.360s] -- Up-to-date: /home/user/kuka_rl_ros2/src/install/lbr_description/share/lbr_description/environment/ament_prefix_path.sh
[0.360s] -- Up-to-date: /home/user/kuka_rl_ros2/src/install/lbr_description/share/lbr_description/environment/ament_prefix_path.dsv
[0.361s] -- Up-to-date: /home/user/kuka_rl_ros2/src/install/lbr_description/share/lbr_description/environment/path.sh
[0.361s] -- Up-to-date: /home/user/kuka_rl_ros2/src/install/lbr_description/share/lbr_description/environment/path.dsv
[0.361s] -- Up-to-date: /home/user/kuka_rl_ros2/src/install/lbr_description/share/lbr_description/local_setup.bash
[0.362s] -- Up-to-date: /home/user/kuka_rl_ros2/src/install/lbr_description/share/lbr_description/local_setup.sh
[0.362s] -- Up-to-date: /home/user/kuka_rl_ros2/src/install/lbr_description/share/lbr_description/local_setup.zsh
[0.362s] -- Up-to-date: /home/user/kuka_rl_ros2/src/install/lbr_description/share/lbr_description/local_setup.dsv
[0.362s] -- Installing: /home/user/kuka_rl_ros2/src/install/lbr_description/share/lbr_description/package.dsv
[0.362s] -- Up-to-date: /home/user/kuka_rl_ros2/src/install/lbr_description/share/ament_index/resource_index/packages/lbr_description
[0.363s] -- Up-to-date: /home/user/kuka_rl_ros2/src/install/lbr_description/share/lbr_description/cmake/lbr_descriptionConfig.cmake
[0.363s] -- Up-to-date: /home/user/kuka_rl_ros2/src/install/lbr_description/share/lbr_description/cmake/lbr_descriptionConfig-version.cmake
[0.363s] -- Up-to-date: /home/user/kuka_rl_ros2/src/install/lbr_description/share/lbr_description/package.xml
[0.374s] Invoked command in '/home/user/kuka_rl_ros2/src/build/lbr_description' returned '0': CMAKE_PREFIX_PATH=${CMAKE_PREFIX_PATH}:/home/user/kuka_rl_ros2/src/install/lbr_demos_py:/home/user/kuka_rl_ros2/src/install/lbr_moveit:/home/user/kuka_rl_ros2/src/install/lbr_demos_advanced_py:/home/user/kuka_rl_ros2/install/lbr_demos_py:/home/user/kuka_rl_ros2/install/lbr_moveit:/home/user/kuka_rl_ros2/install/lbr_demos_advanced_py:/opt/ros/humble /usr/bin/cmake --install /home/user/kuka_rl_ros2/src/build/lbr_description
