[0.095s] DEBUG:colcon:Command line arguments: ['/usr/bin/colcon', 'build']
[0.095s] DEBUG:colcon:Parsed command line arguments: Namespace(log_base=None, log_level=None, verb_name='build', build_base='build', install_base='install', merge_install=False, symlink_install=False, test_result_base=None, continue_on_error=False, executor='parallel', parallel_workers=8, event_handlers=None, ignore_user_meta=False, metas=['./colcon.meta'], base_paths=['.'], packages_ignore=None, packages_ignore_regex=None, paths=None, packages_up_to=None, packages_up_to_regex=None, packages_above=None, packages_above_and_dependencies=None, packages_above_depth=None, packages_select_by_dep=None, packages_skip_by_dep=None, packages_skip_up_to=None, packages_select_build_failed=False, packages_skip_build_finished=False, packages_select_test_failures=False, packages_skip_test_passed=False, packages_select=None, packages_skip=None, packages_select_regex=None, packages_skip_regex=None, packages_start=None, packages_end=None, cmake_args=None, cmake_target=None, cmake_target_skip_unavailable=False, cmake_clean_cache=False, cmake_clean_first=False, cmake_force_configure=False, ament_cmake_args=None, catkin_cmake_args=None, catkin_skip_building_tests=False, mixin_files=None, mixin=None, verb_parser=<colcon_mixin.mixin.mixin_argument.MixinArgumentDecorator object at 0x7f3c1a50dae0>, verb_extension=<colcon_core.verb.build.BuildVerb object at 0x7f3c1a50d4e0>, main=<bound method BuildVerb.main of <colcon_core.verb.build.BuildVerb object at 0x7f3c1a50d4e0>>, mixin_verb=('build',))
[0.240s] Level 1:colcon.colcon_core.package_discovery:discover_packages(colcon_meta) check parameters
[0.240s] Level 1:colcon.colcon_core.package_discovery:discover_packages(recursive) check parameters
[0.240s] Level 1:colcon.colcon_core.package_discovery:discover_packages(ignore) check parameters
[0.240s] Level 1:colcon.colcon_core.package_discovery:discover_packages(path) check parameters
[0.240s] Level 1:colcon.colcon_core.package_discovery:discover_packages(colcon_meta) discover
[0.240s] Level 1:colcon.colcon_core.package_discovery:discover_packages(recursive) discover
[0.240s] INFO:colcon.colcon_core.package_discovery:Crawling recursively for packages in '/home/user/kuka_rl_ros2/src/catch_and_throw'
[0.240s] Level 1:colcon.colcon_core.package_identification:_identify(.) by extensions ['ignore', 'ignore_ament_install']
[0.240s] Level 1:colcon.colcon_core.package_identification:_identify(.) by extension 'ignore'
[0.240s] Level 1:colcon.colcon_core.package_identification:_identify(.) by extension 'ignore_ament_install'
[0.240s] Level 1:colcon.colcon_core.package_identification:_identify(.) by extensions ['colcon_pkg']
[0.240s] Level 1:colcon.colcon_core.package_identification:_identify(.) by extension 'colcon_pkg'
[0.240s] Level 1:colcon.colcon_core.package_identification:_identify(.) by extensions ['colcon_meta']
[0.240s] Level 1:colcon.colcon_core.package_identification:_identify(.) by extension 'colcon_meta'
[0.240s] Level 1:colcon.colcon_core.package_identification:_identify(.) by extensions ['ros']
[0.241s] Level 1:colcon.colcon_core.package_identification:_identify(.) by extension 'ros'
[0.253s] DEBUG:colcon.colcon_core.package_identification:Package '.' with type 'ros.ament_cmake' and name 'catch_and_throw'
[0.253s] Level 1:colcon.colcon_core.package_discovery:discover_packages(recursive) using defaults
[0.253s] Level 1:colcon.colcon_core.package_discovery:discover_packages(ignore) discover
[0.253s] Level 1:colcon.colcon_core.package_discovery:discover_packages(ignore) using defaults
[0.253s] Level 1:colcon.colcon_core.package_discovery:discover_packages(path) discover
[0.253s] Level 1:colcon.colcon_core.package_discovery:discover_packages(path) using defaults
[0.270s] Level 5:colcon.colcon_core.verb:set package 'catch_and_throw' build argument 'cmake_args' from command line to 'None'
[0.270s] Level 5:colcon.colcon_core.verb:set package 'catch_and_throw' build argument 'cmake_target' from command line to 'None'
[0.270s] Level 5:colcon.colcon_core.verb:set package 'catch_and_throw' build argument 'cmake_target_skip_unavailable' from command line to 'False'
[0.270s] Level 5:colcon.colcon_core.verb:set package 'catch_and_throw' build argument 'cmake_clean_cache' from command line to 'False'
[0.270s] Level 5:colcon.colcon_core.verb:set package 'catch_and_throw' build argument 'cmake_clean_first' from command line to 'False'
[0.270s] Level 5:colcon.colcon_core.verb:set package 'catch_and_throw' build argument 'cmake_force_configure' from command line to 'False'
[0.270s] Level 5:colcon.colcon_core.verb:set package 'catch_and_throw' build argument 'ament_cmake_args' from command line to 'None'
[0.270s] Level 5:colcon.colcon_core.verb:set package 'catch_and_throw' build argument 'catkin_cmake_args' from command line to 'None'
[0.270s] Level 5:colcon.colcon_core.verb:set package 'catch_and_throw' build argument 'catkin_skip_building_tests' from command line to 'False'
[0.270s] DEBUG:colcon.colcon_core.verb:Building package 'catch_and_throw' with the following arguments: {'ament_cmake_args': None, 'build_base': '/home/user/kuka_rl_ros2/src/catch_and_throw/build/catch_and_throw', 'catkin_cmake_args': None, 'catkin_skip_building_tests': False, 'cmake_args': None, 'cmake_clean_cache': False, 'cmake_clean_first': False, 'cmake_force_configure': False, 'cmake_target': None, 'cmake_target_skip_unavailable': False, 'install_base': '/home/user/kuka_rl_ros2/src/catch_and_throw/install/catch_and_throw', 'merge_install': False, 'path': '/home/user/kuka_rl_ros2/src/catch_and_throw', 'symlink_install': False, 'test_result_base': None}
[0.270s] INFO:colcon.colcon_core.executor:Executing jobs using 'parallel' executor
[0.272s] DEBUG:colcon.colcon_parallel_executor.executor.parallel:run_until_complete
[0.272s] INFO:colcon.colcon_ros.task.ament_cmake.build:Building ROS package in '/home/user/kuka_rl_ros2/src/catch_and_throw' with build type 'ament_cmake'
[0.272s] INFO:colcon.colcon_cmake.task.cmake.build:Building CMake package in '/home/user/kuka_rl_ros2/src/catch_and_throw'
[0.274s] INFO:colcon.colcon_core.plugin_system:Skipping extension 'colcon_core.shell.bat': Not used on non-Windows systems
[0.275s] INFO:colcon.colcon_core.shell:Skip shell extension 'powershell' for command environment: Not usable outside of PowerShell
[0.275s] DEBUG:colcon.colcon_core.shell:Skip shell extension 'dsv' for command environment
[0.287s] DEBUG:colcon.colcon_core.event_handler.log_command:Invoking command in '/home/user/kuka_rl_ros2/src/catch_and_throw/build/catch_and_throw': CMAKE_PREFIX_PATH=${CMAKE_PREFIX_PATH}:/home/user/kuka_rl_ros2/install/optitrack_listener:/home/user/kuka_rl_ros2/install/lbr_demos_py:/home/user/kuka_rl_ros2/install/lbr_moveit:/home/user/kuka_rl_ros2/install/lbr_demos_advanced_py:/opt/ros/humble /usr/bin/cmake --build /home/user/kuka_rl_ros2/src/catch_and_throw/build/catch_and_throw -- -j8 -l8
[25.649s] DEBUG:colcon.colcon_core.event_handler.log_command:Invoked command in '/home/user/kuka_rl_ros2/src/catch_and_throw/build/catch_and_throw' returned '0': CMAKE_PREFIX_PATH=${CMAKE_PREFIX_PATH}:/home/user/kuka_rl_ros2/install/optitrack_listener:/home/user/kuka_rl_ros2/install/lbr_demos_py:/home/user/kuka_rl_ros2/install/lbr_moveit:/home/user/kuka_rl_ros2/install/lbr_demos_advanced_py:/opt/ros/humble /usr/bin/cmake --build /home/user/kuka_rl_ros2/src/catch_and_throw/build/catch_and_throw -- -j8 -l8
[25.658s] DEBUG:colcon.colcon_core.event_handler.log_command:Invoking command in '/home/user/kuka_rl_ros2/src/catch_and_throw/build/catch_and_throw': CMAKE_PREFIX_PATH=${CMAKE_PREFIX_PATH}:/home/user/kuka_rl_ros2/install/optitrack_listener:/home/user/kuka_rl_ros2/install/lbr_demos_py:/home/user/kuka_rl_ros2/install/lbr_moveit:/home/user/kuka_rl_ros2/install/lbr_demos_advanced_py:/opt/ros/humble /usr/bin/cmake --install /home/user/kuka_rl_ros2/src/catch_and_throw/build/catch_and_throw
[25.676s] Level 1:colcon.colcon_core.environment:create_environment_scripts_only(catch_and_throw)
[25.676s] DEBUG:colcon.colcon_core.event_handler.log_command:Invoked command in '/home/user/kuka_rl_ros2/src/catch_and_throw/build/catch_and_throw' returned '0': CMAKE_PREFIX_PATH=${CMAKE_PREFIX_PATH}:/home/user/kuka_rl_ros2/install/optitrack_listener:/home/user/kuka_rl_ros2/install/lbr_demos_py:/home/user/kuka_rl_ros2/install/lbr_moveit:/home/user/kuka_rl_ros2/install/lbr_demos_advanced_py:/opt/ros/humble /usr/bin/cmake --install /home/user/kuka_rl_ros2/src/catch_and_throw/build/catch_and_throw
[25.678s] Level 1:colcon.colcon_core.environment:checking '/home/user/kuka_rl_ros2/src/catch_and_throw/install/catch_and_throw' for CMake module files
[25.678s] Level 1:colcon.colcon_core.environment:checking '/home/user/kuka_rl_ros2/src/catch_and_throw/install/catch_and_throw' for CMake config files
[25.678s] Level 1:colcon.colcon_core.shell:create_environment_hook('catch_and_throw', 'cmake_prefix_path')
[25.679s] INFO:colcon.colcon_core.shell:Creating environment hook '/home/user/kuka_rl_ros2/src/catch_and_throw/install/catch_and_throw/share/catch_and_throw/hook/cmake_prefix_path.ps1'
[25.679s] INFO:colcon.colcon_core.shell:Creating environment descriptor '/home/user/kuka_rl_ros2/src/catch_and_throw/install/catch_and_throw/share/catch_and_throw/hook/cmake_prefix_path.dsv'
[25.679s] INFO:colcon.colcon_core.shell:Creating environment hook '/home/user/kuka_rl_ros2/src/catch_and_throw/install/catch_and_throw/share/catch_and_throw/hook/cmake_prefix_path.sh'
[25.688s] Level 1:colcon.colcon_core.environment:checking '/home/user/kuka_rl_ros2/src/catch_and_throw/install/catch_and_throw/lib'
[25.688s] Level 1:colcon.colcon_core.environment:checking '/home/user/kuka_rl_ros2/src/catch_and_throw/install/catch_and_throw/bin'
[25.689s] Level 1:colcon.colcon_core.environment:checking '/home/user/kuka_rl_ros2/src/catch_and_throw/install/catch_and_throw/lib/pkgconfig/catch_and_throw.pc'
[25.690s] Level 1:colcon.colcon_core.environment:checking '/home/user/kuka_rl_ros2/src/catch_and_throw/install/catch_and_throw/lib/python3.10/site-packages'
[25.690s] Level 1:colcon.colcon_core.environment:checking '/home/user/kuka_rl_ros2/src/catch_and_throw/install/catch_and_throw/bin'
[25.690s] INFO:colcon.colcon_core.shell:Creating package script '/home/user/kuka_rl_ros2/src/catch_and_throw/install/catch_and_throw/share/catch_and_throw/package.ps1'
[25.691s] INFO:colcon.colcon_core.shell:Creating package descriptor '/home/user/kuka_rl_ros2/src/catch_and_throw/install/catch_and_throw/share/catch_and_throw/package.dsv'
[25.692s] INFO:colcon.colcon_core.shell:Creating package script '/home/user/kuka_rl_ros2/src/catch_and_throw/install/catch_and_throw/share/catch_and_throw/package.sh'
[25.692s] INFO:colcon.colcon_core.shell:Creating package script '/home/user/kuka_rl_ros2/src/catch_and_throw/install/catch_and_throw/share/catch_and_throw/package.bash'
[25.693s] INFO:colcon.colcon_core.shell:Creating package script '/home/user/kuka_rl_ros2/src/catch_and_throw/install/catch_and_throw/share/catch_and_throw/package.zsh'
[25.694s] Level 1:colcon.colcon_core.environment:create_file_with_runtime_dependencies(/home/user/kuka_rl_ros2/src/catch_and_throw/install/catch_and_throw/share/colcon-core/packages/catch_and_throw)
[25.694s] Level 1:colcon.colcon_core.environment:create_environment_scripts_only(catch_and_throw)
[25.694s] Level 1:colcon.colcon_core.environment:checking '/home/user/kuka_rl_ros2/src/catch_and_throw/install/catch_and_throw' for CMake module files
[25.695s] Level 1:colcon.colcon_core.environment:checking '/home/user/kuka_rl_ros2/src/catch_and_throw/install/catch_and_throw' for CMake config files
[25.695s] Level 1:colcon.colcon_core.shell:create_environment_hook('catch_and_throw', 'cmake_prefix_path')
[25.695s] INFO:colcon.colcon_core.shell:Creating environment hook '/home/user/kuka_rl_ros2/src/catch_and_throw/install/catch_and_throw/share/catch_and_throw/hook/cmake_prefix_path.ps1'
[25.695s] INFO:colcon.colcon_core.shell:Creating environment descriptor '/home/user/kuka_rl_ros2/src/catch_and_throw/install/catch_and_throw/share/catch_and_throw/hook/cmake_prefix_path.dsv'
[25.696s] INFO:colcon.colcon_core.shell:Creating environment hook '/home/user/kuka_rl_ros2/src/catch_and_throw/install/catch_and_throw/share/catch_and_throw/hook/cmake_prefix_path.sh'
[25.696s] Level 1:colcon.colcon_core.environment:checking '/home/user/kuka_rl_ros2/src/catch_and_throw/install/catch_and_throw/lib'
[25.696s] Level 1:colcon.colcon_core.environment:checking '/home/user/kuka_rl_ros2/src/catch_and_throw/install/catch_and_throw/bin'
[25.696s] Level 1:colcon.colcon_core.environment:checking '/home/user/kuka_rl_ros2/src/catch_and_throw/install/catch_and_throw/lib/pkgconfig/catch_and_throw.pc'
[25.697s] Level 1:colcon.colcon_core.environment:checking '/home/user/kuka_rl_ros2/src/catch_and_throw/install/catch_and_throw/lib/python3.10/site-packages'
[25.697s] Level 1:colcon.colcon_core.environment:checking '/home/user/kuka_rl_ros2/src/catch_and_throw/install/catch_and_throw/bin'
[25.697s] INFO:colcon.colcon_core.shell:Creating package script '/home/user/kuka_rl_ros2/src/catch_and_throw/install/catch_and_throw/share/catch_and_throw/package.ps1'
[25.698s] INFO:colcon.colcon_core.shell:Creating package descriptor '/home/user/kuka_rl_ros2/src/catch_and_throw/install/catch_and_throw/share/catch_and_throw/package.dsv'
[25.698s] INFO:colcon.colcon_core.shell:Creating package script '/home/user/kuka_rl_ros2/src/catch_and_throw/install/catch_and_throw/share/catch_and_throw/package.sh'
[25.698s] INFO:colcon.colcon_core.shell:Creating package script '/home/user/kuka_rl_ros2/src/catch_and_throw/install/catch_and_throw/share/catch_and_throw/package.bash'
[25.699s] INFO:colcon.colcon_core.shell:Creating package script '/home/user/kuka_rl_ros2/src/catch_and_throw/install/catch_and_throw/share/catch_and_throw/package.zsh'
[25.699s] Level 1:colcon.colcon_core.environment:create_file_with_runtime_dependencies(/home/user/kuka_rl_ros2/src/catch_and_throw/install/catch_and_throw/share/colcon-core/packages/catch_and_throw)
[25.700s] DEBUG:colcon.colcon_parallel_executor.executor.parallel:closing loop
[25.700s] DEBUG:colcon.colcon_parallel_executor.executor.parallel:loop closed
[25.700s] DEBUG:colcon.colcon_parallel_executor.executor.parallel:run_until_complete finished with '0'
[25.700s] DEBUG:colcon.colcon_core.event_reactor:joining thread
[25.705s] INFO:colcon.colcon_core.plugin_system:Skipping extension 'colcon_notification.desktop_notification.notify_send': Could not find 'notify-send'
[25.705s] INFO:colcon.colcon_core.plugin_system:Skipping extension 'colcon_notification.desktop_notification.terminal_notifier': Not used on non-Darwin systems
[25.705s] INFO:colcon.colcon_core.plugin_system:Skipping extension 'colcon_notification.desktop_notification.win32': Not used on non-Windows systems
[25.705s] INFO:colcon.colcon_notification.desktop_notification:Sending desktop notification using 'notify2'
[25.706s] DEBUG:colcon.colcon_notification.desktop_notification.notify2:Failed to initialize notify2: org.freedesktop.DBus.Error.Spawn.ExecFailed: /usr/bin/dbus-launch terminated abnormally without any error message
[25.707s] DEBUG:colcon.colcon_core.event_reactor:joined thread
[25.707s] INFO:colcon.colcon_core.shell:Creating prefix script '/home/user/kuka_rl_ros2/src/catch_and_throw/install/local_setup.ps1'
[25.708s] INFO:colcon.colcon_core.shell:Creating prefix util module '/home/user/kuka_rl_ros2/src/catch_and_throw/install/_local_setup_util_ps1.py'
[25.710s] INFO:colcon.colcon_core.shell:Creating prefix chain script '/home/user/kuka_rl_ros2/src/catch_and_throw/install/setup.ps1'
[25.711s] INFO:colcon.colcon_core.shell:Creating prefix script '/home/user/kuka_rl_ros2/src/catch_and_throw/install/local_setup.sh'
[25.712s] INFO:colcon.colcon_core.shell:Creating prefix util module '/home/user/kuka_rl_ros2/src/catch_and_throw/install/_local_setup_util_sh.py'
[25.713s] INFO:colcon.colcon_core.shell:Creating prefix chain script '/home/user/kuka_rl_ros2/src/catch_and_throw/install/setup.sh'
[25.715s] INFO:colcon.colcon_core.shell:Creating prefix script '/home/user/kuka_rl_ros2/src/catch_and_throw/install/local_setup.bash'
[25.716s] INFO:colcon.colcon_core.shell:Creating prefix chain script '/home/user/kuka_rl_ros2/src/catch_and_throw/install/setup.bash'
[25.718s] INFO:colcon.colcon_core.shell:Creating prefix script '/home/user/kuka_rl_ros2/src/catch_and_throw/install/local_setup.zsh'
[25.718s] INFO:colcon.colcon_core.shell:Creating prefix chain script '/home/user/kuka_rl_ros2/src/catch_and_throw/install/setup.zsh'
