[0.015s] Invoking command in '/home/user/kuka_rl_ros2/src/catch_and_throw/build/catch_and_throw': CMAKE_PREFIX_PATH=${CMAKE_PREFIX_PATH}:/home/user/kuka_rl_ros2/install/optitrack_listener:/home/user/kuka_rl_ros2/install/lbr_demos_py:/home/user/kuka_rl_ros2/install/lbr_moveit:/home/user/kuka_rl_ros2/install/lbr_demos_advanced_py:/opt/ros/humble /usr/bin/cmake --build /home/user/kuka_rl_ros2/src/catch_and_throw/build/catch_and_throw -- -j8 -l8
[0.057s] [35m[1mConsolidate compiler generated dependencies of target joint_state_node_trained[0m
[0.059s] [35m[1mConsolidate compiler generated dependencies of target joint_state_node[0m
[0.170s] [ 50%] Built target joint_state_node_trained
[0.176s] [ 75%] [32mBuilding CXX object CMakeFiles/joint_state_node.dir/src/joint_state_node.cpp.o[0m
[24.402s] [100%] [32m[1mLinking CXX executable joint_state_node[0m
[25.367s] [100%] Built target joint_state_node
[25.377s] Invoked command in '/home/user/kuka_rl_ros2/src/catch_and_throw/build/catch_and_throw' returned '0': CMAKE_PREFIX_PATH=${CMAKE_PREFIX_PATH}:/home/user/kuka_rl_ros2/install/optitrack_listener:/home/user/kuka_rl_ros2/install/lbr_demos_py:/home/user/kuka_rl_ros2/install/lbr_moveit:/home/user/kuka_rl_ros2/install/lbr_demos_advanced_py:/opt/ros/humble /usr/bin/cmake --build /home/user/kuka_rl_ros2/src/catch_and_throw/build/catch_and_throw -- -j8 -l8
[25.385s] Invoking command in '/home/user/kuka_rl_ros2/src/catch_and_throw/build/catch_and_throw': CMAKE_PREFIX_PATH=${CMAKE_PREFIX_PATH}:/home/user/kuka_rl_ros2/install/optitrack_listener:/home/user/kuka_rl_ros2/install/lbr_demos_py:/home/user/kuka_rl_ros2/install/lbr_moveit:/home/user/kuka_rl_ros2/install/lbr_demos_advanced_py:/opt/ros/humble /usr/bin/cmake --install /home/user/kuka_rl_ros2/src/catch_and_throw/build/catch_and_throw
[25.392s] -- Install configuration: ""
[25.393s] -- Installing: /home/user/kuka_rl_ros2/src/catch_and_throw/install/catch_and_throw/lib/catch_and_throw/joint_state_node
[25.400s] -- Set runtime path of "/home/user/kuka_rl_ros2/src/catch_and_throw/install/catch_and_throw/lib/catch_and_throw/joint_state_node" to ""
[25.401s] -- Up-to-date: /home/user/kuka_rl_ros2/src/catch_and_throw/install/catch_and_throw/lib/catch_and_throw/joint_state_node_trained
[25.401s] -- Up-to-date: /home/user/kuka_rl_ros2/src/catch_and_throw/install/catch_and_throw/share/ament_index/resource_index/package_run_dependencies/catch_and_throw
[25.401s] -- Up-to-date: /home/user/kuka_rl_ros2/src/catch_and_throw/install/catch_and_throw/share/ament_index/resource_index/parent_prefix_path/catch_and_throw
[25.401s] -- Up-to-date: /home/user/kuka_rl_ros2/src/catch_and_throw/install/catch_and_throw/share/catch_and_throw/environment/ament_prefix_path.sh
[25.401s] -- Up-to-date: /home/user/kuka_rl_ros2/src/catch_and_throw/install/catch_and_throw/share/catch_and_throw/environment/ament_prefix_path.dsv
[25.402s] -- Up-to-date: /home/user/kuka_rl_ros2/src/catch_and_throw/install/catch_and_throw/share/catch_and_throw/environment/path.sh
[25.402s] -- Up-to-date: /home/user/kuka_rl_ros2/src/catch_and_throw/install/catch_and_throw/share/catch_and_throw/environment/path.dsv
[25.402s] -- Up-to-date: /home/user/kuka_rl_ros2/src/catch_and_throw/install/catch_and_throw/share/catch_and_throw/local_setup.bash
[25.402s] -- Up-to-date: /home/user/kuka_rl_ros2/src/catch_and_throw/install/catch_and_throw/share/catch_and_throw/local_setup.sh
[25.402s] -- Up-to-date: /home/user/kuka_rl_ros2/src/catch_and_throw/install/catch_and_throw/share/catch_and_throw/local_setup.zsh
[25.402s] -- Up-to-date: /home/user/kuka_rl_ros2/src/catch_and_throw/install/catch_and_throw/share/catch_and_throw/local_setup.dsv
[25.402s] -- Installing: /home/user/kuka_rl_ros2/src/catch_and_throw/install/catch_and_throw/share/catch_and_throw/package.dsv
[25.402s] -- Up-to-date: /home/user/kuka_rl_ros2/src/catch_and_throw/install/catch_and_throw/share/ament_index/resource_index/packages/catch_and_throw
[25.403s] -- Up-to-date: /home/user/kuka_rl_ros2/src/catch_and_throw/install/catch_and_throw/share/catch_and_throw/cmake/catch_and_throwConfig.cmake
[25.403s] -- Up-to-date: /home/user/kuka_rl_ros2/src/catch_and_throw/install/catch_and_throw/share/catch_and_throw/cmake/catch_and_throwConfig-version.cmake
[25.403s] -- Up-to-date: /home/user/kuka_rl_ros2/src/catch_and_throw/install/catch_and_throw/share/catch_and_throw/package.xml
[25.404s] Invoked command in '/home/user/kuka_rl_ros2/src/catch_and_throw/build/catch_and_throw' returned '0': CMAKE_PREFIX_PATH=${CMAKE_PREFIX_PATH}:/home/user/kuka_rl_ros2/install/optitrack_listener:/home/user/kuka_rl_ros2/install/lbr_demos_py:/home/user/kuka_rl_ros2/install/lbr_moveit:/home/user/kuka_rl_ros2/install/lbr_demos_advanced_py:/opt/ros/humble /usr/bin/cmake --install /home/user/kuka_rl_ros2/src/catch_and_throw/build/catch_and_throw
