[0.041s] Invoking command in '/home/user/kuka_rl_ros2/src/build/lbr_bringup': CMAKE_PREFIX_PATH=/home/user/kuka_rl_ros2/src/install/lbr_ros2_control:/home/user/kuka_rl_ros2/src/install/lbr_fri_ros2:/home/user/kuka_rl_ros2/src/install/lbr_fri_idl:/home/user/kuka_rl_ros2/src/install/lbr_description:/home/user/kuka_rl_ros2/src/install/fri_client_sdk:/home/user/kuka_rl_ros2/src/install/med7_moveit_config:/home/user/kuka_rl_ros2/src/install/med14_moveit_config:/home/user/kuka_rl_ros2/src/install/lbr_fri_ros2_stack:/home/user/kuka_rl_ros2/src/install/lbr_demos_cpp:/home/user/kuka_rl_ros2/src/install/lbr_bringup:/home/user/kuka_rl_ros2/src/install/lbr_moveit_cpp:/home/user/kuka_rl_ros2/src/install/lbr_demos_advanced_cpp:/home/user/kuka_rl_ros2/src/install/catch_and_throw:/home/user/kuka_rl_ros2/src/install/iiwa7_moveit_config:/home/user/kuka_rl_ros2/src/install/iiwa14_moveit_config:/home/user/kuka_rl_ros2/install/med7_moveit_config:/home/user/kuka_rl_ros2/install/med14_moveit_config:/home/user/kuka_rl_ros2/install/lbr_fri_ros2_stack:/home/user/kuka_rl_ros2/install/lbr_demos_cpp:/home/user/kuka_rl_ros2/install/lbr_bringup:/home/user/kuka_rl_ros2/install/lbr_ros2_control:/home/user/kuka_rl_ros2/install/lbr_moveit_cpp:/home/user/kuka_rl_ros2/install/lbr_demos_advanced_cpp:/home/user/kuka_rl_ros2/install/lbr_fri_ros2:/home/user/kuka_rl_ros2/install/lbr_fri_idl:/home/user/kuka_rl_ros2/install/iiwa7_moveit_config:/home/user/kuka_rl_ros2/install/iiwa14_moveit_config:/home/user/kuka_rl_ros2/install/lbr_description:/home/user/kuka_rl_ros2/install/fri_client_sdk:/home/user/kuka_rl_ros2/install/catch_and_throw:/home/user/kuka_rl_ros2/src/install/lbr_demos_py:/home/user/kuka_rl_ros2/src/install/lbr_moveit:/home/user/kuka_rl_ros2/src/install/lbr_demos_advanced_py:/home/user/kuka_rl_ros2/install/lbr_demos_py:/home/user/kuka_rl_ros2/install/lbr_moveit:/home/user/kuka_rl_ros2/install/lbr_demos_advanced_py:/opt/ros/humble LD_LIBRARY_PATH=/home/user/kuka_rl_ros2/src/install/lbr_fri_ros2/lib:/home/user/kuka_rl_ros2/src/install/lbr_fri_idl/lib:/home/user/kuka_rl_ros2/src/install/fri_client_sdk/lib:/home/user/kuka_rl_ros2/src/install/lbr_ros2_control/lib:/home/user/kuka_rl_ros2/src/install/lbr_demos_advanced_cpp/lib:/home/user/kuka_rl_ros2/install/lbr_ros2_control/lib:/home/user/kuka_rl_ros2/install/lbr_demos_advanced_cpp/lib:/home/user/kuka_rl_ros2/install/lbr_fri_ros2/lib:/home/user/kuka_rl_ros2/install/lbr_fri_idl/lib:/home/user/kuka_rl_ros2/install/fri_client_sdk/lib:/opt/ros/humble/opt/rviz_ogre_vendor/lib:/opt/ros/humble/lib/x86_64-linux-gnu:/opt/ros/humble/lib /usr/bin/cmake --build /home/user/kuka_rl_ros2/src/build/lbr_bringup -- -j8 -l8
[0.103s] Built target ament_cmake_python_copy_lbr_bringup
[0.409s] running egg_info
[0.411s] writing lbr_bringup.egg-info/PKG-INFO
[0.411s] writing dependency_links to lbr_bringup.egg-info/dependency_links.txt
[0.411s] writing top-level names to lbr_bringup.egg-info/top_level.txt
[0.413s] reading manifest file 'lbr_bringup.egg-info/SOURCES.txt'
[0.414s] writing manifest file 'lbr_bringup.egg-info/SOURCES.txt'
[0.452s] Built target ament_cmake_python_build_lbr_bringup_egg
[0.463s] Invoked command in '/home/user/kuka_rl_ros2/src/build/lbr_bringup' returned '0': CMAKE_PREFIX_PATH=/home/user/kuka_rl_ros2/src/install/lbr_ros2_control:/home/user/kuka_rl_ros2/src/install/lbr_fri_ros2:/home/user/kuka_rl_ros2/src/install/lbr_fri_idl:/home/user/kuka_rl_ros2/src/install/lbr_description:/home/user/kuka_rl_ros2/src/install/fri_client_sdk:/home/user/kuka_rl_ros2/src/install/med7_moveit_config:/home/user/kuka_rl_ros2/src/install/med14_moveit_config:/home/user/kuka_rl_ros2/src/install/lbr_fri_ros2_stack:/home/user/kuka_rl_ros2/src/install/lbr_demos_cpp:/home/user/kuka_rl_ros2/src/install/lbr_bringup:/home/user/kuka_rl_ros2/src/install/lbr_moveit_cpp:/home/user/kuka_rl_ros2/src/install/lbr_demos_advanced_cpp:/home/user/kuka_rl_ros2/src/install/catch_and_throw:/home/user/kuka_rl_ros2/src/install/iiwa7_moveit_config:/home/user/kuka_rl_ros2/src/install/iiwa14_moveit_config:/home/user/kuka_rl_ros2/install/med7_moveit_config:/home/user/kuka_rl_ros2/install/med14_moveit_config:/home/user/kuka_rl_ros2/install/lbr_fri_ros2_stack:/home/user/kuka_rl_ros2/install/lbr_demos_cpp:/home/user/kuka_rl_ros2/install/lbr_bringup:/home/user/kuka_rl_ros2/install/lbr_ros2_control:/home/user/kuka_rl_ros2/install/lbr_moveit_cpp:/home/user/kuka_rl_ros2/install/lbr_demos_advanced_cpp:/home/user/kuka_rl_ros2/install/lbr_fri_ros2:/home/user/kuka_rl_ros2/install/lbr_fri_idl:/home/user/kuka_rl_ros2/install/iiwa7_moveit_config:/home/user/kuka_rl_ros2/install/iiwa14_moveit_config:/home/user/kuka_rl_ros2/install/lbr_description:/home/user/kuka_rl_ros2/install/fri_client_sdk:/home/user/kuka_rl_ros2/install/catch_and_throw:/home/user/kuka_rl_ros2/src/install/lbr_demos_py:/home/user/kuka_rl_ros2/src/install/lbr_moveit:/home/user/kuka_rl_ros2/src/install/lbr_demos_advanced_py:/home/user/kuka_rl_ros2/install/lbr_demos_py:/home/user/kuka_rl_ros2/install/lbr_moveit:/home/user/kuka_rl_ros2/install/lbr_demos_advanced_py:/opt/ros/humble LD_LIBRARY_PATH=/home/user/kuka_rl_ros2/src/install/lbr_fri_ros2/lib:/home/user/kuka_rl_ros2/src/install/lbr_fri_idl/lib:/home/user/kuka_rl_ros2/src/install/fri_client_sdk/lib:/home/user/kuka_rl_ros2/src/install/lbr_ros2_control/lib:/home/user/kuka_rl_ros2/src/install/lbr_demos_advanced_cpp/lib:/home/user/kuka_rl_ros2/install/lbr_ros2_control/lib:/home/user/kuka_rl_ros2/install/lbr_demos_advanced_cpp/lib:/home/user/kuka_rl_ros2/install/lbr_fri_ros2/lib:/home/user/kuka_rl_ros2/install/lbr_fri_idl/lib:/home/user/kuka_rl_ros2/install/fri_client_sdk/lib:/opt/ros/humble/opt/rviz_ogre_vendor/lib:/opt/ros/humble/lib/x86_64-linux-gnu:/opt/ros/humble/lib /usr/bin/cmake --build /home/user/kuka_rl_ros2/src/build/lbr_bringup -- -j8 -l8
[0.465s] Invoking command in '/home/user/kuka_rl_ros2/src/build/lbr_bringup': CMAKE_PREFIX_PATH=/home/user/kuka_rl_ros2/src/install/lbr_ros2_control:/home/user/kuka_rl_ros2/src/install/lbr_fri_ros2:/home/user/kuka_rl_ros2/src/install/lbr_fri_idl:/home/user/kuka_rl_ros2/src/install/lbr_description:/home/user/kuka_rl_ros2/src/install/fri_client_sdk:/home/user/kuka_rl_ros2/src/install/med7_moveit_config:/home/user/kuka_rl_ros2/src/install/med14_moveit_config:/home/user/kuka_rl_ros2/src/install/lbr_fri_ros2_stack:/home/user/kuka_rl_ros2/src/install/lbr_demos_cpp:/home/user/kuka_rl_ros2/src/install/lbr_bringup:/home/user/kuka_rl_ros2/src/install/lbr_moveit_cpp:/home/user/kuka_rl_ros2/src/install/lbr_demos_advanced_cpp:/home/user/kuka_rl_ros2/src/install/catch_and_throw:/home/user/kuka_rl_ros2/src/install/iiwa7_moveit_config:/home/user/kuka_rl_ros2/src/install/iiwa14_moveit_config:/home/user/kuka_rl_ros2/install/med7_moveit_config:/home/user/kuka_rl_ros2/install/med14_moveit_config:/home/user/kuka_rl_ros2/install/lbr_fri_ros2_stack:/home/user/kuka_rl_ros2/install/lbr_demos_cpp:/home/user/kuka_rl_ros2/install/lbr_bringup:/home/user/kuka_rl_ros2/install/lbr_ros2_control:/home/user/kuka_rl_ros2/install/lbr_moveit_cpp:/home/user/kuka_rl_ros2/install/lbr_demos_advanced_cpp:/home/user/kuka_rl_ros2/install/lbr_fri_ros2:/home/user/kuka_rl_ros2/install/lbr_fri_idl:/home/user/kuka_rl_ros2/install/iiwa7_moveit_config:/home/user/kuka_rl_ros2/install/iiwa14_moveit_config:/home/user/kuka_rl_ros2/install/lbr_description:/home/user/kuka_rl_ros2/install/fri_client_sdk:/home/user/kuka_rl_ros2/install/catch_and_throw:/home/user/kuka_rl_ros2/src/install/lbr_demos_py:/home/user/kuka_rl_ros2/src/install/lbr_moveit:/home/user/kuka_rl_ros2/src/install/lbr_demos_advanced_py:/home/user/kuka_rl_ros2/install/lbr_demos_py:/home/user/kuka_rl_ros2/install/lbr_moveit:/home/user/kuka_rl_ros2/install/lbr_demos_advanced_py:/opt/ros/humble LD_LIBRARY_PATH=/home/user/kuka_rl_ros2/src/install/lbr_fri_ros2/lib:/home/user/kuka_rl_ros2/src/install/lbr_fri_idl/lib:/home/user/kuka_rl_ros2/src/install/fri_client_sdk/lib:/home/user/kuka_rl_ros2/src/install/lbr_ros2_control/lib:/home/user/kuka_rl_ros2/src/install/lbr_demos_advanced_cpp/lib:/home/user/kuka_rl_ros2/install/lbr_ros2_control/lib:/home/user/kuka_rl_ros2/install/lbr_demos_advanced_cpp/lib:/home/user/kuka_rl_ros2/install/lbr_fri_ros2/lib:/home/user/kuka_rl_ros2/install/lbr_fri_idl/lib:/home/user/kuka_rl_ros2/install/fri_client_sdk/lib:/opt/ros/humble/opt/rviz_ogre_vendor/lib:/opt/ros/humble/lib/x86_64-linux-gnu:/opt/ros/humble/lib /usr/bin/cmake --install /home/user/kuka_rl_ros2/src/build/lbr_bringup
[0.474s] -- Install configuration: ""
[0.474s] -- Up-to-date: /home/user/kuka_rl_ros2/src/install/lbr_bringup/share/lbr_bringup/config
[0.474s] -- Up-to-date: /home/user/kuka_rl_ros2/src/install/lbr_bringup/share/lbr_bringup/config/gazebo.rviz
[0.474s] -- Up-to-date: /home/user/kuka_rl_ros2/src/install/lbr_bringup/share/lbr_bringup/config/hardware.rviz
[0.475s] -- Up-to-date: /home/user/kuka_rl_ros2/src/install/lbr_bringup/share/lbr_bringup/config/moveit_servo.yaml
[0.475s] -- Up-to-date: /home/user/kuka_rl_ros2/src/install/lbr_bringup/share/lbr_bringup/config/mock.rviz
[0.475s] -- Up-to-date: /home/user/kuka_rl_ros2/src/install/lbr_bringup/share/lbr_bringup/launch
[0.475s] -- Up-to-date: /home/user/kuka_rl_ros2/src/install/lbr_bringup/share/lbr_bringup/launch/mock.launch.py
[0.475s] -- Up-to-date: /home/user/kuka_rl_ros2/src/install/lbr_bringup/share/lbr_bringup/launch/hardware.launch.py
[0.475s] -- Up-to-date: /home/user/kuka_rl_ros2/src/install/lbr_bringup/share/lbr_bringup/launch/hardware_pose_control.launch.py
[0.476s] -- Up-to-date: /home/user/kuka_rl_ros2/src/install/lbr_bringup/share/lbr_bringup/launch/hardware_pose_streaming.launch.py
[0.476s] -- Up-to-date: /home/user/kuka_rl_ros2/src/install/lbr_bringup/share/lbr_bringup/launch/gazebo.launch.py
[0.476s] -- Up-to-date: /home/user/kuka_rl_ros2/src/install/lbr_bringup/share/lbr_bringup/launch/moveit_servo.launch.py
[0.476s] -- Up-to-date: /home/user/kuka_rl_ros2/src/install/lbr_bringup/share/lbr_bringup/launch/rviz.launch.py
[0.476s] -- Up-to-date: /home/user/kuka_rl_ros2/src/install/lbr_bringup/share/lbr_bringup/launch/move_group.launch.py
[0.476s] -- Up-to-date: /home/user/kuka_rl_ros2/src/install/lbr_bringup/share/lbr_bringup/environment/pythonpath.sh
[0.476s] -- Up-to-date: /home/user/kuka_rl_ros2/src/install/lbr_bringup/share/lbr_bringup/environment/pythonpath.dsv
[0.476s] -- Up-to-date: /home/user/kuka_rl_ros2/src/install/lbr_bringup/local/lib/python3.10/dist-packages/lbr_bringup-2.2.1-py3.10.egg-info
[0.476s] -- Installing: /home/user/kuka_rl_ros2/src/install/lbr_bringup/local/lib/python3.10/dist-packages/lbr_bringup-2.2.1-py3.10.egg-info/top_level.txt
[0.476s] -- Installing: /home/user/kuka_rl_ros2/src/install/lbr_bringup/local/lib/python3.10/dist-packages/lbr_bringup-2.2.1-py3.10.egg-info/SOURCES.txt
[0.476s] -- Installing: /home/user/kuka_rl_ros2/src/install/lbr_bringup/local/lib/python3.10/dist-packages/lbr_bringup-2.2.1-py3.10.egg-info/dependency_links.txt
[0.476s] -- Installing: /home/user/kuka_rl_ros2/src/install/lbr_bringup/local/lib/python3.10/dist-packages/lbr_bringup-2.2.1-py3.10.egg-info/PKG-INFO
[0.476s] -- Up-to-date: /home/user/kuka_rl_ros2/src/install/lbr_bringup/local/lib/python3.10/dist-packages/lbr_bringup
[0.476s] -- Up-to-date: /home/user/kuka_rl_ros2/src/install/lbr_bringup/local/lib/python3.10/dist-packages/lbr_bringup/moveit.py
[0.476s] -- Up-to-date: /home/user/kuka_rl_ros2/src/install/lbr_bringup/local/lib/python3.10/dist-packages/lbr_bringup/__init__.py
[0.477s] -- Up-to-date: /home/user/kuka_rl_ros2/src/install/lbr_bringup/local/lib/python3.10/dist-packages/lbr_bringup/description.py
[0.477s] -- Up-to-date: /home/user/kuka_rl_ros2/src/install/lbr_bringup/local/lib/python3.10/dist-packages/lbr_bringup/gazebo.py
[0.477s] -- Up-to-date: /home/user/kuka_rl_ros2/src/install/lbr_bringup/local/lib/python3.10/dist-packages/lbr_bringup/rviz.py
[0.477s] -- Up-to-date: /home/user/kuka_rl_ros2/src/install/lbr_bringup/local/lib/python3.10/dist-packages/lbr_bringup/ros2_control.py
[0.527s] Listing '/home/user/kuka_rl_ros2/src/install/lbr_bringup/local/lib/python3.10/dist-packages/lbr_bringup'...
[0.533s] -- Up-to-date: /home/user/kuka_rl_ros2/src/install/lbr_bringup/share/ament_index/resource_index/package_run_dependencies/lbr_bringup
[0.534s] -- Up-to-date: /home/user/kuka_rl_ros2/src/install/lbr_bringup/share/ament_index/resource_index/parent_prefix_path/lbr_bringup
[0.534s] -- Up-to-date: /home/user/kuka_rl_ros2/src/install/lbr_bringup/share/lbr_bringup/environment/ament_prefix_path.sh
[0.534s] -- Up-to-date: /home/user/kuka_rl_ros2/src/install/lbr_bringup/share/lbr_bringup/environment/ament_prefix_path.dsv
[0.534s] -- Up-to-date: /home/user/kuka_rl_ros2/src/install/lbr_bringup/share/lbr_bringup/environment/path.sh
[0.534s] -- Up-to-date: /home/user/kuka_rl_ros2/src/install/lbr_bringup/share/lbr_bringup/environment/path.dsv
[0.534s] -- Up-to-date: /home/user/kuka_rl_ros2/src/install/lbr_bringup/share/lbr_bringup/local_setup.bash
[0.535s] -- Up-to-date: /home/user/kuka_rl_ros2/src/install/lbr_bringup/share/lbr_bringup/local_setup.sh
[0.535s] -- Up-to-date: /home/user/kuka_rl_ros2/src/install/lbr_bringup/share/lbr_bringup/local_setup.zsh
[0.535s] -- Up-to-date: /home/user/kuka_rl_ros2/src/install/lbr_bringup/share/lbr_bringup/local_setup.dsv
[0.535s] -- Installing: /home/user/kuka_rl_ros2/src/install/lbr_bringup/share/lbr_bringup/package.dsv
[0.535s] -- Up-to-date: /home/user/kuka_rl_ros2/src/install/lbr_bringup/share/ament_index/resource_index/packages/lbr_bringup
[0.535s] -- Up-to-date: /home/user/kuka_rl_ros2/src/install/lbr_bringup/share/lbr_bringup/cmake/lbr_bringupConfig.cmake
[0.535s] -- Up-to-date: /home/user/kuka_rl_ros2/src/install/lbr_bringup/share/lbr_bringup/cmake/lbr_bringupConfig-version.cmake
[0.535s] -- Up-to-date: /home/user/kuka_rl_ros2/src/install/lbr_bringup/share/lbr_bringup/package.xml
[0.537s] Invoked command in '/home/user/kuka_rl_ros2/src/build/lbr_bringup' returned '0': CMAKE_PREFIX_PATH=/home/user/kuka_rl_ros2/src/install/lbr_ros2_control:/home/user/kuka_rl_ros2/src/install/lbr_fri_ros2:/home/user/kuka_rl_ros2/src/install/lbr_fri_idl:/home/user/kuka_rl_ros2/src/install/lbr_description:/home/user/kuka_rl_ros2/src/install/fri_client_sdk:/home/user/kuka_rl_ros2/src/install/med7_moveit_config:/home/user/kuka_rl_ros2/src/install/med14_moveit_config:/home/user/kuka_rl_ros2/src/install/lbr_fri_ros2_stack:/home/user/kuka_rl_ros2/src/install/lbr_demos_cpp:/home/user/kuka_rl_ros2/src/install/lbr_bringup:/home/user/kuka_rl_ros2/src/install/lbr_moveit_cpp:/home/user/kuka_rl_ros2/src/install/lbr_demos_advanced_cpp:/home/user/kuka_rl_ros2/src/install/catch_and_throw:/home/user/kuka_rl_ros2/src/install/iiwa7_moveit_config:/home/user/kuka_rl_ros2/src/install/iiwa14_moveit_config:/home/user/kuka_rl_ros2/install/med7_moveit_config:/home/user/kuka_rl_ros2/install/med14_moveit_config:/home/user/kuka_rl_ros2/install/lbr_fri_ros2_stack:/home/user/kuka_rl_ros2/install/lbr_demos_cpp:/home/user/kuka_rl_ros2/install/lbr_bringup:/home/user/kuka_rl_ros2/install/lbr_ros2_control:/home/user/kuka_rl_ros2/install/lbr_moveit_cpp:/home/user/kuka_rl_ros2/install/lbr_demos_advanced_cpp:/home/user/kuka_rl_ros2/install/lbr_fri_ros2:/home/user/kuka_rl_ros2/install/lbr_fri_idl:/home/user/kuka_rl_ros2/install/iiwa7_moveit_config:/home/user/kuka_rl_ros2/install/iiwa14_moveit_config:/home/user/kuka_rl_ros2/install/lbr_description:/home/user/kuka_rl_ros2/install/fri_client_sdk:/home/user/kuka_rl_ros2/install/catch_and_throw:/home/user/kuka_rl_ros2/src/install/lbr_demos_py:/home/user/kuka_rl_ros2/src/install/lbr_moveit:/home/user/kuka_rl_ros2/src/install/lbr_demos_advanced_py:/home/user/kuka_rl_ros2/install/lbr_demos_py:/home/user/kuka_rl_ros2/install/lbr_moveit:/home/user/kuka_rl_ros2/install/lbr_demos_advanced_py:/opt/ros/humble LD_LIBRARY_PATH=/home/user/kuka_rl_ros2/src/install/lbr_fri_ros2/lib:/home/user/kuka_rl_ros2/src/install/lbr_fri_idl/lib:/home/user/kuka_rl_ros2/src/install/fri_client_sdk/lib:/home/user/kuka_rl_ros2/src/install/lbr_ros2_control/lib:/home/user/kuka_rl_ros2/src/install/lbr_demos_advanced_cpp/lib:/home/user/kuka_rl_ros2/install/lbr_ros2_control/lib:/home/user/kuka_rl_ros2/install/lbr_demos_advanced_cpp/lib:/home/user/kuka_rl_ros2/install/lbr_fri_ros2/lib:/home/user/kuka_rl_ros2/install/lbr_fri_idl/lib:/home/user/kuka_rl_ros2/install/fri_client_sdk/lib:/opt/ros/humble/opt/rviz_ogre_vendor/lib:/opt/ros/humble/lib/x86_64-linux-gnu:/opt/ros/humble/lib /usr/bin/cmake --install /home/user/kuka_rl_ros2/src/build/lbr_bringup
