[0.274s] Invoking command in '/home/user/kuka_rl_ros2/src/build/lbr_moveit_cpp': CMAKE_PREFIX_PATH=${CMAKE_PREFIX_PATH}:/home/user/kuka_rl_ros2/src/install/lbr_demos_py:/home/user/kuka_rl_ros2/src/install/lbr_moveit:/home/user/kuka_rl_ros2/src/install/lbr_demos_advanced_py:/home/user/kuka_rl_ros2/install/lbr_demos_py:/home/user/kuka_rl_ros2/install/lbr_moveit:/home/user/kuka_rl_ros2/install/lbr_demos_advanced_py:/opt/ros/humble /usr/bin/cmake --build /home/user/kuka_rl_ros2/src/build/lbr_moveit_cpp -- -j8 -l8
[0.364s] [100%] Built target hello_moveit
[0.397s] Invoked command in '/home/user/kuka_rl_ros2/src/build/lbr_moveit_cpp' returned '0': CMAKE_PREFIX_PATH=${CMAKE_PREFIX_PATH}:/home/user/kuka_rl_ros2/src/install/lbr_demos_py:/home/user/kuka_rl_ros2/src/install/lbr_moveit:/home/user/kuka_rl_ros2/src/install/lbr_demos_advanced_py:/home/user/kuka_rl_ros2/install/lbr_demos_py:/home/user/kuka_rl_ros2/install/lbr_moveit:/home/user/kuka_rl_ros2/install/lbr_demos_advanced_py:/opt/ros/humble /usr/bin/cmake --build /home/user/kuka_rl_ros2/src/build/lbr_moveit_cpp -- -j8 -l8
[0.398s] Invoking command in '/home/user/kuka_rl_ros2/src/build/lbr_moveit_cpp': CMAKE_PREFIX_PATH=${CMAKE_PREFIX_PATH}:/home/user/kuka_rl_ros2/src/install/lbr_demos_py:/home/user/kuka_rl_ros2/src/install/lbr_moveit:/home/user/kuka_rl_ros2/src/install/lbr_demos_advanced_py:/home/user/kuka_rl_ros2/install/lbr_demos_py:/home/user/kuka_rl_ros2/install/lbr_moveit:/home/user/kuka_rl_ros2/install/lbr_demos_advanced_py:/opt/ros/humble /usr/bin/cmake --install /home/user/kuka_rl_ros2/src/build/lbr_moveit_cpp
[0.411s] -- Install configuration: "Release"
[0.411s] -- Up-to-date: /home/user/kuka_rl_ros2/src/install/lbr_moveit_cpp/share/lbr_moveit_cpp/launch
[0.413s] -- Up-to-date: /home/user/kuka_rl_ros2/src/install/lbr_moveit_cpp/share/lbr_moveit_cpp/launch/hello_moveit.launch.py
[0.418s] -- Up-to-date: /home/user/kuka_rl_ros2/src/install/lbr_moveit_cpp/lib/lbr_moveit_cpp/hello_moveit
[0.418s] -- Up-to-date: /home/user/kuka_rl_ros2/src/install/lbr_moveit_cpp/share/ament_index/resource_index/package_run_dependencies/lbr_moveit_cpp
[0.418s] -- Up-to-date: /home/user/kuka_rl_ros2/src/install/lbr_moveit_cpp/share/ament_index/resource_index/parent_prefix_path/lbr_moveit_cpp
[0.418s] -- Up-to-date: /home/user/kuka_rl_ros2/src/install/lbr_moveit_cpp/share/lbr_moveit_cpp/environment/ament_prefix_path.sh
[0.418s] -- Up-to-date: /home/user/kuka_rl_ros2/src/install/lbr_moveit_cpp/share/lbr_moveit_cpp/environment/ament_prefix_path.dsv
[0.418s] -- Up-to-date: /home/user/kuka_rl_ros2/src/install/lbr_moveit_cpp/share/lbr_moveit_cpp/environment/path.sh
[0.418s] -- Up-to-date: /home/user/kuka_rl_ros2/src/install/lbr_moveit_cpp/share/lbr_moveit_cpp/environment/path.dsv
[0.419s] -- Up-to-date: /home/user/kuka_rl_ros2/src/install/lbr_moveit_cpp/share/lbr_moveit_cpp/local_setup.bash
[0.419s] -- Up-to-date: /home/user/kuka_rl_ros2/src/install/lbr_moveit_cpp/share/lbr_moveit_cpp/local_setup.sh
[0.419s] -- Up-to-date: /home/user/kuka_rl_ros2/src/install/lbr_moveit_cpp/share/lbr_moveit_cpp/local_setup.zsh
[0.419s] -- Up-to-date: /home/user/kuka_rl_ros2/src/install/lbr_moveit_cpp/share/lbr_moveit_cpp/local_setup.dsv
[0.419s] -- Installing: /home/user/kuka_rl_ros2/src/install/lbr_moveit_cpp/share/lbr_moveit_cpp/package.dsv
[0.419s] -- Up-to-date: /home/user/kuka_rl_ros2/src/install/lbr_moveit_cpp/share/ament_index/resource_index/packages/lbr_moveit_cpp
[0.419s] -- Up-to-date: /home/user/kuka_rl_ros2/src/install/lbr_moveit_cpp/share/lbr_moveit_cpp/cmake/lbr_moveit_cppConfig.cmake
[0.419s] -- Up-to-date: /home/user/kuka_rl_ros2/src/install/lbr_moveit_cpp/share/lbr_moveit_cpp/cmake/lbr_moveit_cppConfig-version.cmake
[0.419s] -- Up-to-date: /home/user/kuka_rl_ros2/src/install/lbr_moveit_cpp/share/lbr_moveit_cpp/package.xml
[0.442s] Invoked command in '/home/user/kuka_rl_ros2/src/build/lbr_moveit_cpp' returned '0': CMAKE_PREFIX_PATH=${CMAKE_PREFIX_PATH}:/home/user/kuka_rl_ros2/src/install/lbr_demos_py:/home/user/kuka_rl_ros2/src/install/lbr_moveit:/home/user/kuka_rl_ros2/src/install/lbr_demos_advanced_py:/home/user/kuka_rl_ros2/install/lbr_demos_py:/home/user/kuka_rl_ros2/install/lbr_moveit:/home/user/kuka_rl_ros2/install/lbr_demos_advanced_py:/opt/ros/humble /usr/bin/cmake --install /home/user/kuka_rl_ros2/src/build/lbr_moveit_cpp
