In file included from [01m[K/opt/ros/humble/include/rclcpp/rclcpp/client.hpp:40[m[K,
                 from [01m[K/opt/ros/humble/include/rclcpp/rclcpp/callback_group.hpp:24[m[K,
                 from [01m[K/opt/ros/humble/include/rclcpp/rclcpp/any_executable.hpp:20[m[K,
                 from [01m[K/opt/ros/humble/include/rclcpp/rclcpp/memory_strategy.hpp:25[m[K,
                 from [01m[K/opt/ros/humble/include/rclcpp/rclcpp/memory_strategies.hpp:18[m[K,
                 from [01m[K/opt/ros/humble/include/rclcpp/rclcpp/executor_options.hpp:20[m[K,
                 from [01m[K/opt/ros/humble/include/rclcpp/rclcpp/executor.hpp:37[m[K,
                 from [01m[K/opt/ros/humble/include/rclcpp/rclcpp/executors/multi_threaded_executor.hpp:25[m[K,
                 from [01m[K/opt/ros/humble/include/rclcpp/rclcpp/executors.hpp:21[m[K,
                 from [01m[K/opt/ros/humble/include/rclcpp/rclcpp/rclcpp.hpp:155[m[K,
                 from [01m[K/home/user/kuka_rl_ros2/src/catch_and_throw/src/joint_state_node_trained.cpp:1[m[K:
[01m[K/home/user/kuka_rl_ros2/src/catch_and_throw/src/joint_state_node_trained.cpp:[m[K In function ‘[01m[Kvoid signal_handler(int)[m[K’:
[01m[K/home/user/kuka_rl_ros2/src/catch_and_throw/src/joint_state_node_trained.cpp:33:31:[m[K [01;31m[Kerror: [m[Kinvalid use of incomplete type ‘[01m[Kusing element_type = class JointStateNode[m[K’ {aka ‘[01m[Kclass JointStateNode[m[K’}
   33 |         RCLCPP_INFO(g_node_ptr[01;31m[K->[m[Kget_logger(), "Received signal %d. Saving data and shutting down...", signum);
      |                               [01;31m[K^~[m[K
[01m[K/home/user/kuka_rl_ros2/src/catch_and_throw/src/joint_state_node_trained.cpp:28:23:[m[K [01;36m[Knote: [m[Kforward declaration of ‘[01m[Kusing element_type = class JointStateNode[m[K’ {aka ‘[01m[Kclass JointStateNode[m[K’}
   28 | std::shared_ptr<class [01;36m[KJointStateNode[m[K> g_node_ptr = nullptr;
      |                       [01;36m[K^~~~~~~~~~~~~~[m[K
In file included from [01m[K/opt/ros/humble/include/rclcpp/rclcpp/client.hpp:40[m[K,
                 from [01m[K/opt/ros/humble/include/rclcpp/rclcpp/callback_group.hpp:24[m[K,
                 from [01m[K/opt/ros/humble/include/rclcpp/rclcpp/any_executable.hpp:20[m[K,
                 from [01m[K/opt/ros/humble/include/rclcpp/rclcpp/memory_strategy.hpp:25[m[K,
                 from [01m[K/opt/ros/humble/include/rclcpp/rclcpp/memory_strategies.hpp:18[m[K,
                 from [01m[K/opt/ros/humble/include/rclcpp/rclcpp/executor_options.hpp:20[m[K,
                 from [01m[K/opt/ros/humble/include/rclcpp/rclcpp/executor.hpp:37[m[K,
                 from [01m[K/opt/ros/humble/include/rclcpp/rclcpp/executors/multi_threaded_executor.hpp:25[m[K,
                 from [01m[K/opt/ros/humble/include/rclcpp/rclcpp/executors.hpp:21[m[K,
                 from [01m[K/opt/ros/humble/include/rclcpp/rclcpp/rclcpp.hpp:155[m[K,
                 from [01m[K/home/user/kuka_rl_ros2/src/catch_and_throw/src/joint_state_node_trained.cpp:1[m[K:
[01m[K/home/user/kuka_rl_ros2/src/catch_and_throw/src/joint_state_node_trained.cpp:33:31:[m[K [01;31m[Kerror: [m[Kinvalid use of incomplete type ‘[01m[Kusing element_type = class JointStateNode[m[K’ {aka ‘[01m[Kclass JointStateNode[m[K’}
   33 |         RCLCPP_INFO(g_node_ptr[01;31m[K->[m[Kget_logger(), "Received signal %d. Saving data and shutting down...", signum);
      |                               [01;31m[K^~[m[K
[01m[K/home/user/kuka_rl_ros2/src/catch_and_throw/src/joint_state_node_trained.cpp:28:23:[m[K [01;36m[Knote: [m[Kforward declaration of ‘[01m[Kusing element_type = class JointStateNode[m[K’ {aka ‘[01m[Kclass JointStateNode[m[K’}
   28 | std::shared_ptr<class [01;36m[KJointStateNode[m[K> g_node_ptr = nullptr;
      |                       [01;36m[K^~~~~~~~~~~~~~[m[K
In file included from [01m[K/opt/ros/humble/include/rclcpp/rclcpp/client.hpp:40[m[K,
                 from [01m[K/opt/ros/humble/include/rclcpp/rclcpp/callback_group.hpp:24[m[K,
                 from [01m[K/opt/ros/humble/include/rclcpp/rclcpp/any_executable.hpp:20[m[K,
                 from [01m[K/opt/ros/humble/include/rclcpp/rclcpp/memory_strategy.hpp:25[m[K,
                 from [01m[K/opt/ros/humble/include/rclcpp/rclcpp/memory_strategies.hpp:18[m[K,
                 from [01m[K/opt/ros/humble/include/rclcpp/rclcpp/executor_options.hpp:20[m[K,
                 from [01m[K/opt/ros/humble/include/rclcpp/rclcpp/executor.hpp:37[m[K,
                 from [01m[K/opt/ros/humble/include/rclcpp/rclcpp/executors/multi_threaded_executor.hpp:25[m[K,
                 from [01m[K/opt/ros/humble/include/rclcpp/rclcpp/executors.hpp:21[m[K,
                 from [01m[K/opt/ros/humble/include/rclcpp/rclcpp/rclcpp.hpp:155[m[K,
                 from [01m[K/home/user/kuka_rl_ros2/src/catch_and_throw/src/joint_state_node_trained.cpp:1[m[K:
[01m[K/home/user/kuka_rl_ros2/src/catch_and_throw/src/joint_state_node_trained.cpp:33:9:[m[K [01;31m[Kerror: [m[Ktemplate argument 1 is invalid
   33 |         [01;31m[KRCLCPP_INFO[m[K(g_node_ptr->get_logger(), "Received signal %d. Saving data and shutting down...", signum);
      |         [01;31m[K^~~~~~~~~~~[m[K
[01m[K/home/user/kuka_rl_ros2/src/catch_and_throw/src/joint_state_node_trained.cpp:33:9:[m[K [01;31m[Kerror: [m[Ktemplate argument 1 is invalid
   33 |         [01;31m[KRCLCPP_INFO[m[K(g_node_ptr->get_logger(), "Received signal %d. Saving data and shutting down...", signum);
      |         [01;31m[K^~~~~~~~~~~[m[K
[01m[K/home/user/kuka_rl_ros2/src/catch_and_throw/src/joint_state_node_trained.cpp:33:9:[m[K [01;31m[Kerror: [m[Ktemplate argument 1 is invalid
   33 |         [01;31m[KRCLCPP_INFO[m[K(g_node_ptr->get_logger(), "Received signal %d. Saving data and shutting down...", signum);
      |         [01;31m[K^~~~~~~~~~~[m[K
In file included from [01m[K/opt/ros/humble/include/rclcpp/rclcpp/logging.hpp:24[m[K,
                 from [01m[K/opt/ros/humble/include/rclcpp/rclcpp/client.hpp:40[m[K,
                 from [01m[K/opt/ros/humble/include/rclcpp/rclcpp/callback_group.hpp:24[m[K,
                 from [01m[K/opt/ros/humble/include/rclcpp/rclcpp/any_executable.hpp:20[m[K,
                 from [01m[K/opt/ros/humble/include/rclcpp/rclcpp/memory_strategy.hpp:25[m[K,
                 from [01m[K/opt/ros/humble/include/rclcpp/rclcpp/memory_strategies.hpp:18[m[K,
                 from [01m[K/opt/ros/humble/include/rclcpp/rclcpp/executor_options.hpp:20[m[K,
                 from [01m[K/opt/ros/humble/include/rclcpp/rclcpp/executor.hpp:37[m[K,
                 from [01m[K/opt/ros/humble/include/rclcpp/rclcpp/executors/multi_threaded_executor.hpp:25[m[K,
                 from [01m[K/opt/ros/humble/include/rclcpp/rclcpp/executors.hpp:21[m[K,
                 from [01m[K/opt/ros/humble/include/rclcpp/rclcpp/rclcpp.hpp:155[m[K,
                 from [01m[K/home/user/kuka_rl_ros2/src/catch_and_throw/src/joint_state_node_trained.cpp:1[m[K:
[01m[K/home/user/kuka_rl_ros2/src/catch_and_throw/src/joint_state_node_trained.cpp:33:31:[m[K [01;31m[Kerror: [m[Kinvalid use of incomplete type ‘[01m[Kusing element_type = class JointStateNode[m[K’ {aka ‘[01m[Kclass JointStateNode[m[K’}
   33 |         RCLCPP_INFO(g_node_ptr[01;31m[K->[m[Kget_logger(), "Received signal %d. Saving data and shutting down...", signum);
      |                               [01;31m[K^~[m[K
[01m[K/home/user/kuka_rl_ros2/src/catch_and_throw/src/joint_state_node_trained.cpp:28:23:[m[K [01;36m[Knote: [m[Kforward declaration of ‘[01m[Kusing element_type = class JointStateNode[m[K’ {aka ‘[01m[Kclass JointStateNode[m[K’}
   28 | std::shared_ptr<class [01;36m[KJointStateNode[m[K> g_node_ptr = nullptr;
      |                       [01;36m[K^~~~~~~~~~~~~~[m[K
In file included from [01m[K/opt/ros/humble/include/rclcpp/rclcpp/logging.hpp:24[m[K,
                 from [01m[K/opt/ros/humble/include/rclcpp/rclcpp/client.hpp:40[m[K,
                 from [01m[K/opt/ros/humble/include/rclcpp/rclcpp/callback_group.hpp:24[m[K,
                 from [01m[K/opt/ros/humble/include/rclcpp/rclcpp/any_executable.hpp:20[m[K,
                 from [01m[K/opt/ros/humble/include/rclcpp/rclcpp/memory_strategy.hpp:25[m[K,
                 from [01m[K/opt/ros/humble/include/rclcpp/rclcpp/memory_strategies.hpp:18[m[K,
                 from [01m[K/opt/ros/humble/include/rclcpp/rclcpp/executor_options.hpp:20[m[K,
                 from [01m[K/opt/ros/humble/include/rclcpp/rclcpp/executor.hpp:37[m[K,
                 from [01m[K/opt/ros/humble/include/rclcpp/rclcpp/executors/multi_threaded_executor.hpp:25[m[K,
                 from [01m[K/opt/ros/humble/include/rclcpp/rclcpp/executors.hpp:21[m[K,
                 from [01m[K/opt/ros/humble/include/rclcpp/rclcpp/rclcpp.hpp:155[m[K,
                 from [01m[K/home/user/kuka_rl_ros2/src/catch_and_throw/src/joint_state_node_trained.cpp:1[m[K:
[01m[K/home/user/kuka_rl_ros2/src/catch_and_throw/src/joint_state_node_trained.cpp:33:31:[m[K [01;31m[Kerror: [m[Kinvalid use of incomplete type ‘[01m[Kusing element_type = class JointStateNode[m[K’ {aka ‘[01m[Kclass JointStateNode[m[K’}
   33 |         RCLCPP_INFO(g_node_ptr[01;31m[K->[m[Kget_logger(), "Received signal %d. Saving data and shutting down...", signum);
      |                               [01;31m[K^~[m[K
[01m[K/home/user/kuka_rl_ros2/src/catch_and_throw/src/joint_state_node_trained.cpp:28:23:[m[K [01;36m[Knote: [m[Kforward declaration of ‘[01m[Kusing element_type = class JointStateNode[m[K’ {aka ‘[01m[Kclass JointStateNode[m[K’}
   28 | std::shared_ptr<class [01;36m[KJointStateNode[m[K> g_node_ptr = nullptr;
      |                       [01;36m[K^~~~~~~~~~~~~~[m[K
[01m[K/home/user/kuka_rl_ros2/src/catch_and_throw/src/joint_state_node_trained.cpp:34:19:[m[K [01;31m[Kerror: [m[Kinvalid use of incomplete type ‘[01m[Kusing element_type = class JointStateNode[m[K’ {aka ‘[01m[Kclass JointStateNode[m[K’}
   34 |         g_node_ptr[01;31m[K->[m[Ksave_output_data();
      |                   [01;31m[K^~[m[K
[01m[K/home/user/kuka_rl_ros2/src/catch_and_throw/src/joint_state_node_trained.cpp:28:23:[m[K [01;36m[Knote: [m[Kforward declaration of ‘[01m[Kusing element_type = class JointStateNode[m[K’ {aka ‘[01m[Kclass JointStateNode[m[K’}
   28 | std::shared_ptr<class [01;36m[KJointStateNode[m[K> g_node_ptr = nullptr;
      |                       [01;36m[K^~~~~~~~~~~~~~[m[K
gmake[2]: *** [CMakeFiles/joint_state_node_trained.dir/build.make:76: CMakeFiles/joint_state_node_trained.dir/src/joint_state_node_trained.cpp.o] Error 1
gmake[1]: *** [CMakeFiles/Makefile2:165: CMakeFiles/joint_state_node_trained.dir/all] Error 2
gmake: *** [Makefile:146: all] Error 2
